#
# There is insufficient memory for the Java Runtime Environment to continue.
# Native memory allocation (malloc) failed to allocate 127440 bytes. Error detail: Chunk::new
# Possible reasons:
#   The system is out of physical RAM or swap space
#   This process is running with CompressedOops enabled, and the Java Heap may be blocking the growth of the native heap
# Possible solutions:
#   Reduce memory load on the system
#   Increase physical memory or swap space
#   Check if swap backing store is full
#   Decrease Java heap size (-Xmx/-Xms)
#   Decrease number of Java threads
#   Decrease Java thread stack sizes (-Xss)
#   Set larger code cache with -XX:ReservedCodeCacheSize=
#   JVM is running with Unscaled Compressed Oops mode in which the Java heap is
#     placed in the first 4GB address space. The Java Heap base address is the
#     maximum limit for the native heap growth. Please use -XX:HeapBaseMinAddress
#     to set the Java Heap base and to place the Java Heap above 4GB virtual address.
# This output file may be truncated or incomplete.
#
#  Out of Memory Error (arena.cpp:168), pid=6320, tid=18268
#
# JRE version: OpenJDK Runtime Environment Temurin-21.0.6+7 (21.0.6+7) (build 21.0.6+7-LTS)
# Java VM: OpenJDK 64-Bit Server VM Temurin-21.0.6+7 (21.0.6+7-LTS, mixed mode, sharing, tiered, compressed oops, compressed class ptrs, parallel gc, windows-amd64)
# No core dump will be written. Minidumps are not enabled by default on client versions of Windows
#

---------------  S U M M A R Y ------------

Command Line: --add-modules=ALL-SYSTEM --add-opens=java.base/java.util=ALL-UNNAMED --add-opens=java.base/java.lang=ALL-UNNAMED --add-opens=java.base/sun.nio.fs=ALL-UNNAMED -Declipse.application=org.eclipse.jdt.ls.core.id1 -Dosgi.bundles.defaultStartLevel=4 -Declipse.product=org.eclipse.jdt.ls.core.product -Djava.import.generatesMetadataFilesAtProjectRoot=false -DDetectVMInstallationsJob.disabled=true -Dfile.encoding=utf8 -XX:+UseParallelGC -XX:GCTimeRatio=4 -XX:AdaptiveSizePolicyWeight=90 -Dsun.zip.disableMemoryMapping=true -Xmx1G -Xms100m -Xlog:disable -javaagent:c:\Users\kuber\.vscode\extensions\redhat.java-1.40.0-win32-x64\lombok\lombok-1.18.36.jar c:\Users\kuber\.vscode\extensions\redhat.java-1.40.0-win32-x64\server\plugins\org.eclipse.equinox.launcher_1.6.1000.v20250131-0606.jar -configuration c:\Users\kuber\AppData\Roaming\Code\User\globalStorage\redhat.java\1.40.0\config_ss_win -data c:\Users\kuber\AppData\Roaming\Code\User\workspaceStorage\0767b1f2905f8411273a4aa30b8beb70\redhat.java\ss_ws --pipe=\\.\pipe\lsp-cd658868c3c858cda9140dc6dbe85567-sock

Host: AMD Ryzen 3 5300U with Radeon Graphics         , 8 cores, 3G,  Windows 11 , 64 bit Build 22621 (10.0.22621.4391)
Time: Wed Mar 12 12:45:26 2025 India Standard Time elapsed time: 7.685487 seconds (0d 0h 0m 7s)

---------------  T H R E A D  ---------------

Current thread (0x0000017a42c197a0):  JavaThread "C2 CompilerThread0" daemon [_thread_in_native, id=18268, stack(0x00000035b5f00000,0x00000035b6000000) (1024K)]


Current CompileTask:
C2:7685 3112       4       java.lang.Class::getPackageName (81 bytes)

Stack: [0x00000035b5f00000,0x00000035b6000000]
Native frames: (J=compiled Java code, j=interpreted, Vv=VM code, C=native code)
V  [jvm.dll+0x6cdee9]
V  [jvm.dll+0x8a83d1]
V  [jvm.dll+0x8aa8fe]
V  [jvm.dll+0x8aafe3]
V  [jvm.dll+0x27f706]
V  [jvm.dll+0xc500d]
V  [jvm.dll+0xc5543]
V  [jvm.dll+0x3b678c]
V  [jvm.dll+0x382935]
V  [jvm.dll+0x381d9a]
V  [jvm.dll+0x2479f0]
V  [jvm.dll+0x246fcf]
V  [jvm.dll+0x1c75ee]
V  [jvm.dll+0x25685a]
V  [jvm.dll+0x254dfa]
V  [jvm.dll+0x3f0256]
V  [jvm.dll+0x851f8b]
V  [jvm.dll+0x6cc5ed]
C  [ucrtbase.dll+0x29333]
C  [KERNEL32.DLL+0x1259d]
C  [ntdll.dll+0x5af38]


---------------  P R O C E S S  ---------------

Threads class SMR info:
_java_thread_list=0x0000017a8b205830, length=31, elements={
0x0000017a2e85b730, 0x0000017a42c0d0f0, 0x0000017a42c0e630, 0x0000017a42c13250,
0x0000017a42c14eb0, 0x0000017a42c15f10, 0x0000017a42c18970, 0x0000017a42c197a0,
0x0000017a85680f30, 0x0000017a856fdae0, 0x0000017a85967b90, 0x0000017a8a0f19d0,
0x0000017a8a6b88b0, 0x0000017a8a653ae0, 0x0000017a8a62de80, 0x0000017a8a6ac5d0,
0x0000017a8a314940, 0x0000017a8ad2a920, 0x0000017a8a708750, 0x0000017a8a85b510,
0x0000017a8a85dc70, 0x0000017a8a85bba0, 0x0000017a8a85c230, 0x0000017a8a85c8c0,
0x0000017a8a85e300, 0x0000017a8a85e990, 0x0000017a8a85cf50, 0x0000017a8a85d5e0,
0x0000017a8b762890, 0x0000017a8b761b70, 0x0000017a8b762f20
}

Java Threads: ( => current thread )
  0x0000017a2e85b730 JavaThread "main"                              [_thread_in_Java, id=21132, stack(0x00000035b5500000,0x00000035b5600000) (1024K)]
  0x0000017a42c0d0f0 JavaThread "Reference Handler"          daemon [_thread_blocked, id=14764, stack(0x00000035b5900000,0x00000035b5a00000) (1024K)]
  0x0000017a42c0e630 JavaThread "Finalizer"                  daemon [_thread_blocked, id=6980, stack(0x00000035b5a00000,0x00000035b5b00000) (1024K)]
  0x0000017a42c13250 JavaThread "Signal Dispatcher"          daemon [_thread_blocked, id=19488, stack(0x00000035b5b00000,0x00000035b5c00000) (1024K)]
  0x0000017a42c14eb0 JavaThread "Attach Listener"            daemon [_thread_blocked, id=5460, stack(0x00000035b5c00000,0x00000035b5d00000) (1024K)]
  0x0000017a42c15f10 JavaThread "Service Thread"             daemon [_thread_blocked, id=6436, stack(0x00000035b5d00000,0x00000035b5e00000) (1024K)]
  0x0000017a42c18970 JavaThread "Monitor Deflation Thread"   daemon [_thread_blocked, id=6972, stack(0x00000035b5e00000,0x00000035b5f00000) (1024K)]
=>0x0000017a42c197a0 JavaThread "C2 CompilerThread0"         daemon [_thread_in_native, id=18268, stack(0x00000035b5f00000,0x00000035b6000000) (1024K)]
  0x0000017a85680f30 JavaThread "C1 CompilerThread0"         daemon [_thread_blocked, id=17276, stack(0x00000035b6000000,0x00000035b6100000) (1024K)]
  0x0000017a856fdae0 JavaThread "Common-Cleaner"             daemon [_thread_blocked, id=20324, stack(0x00000035b6100000,0x00000035b6200000) (1024K)]
  0x0000017a85967b90 JavaThread "Notification Thread"        daemon [_thread_blocked, id=12628, stack(0x00000035b6200000,0x00000035b6300000) (1024K)]
  0x0000017a8a0f19d0 JavaThread "Active Thread: Equinox Container: 52710f21-1424-4cf6-9b6f-60447c0966bf"        [_thread_blocked, id=7516, stack(0x00000035b6900000,0x00000035b6a00000) (1024K)]
  0x0000017a8a6b88b0 JavaThread "Framework Event Dispatcher: Equinox Container: 52710f21-1424-4cf6-9b6f-60447c0966bf" daemon [_thread_blocked, id=25312, stack(0x00000035b6a00000,0x00000035b6b00000) (1024K)]
  0x0000017a8a653ae0 JavaThread "Start Level: Equinox Container: 52710f21-1424-4cf6-9b6f-60447c0966bf" daemon [_thread_blocked, id=17752, stack(0x00000035b6b00000,0x00000035b6c00000) (1024K)]
  0x0000017a8a62de80 JavaThread "SCR Component Actor"        daemon [_thread_blocked, id=15536, stack(0x00000035b6c00000,0x00000035b6d00000) (1024K)]
  0x0000017a8a6ac5d0 JavaThread "SCR Component Registry"     daemon [_thread_blocked, id=9136, stack(0x00000035b6e00000,0x00000035b6f00000) (1024K)]
  0x0000017a8a314940 JavaThread "Worker-JM"                         [_thread_blocked, id=21632, stack(0x00000035b6f00000,0x00000035b7000000) (1024K)]
  0x0000017a8ad2a920 JavaThread "Worker-0"                          [_thread_blocked, id=21600, stack(0x00000035b7000000,0x00000035b7100000) (1024K)]
  0x0000017a8a708750 JavaThread "Worker-1"                          [_thread_blocked, id=15820, stack(0x00000035b7100000,0x00000035b7200000) (1024K)]
  0x0000017a8a85b510 JavaThread "Worker-2"                          [_thread_blocked, id=20152, stack(0x00000035b7200000,0x00000035b7300000) (1024K)]
  0x0000017a8a85dc70 JavaThread "JNA Cleaner"                daemon [_thread_blocked, id=13736, stack(0x00000035b7300000,0x00000035b7400000) (1024K)]
  0x0000017a8a85bba0 JavaThread "Thread-2"                   daemon [_thread_in_native, id=7024, stack(0x00000035b7600000,0x00000035b7700000) (1024K)]
  0x0000017a8a85c230 JavaThread "Thread-3"                   daemon [_thread_in_native, id=10944, stack(0x00000035b7700000,0x00000035b7800000) (1024K)]
  0x0000017a8a85c8c0 JavaThread "Thread-4"                   daemon [_thread_in_native, id=7800, stack(0x00000035b7800000,0x00000035b7900000) (1024K)]
  0x0000017a8a85e300 JavaThread "Thread-5"                   daemon [_thread_in_native, id=25760, stack(0x00000035b7900000,0x00000035b7a00000) (1024K)]
  0x0000017a8a85e990 JavaThread "Thread-6"                   daemon [_thread_in_native, id=25852, stack(0x00000035b7a00000,0x00000035b7b00000) (1024K)]
  0x0000017a8a85cf50 JavaThread "Thread-7"                   daemon [_thread_in_native, id=21760, stack(0x00000035b7b00000,0x00000035b7c00000) (1024K)]
  0x0000017a8a85d5e0 JavaThread "Thread-8"                   daemon [_thread_in_native, id=16564, stack(0x00000035b7c00000,0x00000035b7d00000) (1024K)]
  0x0000017a8b762890 JavaThread "Thread-9"                   daemon [_thread_in_native, id=17672, stack(0x00000035b7d00000,0x00000035b7e00000) (1024K)]
  0x0000017a8b761b70 JavaThread "Thread-10"                  daemon [_thread_in_native, id=17916, stack(0x00000035b7e00000,0x00000035b7f00000) (1024K)]
  0x0000017a8b762f20 JavaThread "pool-2-thread-1"                   [_thread_blocked, id=4272, stack(0x00000035b7f00000,0x00000035b8000000) (1024K)]
Total: 31

Other Threads:
  0x0000017a42bf2650 VMThread "VM Thread"                           [id=9480, stack(0x00000035b5800000,0x00000035b5900000) (1024K)]
  0x0000017a2e8c5090 WatcherThread "VM Periodic Task Thread"        [id=19772, stack(0x00000035b5700000,0x00000035b5800000) (1024K)]
  0x0000017a2e8794e0 WorkerThread "GC Thread#0"                     [id=16540, stack(0x00000035b5600000,0x00000035b5700000) (1024K)]
  0x0000017a8a60e6d0 WorkerThread "GC Thread#1"                     [id=23208, stack(0x00000035b6300000,0x00000035b6400000) (1024K)]
  0x0000017a8a074050 WorkerThread "GC Thread#2"                     [id=24476, stack(0x00000035b6400000,0x00000035b6500000) (1024K)]
  0x0000017a8a511430 WorkerThread "GC Thread#3"                     [id=5764, stack(0x00000035b6500000,0x00000035b6600000) (1024K)]
  0x0000017a8a53ee50 WorkerThread "GC Thread#4"                     [id=6508, stack(0x00000035b6600000,0x00000035b6700000) (1024K)]
  0x0000017a8a53f1f0 WorkerThread "GC Thread#5"                     [id=620, stack(0x00000035b6700000,0x00000035b6800000) (1024K)]
  0x0000017a8a53f590 WorkerThread "GC Thread#6"                     [id=15812, stack(0x00000035b6800000,0x00000035b6900000) (1024K)]
  0x0000017a8a636990 WorkerThread "GC Thread#7"                     [id=24900, stack(0x00000035b6d00000,0x00000035b6e00000) (1024K)]
Total: 10

Threads with active compile tasks:
C2 CompilerThread0  7702 3112       4       java.lang.Class::getPackageName (81 bytes)
C1 CompilerThread0  7702 3129       1       sun.reflect.annotation.AnnotationType::memberDefaults (5 bytes)
Total: 2

VM state: not at safepoint (normal execution)

VM Mutex/Monitor currently owned by a thread: None

Heap address: 0x00000000c0000000, size: 1024 MB, Compressed Oops mode: 32-bit

CDS archive(s) mapped at: [0x0000017a43000000-0x0000017a43ba0000-0x0000017a43ba0000), size 12189696, SharedBaseAddress: 0x0000017a43000000, ArchiveRelocationMode: 1.
Compressed class space mapped at: 0x0000017a44000000-0x0000017a84000000, reserved size: 1073741824
Narrow klass base: 0x0000017a43000000, Narrow klass shift: 0, Narrow klass range: 0x100000000

GC Precious Log:
 CardTable entry size: 512
 CPUs: 8 total, 8 available
 Memory: 3429M
 Large Page Support: Disabled
 NUMA Support: Disabled
 Compressed Oops: Enabled (32-bit)
 Alignments: Space 512K, Generation 512K, Heap 2M
 Heap Min Capacity: 100M
 Heap Initial Capacity: 100M
 Heap Max Capacity: 1G
 Pre-touch: Disabled
 Parallel Workers: 8

Heap:
 PSYoungGen      total 26624K, used 6761K [0x00000000eab00000, 0x00000000eca80000, 0x0000000100000000)
  eden space 24576K, 20% used [0x00000000eab00000,0x00000000eaff1a68,0x00000000ec300000)
  from space 2048K, 82% used [0x00000000ec480000,0x00000000ec628a50,0x00000000ec680000)
  to   space 3584K, 0% used [0x00000000ec700000,0x00000000ec700000,0x00000000eca80000)
 ParOldGen       total 68608K, used 10631K [0x00000000c0000000, 0x00000000c4300000, 0x00000000eab00000)
  object space 68608K, 15% used [0x00000000c0000000,0x00000000c0a61d88,0x00000000c4300000)
 Metaspace       used 26150K, committed 26944K, reserved 1114112K
  class space    used 2508K, committed 2880K, reserved 1048576K

Card table byte_map: [0x0000017a2e200000,0x0000017a2e410000] _byte_map_base: 0x0000017a2dc00000

Marking Bits: (ParMarkBitMap*) 0x00007fff60e93260
 Begin Bits: [0x0000017a40a50000, 0x0000017a41a50000)
 End Bits:   [0x0000017a41a50000, 0x0000017a42a50000)

Polling page: 0x0000017a2c720000

Metaspace:

Usage:
  Non-class:     23.09 MB used.
      Class:      2.45 MB used.
       Both:     25.54 MB used.

Virtual space:
  Non-class space:       64.00 MB reserved,      23.50 MB ( 37%) committed,  1 nodes.
      Class space:        1.00 GB reserved,       2.81 MB ( <1%) committed,  1 nodes.
             Both:        1.06 GB reserved,      26.31 MB (  2%) committed. 

Chunk freelists:
   Non-Class:  7.64 MB
       Class:  13.20 MB
        Both:  20.84 MB

MaxMetaspaceSize: unlimited
CompressedClassSpaceSize: 1.00 GB
Initial GC threshold: 21.00 MB
Current GC threshold: 35.00 MB
CDS: on
 - commit_granule_bytes: 65536.
 - commit_granule_words: 8192.
 - virtual_space_node_default_size: 8388608.
 - enlarge_chunks_in_place: 1.
 - use_allocation_guard: 0.


Internal statistics:

num_allocs_failed_limit: 3.
num_arena_births: 516.
num_arena_deaths: 14.
num_vsnodes_births: 2.
num_vsnodes_deaths: 0.
num_space_committed: 421.
num_space_uncommitted: 0.
num_chunks_returned_to_freelist: 17.
num_chunks_taken_from_freelist: 1468.
num_chunk_merges: 5.
num_chunk_splits: 982.
num_chunks_enlarged: 639.
num_inconsistent_stats: 0.

CodeHeap 'non-profiled nmethods': size=120000Kb used=1260Kb max_used=1260Kb free=118739Kb
 bounds [0x0000017a39520000, 0x0000017a39790000, 0x0000017a40a50000]
CodeHeap 'profiled nmethods': size=120000Kb used=6195Kb max_used=6195Kb free=113804Kb
 bounds [0x0000017a31a50000, 0x0000017a32060000, 0x0000017a38f80000]
CodeHeap 'non-nmethods': size=5760Kb used=1332Kb max_used=1358Kb free=4427Kb
 bounds [0x0000017a38f80000, 0x0000017a391f0000, 0x0000017a39520000]
 total_blobs=3744 nmethods=3123 adapters=526
 compilation: enabled
              stopped_count=0, restarted_count=0
 full_count=0

Compilation events (20 events):
Event: 7.658 Thread 0x0000017a85680f30 nmethod 3105 0x0000017a32052990 code [0x0000017a32052b40, 0x0000017a32052c80]
Event: 7.659 Thread 0x0000017a85680f30 3106       3       java.util.LinkedHashMap::<init> (15 bytes)
Event: 7.660 Thread 0x0000017a85680f30 nmethod 3106 0x0000017a32052d10 code [0x0000017a32052ec0, 0x0000017a320530f8]
Event: 7.660 Thread 0x0000017a85680f30 3107       3       sun.reflect.generics.tree.ClassTypeSignature::accept (8 bytes)
Event: 7.660 Thread 0x0000017a85680f30 nmethod 3107 0x0000017a32053210 code [0x0000017a320533c0, 0x0000017a32053560]
Event: 7.660 Thread 0x0000017a85680f30 3108       3       sun.reflect.generics.visitor.Reifier::visitClassTypeSignature (381 bytes)
Event: 7.662 Thread 0x0000017a85680f30 nmethod 3108 0x0000017a32053690 code [0x0000017a32053aa0, 0x0000017a32055538]
Event: 7.666 Thread 0x0000017a85680f30 3109       3       java.util.stream.AbstractPipeline::<init> (55 bytes)
Event: 7.667 Thread 0x0000017a85680f30 nmethod 3109 0x0000017a32055f10 code [0x0000017a320560c0, 0x0000017a320562f0]
Event: 7.669 Thread 0x0000017a85680f30 3110       3       jdk.internal.reflect.ConstantPool::getUTF8At (10 bytes)
Event: 7.669 Thread 0x0000017a85680f30 nmethod 3110 0x0000017a32056410 code [0x0000017a320565c0, 0x0000017a32056708]
Event: 7.669 Thread 0x0000017a85680f30 3111       3       sun.reflect.annotation.AnnotationInvocationHandler::invoke (182 bytes)
Event: 7.671 Thread 0x0000017a85680f30 nmethod 3111 0x0000017a32056790 code [0x0000017a32056ae0, 0x0000017a32057be0]
Event: 7.675 Thread 0x0000017a42c197a0 3112       4       java.lang.Class::getPackageName (81 bytes)
Event: 7.681 Thread 0x0000017a85680f30 3113       3       sun.reflect.generics.visitor.Reifier::make (9 bytes)
Event: 7.682 Thread 0x0000017a85680f30 nmethod 3113 0x0000017a32058110 code [0x0000017a320582c0, 0x0000017a320584e8]
Event: 7.682 Thread 0x0000017a85680f30 3114       3       sun.reflect.generics.visitor.Reifier::<init> (10 bytes)
Event: 7.682 Thread 0x0000017a85680f30 nmethod 3114 0x0000017a32058610 code [0x0000017a320587c0, 0x0000017a32058948]
Event: 7.682 Thread 0x0000017a85680f30 3115       3       sun.reflect.generics.visitor.Reifier::getResult (26 bytes)
Event: 7.682 Thread 0x0000017a85680f30 nmethod 3115 0x0000017a32058a10 code [0x0000017a32058ba0, 0x0000017a32058cc0]

GC Heap History (16 events):
Event: 1.471 GC heap before
{Heap before GC invocations=1 (full 0):
 PSYoungGen      total 29696K, used 25600K [0x00000000eab00000, 0x00000000ecc00000, 0x0000000100000000)
  eden space 25600K, 100% used [0x00000000eab00000,0x00000000ec400000,0x00000000ec400000)
  from space 4096K, 0% used [0x00000000ec800000,0x00000000ec800000,0x00000000ecc00000)
  to   space 4096K, 0% used [0x00000000ec400000,0x00000000ec400000,0x00000000ec800000)
 ParOldGen       total 68608K, used 0K [0x00000000c0000000, 0x00000000c4300000, 0x00000000eab00000)
  object space 68608K, 0% used [0x00000000c0000000,0x00000000c0000000,0x00000000c4300000)
 Metaspace       used 4348K, committed 4544K, reserved 1114112K
  class space    used 437K, committed 512K, reserved 1048576K
}
Event: 1.485 GC heap after
{Heap after GC invocations=1 (full 0):
 PSYoungGen      total 29696K, used 3141K [0x00000000eab00000, 0x00000000ecc00000, 0x0000000100000000)
  eden space 25600K, 0% used [0x00000000eab00000,0x00000000eab00000,0x00000000ec400000)
  from space 4096K, 76% used [0x00000000ec400000,0x00000000ec7117f0,0x00000000ec800000)
  to   space 4096K, 0% used [0x00000000ec800000,0x00000000ec800000,0x00000000ecc00000)
 ParOldGen       total 68608K, used 16K [0x00000000c0000000, 0x00000000c4300000, 0x00000000eab00000)
  object space 68608K, 0% used [0x00000000c0000000,0x00000000c0004000,0x00000000c4300000)
 Metaspace       used 4348K, committed 4544K, reserved 1114112K
  class space    used 437K, committed 512K, reserved 1048576K
}
Event: 2.805 GC heap before
{Heap before GC invocations=2 (full 0):
 PSYoungGen      total 29696K, used 28741K [0x00000000eab00000, 0x00000000ecc00000, 0x0000000100000000)
  eden space 25600K, 100% used [0x00000000eab00000,0x00000000ec400000,0x00000000ec400000)
  from space 4096K, 76% used [0x00000000ec400000,0x00000000ec7117f0,0x00000000ec800000)
  to   space 4096K, 0% used [0x00000000ec800000,0x00000000ec800000,0x00000000ecc00000)
 ParOldGen       total 68608K, used 16K [0x00000000c0000000, 0x00000000c4300000, 0x00000000eab00000)
  object space 68608K, 0% used [0x00000000c0000000,0x00000000c0004000,0x00000000c4300000)
 Metaspace       used 8239K, committed 8512K, reserved 1114112K
  class space    used 814K, committed 960K, reserved 1048576K
}
Event: 2.811 GC heap after
{Heap after GC invocations=2 (full 0):
 PSYoungGen      total 29696K, used 4075K [0x00000000eab00000, 0x00000000ecc00000, 0x0000000100000000)
  eden space 25600K, 0% used [0x00000000eab00000,0x00000000eab00000,0x00000000ec400000)
  from space 4096K, 99% used [0x00000000ec800000,0x00000000ecbfafc0,0x00000000ecc00000)
  to   space 4096K, 0% used [0x00000000ec400000,0x00000000ec400000,0x00000000ec800000)
 ParOldGen       total 68608K, used 872K [0x00000000c0000000, 0x00000000c4300000, 0x00000000eab00000)
  object space 68608K, 1% used [0x00000000c0000000,0x00000000c00da020,0x00000000c4300000)
 Metaspace       used 8239K, committed 8512K, reserved 1114112K
  class space    used 814K, committed 960K, reserved 1048576K
}
Event: 3.775 GC heap before
{Heap before GC invocations=3 (full 0):
 PSYoungGen      total 29696K, used 29675K [0x00000000eab00000, 0x00000000ecc00000, 0x0000000100000000)
  eden space 25600K, 100% used [0x00000000eab00000,0x00000000ec400000,0x00000000ec400000)
  from space 4096K, 99% used [0x00000000ec800000,0x00000000ecbfafc0,0x00000000ecc00000)
  to   space 4096K, 0% used [0x00000000ec400000,0x00000000ec400000,0x00000000ec800000)
 ParOldGen       total 68608K, used 872K [0x00000000c0000000, 0x00000000c4300000, 0x00000000eab00000)
  object space 68608K, 1% used [0x00000000c0000000,0x00000000c00da020,0x00000000c4300000)
 Metaspace       used 12993K, committed 13504K, reserved 1114112K
  class space    used 1309K, committed 1472K, reserved 1048576K
}
Event: 3.781 GC heap after
{Heap after GC invocations=3 (full 0):
 PSYoungGen      total 29696K, used 4083K [0x00000000eab00000, 0x00000000ecc00000, 0x0000000100000000)
  eden space 25600K, 0% used [0x00000000eab00000,0x00000000eab00000,0x00000000ec400000)
  from space 4096K, 99% used [0x00000000ec400000,0x00000000ec7fcde8,0x00000000ec800000)
  to   space 4096K, 0% used [0x00000000ec800000,0x00000000ec800000,0x00000000ecc00000)
 ParOldGen       total 68608K, used 2737K [0x00000000c0000000, 0x00000000c4300000, 0x00000000eab00000)
  object space 68608K, 3% used [0x00000000c0000000,0x00000000c02ac4f8,0x00000000c4300000)
 Metaspace       used 12993K, committed 13504K, reserved 1114112K
  class space    used 1309K, committed 1472K, reserved 1048576K
}
Event: 4.243 GC heap before
{Heap before GC invocations=4 (full 0):
 PSYoungGen      total 29696K, used 29683K [0x00000000eab00000, 0x00000000ecc00000, 0x0000000100000000)
  eden space 25600K, 100% used [0x00000000eab00000,0x00000000ec400000,0x00000000ec400000)
  from space 4096K, 99% used [0x00000000ec400000,0x00000000ec7fcde8,0x00000000ec800000)
  to   space 4096K, 0% used [0x00000000ec800000,0x00000000ec800000,0x00000000ecc00000)
 ParOldGen       total 68608K, used 2737K [0x00000000c0000000, 0x00000000c4300000, 0x00000000eab00000)
  object space 68608K, 3% used [0x00000000c0000000,0x00000000c02ac4f8,0x00000000c4300000)
 Metaspace       used 15882K, committed 16512K, reserved 1114112K
  class space    used 1582K, committed 1856K, reserved 1048576K
}
Event: 4.248 GC heap after
{Heap after GC invocations=4 (full 0):
 PSYoungGen      total 29696K, used 4089K [0x00000000eab00000, 0x00000000ecc00000, 0x0000000100000000)
  eden space 25600K, 0% used [0x00000000eab00000,0x00000000eab00000,0x00000000ec400000)
  from space 4096K, 99% used [0x00000000ec800000,0x00000000ecbfe668,0x00000000ecc00000)
  to   space 4096K, 0% used [0x00000000ec400000,0x00000000ec400000,0x00000000ec800000)
 ParOldGen       total 68608K, used 5559K [0x00000000c0000000, 0x00000000c4300000, 0x00000000eab00000)
  object space 68608K, 8% used [0x00000000c0000000,0x00000000c056dce0,0x00000000c4300000)
 Metaspace       used 15882K, committed 16512K, reserved 1114112K
  class space    used 1582K, committed 1856K, reserved 1048576K
}
Event: 4.766 GC heap before
{Heap before GC invocations=5 (full 0):
 PSYoungGen      total 29696K, used 29689K [0x00000000eab00000, 0x00000000ecc00000, 0x0000000100000000)
  eden space 25600K, 100% used [0x00000000eab00000,0x00000000ec400000,0x00000000ec400000)
  from space 4096K, 99% used [0x00000000ec800000,0x00000000ecbfe668,0x00000000ecc00000)
  to   space 4096K, 0% used [0x00000000ec400000,0x00000000ec400000,0x00000000ec800000)
 ParOldGen       total 68608K, used 5559K [0x00000000c0000000, 0x00000000c4300000, 0x00000000eab00000)
  object space 68608K, 8% used [0x00000000c0000000,0x00000000c056dce0,0x00000000c4300000)
 Metaspace       used 20101K, committed 20736K, reserved 1114112K
  class space    used 1893K, committed 2176K, reserved 1048576K
}
Event: 4.773 GC heap after
{Heap after GC invocations=5 (full 0):
 PSYoungGen      total 29184K, used 4088K [0x00000000eab00000, 0x00000000ed080000, 0x0000000100000000)
  eden space 25088K, 0% used [0x00000000eab00000,0x00000000eab00000,0x00000000ec380000)
  from space 4096K, 99% used [0x00000000ec400000,0x00000000ec7fe360,0x00000000ec800000)
  to   space 6656K, 0% used [0x00000000eca00000,0x00000000eca00000,0x00000000ed080000)
 ParOldGen       total 68608K, used 7454K [0x00000000c0000000, 0x00000000c4300000, 0x00000000eab00000)
  object space 68608K, 10% used [0x00000000c0000000,0x00000000c07479a8,0x00000000c4300000)
 Metaspace       used 20101K, committed 20736K, reserved 1114112K
  class space    used 1893K, committed 2176K, reserved 1048576K
}
Event: 5.162 GC heap before
{Heap before GC invocations=6 (full 0):
 PSYoungGen      total 29184K, used 23649K [0x00000000eab00000, 0x00000000ed080000, 0x0000000100000000)
  eden space 25088K, 77% used [0x00000000eab00000,0x00000000ebe1a288,0x00000000ec380000)
  from space 4096K, 99% used [0x00000000ec400000,0x00000000ec7fe360,0x00000000ec800000)
  to   space 6656K, 0% used [0x00000000eca00000,0x00000000eca00000,0x00000000ed080000)
 ParOldGen       total 68608K, used 7454K [0x00000000c0000000, 0x00000000c4300000, 0x00000000eab00000)
  object space 68608K, 10% used [0x00000000c0000000,0x00000000c07479a8,0x00000000c4300000)
 Metaspace       used 20962K, committed 21504K, reserved 1114112K
  class space    used 1942K, committed 2176K, reserved 1048576K
}
Event: 5.173 GC heap after
{Heap after GC invocations=6 (full 0):
 PSYoungGen      total 30720K, used 5324K [0x00000000eab00000, 0x00000000ecf80000, 0x0000000100000000)
  eden space 25088K, 0% used [0x00000000eab00000,0x00000000eab00000,0x00000000ec380000)
  from space 5632K, 94% used [0x00000000eca00000,0x00000000ecf33040,0x00000000ecf80000)
  to   space 5632K, 0% used [0x00000000ec480000,0x00000000ec480000,0x00000000eca00000)
 ParOldGen       total 68608K, used 7462K [0x00000000c0000000, 0x00000000c4300000, 0x00000000eab00000)
  object space 68608K, 10% used [0x00000000c0000000,0x00000000c07499a8,0x00000000c4300000)
 Metaspace       used 20962K, committed 21504K, reserved 1114112K
  class space    used 1942K, committed 2176K, reserved 1048576K
}
Event: 5.173 GC heap before
{Heap before GC invocations=7 (full 1):
 PSYoungGen      total 30720K, used 5324K [0x00000000eab00000, 0x00000000ecf80000, 0x0000000100000000)
  eden space 25088K, 0% used [0x00000000eab00000,0x00000000eab00000,0x00000000ec380000)
  from space 5632K, 94% used [0x00000000eca00000,0x00000000ecf33040,0x00000000ecf80000)
  to   space 5632K, 0% used [0x00000000ec480000,0x00000000ec480000,0x00000000eca00000)
 ParOldGen       total 68608K, used 7462K [0x00000000c0000000, 0x00000000c4300000, 0x00000000eab00000)
  object space 68608K, 10% used [0x00000000c0000000,0x00000000c07499a8,0x00000000c4300000)
 Metaspace       used 20962K, committed 21504K, reserved 1114112K
  class space    used 1942K, committed 2176K, reserved 1048576K
}
Event: 5.209 GC heap after
{Heap after GC invocations=7 (full 1):
 PSYoungGen      total 30720K, used 0K [0x00000000eab00000, 0x00000000ecf80000, 0x0000000100000000)
  eden space 25088K, 0% used [0x00000000eab00000,0x00000000eab00000,0x00000000ec380000)
  from space 5632K, 0% used [0x00000000eca00000,0x00000000eca00000,0x00000000ecf80000)
  to   space 5632K, 0% used [0x00000000ec480000,0x00000000ec480000,0x00000000eca00000)
 ParOldGen       total 68608K, used 10623K [0x00000000c0000000, 0x00000000c4300000, 0x00000000eab00000)
  object space 68608K, 15% used [0x00000000c0000000,0x00000000c0a5fd88,0x00000000c4300000)
 Metaspace       used 20949K, committed 21504K, reserved 1114112K
  class space    used 1938K, committed 2176K, reserved 1048576K
}
Event: 7.445 GC heap before
{Heap before GC invocations=8 (full 1):
 PSYoungGen      total 30720K, used 25088K [0x00000000eab00000, 0x00000000ecf80000, 0x0000000100000000)
  eden space 25088K, 100% used [0x00000000eab00000,0x00000000ec380000,0x00000000ec380000)
  from space 5632K, 0% used [0x00000000eca00000,0x00000000eca00000,0x00000000ecf80000)
  to   space 5632K, 0% used [0x00000000ec480000,0x00000000ec480000,0x00000000eca00000)
 ParOldGen       total 68608K, used 10623K [0x00000000c0000000, 0x00000000c4300000, 0x00000000eab00000)
  object space 68608K, 15% used [0x00000000c0000000,0x00000000c0a5fd88,0x00000000c4300000)
 Metaspace       used 25458K, committed 26240K, reserved 1114112K
  class space    used 2408K, committed 2752K, reserved 1048576K
}
Event: 7.449 GC heap after
{Heap after GC invocations=8 (full 1):
 PSYoungGen      total 26624K, used 1698K [0x00000000eab00000, 0x00000000eca80000, 0x0000000100000000)
  eden space 24576K, 0% used [0x00000000eab00000,0x00000000eab00000,0x00000000ec300000)
  from space 2048K, 82% used [0x00000000ec480000,0x00000000ec628a50,0x00000000ec680000)
  to   space 3584K, 0% used [0x00000000ec700000,0x00000000ec700000,0x00000000eca80000)
 ParOldGen       total 68608K, used 10631K [0x00000000c0000000, 0x00000000c4300000, 0x00000000eab00000)
  object space 68608K, 15% used [0x00000000c0000000,0x00000000c0a61d88,0x00000000c4300000)
 Metaspace       used 25458K, committed 26240K, reserved 1114112K
  class space    used 2408K, committed 2752K, reserved 1048576K
}

Dll operation events (12 events):
Event: 0.018 Loaded shared library c:\Users\kuber\.vscode\extensions\redhat.java-1.40.0-win32-x64\jre\21.0.6-win32-x86_64\bin\java.dll
Event: 0.157 Loaded shared library c:\Users\kuber\.vscode\extensions\redhat.java-1.40.0-win32-x64\jre\21.0.6-win32-x86_64\bin\zip.dll
Event: 0.190 Loaded shared library C:\Users\kuber\.vscode\extensions\redhat.java-1.40.0-win32-x64\jre\21.0.6-win32-x86_64\bin\instrument.dll
Event: 0.202 Loaded shared library C:\Users\kuber\.vscode\extensions\redhat.java-1.40.0-win32-x64\jre\21.0.6-win32-x86_64\bin\net.dll
Event: 0.207 Loaded shared library C:\Users\kuber\.vscode\extensions\redhat.java-1.40.0-win32-x64\jre\21.0.6-win32-x86_64\bin\nio.dll
Event: 0.212 Loaded shared library C:\Users\kuber\.vscode\extensions\redhat.java-1.40.0-win32-x64\jre\21.0.6-win32-x86_64\bin\zip.dll
Event: 0.242 Loaded shared library C:\Users\kuber\.vscode\extensions\redhat.java-1.40.0-win32-x64\jre\21.0.6-win32-x86_64\bin\jimage.dll
Event: 0.365 Loaded shared library c:\Users\kuber\.vscode\extensions\redhat.java-1.40.0-win32-x64\jre\21.0.6-win32-x86_64\bin\verify.dll
Event: 2.641 Loaded shared library C:\Users\kuber\AppData\Roaming\Code\User\globalStorage\redhat.java\1.40.0\config_ss_win\org.eclipse.equinox.launcher\org.eclipse.equinox.launcher.win32.win32.x86_64_1.2.1200.v20250212-0927\eclipse_11909.dll
Event: 3.750 Loaded shared library C:\Users\kuber\.vscode\extensions\redhat.java-1.40.0-win32-x64\jre\21.0.6-win32-x86_64\bin\management.dll
Event: 3.767 Loaded shared library C:\Users\kuber\.vscode\extensions\redhat.java-1.40.0-win32-x64\jre\21.0.6-win32-x86_64\bin\management_ext.dll
Event: 7.216 Loaded shared library C:\Users\kuber\AppData\Local\Temp\jna-102399717\jna7172217879731896254.dll

Deoptimization events (20 events):
Event: 5.242 Thread 0x0000017a8a653ae0 DEOPT PACKING pc=0x0000017a39617c00 sp=0x00000035b6bfd7b0
Event: 5.242 Thread 0x0000017a8a653ae0 DEOPT UNPACKING pc=0x0000017a38fd3aa2 sp=0x00000035b6bfd748 mode 2
Event: 5.577 Thread 0x0000017a8a653ae0 DEOPT PACKING pc=0x0000017a31b6fb26 sp=0x00000035b6bfd780
Event: 5.577 Thread 0x0000017a8a653ae0 DEOPT UNPACKING pc=0x0000017a38fd4242 sp=0x00000035b6bfcc78 mode 0
Event: 5.910 Thread 0x0000017a8a653ae0 Uncommon trap: trap_request=0xffffff45 fr.pc=0x0000017a3956d98c relative=0x00000000000000ec
Event: 5.910 Thread 0x0000017a8a653ae0 Uncommon trap: reason=unstable_if action=reinterpret pc=0x0000017a3956d98c method=java.lang.String.getBytes([BIB)V @ 5 c2
Event: 5.910 Thread 0x0000017a8a653ae0 DEOPT PACKING pc=0x0000017a3956d98c sp=0x00000035b6bfdfa0
Event: 5.910 Thread 0x0000017a8a653ae0 DEOPT UNPACKING pc=0x0000017a38fd3aa2 sp=0x00000035b6bfdf48 mode 2
Event: 6.051 Thread 0x0000017a8a653ae0 Uncommon trap: trap_request=0xffffff45 fr.pc=0x0000017a39556018 relative=0x0000000000000678
Event: 6.051 Thread 0x0000017a8a653ae0 Uncommon trap: reason=unstable_if action=reinterpret pc=0x0000017a39556018 method=java.lang.String.replace(Ljava/lang/CharSequence;Ljava/lang/CharSequence;)Ljava/lang/String; @ 42 c2
Event: 6.051 Thread 0x0000017a8a653ae0 DEOPT PACKING pc=0x0000017a39556018 sp=0x00000035b6bfba10
Event: 6.051 Thread 0x0000017a8a653ae0 DEOPT UNPACKING pc=0x0000017a38fd3aa2 sp=0x00000035b6bfb990 mode 2
Event: 7.249 Thread 0x0000017a8a653ae0 Uncommon trap: trap_request=0xffffff45 fr.pc=0x0000017a395c9bc4 relative=0x0000000000000124
Event: 7.249 Thread 0x0000017a8a653ae0 Uncommon trap: reason=unstable_if action=reinterpret pc=0x0000017a395c9bc4 method=jdk.internal.org.objectweb.asm.SymbolTable.put(Ljdk/internal/org/objectweb/asm/SymbolTable$Entry;)Ljdk/internal/org/objectweb/asm/SymbolTable$Entry; @ 13 c2
Event: 7.249 Thread 0x0000017a8a653ae0 DEOPT PACKING pc=0x0000017a395c9bc4 sp=0x00000035b6bfbc40
Event: 7.249 Thread 0x0000017a8a653ae0 DEOPT UNPACKING pc=0x0000017a38fd3aa2 sp=0x00000035b6bfbba0 mode 2
Event: 7.412 Thread 0x0000017a8a708750 Uncommon trap: trap_request=0xffffffcc fr.pc=0x0000017a3964867c relative=0x000000000000033c
Event: 7.412 Thread 0x0000017a8a708750 Uncommon trap: reason=intrinsic_or_type_checked_inlining action=make_not_entrant pc=0x0000017a3964867c method=java.util.Arrays.copyOf([Ljava/lang/Object;ILjava/lang/Class;)[Ljava/lang/Object; @ 35 c2
Event: 7.412 Thread 0x0000017a8a708750 DEOPT PACKING pc=0x0000017a3964867c sp=0x00000035b71fe0d0
Event: 7.412 Thread 0x0000017a8a708750 DEOPT UNPACKING pc=0x0000017a38fd3aa2 sp=0x00000035b71fe060 mode 2

Classes loaded (20 events):
Event: 7.460 Loading class sun/reflect/generics/repository/ClassRepository
Event: 7.460 Loading class sun/reflect/generics/repository/ClassRepository done
Event: 7.460 Loading class sun/reflect/generics/tree/ClassSignature
Event: 7.461 Loading class sun/reflect/generics/tree/ClassSignature done
Event: 7.461 Loading class sun/reflect/generics/tree/TypeVariableSignature
Event: 7.461 Loading class sun/reflect/generics/tree/TypeVariableSignature done
Event: 7.461 Loading class sun/reflect/generics/reflectiveObjects/TypeVariableImpl
Event: 7.461 Loading class sun/reflect/generics/reflectiveObjects/LazyReflectiveObjectGenerator
Event: 7.461 Loading class sun/reflect/generics/reflectiveObjects/LazyReflectiveObjectGenerator done
Event: 7.461 Loading class sun/reflect/generics/reflectiveObjects/TypeVariableImpl done
Event: 7.482 Loading class jdk/internal/vm/annotation/IntrinsicCandidate
Event: 7.482 Loading class jdk/internal/vm/annotation/IntrinsicCandidate done
Event: 7.595 Loading class sun/reflect/generics/tree/BottomSignature
Event: 7.596 Loading class sun/reflect/generics/tree/BottomSignature done
Event: 7.596 Loading class sun/reflect/generics/tree/Wildcard
Event: 7.596 Loading class sun/reflect/generics/tree/Wildcard done
Event: 7.597 Loading class sun/reflect/generics/reflectiveObjects/WildcardTypeImpl
Event: 7.598 Loading class java/lang/reflect/WildcardType
Event: 7.598 Loading class java/lang/reflect/WildcardType done
Event: 7.598 Loading class sun/reflect/generics/reflectiveObjects/WildcardTypeImpl done

Classes unloaded (7 events):
Event: 5.178 Thread 0x0000017a42bf2650 Unloading class 0x0000017a4417b000 'java/lang/invoke/LambdaForm$MH+0x0000017a4417b000'
Event: 5.178 Thread 0x0000017a42bf2650 Unloading class 0x0000017a4417ac00 'java/lang/invoke/LambdaForm$MH+0x0000017a4417ac00'
Event: 5.178 Thread 0x0000017a42bf2650 Unloading class 0x0000017a4417a800 'java/lang/invoke/LambdaForm$MH+0x0000017a4417a800'
Event: 5.178 Thread 0x0000017a42bf2650 Unloading class 0x0000017a4417a400 'java/lang/invoke/LambdaForm$MH+0x0000017a4417a400'
Event: 5.178 Thread 0x0000017a42bf2650 Unloading class 0x0000017a4417a000 'java/lang/invoke/LambdaForm$BMH+0x0000017a4417a000'
Event: 5.178 Thread 0x0000017a42bf2650 Unloading class 0x0000017a44179c00 'java/lang/invoke/LambdaForm$DMH+0x0000017a44179c00'
Event: 5.178 Thread 0x0000017a42bf2650 Unloading class 0x0000017a44178800 'java/lang/invoke/LambdaForm$DMH+0x0000017a44178800'

Classes redefined (0 events):
No events

Internal exceptions (20 events):
Event: 5.931 Thread 0x0000017a8a653ae0 Exception <a 'java/io/FileNotFoundException'{0x00000000eb75a430}> (0x00000000eb75a430) 
thrown [s\src\hotspot\share\prims\jni.cpp, line 520]
Event: 7.263 Thread 0x0000017a8a653ae0 Exception <a 'java/lang/UnsatisfiedLinkError'{0x00000000ebad76d8}: The specified procedure could not be found.
> (0x00000000ebad76d8) 
thrown [s\src\hotspot\share\prims\jni.cpp, line 539]
Event: 7.275 Thread 0x0000017a8a653ae0 Exception <a 'java/io/FileNotFoundException'{0x00000000ebafcc08}> (0x00000000ebafcc08) 
thrown [s\src\hotspot\share\prims\jni.cpp, line 520]
Event: 7.288 Thread 0x0000017a8a653ae0 Exception <a 'java/io/FileNotFoundException'{0x00000000ebb74eb8}> (0x00000000ebb74eb8) 
thrown [s\src\hotspot\share\prims\jni.cpp, line 520]
Event: 7.304 Thread 0x0000017a8a653ae0 Exception <a 'java/lang/NoSuchMethodError'{0x00000000ebc05f08}: 'void java.lang.invoke.DirectMethodHandle$Holder.invokeSpecial(java.lang.Object, java.lang.Object, java.lang.Object, int)'> (0x00000000ebc05f08) 
thrown [s\src\hotspot\share\interpreter\linkResolver.cpp, line 773]
Event: 7.305 Thread 0x0000017a8a653ae0 Exception <a 'java/lang/NoSuchMethodError'{0x00000000ebc095e8}: 'void java.lang.invoke.DelegatingMethodHandle$Holder.reinvoke_L(java.lang.Object, java.lang.Object, int)'> (0x00000000ebc095e8) 
thrown [s\src\hotspot\share\interpreter\linkResolver.cpp, line 773]
Event: 7.306 Thread 0x0000017a8a653ae0 Exception <a 'java/lang/NoSuchMethodError'{0x00000000ebc10020}: 'int java.lang.invoke.Invokers$Holder.invokeExact_MT(java.lang.Object, java.lang.Object, java.lang.Object)'> (0x00000000ebc10020) 
thrown [s\src\hotspot\share\interpreter\linkResolver.cpp, line 773]
Event: 7.308 Thread 0x0000017a8a653ae0 Exception <a 'java/lang/UnsatisfiedLinkError'{0x00000000ebc23b00}: The specified procedure could not be found.
> (0x00000000ebc23b00) 
thrown [s\src\hotspot\share\prims\jni.cpp, line 539]
Event: 7.318 Thread 0x0000017a8a653ae0 Exception <a 'java/lang/NoSuchMethodError'{0x00000000ebc2fa88}: 'void java.lang.invoke.Invokers$Holder.invokeExact_MT(java.lang.Object, java.lang.Object, int, java.lang.Object)'> (0x00000000ebc2fa88) 
thrown [s\src\hotspot\share\interpreter\linkResolver.cpp, line 773]
Event: 7.371 Thread 0x0000017a2e85b730 Exception <a 'java/lang/NoSuchMethodError'{0x00000000ec004ae8}: 'java.lang.Object java.lang.invoke.DirectMethodHandle$Holder.invokeStatic(java.lang.Object, long, java.lang.Object)'> (0x00000000ec004ae8) 
thrown [s\src\hotspot\share\interpreter\linkResolver.cpp, line 773]
Event: 7.372 Thread 0x0000017a2e85b730 Exception <a 'java/lang/NoSuchMethodError'{0x00000000ec008180}: 'java.lang.Object java.lang.invoke.DirectMethodHandle$Holder.invokeStaticInit(java.lang.Object, long, java.lang.Object)'> (0x00000000ec008180) 
thrown [s\src\hotspot\share\interpreter\linkResolver.cpp, line 773]
Event: 7.373 Thread 0x0000017a2e85b730 Exception <a 'java/lang/NoSuchMethodError'{0x00000000ec0263c0}: 'java.lang.Object java.lang.invoke.DirectMethodHandle$Holder.newInvokeSpecial(java.lang.Object, long)'> (0x00000000ec0263c0) 
thrown [s\src\hotspot\share\interpreter\linkResolver.cpp, line 773]
Event: 7.405 Thread 0x0000017a8a708750 Exception <a 'java/io/FileNotFoundException'{0x00000000ec24fce0}> (0x00000000ec24fce0) 
thrown [s\src\hotspot\share\prims\jni.cpp, line 520]
Event: 7.406 Thread 0x0000017a8a708750 Exception <a 'java/io/FileNotFoundException'{0x00000000ec250f68}> (0x00000000ec250f68) 
thrown [s\src\hotspot\share\prims\jni.cpp, line 520]
Event: 7.410 Thread 0x0000017a8a708750 Exception <a 'java/lang/NoSuchMethodError'{0x00000000ec25f1e0}: 'java.lang.Object java.lang.invoke.DirectMethodHandle$Holder.newInvokeSpecial(java.lang.Object, java.lang.Object, java.lang.Object, int)'> (0x00000000ec25f1e0) 
thrown [s\src\hotspot\share\interpreter\linkResolver.cpp, line 773]
Event: 7.411 Thread 0x0000017a8a708750 Exception <a 'java/lang/NoSuchMethodError'{0x00000000ec262e98}: 'java.lang.Object java.lang.invoke.DirectMethodHandle$Holder.invokeSpecial(java.lang.Object, java.lang.Object, java.lang.Object, java.lang.Object, int)'> (0x00000000ec262e98) 
thrown [s\src\hotspot\share\interpreter\linkResolver.cpp, line 773]
Event: 7.411 Thread 0x0000017a8a708750 Exception <a 'java/lang/NoSuchMethodError'{0x00000000ec266608}: 'java.lang.Object java.lang.invoke.Invokers$Holder.linkToTargetMethod(java.lang.Object, java.lang.Object, int, java.lang.Object)'> (0x00000000ec266608) 
thrown [s\src\hotspot\share\interpreter\linkResolver.cpp, line 773]
Event: 7.414 Thread 0x0000017a8a708750 Exception <a 'java/lang/NoSuchMethodError'{0x00000000ec271ed8}: 'void java.lang.invoke.DirectMethodHandle$Holder.invokeStaticInit(java.lang.Object, java.lang.Object, java.lang.Object)'> (0x00000000ec271ed8) 
thrown [s\src\hotspot\share\interpreter\linkResolver.cpp, line 773]
Event: 7.418 Thread 0x0000017a8a708750 Exception <a 'java/io/FileNotFoundException'{0x00000000ec288100}> (0x00000000ec288100) 
thrown [s\src\hotspot\share\prims\jni.cpp, line 520]
Event: 7.418 Thread 0x0000017a8a708750 Exception <a 'java/io/FileNotFoundException'{0x00000000ec288e50}> (0x00000000ec288e50) 
thrown [s\src\hotspot\share\prims\jni.cpp, line 520]

ZGC Phase Switch (0 events):
No events

VM Operations (20 events):
Event: 5.129 Executing VM operation: HandshakeAllThreads (Deoptimize)
Event: 5.129 Executing VM operation: HandshakeAllThreads (Deoptimize) done
Event: 5.140 Executing VM operation: HandshakeAllThreads (Deoptimize)
Event: 5.140 Executing VM operation: HandshakeAllThreads (Deoptimize) done
Event: 5.162 Executing VM operation: CollectForMetadataAllocation (Metadata GC Threshold)
Event: 5.209 Executing VM operation: CollectForMetadataAllocation (Metadata GC Threshold) done
Event: 5.462 Executing VM operation: HandshakeAllThreads (Deoptimize)
Event: 5.462 Executing VM operation: HandshakeAllThreads (Deoptimize) done
Event: 5.463 Executing VM operation: HandshakeAllThreads (Deoptimize)
Event: 5.464 Executing VM operation: HandshakeAllThreads (Deoptimize) done
Event: 5.748 Executing VM operation: HandshakeAllThreads (Deoptimize)
Event: 5.748 Executing VM operation: HandshakeAllThreads (Deoptimize) done
Event: 5.864 Executing VM operation: HandshakeAllThreads (Deoptimize)
Event: 5.864 Executing VM operation: HandshakeAllThreads (Deoptimize) done
Event: 6.865 Executing VM operation: Cleanup
Event: 6.865 Executing VM operation: Cleanup done
Event: 7.233 Executing VM operation: HandshakeAllThreads (Deoptimize)
Event: 7.233 Executing VM operation: HandshakeAllThreads (Deoptimize) done
Event: 7.445 Executing VM operation: ParallelGCFailedAllocation (Allocation Failure)
Event: 7.449 Executing VM operation: ParallelGCFailedAllocation (Allocation Failure) done

Memory protections (0 events):
No events

Nmethod flushes (0 events):
No events

Events (20 events):
Event: 2.625 Thread 0x0000017a2e85b730 Thread added: 0x0000017a8a653ae0
Event: 2.708 Thread 0x0000017a8a653ae0 Thread added: 0x0000017a8a62de80
Event: 3.007 Thread 0x0000017a8a653ae0 Thread added: 0x0000017a8a6ac5d0
Event: 3.499 Thread 0x0000017a8a653ae0 Thread added: 0x0000017a8a314940
Event: 3.972 Thread 0x0000017a8a653ae0 Thread added: 0x0000017a8ad2a920
Event: 4.028 Thread 0x0000017a8a653ae0 Thread added: 0x0000017a8a708750
Event: 4.180 Thread 0x0000017a8ad2a920 Thread added: 0x0000017a8a85b510
Event: 5.061 Thread 0x0000017a8a653ae0 Thread added: 0x0000017a8a85c8c0
Event: 5.273 Thread 0x0000017a8a85c8c0 Thread exited: 0x0000017a8a85c8c0
Event: 7.245 Thread 0x0000017a8a653ae0 Thread added: 0x0000017a8a85dc70
Event: 7.387 Thread 0x0000017a2e85b730 Thread added: 0x0000017a8a85bba0
Event: 7.387 Thread 0x0000017a2e85b730 Thread added: 0x0000017a8a85c230
Event: 7.388 Thread 0x0000017a2e85b730 Thread added: 0x0000017a8a85c8c0
Event: 7.388 Thread 0x0000017a2e85b730 Thread added: 0x0000017a8a85e300
Event: 7.388 Thread 0x0000017a2e85b730 Thread added: 0x0000017a8a85e990
Event: 7.388 Thread 0x0000017a2e85b730 Thread added: 0x0000017a8a85cf50
Event: 7.388 Thread 0x0000017a2e85b730 Thread added: 0x0000017a8a85d5e0
Event: 7.388 Thread 0x0000017a2e85b730 Thread added: 0x0000017a8b762890
Event: 7.388 Thread 0x0000017a2e85b730 Thread added: 0x0000017a8b761b70
Event: 7.423 Thread 0x0000017a2e85b730 Thread added: 0x0000017a8b762f20


Dynamic libraries:
0x00007ff61c020000 - 0x00007ff61c02e000 	c:\Users\kuber\.vscode\extensions\redhat.java-1.40.0-win32-x64\jre\21.0.6-win32-x86_64\bin\java.exe
0x00007ffff2ff0000 - 0x00007ffff3207000 	C:\Windows\SYSTEM32\ntdll.dll
0x00007ffff2260000 - 0x00007ffff2324000 	C:\Windows\System32\KERNEL32.DLL
0x00007ffff0950000 - 0x00007ffff0d09000 	C:\Windows\System32\KERNELBASE.dll
0x00007ffff02f0000 - 0x00007ffff0401000 	C:\Windows\System32\ucrtbase.dll
0x00007fffd9610000 - 0x00007fffd9628000 	c:\Users\kuber\.vscode\extensions\redhat.java-1.40.0-win32-x64\jre\21.0.6-win32-x86_64\bin\jli.dll
0x00007fffd8540000 - 0x00007fffd855e000 	c:\Users\kuber\.vscode\extensions\redhat.java-1.40.0-win32-x64\jre\21.0.6-win32-x86_64\bin\VCRUNTIME140.dll
0x00007ffff1fd0000 - 0x00007ffff217e000 	C:\Windows\System32\USER32.dll
0x00007ffff0780000 - 0x00007ffff07a6000 	C:\Windows\System32\win32u.dll
0x00007ffff2da0000 - 0x00007ffff2dc9000 	C:\Windows\System32\GDI32.dll
0x00007ffff0410000 - 0x00007ffff052b000 	C:\Windows\System32\gdi32full.dll
0x00007ffff06e0000 - 0x00007ffff077a000 	C:\Windows\System32\msvcp_win.dll
0x00007fffdeb00000 - 0x00007fffded92000 	C:\Windows\WinSxS\amd64_microsoft.windows.common-controls_6595b64144ccf1df_6.0.22621.4391_none_2715d37f73803e96\COMCTL32.dll
0x00007ffff1770000 - 0x00007ffff1817000 	C:\Windows\System32\msvcrt.dll
0x00007ffff2d50000 - 0x00007ffff2d81000 	C:\Windows\System32\IMM32.DLL
0x00007fffda8b0000 - 0x00007fffda8bc000 	c:\Users\kuber\.vscode\extensions\redhat.java-1.40.0-win32-x64\jre\21.0.6-win32-x86_64\bin\vcruntime140_1.dll
0x00007fffb5660000 - 0x00007fffb56ed000 	c:\Users\kuber\.vscode\extensions\redhat.java-1.40.0-win32-x64\jre\21.0.6-win32-x86_64\bin\msvcp140.dll
0x00007fff601e0000 - 0x00007fff60f70000 	c:\Users\kuber\.vscode\extensions\redhat.java-1.40.0-win32-x64\jre\21.0.6-win32-x86_64\bin\server\jvm.dll
0x00007ffff2180000 - 0x00007ffff2232000 	C:\Windows\System32\ADVAPI32.dll
0x00007ffff2440000 - 0x00007ffff24e7000 	C:\Windows\System32\sechost.dll
0x00007ffff0920000 - 0x00007ffff0948000 	C:\Windows\System32\bcrypt.dll
0x00007ffff1590000 - 0x00007ffff16a4000 	C:\Windows\System32\RPCRT4.dll
0x00007ffff1f40000 - 0x00007ffff1fb1000 	C:\Windows\System32\WS2_32.dll
0x00007fffe5e50000 - 0x00007fffe5e5a000 	C:\Windows\SYSTEM32\VERSION.dll
0x00007ffff01c0000 - 0x00007ffff020d000 	C:\Windows\SYSTEM32\POWRPROF.dll
0x00007fffeb000000 - 0x00007fffeb034000 	C:\Windows\SYSTEM32\WINMM.dll
0x00007ffff01a0000 - 0x00007ffff01b3000 	C:\Windows\SYSTEM32\UMPDC.dll
0x00007fffef2f0000 - 0x00007fffef308000 	C:\Windows\SYSTEM32\kernel.appcore.dll
0x00007fffd9fc0000 - 0x00007fffd9fca000 	c:\Users\kuber\.vscode\extensions\redhat.java-1.40.0-win32-x64\jre\21.0.6-win32-x86_64\bin\jimage.dll
0x00007fffe4e70000 - 0x00007fffe50a2000 	C:\Windows\SYSTEM32\DBGHELP.DLL
0x00007ffff1820000 - 0x00007ffff1baf000 	C:\Windows\System32\combase.dll
0x00007ffff2ed0000 - 0x00007ffff2fa7000 	C:\Windows\System32\OLEAUT32.dll
0x00007fffe4e00000 - 0x00007fffe4e32000 	C:\Windows\SYSTEM32\dbgcore.DLL
0x00007ffff05f0000 - 0x00007ffff066b000 	C:\Windows\System32\bcryptPrimitives.dll
0x00007fffd9660000 - 0x00007fffd966f000 	c:\Users\kuber\.vscode\extensions\redhat.java-1.40.0-win32-x64\jre\21.0.6-win32-x86_64\bin\instrument.dll
0x00007fffd8170000 - 0x00007fffd818f000 	c:\Users\kuber\.vscode\extensions\redhat.java-1.40.0-win32-x64\jre\21.0.6-win32-x86_64\bin\java.dll
0x00007ffff0d10000 - 0x00007ffff1586000 	C:\Windows\System32\SHELL32.dll
0x00007fffee1e0000 - 0x00007fffeeae3000 	C:\Windows\SYSTEM32\windows.storage.dll
0x00007fffee0a0000 - 0x00007fffee1df000 	C:\Windows\SYSTEM32\wintypes.dll
0x00007ffff2dd0000 - 0x00007ffff2ec9000 	C:\Windows\System32\SHCORE.dll
0x00007ffff1710000 - 0x00007ffff176e000 	C:\Windows\System32\shlwapi.dll
0x00007ffff0220000 - 0x00007ffff024b000 	C:\Windows\SYSTEM32\profapi.dll
0x00007fffd4a70000 - 0x00007fffd4a88000 	c:\Users\kuber\.vscode\extensions\redhat.java-1.40.0-win32-x64\jre\21.0.6-win32-x86_64\bin\zip.dll
0x00007fffd9570000 - 0x00007fffd9580000 	C:\Users\kuber\.vscode\extensions\redhat.java-1.40.0-win32-x64\jre\21.0.6-win32-x86_64\bin\net.dll
0x00007fffeba50000 - 0x00007fffebb86000 	C:\Windows\SYSTEM32\WINHTTP.dll
0x00007fffef760000 - 0x00007fffef7c9000 	C:\Windows\system32\mswsock.dll
0x00007fffd4860000 - 0x00007fffd4876000 	C:\Users\kuber\.vscode\extensions\redhat.java-1.40.0-win32-x64\jre\21.0.6-win32-x86_64\bin\nio.dll
0x00007fffd9510000 - 0x00007fffd9520000 	c:\Users\kuber\.vscode\extensions\redhat.java-1.40.0-win32-x64\jre\21.0.6-win32-x86_64\bin\verify.dll
0x00007fffb69c0000 - 0x00007fffb6a05000 	C:\Users\kuber\AppData\Roaming\Code\User\globalStorage\redhat.java\1.40.0\config_ss_win\org.eclipse.equinox.launcher\org.eclipse.equinox.launcher.win32.win32.x86_64_1.2.1200.v20250212-0927\eclipse_11909.dll
0x00007ffff1bb0000 - 0x00007ffff1d55000 	C:\Windows\System32\ole32.dll
0x00007fffd9470000 - 0x00007fffd947a000 	C:\Users\kuber\.vscode\extensions\redhat.java-1.40.0-win32-x64\jre\21.0.6-win32-x86_64\bin\management.dll
0x00007fffd9350000 - 0x00007fffd935b000 	C:\Users\kuber\.vscode\extensions\redhat.java-1.40.0-win32-x64\jre\21.0.6-win32-x86_64\bin\management_ext.dll
0x00007ffff2d90000 - 0x00007ffff2d98000 	C:\Windows\System32\PSAPI.DLL
0x00007fffefab0000 - 0x00007fffefacb000 	C:\Windows\SYSTEM32\CRYPTSP.dll
0x00007fffef250000 - 0x00007fffef285000 	C:\Windows\system32\rsaenh.dll
0x00007fffef800000 - 0x00007fffef828000 	C:\Windows\SYSTEM32\USERENV.dll
0x00007fffefa90000 - 0x00007fffefa9c000 	C:\Windows\SYSTEM32\CRYPTBASE.dll
0x00007fffeed50000 - 0x00007fffeed7d000 	C:\Windows\SYSTEM32\IPHLPAPI.DLL
0x00007ffff1fc0000 - 0x00007ffff1fc9000 	C:\Windows\System32\NSI.dll
0x00007fffb4450000 - 0x00007fffb4499000 	C:\Users\kuber\AppData\Local\Temp\jna-102399717\jna7172217879731896254.dll
0x00007fffeb860000 - 0x00007fffeb879000 	C:\Windows\SYSTEM32\dhcpcsvc6.DLL
0x00007fffeb6a0000 - 0x00007fffeb6bf000 	C:\Windows\SYSTEM32\dhcpcsvc.DLL

dbghelp: loaded successfully - version: 4.0.5 - missing functions: none
symbol engine: initialized successfully - sym options: 0x614 - pdb path: .;c:\Users\kuber\.vscode\extensions\redhat.java-1.40.0-win32-x64\jre\21.0.6-win32-x86_64\bin;C:\Windows\SYSTEM32;C:\Windows\WinSxS\amd64_microsoft.windows.common-controls_6595b64144ccf1df_6.0.22621.4391_none_2715d37f73803e96;c:\Users\kuber\.vscode\extensions\redhat.java-1.40.0-win32-x64\jre\21.0.6-win32-x86_64\bin\server;C:\Users\kuber\AppData\Roaming\Code\User\globalStorage\redhat.java\1.40.0\config_ss_win\org.eclipse.equinox.launcher\org.eclipse.equinox.launcher.win32.win32.x86_64_1.2.1200.v20250212-0927;C:\Users\kuber\AppData\Local\Temp\jna-102399717

VM Arguments:
jvm_args: --add-modules=ALL-SYSTEM --add-opens=java.base/java.util=ALL-UNNAMED --add-opens=java.base/java.lang=ALL-UNNAMED --add-opens=java.base/sun.nio.fs=ALL-UNNAMED -Declipse.application=org.eclipse.jdt.ls.core.id1 -Dosgi.bundles.defaultStartLevel=4 -Declipse.product=org.eclipse.jdt.ls.core.product -Djava.import.generatesMetadataFilesAtProjectRoot=false -DDetectVMInstallationsJob.disabled=true -Dfile.encoding=utf8 -XX:+UseParallelGC -XX:GCTimeRatio=4 -XX:AdaptiveSizePolicyWeight=90 -Dsun.zip.disableMemoryMapping=true -Xmx1G -Xms100m -Xlog:disable -javaagent:c:\Users\kuber\.vscode\extensions\redhat.java-1.40.0-win32-x64\lombok\lombok-1.18.36.jar 
java_command: c:\Users\kuber\.vscode\extensions\redhat.java-1.40.0-win32-x64\server\plugins\org.eclipse.equinox.launcher_1.6.1000.v20250131-0606.jar -configuration c:\Users\kuber\AppData\Roaming\Code\User\globalStorage\redhat.java\1.40.0\config_ss_win -data c:\Users\kuber\AppData\Roaming\Code\User\workspaceStorage\0767b1f2905f8411273a4aa30b8beb70\redhat.java\ss_ws --pipe=\\.\pipe\lsp-cd658868c3c858cda9140dc6dbe85567-sock
java_class_path (initial): c:\Users\kuber\.vscode\extensions\redhat.java-1.40.0-win32-x64\server\plugins\org.eclipse.equinox.launcher_1.6.1000.v20250131-0606.jar
Launcher Type: SUN_STANDARD

[Global flags]
    uintx AdaptiveSizePolicyWeight                 = 90                                        {product} {command line}
     intx CICompilerCount                          = 4                                         {product} {ergonomic}
    uintx GCTimeRatio                              = 4                                         {product} {command line}
   size_t InitialHeapSize                          = 104857600                                 {product} {command line}
   size_t MaxHeapSize                              = 1073741824                                {product} {command line}
   size_t MaxNewSize                               = 357564416                                 {product} {ergonomic}
   size_t MinHeapDeltaBytes                        = 524288                                    {product} {ergonomic}
   size_t MinHeapSize                              = 104857600                                 {product} {command line}
   size_t NewSize                                  = 34603008                                  {product} {ergonomic}
    uintx NonNMethodCodeHeapSize                   = 5839372                                {pd product} {ergonomic}
    uintx NonProfiledCodeHeapSize                  = 122909434                              {pd product} {ergonomic}
   size_t OldSize                                  = 70254592                                  {product} {ergonomic}
    uintx ProfiledCodeHeapSize                     = 122909434                              {pd product} {ergonomic}
    uintx ReservedCodeCacheSize                    = 251658240                              {pd product} {ergonomic}
     bool SegmentedCodeCache                       = true                                      {product} {ergonomic}
   size_t SoftMaxHeapSize                          = 1073741824                             {manageable} {ergonomic}
     bool UseCompressedOops                        = true                           {product lp64_product} {ergonomic}
     bool UseLargePagesIndividualAllocation        = false                                  {pd product} {ergonomic}
     bool UseParallelGC                            = true                                      {product} {command line}

Logging:
Log output configuration:
 #0: stdout all=off uptime,level,tags foldmultilines=false
 #1: stderr all=off uptime,level,tags foldmultilines=false

Environment Variables:
PATH=C:\Program Files\Common Files\Oracle\Java\javapath;C:\Windows\system32;C:\Windows;C:\Windows\System32\Wbem;C:\Windows\System32\WindowsPowerShell\v1.0\;C:\Windows\System32\OpenSSH\;C:\Program Files\dotnet\;C:\Program Files\Git\cmd;C:\Program Files\nodejs\;C:\ProgramData\chocolatey\bin;C:\Program Files\MySQL\MySQL Shell 8.0\bin\;C:\Users\kuber\AppData\Local\Microsoft\WindowsApps;C:\Users\kuber\.dotnet\tools;C:\Users\kuber\AppData\Local\Programs\Microsoft VS Code\bin;C:\Users\kuber\AppData\Roaming\npm
USERNAME=kuber
OS=Windows_NT
PROCESSOR_IDENTIFIER=AMD64 Family 23 Model 104 Stepping 1, AuthenticAMD
TMP=C:\Users\kuber\AppData\Local\Temp
TEMP=C:\Users\kuber\AppData\Local\Temp




Periodic native trim disabled

---------------  S Y S T E M  ---------------

OS:
 Windows 11 , 64 bit Build 22621 (10.0.22621.4391)
OS uptime: 31 days 21:40 hours
Hyper-V role detected

CPU: total 8 (initial active 8) (8 cores per cpu, 2 threads per core) family 23 model 104 stepping 1 microcode 0x0, cx8, cmov, fxsr, ht, mmx, 3dnowpref, sse, sse2, sse3, ssse3, sse4a, sse4.1, sse4.2, popcnt, lzcnt, tsc, tscinvbit, avx, avx2, aes, clmul, bmi1, bmi2, adx, sha, fma, vzeroupper, clflush, clflushopt, hv, rdtscp, rdpid, f16c
Processor Information for the first 8 processors :
  Max Mhz: 2600, Current Mhz: 2600, Mhz Limit: 2600

Memory: 4k page, system-wide physical 3429M (198M free)
TotalPageFile size 14181M (AvailPageFile size 0M)
current process WorkingSet (physical memory assigned to process): 156M, peak: 163M
current process commit charge ("private bytes"): 255M, peak: 264M

vm_info: OpenJDK 64-Bit Server VM (21.0.6+7-LTS) for windows-amd64 JRE (21.0.6+7-LTS), built on 2025-01-21T00:00:00Z by "admin" with MS VC++ 17.7 (VS2022)

END.
