#
# There is insufficient memory for the Java Runtime Environment to continue.
# Native memory allocation (malloc) failed to allocate 1060336 bytes. Error detail: Chunk::new
# Possible reasons:
#   The system is out of physical RAM or swap space
#   This process is running with CompressedOops enabled, and the Java Heap may be blocking the growth of the native heap
# Possible solutions:
#   Reduce memory load on the system
#   Increase physical memory or swap space
#   Check if swap backing store is full
#   Decrease Java heap size (-Xmx/-Xms)
#   Decrease number of Java threads
#   Decrease Java thread stack sizes (-Xss)
#   Set larger code cache with -XX:ReservedCodeCacheSize=
#   JVM is running with Unscaled Compressed Oops mode in which the Java heap is
#     placed in the first 4GB address space. The Java Heap base address is the
#     maximum limit for the native heap growth. Please use -XX:HeapBaseMinAddress
#     to set the Java Heap base and to place the Java Heap above 4GB virtual address.
# This output file may be truncated or incomplete.
#
#  Out of Memory Error (arena.cpp:168), pid=19572, tid=7456
#
# JRE version: OpenJDK Runtime Environment Temurin-21.0.6+7 (21.0.6+7) (build 21.0.6+7-LTS)
# Java VM: OpenJDK 64-Bit Server VM Temurin-21.0.6+7 (21.0.6+7-LTS, mixed mode, sharing, tiered, compressed oops, compressed class ptrs, parallel gc, windows-amd64)
# No core dump will be written. Minidumps are not enabled by default on client versions of Windows
#

---------------  S U M M A R Y ------------

Command Line: --add-modules=ALL-SYSTEM --add-opens=java.base/java.util=ALL-UNNAMED --add-opens=java.base/java.lang=ALL-UNNAMED --add-opens=java.base/sun.nio.fs=ALL-UNNAMED -Declipse.application=org.eclipse.jdt.ls.core.id1 -Dosgi.bundles.defaultStartLevel=4 -Declipse.product=org.eclipse.jdt.ls.core.product -Djava.import.generatesMetadataFilesAtProjectRoot=false -DDetectVMInstallationsJob.disabled=true -Dfile.encoding=utf8 -XX:+UseParallelGC -XX:GCTimeRatio=4 -XX:AdaptiveSizePolicyWeight=90 -Dsun.zip.disableMemoryMapping=true -Xmx1G -Xms100m -Xlog:disable -javaagent:c:\Users\kuber\.vscode\extensions\redhat.java-1.40.0-win32-x64\lombok\lombok-1.18.36.jar -XX:+HeapDumpOnOutOfMemoryError -XX:HeapDumpPath=c:\Users\kuber\AppData\Roaming\Code\User\workspaceStorage\0767b1f2905f8411273a4aa30b8beb70\redhat.java -Daether.dependencyCollector.impl=bf c:\Users\kuber\.vscode\extensions\redhat.java-1.40.0-win32-x64\server\plugins\org.eclipse.equinox.launcher_1.6.1000.v20250131-0606.jar -configuration c:\Users\kuber\AppData\Roaming\Code\User\globalStorage\redhat.java\1.40.0\config_win -data c:\Users\kuber\AppData\Roaming\Code\User\workspaceStorage\0767b1f2905f8411273a4aa30b8beb70\redhat.java\jdt_ws --pipe=\\.\pipe\lsp-f0b6f6530532d1367e61ae658ea817fe-sock

Host: AMD Ryzen 3 5300U with Radeon Graphics         , 8 cores, 3G,  Windows 11 , 64 bit Build 22621 (10.0.22621.4391)
Time: Wed Mar 12 12:56:23 2025 India Standard Time elapsed time: 12.512847 seconds (0d 0h 0m 12s)

---------------  T H R E A D  ---------------

Current thread (0x000002007024b340):  JavaThread "C2 CompilerThread0" daemon [_thread_in_native, id=7456, stack(0x000000c24d400000,0x000000c24d500000) (1024K)]


Current CompileTask:
C2:12513 7853 %     4       org.eclipse.jdt.internal.core.search.indexing.BinaryIndexer::extractReferenceFromConstantPool @ 15 (358 bytes)

Stack: [0x000000c24d400000,0x000000c24d500000]
Native frames: (J=compiled Java code, j=interpreted, Vv=VM code, C=native code)
V  [jvm.dll+0x6cdee9]
V  [jvm.dll+0x8a83d1]
V  [jvm.dll+0x8aa8fe]
V  [jvm.dll+0x8aafe3]
V  [jvm.dll+0x27f706]
V  [jvm.dll+0xc500d]
V  [jvm.dll+0xc5543]
V  [jvm.dll+0x3b6752]
V  [jvm.dll+0x1dfe13]
V  [jvm.dll+0x247b42]
V  [jvm.dll+0x246fcf]
V  [jvm.dll+0x1c75ee]
V  [jvm.dll+0x25685a]
V  [jvm.dll+0x254dfa]
V  [jvm.dll+0x3f0256]
V  [jvm.dll+0x851f8b]
V  [jvm.dll+0x6cc5ed]
C  [ucrtbase.dll+0x29333]
C  [KERNEL32.DLL+0x1259d]
C  [ntdll.dll+0x5af38]


---------------  P R O C E S S  ---------------

Threads class SMR info:
_java_thread_list=0x0000020077b84b10, length=53, elements={
0x000002005be8ff50, 0x000002007023c920, 0x000002007023e770, 0x0000020070241f20,
0x0000020070242a70, 0x0000020070246560, 0x0000020070248fc0, 0x000002007024b340,
0x00000200702564b0, 0x00000200760d5f60, 0x00000200763192e0, 0x00000200766de1a0,
0x0000020076bfdf00, 0x00000200766d4ee0, 0x00000200768ea5d0, 0x000002007707be30,
0x0000020076fcb910, 0x000002007722d2e0, 0x000002007722b210, 0x000002007722d970,
0x000002007722a4f0, 0x000002007722ab80, 0x000002007722bf30, 0x000002007722cc50,
0x0000020078e3d080, 0x0000020078e3dda0, 0x0000020078e3a920, 0x0000020078e38850,
0x0000020078e3afb0, 0x0000020078e3d710, 0x0000020078e3b640, 0x0000020078e381c0,
0x0000020078e38ee0, 0x0000020078e3bcd0, 0x0000020078e36e10, 0x0000020078e3c360,
0x0000020078e3e430, 0x0000020078e3a290, 0x0000020078e374a0, 0x0000020078e39570,
0x0000020078e39c00, 0x0000020078e3c9f0, 0x00000200794b7a60, 0x00000200794b17f0,
0x00000200794b1e80, 0x00000200794b45e0, 0x00000200794b4c70, 0x00000200794b3230,
0x00000200794b3f50, 0x00000200794b6020, 0x00000200794b5300, 0x00000200794b0ad0,
0x00000200794b5990
}

Java Threads: ( => current thread )
  0x000002005be8ff50 JavaThread "main"                              [_thread_blocked, id=8684, stack(0x000000c24ca00000,0x000000c24cb00000) (1024K)]
  0x000002007023c920 JavaThread "Reference Handler"          daemon [_thread_blocked, id=25660, stack(0x000000c24ce00000,0x000000c24cf00000) (1024K)]
  0x000002007023e770 JavaThread "Finalizer"                  daemon [_thread_blocked, id=9464, stack(0x000000c24cf00000,0x000000c24d000000) (1024K)]
  0x0000020070241f20 JavaThread "Signal Dispatcher"          daemon [_thread_blocked, id=22704, stack(0x000000c24d000000,0x000000c24d100000) (1024K)]
  0x0000020070242a70 JavaThread "Attach Listener"            daemon [_thread_blocked, id=24616, stack(0x000000c24d100000,0x000000c24d200000) (1024K)]
  0x0000020070246560 JavaThread "Service Thread"             daemon [_thread_blocked, id=10732, stack(0x000000c24d200000,0x000000c24d300000) (1024K)]
  0x0000020070248fc0 JavaThread "Monitor Deflation Thread"   daemon [_thread_blocked, id=7500, stack(0x000000c24d300000,0x000000c24d400000) (1024K)]
=>0x000002007024b340 JavaThread "C2 CompilerThread0"         daemon [_thread_in_native, id=7456, stack(0x000000c24d400000,0x000000c24d500000) (1024K)]
  0x00000200702564b0 JavaThread "C1 CompilerThread0"         daemon [_thread_blocked, id=1788, stack(0x000000c24d500000,0x000000c24d600000) (1024K)]
  0x00000200760d5f60 JavaThread "Common-Cleaner"             daemon [_thread_blocked, id=18992, stack(0x000000c24d600000,0x000000c24d700000) (1024K)]
  0x00000200763192e0 JavaThread "Notification Thread"        daemon [_thread_blocked, id=21448, stack(0x000000c24d700000,0x000000c24d800000) (1024K)]
  0x00000200766de1a0 JavaThread "Active Thread: Equinox Container: d47da1ad-1a68-408c-b80e-bbd81aabae6a"        [_thread_blocked, id=10160, stack(0x000000c24de00000,0x000000c24df00000) (1024K)]
  0x0000020076bfdf00 JavaThread "Refresh Thread: Equinox Container: d47da1ad-1a68-408c-b80e-bbd81aabae6a" daemon [_thread_blocked, id=24996, stack(0x000000c24df00000,0x000000c24e000000) (1024K)]
  0x00000200766d4ee0 JavaThread "Framework Event Dispatcher: Equinox Container: d47da1ad-1a68-408c-b80e-bbd81aabae6a" daemon [_thread_blocked, id=4728, stack(0x000000c24e000000,0x000000c24e100000) (1024K)]
  0x00000200768ea5d0 JavaThread "Start Level: Equinox Container: d47da1ad-1a68-408c-b80e-bbd81aabae6a" daemon [_thread_blocked, id=13396, stack(0x000000c24e200000,0x000000c24e300000) (1024K)]
  0x000002007707be30 JavaThread "Bundle File Closer"         daemon [_thread_blocked, id=21096, stack(0x000000c24e300000,0x000000c24e400000) (1024K)]
  0x0000020076fcb910 JavaThread "SCR Component Actor"        daemon [_thread_blocked, id=13880, stack(0x000000c24e400000,0x000000c24e500000) (1024K)]
  0x000002007722d2e0 JavaThread "Worker-JM"                         [_thread_blocked, id=16776, stack(0x000000c24e600000,0x000000c24e700000) (1024K)]
  0x000002007722b210 JavaThread "JNA Cleaner"                daemon [_thread_blocked, id=10284, stack(0x000000c24e700000,0x000000c24e800000) (1024K)]
  0x000002007722d970 JavaThread "Worker-0: Java indexing... "        [_thread_blocked, id=20252, stack(0x000000c24e800000,0x000000c24e900000) (1024K)]
  0x000002007722a4f0 JavaThread "Worker-1"                          [_thread_blocked, id=26044, stack(0x000000c24e900000,0x000000c24ea00000) (1024K)]
  0x000002007722ab80 JavaThread "Worker-2"                          [_thread_blocked, id=12768, stack(0x000000c24ea00000,0x000000c24eb00000) (1024K)]
  0x000002007722bf30 JavaThread "Java indexing"              daemon [_thread_blocked, id=11232, stack(0x000000c24eb00000,0x000000c24ec00000) (1024K)]
  0x000002007722cc50 JavaThread "Worker-3: Building"                [_thread_blocked, id=1616, stack(0x000000c24ec00000,0x000000c24ed00000) (1024K)]
  0x0000020078e3d080 JavaThread "Worker-4"                          [_thread_blocked, id=4148, stack(0x000000c24ef00000,0x000000c24f000000) (1024K)]
  0x0000020078e3dda0 JavaThread "Worker-5"                          [_thread_blocked, id=12736, stack(0x000000c24f000000,0x000000c24f100000) (1024K)]
  0x0000020078e3a920 JavaThread "Thread-2"                   daemon [_thread_in_native, id=3204, stack(0x000000c24f100000,0x000000c24f200000) (1024K)]
  0x0000020078e38850 JavaThread "Thread-3"                   daemon [_thread_in_native, id=14032, stack(0x000000c24f200000,0x000000c24f300000) (1024K)]
  0x0000020078e3afb0 JavaThread "Thread-4"                   daemon [_thread_in_native, id=24236, stack(0x000000c24f300000,0x000000c24f400000) (1024K)]
  0x0000020078e3d710 JavaThread "Thread-5"                   daemon [_thread_in_native, id=16316, stack(0x000000c24f400000,0x000000c24f500000) (1024K)]
  0x0000020078e3b640 JavaThread "Thread-6"                   daemon [_thread_in_native, id=23048, stack(0x000000c24f500000,0x000000c24f600000) (1024K)]
  0x0000020078e381c0 JavaThread "Thread-7"                   daemon [_thread_in_native, id=11752, stack(0x000000c24f600000,0x000000c24f700000) (1024K)]
  0x0000020078e38ee0 JavaThread "Thread-8"                   daemon [_thread_in_native, id=7244, stack(0x000000c24f700000,0x000000c24f800000) (1024K)]
  0x0000020078e3bcd0 JavaThread "Thread-9"                   daemon [_thread_in_native, id=19232, stack(0x000000c24f800000,0x000000c24f900000) (1024K)]
  0x0000020078e36e10 JavaThread "Thread-10"                  daemon [_thread_in_native, id=1620, stack(0x000000c24f900000,0x000000c24fa00000) (1024K)]
  0x0000020078e3c360 JavaThread "pool-2-thread-1"                   [_thread_blocked, id=19400, stack(0x000000c24fa00000,0x000000c24fb00000) (1024K)]
  0x0000020078e3e430 JavaThread "WorkspaceEventsHandler"            [_thread_blocked, id=26456, stack(0x000000c24fb00000,0x000000c24fc00000) (1024K)]
  0x0000020078e3a290 JavaThread "pool-1-thread-1"                   [_thread_blocked, id=24280, stack(0x000000c24fc00000,0x000000c24fd00000) (1024K)]
  0x0000020078e374a0 JavaThread "Worker-6"                          [_thread_blocked, id=20996, stack(0x000000c24fd00000,0x000000c24fe00000) (1024K)]
  0x0000020078e39570 JavaThread "LocalFile Deleter"          daemon [_thread_blocked, id=21692, stack(0x000000c24fe00000,0x000000c24ff00000) (1024K)]
  0x0000020078e39c00 JavaThread "LocalFile Deleter"          daemon [_thread_blocked, id=20280, stack(0x000000c24ff00000,0x000000c250000000) (1024K)]
  0x0000020078e3c9f0 JavaThread "LocalFile Deleter"          daemon [_thread_blocked, id=21612, stack(0x000000c250000000,0x000000c250100000) (1024K)]
  0x00000200794b7a60 JavaThread "LocalFile Deleter"          daemon [_thread_blocked, id=24944, stack(0x000000c250100000,0x000000c250200000) (1024K)]
  0x00000200794b17f0 JavaThread "LocalFile Deleter"          daemon [_thread_blocked, id=15608, stack(0x000000c250200000,0x000000c250300000) (1024K)]
  0x00000200794b1e80 JavaThread "LocalFile Deleter"          daemon [_thread_blocked, id=18092, stack(0x000000c250300000,0x000000c250400000) (1024K)]
  0x00000200794b45e0 JavaThread "LocalFile Deleter"          daemon [_thread_blocked, id=17668, stack(0x000000c250400000,0x000000c250500000) (1024K)]
  0x00000200794b4c70 JavaThread "LocalFile Deleter"          daemon [_thread_blocked, id=24204, stack(0x000000c250500000,0x000000c250600000) (1024K)]
  0x00000200794b3230 JavaThread "Compiler Source File Reader" daemon [_thread_blocked, id=26580, stack(0x000000c250600000,0x000000c250700000) (1024K)]
  0x00000200794b3f50 JavaThread "Compiler Source File Reader" daemon [_thread_blocked, id=6432, stack(0x000000c250700000,0x000000c250800000) (1024K)]
  0x00000200794b6020 JavaThread "Compiler Source File Reader" daemon [_thread_blocked, id=25852, stack(0x000000c250800000,0x000000c250900000) (1024K)]
  0x00000200794b5300 JavaThread "Compiler Source File Reader" daemon [_thread_blocked, id=5460, stack(0x000000c250900000,0x000000c250a00000) (1024K)]
  0x00000200794b0ad0 JavaThread "Compiler Source File Reader" daemon [_thread_blocked, id=6320, stack(0x000000c250a00000,0x000000c250b00000) (1024K)]
  0x00000200794b5990 JavaThread "Compiler Source File Reader" daemon [_thread_blocked, id=20816, stack(0x000000c250b00000,0x000000c250c00000) (1024K)]
Total: 53

Other Threads:
  0x0000020070222ac0 VMThread "VM Thread"                           [id=11896, stack(0x000000c24cd00000,0x000000c24ce00000) (1024K)]
  0x000002007015ca00 WatcherThread "VM Periodic Task Thread"        [id=25856, stack(0x000000c24cc00000,0x000000c24cd00000) (1024K)]
  0x000002005beaf460 WorkerThread "GC Thread#0"                     [id=16572, stack(0x000000c24cb00000,0x000000c24cc00000) (1024K)]
  0x00000200765e41a0 WorkerThread "GC Thread#1"                     [id=25112, stack(0x000000c24d800000,0x000000c24d900000) (1024K)]
  0x00000200765e4540 WorkerThread "GC Thread#2"                     [id=11404, stack(0x000000c24d900000,0x000000c24da00000) (1024K)]
  0x00000200765e48e0 WorkerThread "GC Thread#3"                     [id=19452, stack(0x000000c24da00000,0x000000c24db00000) (1024K)]
  0x00000200768722e0 WorkerThread "GC Thread#4"                     [id=11828, stack(0x000000c24db00000,0x000000c24dc00000) (1024K)]
  0x0000020076549950 WorkerThread "GC Thread#5"                     [id=25712, stack(0x000000c24dc00000,0x000000c24dd00000) (1024K)]
  0x0000020076549cf0 WorkerThread "GC Thread#6"                     [id=6076, stack(0x000000c24dd00000,0x000000c24de00000) (1024K)]
  0x00000200768ceac0 WorkerThread "GC Thread#7"                     [id=1980, stack(0x000000c24e100000,0x000000c24e200000) (1024K)]
Total: 10

Threads with active compile tasks:
C2 CompilerThread0  12556 7853 %     4       org.eclipse.jdt.internal.core.search.indexing.BinaryIndexer::extractReferenceFromConstantPool @ 15 (358 bytes)
C1 CompilerThread0  12556 7934       2       java.util.regex.Pattern$GroupCurly::match0 (336 bytes)
Total: 2

VM state: at safepoint (normal execution)

VM Mutex/Monitor currently owned by a thread:  ([mutex/lock_event])
[0x00007fff6344e380] Threads_lock - owner thread: 0x0000020070222ac0
[0x00007fff6344e480] Heap_lock - owner thread: 0x000002007722cc50

Heap address: 0x00000000c0000000, size: 1024 MB, Compressed Oops mode: 32-bit

CDS archive(s) mapped at: [0x0000020000000000-0x0000020000ba0000-0x0000020000ba0000), size 12189696, SharedBaseAddress: 0x0000020000000000, ArchiveRelocationMode: 1.
Compressed class space mapped at: 0x0000020001000000-0x0000020041000000, reserved size: 1073741824
Narrow klass base: 0x0000020000000000, Narrow klass shift: 0, Narrow klass range: 0x100000000

GC Precious Log:
 CardTable entry size: 512
 CPUs: 8 total, 8 available
 Memory: 3429M
 Large Page Support: Disabled
 NUMA Support: Disabled
 Compressed Oops: Enabled (32-bit)
 Alignments: Space 512K, Generation 512K, Heap 2M
 Heap Min Capacity: 100M
 Heap Initial Capacity: 100M
 Heap Max Capacity: 1G
 Pre-touch: Disabled
 Parallel Workers: 8

Heap:
 PSYoungGen      total 16896K, used 16816K [0x00000000eab00000, 0x00000000ec080000, 0x0000000100000000)
  eden space 13824K, 100% used [0x00000000eab00000,0x00000000eb880000,0x00000000eb880000)
  from space 3072K, 97% used [0x00000000ebd80000,0x00000000ec06c278,0x00000000ec080000)
  to   space 3584K, 73% used [0x00000000eb980000,0x00000000ebc11178,0x00000000ebd00000)
 ParOldGen       total 94208K, used 93830K [0x00000000c0000000, 0x00000000c5c00000, 0x00000000eab00000)
  object space 94208K, 99% used [0x00000000c0000000,0x00000000c5ba1bd8,0x00000000c5c00000)
 Metaspace       used 52990K, committed 54208K, reserved 1114112K
  class space    used 5580K, committed 6144K, reserved 1048576K

Card table byte_map: [0x000002005b850000,0x000002005ba60000] _byte_map_base: 0x000002005b250000

Marking Bits: (ParMarkBitMap*) 0x00007fff63453260
 Begin Bits: [0x000002006e080000, 0x000002006f080000)
 End Bits:   [0x000002006f080000, 0x0000020070080000)

Polling page: 0x0000020059b90000

Metaspace:

Usage:
  Non-class:     46.30 MB used.
      Class:      5.45 MB used.
       Both:     51.75 MB used.

Virtual space:
  Non-class space:       64.00 MB reserved,      46.94 MB ( 73%) committed,  1 nodes.
      Class space:        1.00 GB reserved,       6.00 MB ( <1%) committed,  1 nodes.
             Both:        1.06 GB reserved,      52.94 MB (  5%) committed. 

Chunk freelists:
   Non-Class:  580.00 KB
       Class:  10.00 MB
        Both:  10.57 MB

MaxMetaspaceSize: unlimited
CompressedClassSpaceSize: 1.00 GB
Initial GC threshold: 21.00 MB
Current GC threshold: 58.38 MB
CDS: on
 - commit_granule_bytes: 65536.
 - commit_granule_words: 8192.
 - virtual_space_node_default_size: 8388608.
 - enlarge_chunks_in_place: 1.
 - use_allocation_guard: 0.


Internal statistics:

num_allocs_failed_limit: 6.
num_arena_births: 1026.
num_arena_deaths: 14.
num_vsnodes_births: 2.
num_vsnodes_deaths: 0.
num_space_committed: 847.
num_space_uncommitted: 0.
num_chunks_returned_to_freelist: 20.
num_chunks_taken_from_freelist: 3578.
num_chunk_merges: 12.
num_chunk_splits: 2147.
num_chunks_enlarged: 1077.
num_inconsistent_stats: 0.

CodeHeap 'non-profiled nmethods': size=120000Kb used=2433Kb max_used=2433Kb free=117566Kb
 bounds [0x0000020066b50000, 0x0000020066dc0000, 0x000002006e080000]
CodeHeap 'profiled nmethods': size=120000Kb used=14495Kb max_used=14495Kb free=105504Kb
 bounds [0x000002005f080000, 0x000002005feb0000, 0x00000200665b0000]
CodeHeap 'non-nmethods': size=5760Kb used=1401Kb max_used=1446Kb free=4358Kb
 bounds [0x00000200665b0000, 0x0000020066820000, 0x0000020066b50000]
 total_blobs=7935 nmethods=7227 adapters=614
 compilation: enabled
              stopped_count=0, restarted_count=0
 full_count=0

Compilation events (20 events):
Event: 12.457 Thread 0x00000200702564b0 7926       2       java.util.regex.Pattern$Dollar::match (209 bytes)
Event: 12.457 Thread 0x00000200702564b0 nmethod 7926 0x000002005fea1e10 code [0x000002005fea2060, 0x000002005fea2580]
Event: 12.459 Thread 0x00000200702564b0 7927       2       java.util.regex.Pattern$Loop::match (196 bytes)
Event: 12.460 Thread 0x00000200702564b0 nmethod 7927 0x000002005fea2710 code [0x000002005fea2940, 0x000002005fea2e40]
Event: 12.460 Thread 0x00000200702564b0 7929       2       lombok.patcher.MethodTarget::typeSpecMatch (260 bytes)
Event: 12.461 Thread 0x00000200702564b0 nmethod 7929 0x000002005fea3190 code [0x000002005fea34c0, 0x000002005fea3e60]
Event: 12.461 Thread 0x00000200702564b0 7928       2       java.util.regex.IntHashSet::contains (44 bytes)
Event: 12.462 Thread 0x00000200702564b0 nmethod 7928 0x000002005fea4590 code [0x000002005fea4740, 0x000002005fea4978]
Event: 12.462 Thread 0x00000200702564b0 7930       2       lombok.patcher.PatchScript$2::visitMethod (45 bytes)
Event: 12.462 Thread 0x00000200702564b0 nmethod 7930 0x000002005fea4b10 code [0x000002005fea4d00, 0x000002005fea4f50]
Event: 12.465 Thread 0x00000200702564b0 7931       2       org.lombokweb.asm.Type::getMethodType (16 bytes)
Event: 12.465 Thread 0x00000200702564b0 nmethod 7931 0x000002005fea5110 code [0x000002005fea52a0, 0x000002005fea5430]
Event: 12.468 Thread 0x00000200702564b0 7932       2       org.lombokweb.asm.ByteVector::enlarge (73 bytes)
Event: 12.468 Thread 0x00000200702564b0 nmethod 7932 0x000002005fea5590 code [0x000002005fea5760, 0x000002005fea5ab8]
Event: 12.468 Thread 0x00000200702564b0 7933       2       java.util.regex.Pattern$GroupCurly::match (252 bytes)
Event: 12.469 Thread 0x00000200702564b0 nmethod 7933 0x000002005fea5c10 code [0x000002005fea5e00, 0x000002005fea62d8]
Event: 12.469 Thread 0x00000200702564b0 7935       2       lombok.patcher.MethodTarget::descriptorMatch (119 bytes)
Event: 12.469 Thread 0x00000200702564b0 nmethod 7935 0x000002005fea6610 code [0x000002005fea68a0, 0x000002005fea6de0]
Event: 12.469 Thread 0x00000200702564b0 7934       2       java.util.regex.Pattern$GroupCurly::match0 (336 bytes)
Event: 12.471 Thread 0x00000200702564b0 nmethod 7934 0x000002005fea7010 code [0x000002005fea7240, 0x000002005fea7990]

GC Heap History (20 events):
Event: 11.817 GC heap after
{Heap after GC invocations=38 (full 2):
 PSYoungGen      total 20480K, used 3191K [0x00000000eab00000, 0x00000000ec580000, 0x0000000100000000)
  eden space 16896K, 0% used [0x00000000eab00000,0x00000000eab00000,0x00000000ebb80000)
  from space 3584K, 89% used [0x00000000ec200000,0x00000000ec51dee0,0x00000000ec580000)
  to   space 4608K, 0% used [0x00000000ebc80000,0x00000000ebc80000,0x00000000ec100000)
 ParOldGen       total 68608K, used 66066K [0x00000000c0000000, 0x00000000c4300000, 0x00000000eab00000)
  object space 68608K, 96% used [0x00000000c0000000,0x00000000c4084810,0x00000000c4300000)
 Metaspace       used 51313K, committed 52608K, reserved 1114112K
  class space    used 5464K, committed 6080K, reserved 1048576K
}
Event: 11.940 GC heap before
{Heap before GC invocations=39 (full 2):
 PSYoungGen      total 20480K, used 20087K [0x00000000eab00000, 0x00000000ec580000, 0x0000000100000000)
  eden space 16896K, 100% used [0x00000000eab00000,0x00000000ebb80000,0x00000000ebb80000)
  from space 3584K, 89% used [0x00000000ec200000,0x00000000ec51dee0,0x00000000ec580000)
  to   space 4608K, 0% used [0x00000000ebc80000,0x00000000ebc80000,0x00000000ec100000)
 ParOldGen       total 68608K, used 66066K [0x00000000c0000000, 0x00000000c4300000, 0x00000000eab00000)
  object space 68608K, 96% used [0x00000000c0000000,0x00000000c4084810,0x00000000c4300000)
 Metaspace       used 51596K, committed 52864K, reserved 1114112K
  class space    used 5486K, committed 6080K, reserved 1048576K
}
Event: 11.946 GC heap after
{Heap after GC invocations=39 (full 2):
 PSYoungGen      total 19968K, used 3064K [0x00000000eab00000, 0x00000000ec280000, 0x0000000100000000)
  eden space 16896K, 0% used [0x00000000eab00000,0x00000000eab00000,0x00000000ebb80000)
  from space 3072K, 99% used [0x00000000ebc80000,0x00000000ebf7e308,0x00000000ebf80000)
  to   space 3072K, 0% used [0x00000000ebf80000,0x00000000ebf80000,0x00000000ec280000)
 ParOldGen       total 69120K, used 68946K [0x00000000c0000000, 0x00000000c4380000, 0x00000000eab00000)
  object space 69120K, 99% used [0x00000000c0000000,0x00000000c4354b80,0x00000000c4380000)
 Metaspace       used 51596K, committed 52864K, reserved 1114112K
  class space    used 5486K, committed 6080K, reserved 1048576K
}
Event: 12.060 GC heap before
{Heap before GC invocations=40 (full 2):
 PSYoungGen      total 19968K, used 19960K [0x00000000eab00000, 0x00000000ec280000, 0x0000000100000000)
  eden space 16896K, 100% used [0x00000000eab00000,0x00000000ebb80000,0x00000000ebb80000)
  from space 3072K, 99% used [0x00000000ebc80000,0x00000000ebf7e308,0x00000000ebf80000)
  to   space 3072K, 0% used [0x00000000ebf80000,0x00000000ebf80000,0x00000000ec280000)
 ParOldGen       total 69120K, used 68946K [0x00000000c0000000, 0x00000000c4380000, 0x00000000eab00000)
  object space 69120K, 99% used [0x00000000c0000000,0x00000000c4354b80,0x00000000c4380000)
 Metaspace       used 51809K, committed 53056K, reserved 1114112K
  class space    used 5505K, committed 6080K, reserved 1048576K
}
Event: 12.066 GC heap after
{Heap after GC invocations=40 (full 2):
 PSYoungGen      total 16896K, used 3058K [0x00000000eab00000, 0x00000000ec980000, 0x0000000100000000)
  eden space 13824K, 0% used [0x00000000eab00000,0x00000000eab00000,0x00000000eb880000)
  from space 3072K, 99% used [0x00000000ebf80000,0x00000000ec27c850,0x00000000ec280000)
  to   space 7168K, 0% used [0x00000000eb880000,0x00000000eb880000,0x00000000ebf80000)
 ParOldGen       total 72704K, used 72450K [0x00000000c0000000, 0x00000000c4700000, 0x00000000eab00000)
  object space 72704K, 99% used [0x00000000c0000000,0x00000000c46c0b48,0x00000000c4700000)
 Metaspace       used 51809K, committed 53056K, reserved 1114112K
  class space    used 5505K, committed 6080K, reserved 1048576K
}
Event: 12.142 GC heap before
{Heap before GC invocations=41 (full 2):
 PSYoungGen      total 16896K, used 16882K [0x00000000eab00000, 0x00000000ec980000, 0x0000000100000000)
  eden space 13824K, 100% used [0x00000000eab00000,0x00000000eb880000,0x00000000eb880000)
  from space 3072K, 99% used [0x00000000ebf80000,0x00000000ec27c850,0x00000000ec280000)
  to   space 7168K, 0% used [0x00000000eb880000,0x00000000eb880000,0x00000000ebf80000)
 ParOldGen       total 72704K, used 72450K [0x00000000c0000000, 0x00000000c4700000, 0x00000000eab00000)
  object space 72704K, 99% used [0x00000000c0000000,0x00000000c46c0b48,0x00000000c4700000)
 Metaspace       used 52102K, committed 53376K, reserved 1114112K
  class space    used 5533K, committed 6144K, reserved 1048576K
}
Event: 12.148 GC heap after
{Heap after GC invocations=41 (full 2):
 PSYoungGen      total 16896K, used 2995K [0x00000000eab00000, 0x00000000ec180000, 0x0000000100000000)
  eden space 13824K, 0% used [0x00000000eab00000,0x00000000eab00000,0x00000000eb880000)
  from space 3072K, 97% used [0x00000000eb880000,0x00000000ebb6cd98,0x00000000ebb80000)
  to   space 4608K, 0% used [0x00000000ebd00000,0x00000000ebd00000,0x00000000ec180000)
 ParOldGen       total 75776K, used 75297K [0x00000000c0000000, 0x00000000c4a00000, 0x00000000eab00000)
  object space 75776K, 99% used [0x00000000c0000000,0x00000000c4988440,0x00000000c4a00000)
 Metaspace       used 52102K, committed 53376K, reserved 1114112K
  class space    used 5533K, committed 6144K, reserved 1048576K
}
Event: 12.207 GC heap before
{Heap before GC invocations=42 (full 2):
 PSYoungGen      total 16896K, used 16819K [0x00000000eab00000, 0x00000000ec180000, 0x0000000100000000)
  eden space 13824K, 100% used [0x00000000eab00000,0x00000000eb880000,0x00000000eb880000)
  from space 3072K, 97% used [0x00000000eb880000,0x00000000ebb6cd98,0x00000000ebb80000)
  to   space 4608K, 0% used [0x00000000ebd00000,0x00000000ebd00000,0x00000000ec180000)
 ParOldGen       total 75776K, used 75297K [0x00000000c0000000, 0x00000000c4a00000, 0x00000000eab00000)
  object space 75776K, 99% used [0x00000000c0000000,0x00000000c4988440,0x00000000c4a00000)
 Metaspace       used 52112K, committed 53376K, reserved 1114112K
  class space    used 5535K, committed 6144K, reserved 1048576K
}
Event: 12.212 GC heap after
{Heap after GC invocations=42 (full 2):
 PSYoungGen      total 17408K, used 3450K [0x00000000eab00000, 0x00000000ec080000, 0x0000000100000000)
  eden space 13824K, 0% used [0x00000000eab00000,0x00000000eab00000,0x00000000eb880000)
  from space 3584K, 96% used [0x00000000ebd00000,0x00000000ec05eb70,0x00000000ec080000)
  to   space 3584K, 0% used [0x00000000eb980000,0x00000000eb980000,0x00000000ebd00000)
 ParOldGen       total 78336K, used 78199K [0x00000000c0000000, 0x00000000c4c80000, 0x00000000eab00000)
  object space 78336K, 99% used [0x00000000c0000000,0x00000000c4c5dde8,0x00000000c4c80000)
 Metaspace       used 52112K, committed 53376K, reserved 1114112K
  class space    used 5535K, committed 6144K, reserved 1048576K
}
Event: 12.251 GC heap before
{Heap before GC invocations=43 (full 2):
 PSYoungGen      total 17408K, used 17274K [0x00000000eab00000, 0x00000000ec080000, 0x0000000100000000)
  eden space 13824K, 100% used [0x00000000eab00000,0x00000000eb880000,0x00000000eb880000)
  from space 3584K, 96% used [0x00000000ebd00000,0x00000000ec05eb70,0x00000000ec080000)
  to   space 3584K, 0% used [0x00000000eb980000,0x00000000eb980000,0x00000000ebd00000)
 ParOldGen       total 78336K, used 78199K [0x00000000c0000000, 0x00000000c4c80000, 0x00000000eab00000)
  object space 78336K, 99% used [0x00000000c0000000,0x00000000c4c5dde8,0x00000000c4c80000)
 Metaspace       used 52112K, committed 53376K, reserved 1114112K
  class space    used 5535K, committed 6144K, reserved 1048576K
}
Event: 12.257 GC heap after
{Heap after GC invocations=43 (full 2):
 PSYoungGen      total 17408K, used 3572K [0x00000000eab00000, 0x00000000ec780000, 0x0000000100000000)
  eden space 13824K, 0% used [0x00000000eab00000,0x00000000eab00000,0x00000000eb880000)
  from space 3584K, 99% used [0x00000000eb980000,0x00000000ebcfd0d0,0x00000000ebd00000)
  to   space 7680K, 0% used [0x00000000ec000000,0x00000000ec000000,0x00000000ec780000)
 ParOldGen       total 81920K, used 81614K [0x00000000c0000000, 0x00000000c5000000, 0x00000000eab00000)
  object space 81920K, 99% used [0x00000000c0000000,0x00000000c4fb3b28,0x00000000c5000000)
 Metaspace       used 52112K, committed 53376K, reserved 1114112K
  class space    used 5535K, committed 6144K, reserved 1048576K
}
Event: 12.304 GC heap before
{Heap before GC invocations=44 (full 2):
 PSYoungGen      total 17408K, used 17396K [0x00000000eab00000, 0x00000000ec780000, 0x0000000100000000)
  eden space 13824K, 100% used [0x00000000eab00000,0x00000000eb880000,0x00000000eb880000)
  from space 3584K, 99% used [0x00000000eb980000,0x00000000ebcfd0d0,0x00000000ebd00000)
  to   space 7680K, 0% used [0x00000000ec000000,0x00000000ec000000,0x00000000ec780000)
 ParOldGen       total 81920K, used 81614K [0x00000000c0000000, 0x00000000c5000000, 0x00000000eab00000)
  object space 81920K, 99% used [0x00000000c0000000,0x00000000c4fb3b28,0x00000000c5000000)
 Metaspace       used 52115K, committed 53376K, reserved 1114112K
  class space    used 5535K, committed 6144K, reserved 1048576K
}
Event: 12.309 GC heap after
{Heap after GC invocations=44 (full 2):
 PSYoungGen      total 17920K, used 3799K [0x00000000eab00000, 0x00000000ec400000, 0x0000000100000000)
  eden space 13824K, 0% used [0x00000000eab00000,0x00000000eab00000,0x00000000eb880000)
  from space 4096K, 92% used [0x00000000ec000000,0x00000000ec3b5d90,0x00000000ec400000)
  to   space 5120K, 0% used [0x00000000eba00000,0x00000000eba00000,0x00000000ebf00000)
 ParOldGen       total 85504K, used 85064K [0x00000000c0000000, 0x00000000c5380000, 0x00000000eab00000)
  object space 85504K, 99% used [0x00000000c0000000,0x00000000c53122a0,0x00000000c5380000)
 Metaspace       used 52115K, committed 53376K, reserved 1114112K
  class space    used 5535K, committed 6144K, reserved 1048576K
}
Event: 12.373 GC heap before
{Heap before GC invocations=45 (full 2):
 PSYoungGen      total 17920K, used 17623K [0x00000000eab00000, 0x00000000ec400000, 0x0000000100000000)
  eden space 13824K, 100% used [0x00000000eab00000,0x00000000eb880000,0x00000000eb880000)
  from space 4096K, 92% used [0x00000000ec000000,0x00000000ec3b5d90,0x00000000ec400000)
  to   space 5120K, 0% used [0x00000000eba00000,0x00000000eba00000,0x00000000ebf00000)
 ParOldGen       total 85504K, used 85064K [0x00000000c0000000, 0x00000000c5380000, 0x00000000eab00000)
  object space 85504K, 99% used [0x00000000c0000000,0x00000000c53122a0,0x00000000c5380000)
 Metaspace       used 52616K, committed 53888K, reserved 1114112K
  class space    used 5558K, committed 6144K, reserved 1048576K
}
Event: 12.379 GC heap after
{Heap after GC invocations=45 (full 2):
 PSYoungGen      total 17408K, used 3376K [0x00000000eab00000, 0x00000000ec080000, 0x0000000100000000)
  eden space 13824K, 0% used [0x00000000eab00000,0x00000000eab00000,0x00000000eb880000)
  from space 3584K, 94% used [0x00000000eba00000,0x00000000ebd4c378,0x00000000ebd80000)
  to   space 3072K, 0% used [0x00000000ebd80000,0x00000000ebd80000,0x00000000ec080000)
 ParOldGen       total 89088K, used 88617K [0x00000000c0000000, 0x00000000c5700000, 0x00000000eab00000)
  object space 89088K, 99% used [0x00000000c0000000,0x00000000c568a598,0x00000000c5700000)
 Metaspace       used 52616K, committed 53888K, reserved 1114112K
  class space    used 5558K, committed 6144K, reserved 1048576K
}
Event: 12.434 GC heap before
{Heap before GC invocations=46 (full 2):
 PSYoungGen      total 17408K, used 17200K [0x00000000eab00000, 0x00000000ec080000, 0x0000000100000000)
  eden space 13824K, 100% used [0x00000000eab00000,0x00000000eb880000,0x00000000eb880000)
  from space 3584K, 94% used [0x00000000eba00000,0x00000000ebd4c378,0x00000000ebd80000)
  to   space 3072K, 0% used [0x00000000ebd80000,0x00000000ebd80000,0x00000000ec080000)
 ParOldGen       total 89088K, used 88617K [0x00000000c0000000, 0x00000000c5700000, 0x00000000eab00000)
  object space 89088K, 99% used [0x00000000c0000000,0x00000000c568a598,0x00000000c5700000)
 Metaspace       used 52973K, committed 54208K, reserved 1114112K
  class space    used 5580K, committed 6144K, reserved 1048576K
}
Event: 12.440 GC heap after
{Heap after GC invocations=46 (full 2):
 PSYoungGen      total 16896K, used 2992K [0x00000000eab00000, 0x00000000ec080000, 0x0000000100000000)
  eden space 13824K, 0% used [0x00000000eab00000,0x00000000eab00000,0x00000000eb880000)
  from space 3072K, 97% used [0x00000000ebd80000,0x00000000ec06c278,0x00000000ec080000)
  to   space 3584K, 0% used [0x00000000eb980000,0x00000000eb980000,0x00000000ebd00000)
 ParOldGen       total 92160K, used 91812K [0x00000000c0000000, 0x00000000c5a00000, 0x00000000eab00000)
  object space 92160K, 99% used [0x00000000c0000000,0x00000000c59a90e8,0x00000000c5a00000)
 Metaspace       used 52973K, committed 54208K, reserved 1114112K
  class space    used 5580K, committed 6144K, reserved 1048576K
}
Event: 12.471 GC heap before
{Heap before GC invocations=47 (full 2):
 PSYoungGen      total 16896K, used 16816K [0x00000000eab00000, 0x00000000ec080000, 0x0000000100000000)
  eden space 13824K, 100% used [0x00000000eab00000,0x00000000eb880000,0x00000000eb880000)
  from space 3072K, 97% used [0x00000000ebd80000,0x00000000ec06c278,0x00000000ec080000)
  to   space 3584K, 0% used [0x00000000eb980000,0x00000000eb980000,0x00000000ebd00000)
 ParOldGen       total 92160K, used 91812K [0x00000000c0000000, 0x00000000c5a00000, 0x00000000eab00000)
  object space 92160K, 99% used [0x00000000c0000000,0x00000000c59a90e8,0x00000000c5a00000)
 Metaspace       used 52990K, committed 54208K, reserved 1114112K
  class space    used 5580K, committed 6144K, reserved 1048576K
}
Event: 12.477 GC heap after
{Heap after GC invocations=47 (full 2):
 PSYoungGen      total 16896K, used 16816K [0x00000000eab00000, 0x00000000ec080000, 0x0000000100000000)
  eden space 13824K, 100% used [0x00000000eab00000,0x00000000eb880000,0x00000000eb880000)
  from space 3072K, 97% used [0x00000000ebd80000,0x00000000ec06c278,0x00000000ec080000)
  to   space 3584K, 73% used [0x00000000eb980000,0x00000000ebc11178,0x00000000ebd00000)
 ParOldGen       total 94208K, used 93830K [0x00000000c0000000, 0x00000000c5c00000, 0x00000000eab00000)
  object space 94208K, 99% used [0x00000000c0000000,0x00000000c5ba1bd8,0x00000000c5c00000)
 Metaspace       used 52990K, committed 54208K, reserved 1114112K
  class space    used 5580K, committed 6144K, reserved 1048576K
}
Event: 12.477 GC heap before
{Heap before GC invocations=48 (full 3):
 PSYoungGen      total 16896K, used 16816K [0x00000000eab00000, 0x00000000ec080000, 0x0000000100000000)
  eden space 13824K, 100% used [0x00000000eab00000,0x00000000eb880000,0x00000000eb880000)
  from space 3072K, 97% used [0x00000000ebd80000,0x00000000ec06c278,0x00000000ec080000)
  to   space 3584K, 73% used [0x00000000eb980000,0x00000000ebc11178,0x00000000ebd00000)
 ParOldGen       total 94208K, used 93830K [0x00000000c0000000, 0x00000000c5c00000, 0x00000000eab00000)
  object space 94208K, 99% used [0x00000000c0000000,0x00000000c5ba1bd8,0x00000000c5c00000)
 Metaspace       used 52990K, committed 54208K, reserved 1114112K
  class space    used 5580K, committed 6144K, reserved 1048576K
}

Dll operation events (10 events):
Event: 0.012 Loaded shared library c:\Users\kuber\.vscode\extensions\redhat.java-1.40.0-win32-x64\jre\21.0.6-win32-x86_64\bin\java.dll
Event: 0.117 Loaded shared library c:\Users\kuber\.vscode\extensions\redhat.java-1.40.0-win32-x64\jre\21.0.6-win32-x86_64\bin\zip.dll
Event: 0.149 Loaded shared library C:\Users\kuber\.vscode\extensions\redhat.java-1.40.0-win32-x64\jre\21.0.6-win32-x86_64\bin\instrument.dll
Event: 0.156 Loaded shared library C:\Users\kuber\.vscode\extensions\redhat.java-1.40.0-win32-x64\jre\21.0.6-win32-x86_64\bin\net.dll
Event: 0.159 Loaded shared library C:\Users\kuber\.vscode\extensions\redhat.java-1.40.0-win32-x64\jre\21.0.6-win32-x86_64\bin\nio.dll
Event: 0.162 Loaded shared library C:\Users\kuber\.vscode\extensions\redhat.java-1.40.0-win32-x64\jre\21.0.6-win32-x86_64\bin\zip.dll
Event: 0.183 Loaded shared library C:\Users\kuber\.vscode\extensions\redhat.java-1.40.0-win32-x64\jre\21.0.6-win32-x86_64\bin\jimage.dll
Event: 0.264 Loaded shared library c:\Users\kuber\.vscode\extensions\redhat.java-1.40.0-win32-x64\jre\21.0.6-win32-x86_64\bin\verify.dll
Event: 2.209 Loaded shared library C:\Users\kuber\AppData\Roaming\Code\User\globalStorage\redhat.java\1.40.0\config_win\org.eclipse.equinox.launcher\org.eclipse.equinox.launcher.win32.win32.x86_64_1.2.1200.v20250212-0927\eclipse_11909.dll
Event: 5.642 Loaded shared library C:\Users\kuber\AppData\Local\Temp\jna-102399717\jna14623815522527686126.dll

Deoptimization events (20 events):
Event: 12.412 Thread 0x000002007722bf30 DEOPT PACKING pc=0x000002005fba3a78 sp=0x000000c24ebfea60
Event: 12.412 Thread 0x000002007722bf30 DEOPT UNPACKING pc=0x0000020066604242 sp=0x000000c24ebfdfc8 mode 0
Event: 12.417 Thread 0x000002007722bf30 DEOPT PACKING pc=0x000002005fba38d3 sp=0x000000c24ebfea60
Event: 12.417 Thread 0x000002007722bf30 DEOPT UNPACKING pc=0x0000020066604242 sp=0x000000c24ebfdfc8 mode 0
Event: 12.422 Thread 0x000002007722bf30 DEOPT PACKING pc=0x000002005f123e78 sp=0x000000c24ebfe670
Event: 12.422 Thread 0x000002007722bf30 DEOPT UNPACKING pc=0x0000020066604242 sp=0x000000c24ebfdb58 mode 0
Event: 12.426 Thread 0x000002007722bf30 DEOPT PACKING pc=0x000002005fba3a78 sp=0x000000c24ebfea60
Event: 12.426 Thread 0x000002007722bf30 DEOPT UNPACKING pc=0x0000020066604242 sp=0x000000c24ebfdfc8 mode 0
Event: 12.431 Thread 0x000002007722bf30 DEOPT PACKING pc=0x000002005fba38d3 sp=0x000000c24ebfea60
Event: 12.431 Thread 0x000002007722bf30 DEOPT UNPACKING pc=0x0000020066604242 sp=0x000000c24ebfdfc8 mode 0
Event: 12.444 Thread 0x000002007722bf30 DEOPT PACKING pc=0x000002005f123e78 sp=0x000000c24ebfe670
Event: 12.444 Thread 0x000002007722bf30 DEOPT UNPACKING pc=0x0000020066604242 sp=0x000000c24ebfdb58 mode 0
Event: 12.452 Thread 0x000002007722bf30 DEOPT PACKING pc=0x000002005fba3a78 sp=0x000000c24ebfea60
Event: 12.452 Thread 0x000002007722bf30 DEOPT UNPACKING pc=0x0000020066604242 sp=0x000000c24ebfdfc8 mode 0
Event: 12.457 Thread 0x000002007722cc50 DEOPT PACKING pc=0x000002005f123e78 sp=0x000000c24ecf96e0
Event: 12.457 Thread 0x000002007722cc50 DEOPT UNPACKING pc=0x0000020066604242 sp=0x000000c24ecf8bc8 mode 0
Event: 12.468 Thread 0x000002007722bf30 DEOPT PACKING pc=0x000002005fba3a78 sp=0x000000c24ebfea60
Event: 12.468 Thread 0x000002007722bf30 DEOPT UNPACKING pc=0x0000020066604242 sp=0x000000c24ebfdfc8 mode 0
Event: 12.469 Thread 0x000002007722bf30 DEOPT PACKING pc=0x000002005f123e78 sp=0x000000c24ebfe670
Event: 12.469 Thread 0x000002007722bf30 DEOPT UNPACKING pc=0x0000020066604242 sp=0x000000c24ebfdb58 mode 0

Classes loaded (20 events):
Event: 10.928 Loading class sun/security/provider/MD5 done
Event: 10.929 Loading class java/util/concurrent/ForkJoinTask$AdaptedCallable done
Event: 10.929 Loading class sun/security/provider/ByteArrayAccess$LE
Event: 10.929 Loading class sun/security/provider/ByteArrayAccess$LE done
Event: 10.939 Loading class java/util/stream/MatchOps$MatchKind
Event: 10.940 Loading class java/util/stream/MatchOps$MatchKind done
Event: 10.940 Loading class java/util/stream/MatchOps
Event: 10.941 Loading class java/util/stream/MatchOps done
Event: 10.941 Loading class java/util/stream/MatchOps$MatchOp
Event: 10.941 Loading class java/util/stream/MatchOps$MatchOp done
Event: 10.942 Loading class java/util/stream/MatchOps$BooleanTerminalSink
Event: 10.942 Loading class java/util/stream/MatchOps$BooleanTerminalSink done
Event: 10.943 Loading class java/util/stream/MatchOps$1MatchSink
Event: 10.943 Loading class java/util/stream/MatchOps$1MatchSink done
Event: 11.386 Loading class java/util/Vector$1
Event: 11.388 Loading class java/util/Vector$1 done
Event: 12.018 Loading class java/util/regex/Pattern$Caret
Event: 12.018 Loading class java/util/regex/Pattern$Caret done
Event: 12.092 Loading class java/util/regex/Pattern$LazyLoop
Event: 12.092 Loading class java/util/regex/Pattern$LazyLoop done

Classes unloaded (7 events):
Event: 6.676 Thread 0x0000020070222ac0 Unloading class 0x000002000119bc00 'java/lang/invoke/LambdaForm$MH+0x000002000119bc00'
Event: 6.676 Thread 0x0000020070222ac0 Unloading class 0x000002000119b800 'java/lang/invoke/LambdaForm$MH+0x000002000119b800'
Event: 6.676 Thread 0x0000020070222ac0 Unloading class 0x000002000119b400 'java/lang/invoke/LambdaForm$MH+0x000002000119b400'
Event: 6.676 Thread 0x0000020070222ac0 Unloading class 0x000002000119b000 'java/lang/invoke/LambdaForm$MH+0x000002000119b000'
Event: 6.676 Thread 0x0000020070222ac0 Unloading class 0x000002000119ac00 'java/lang/invoke/LambdaForm$BMH+0x000002000119ac00'
Event: 6.676 Thread 0x0000020070222ac0 Unloading class 0x000002000119a800 'java/lang/invoke/LambdaForm$DMH+0x000002000119a800'
Event: 6.676 Thread 0x0000020070222ac0 Unloading class 0x0000020001199400 'java/lang/invoke/LambdaForm$DMH+0x0000020001199400'

Classes redefined (0 events):
No events

Internal exceptions (20 events):
Event: 10.313 Thread 0x000002007722cc50 Exception <a 'sun/nio/fs/WindowsException'{0x00000000eb486b78}> (0x00000000eb486b78) 
thrown [s\src\hotspot\share\prims\jni.cpp, line 520]
Event: 10.313 Thread 0x000002007722cc50 Exception <a 'sun/nio/fs/WindowsException'{0x00000000eb487458}> (0x00000000eb487458) 
thrown [s\src\hotspot\share\prims\jni.cpp, line 520]
Event: 10.343 Thread 0x000002007722cc50 Exception <a 'java/lang/NoSuchMethodError'{0x00000000eb8545c8}: 'int java.lang.invoke.DirectMethodHandle$Holder.invokeStatic(java.lang.Object)'> (0x00000000eb8545c8) 
thrown [s\src\hotspot\share\interpreter\linkResolver.cpp, line 773]
Event: 10.390 Thread 0x000002007722cc50 Exception <a 'java/io/FileNotFoundException'{0x00000000eab08b38}> (0x00000000eab08b38) 
thrown [s\src\hotspot\share\prims\jni.cpp, line 520]
Event: 10.391 Thread 0x000002007722cc50 Exception <a 'java/io/FileNotFoundException'{0x00000000eab09b30}> (0x00000000eab09b30) 
thrown [s\src\hotspot\share\prims\jni.cpp, line 520]
Event: 10.393 Thread 0x000002007722cc50 Exception <a 'java/io/FileNotFoundException'{0x00000000eabcb840}> (0x00000000eabcb840) 
thrown [s\src\hotspot\share\prims\jni.cpp, line 520]
Event: 10.393 Thread 0x000002007722cc50 Exception <a 'java/io/FileNotFoundException'{0x00000000eabccbd8}> (0x00000000eabccbd8) 
thrown [s\src\hotspot\share\prims\jni.cpp, line 520]
Event: 10.394 Thread 0x000002007722cc50 Exception <a 'java/io/FileNotFoundException'{0x00000000eabcdbf0}> (0x00000000eabcdbf0) 
thrown [s\src\hotspot\share\prims\jni.cpp, line 520]
Event: 10.487 Thread 0x000002007722ab80 Exception <a 'java/lang/NoClassDefFoundError'{0x00000000eb89d7c0}: com/google/inject/servlet/ServletModuleTargetVisitor> (0x00000000eb89d7c0) 
thrown [s\src\hotspot\share\classfile\systemDictionary.cpp, line 301]
Event: 10.851 Thread 0x0000020078e3a290 Exception <a 'java/lang/IncompatibleClassChangeError'{0x00000000eae791e8}: Found class java.lang.Object, but interface was expected> (0x00000000eae791e8) 
thrown [s\src\hotspot\share\interpreter\linkResolver.cpp, line 840]
Event: 10.926 Thread 0x000002007722cc50 Exception <a 'sun/nio/fs/WindowsException'{0x00000000eb7e8b48}> (0x00000000eb7e8b48) 
thrown [s\src\hotspot\share\prims\jni.cpp, line 520]
Event: 10.931 Thread 0x0000020078e39570 Exception <a 'sun/nio/fs/WindowsException'{0x00000000eb92cee0}> (0x00000000eb92cee0) 
thrown [s\src\hotspot\share\prims\jni.cpp, line 520]
Event: 10.933 Thread 0x0000020078e39c00 Exception <a 'sun/nio/fs/WindowsException'{0x00000000eb96de78}> (0x00000000eb96de78) 
thrown [s\src\hotspot\share\prims\jni.cpp, line 520]
Event: 10.934 Thread 0x0000020078e39c00 Exception <a 'sun/nio/fs/WindowsException'{0x00000000eb96fe28}> (0x00000000eb96fe28) 
thrown [s\src\hotspot\share\prims\jni.cpp, line 520]
Event: 10.934 Thread 0x0000020078e3c9f0 Exception <a 'sun/nio/fs/WindowsException'{0x00000000eb9d7200}> (0x00000000eb9d7200) 
thrown [s\src\hotspot\share\prims\jni.cpp, line 520]
Event: 10.935 Thread 0x00000200794b7a60 Exception <a 'sun/nio/fs/WindowsException'{0x00000000eb9e38d8}> (0x00000000eb9e38d8) 
thrown [s\src\hotspot\share\prims\jni.cpp, line 520]
Event: 10.935 Thread 0x00000200794b17f0 Exception <a 'sun/nio/fs/WindowsException'{0x00000000eb9ef650}> (0x00000000eb9ef650) 
thrown [s\src\hotspot\share\prims\jni.cpp, line 520]
Event: 10.942 Thread 0x000002007722cc50 Exception <a 'sun/nio/fs/WindowsException'{0x00000000eb8ed3d8}> (0x00000000eb8ed3d8) 
thrown [s\src\hotspot\share\prims\jni.cpp, line 520]
Event: 10.942 Thread 0x0000020078e39570 Exception <a 'sun/nio/fs/WindowsException'{0x00000000eb932680}> (0x00000000eb932680) 
thrown [s\src\hotspot\share\prims\jni.cpp, line 520]
Event: 10.946 Thread 0x000002007722cc50 Exception <a 'sun/nio/fs/WindowsException'{0x00000000ebabfbe8}> (0x00000000ebabfbe8) 
thrown [s\src\hotspot\share\prims\jni.cpp, line 520]

ZGC Phase Switch (0 events):
No events

VM Operations (20 events):
Event: 11.680 Executing VM operation: ParallelGCFailedAllocation (Allocation Failure) done
Event: 11.812 Executing VM operation: ParallelGCFailedAllocation (Allocation Failure)
Event: 11.818 Executing VM operation: ParallelGCFailedAllocation (Allocation Failure) done
Event: 11.940 Executing VM operation: ParallelGCFailedAllocation (Allocation Failure)
Event: 11.946 Executing VM operation: ParallelGCFailedAllocation (Allocation Failure) done
Event: 12.059 Executing VM operation: ParallelGCFailedAllocation (Allocation Failure)
Event: 12.066 Executing VM operation: ParallelGCFailedAllocation (Allocation Failure) done
Event: 12.142 Executing VM operation: ParallelGCFailedAllocation (Allocation Failure)
Event: 12.148 Executing VM operation: ParallelGCFailedAllocation (Allocation Failure) done
Event: 12.207 Executing VM operation: ParallelGCFailedAllocation (Allocation Failure)
Event: 12.212 Executing VM operation: ParallelGCFailedAllocation (Allocation Failure) done
Event: 12.251 Executing VM operation: ParallelGCFailedAllocation (Allocation Failure)
Event: 12.257 Executing VM operation: ParallelGCFailedAllocation (Allocation Failure) done
Event: 12.304 Executing VM operation: ParallelGCFailedAllocation (Allocation Failure)
Event: 12.309 Executing VM operation: ParallelGCFailedAllocation (Allocation Failure) done
Event: 12.373 Executing VM operation: ParallelGCFailedAllocation (Allocation Failure)
Event: 12.379 Executing VM operation: ParallelGCFailedAllocation (Allocation Failure) done
Event: 12.434 Executing VM operation: ParallelGCFailedAllocation (Allocation Failure)
Event: 12.440 Executing VM operation: ParallelGCFailedAllocation (Allocation Failure) done
Event: 12.471 Executing VM operation: ParallelGCFailedAllocation (Allocation Failure)

Memory protections (0 events):
No events

Nmethod flushes (20 events):
Event: 8.426 Thread 0x0000020070222ac0 flushing  nmethod 0x000002005f712610
Event: 8.426 Thread 0x0000020070222ac0 flushing  nmethod 0x000002005f713810
Event: 8.426 Thread 0x0000020070222ac0 flushing  nmethod 0x000002005f717b10
Event: 8.426 Thread 0x0000020070222ac0 flushing  nmethod 0x000002005f727110
Event: 8.426 Thread 0x0000020070222ac0 flushing  nmethod 0x000002005f763e90
Event: 8.426 Thread 0x0000020070222ac0 flushing  nmethod 0x000002005f764990
Event: 8.426 Thread 0x0000020070222ac0 flushing  nmethod 0x000002005f778810
Event: 8.426 Thread 0x0000020070222ac0 flushing  nmethod 0x000002005f781d10
Event: 8.426 Thread 0x0000020070222ac0 flushing  nmethod 0x000002005f7b1e10
Event: 8.426 Thread 0x0000020070222ac0 flushing  nmethod 0x000002005f7b4910
Event: 8.426 Thread 0x0000020070222ac0 flushing  nmethod 0x000002005f7dc390
Event: 8.426 Thread 0x0000020070222ac0 flushing  nmethod 0x000002005f7e4a10
Event: 8.426 Thread 0x0000020070222ac0 flushing  nmethod 0x000002005f807e10
Event: 8.426 Thread 0x0000020070222ac0 flushing  nmethod 0x000002005f808290
Event: 8.426 Thread 0x0000020070222ac0 flushing  nmethod 0x000002005f809210
Event: 8.426 Thread 0x0000020070222ac0 flushing  nmethod 0x000002005f80a010
Event: 8.426 Thread 0x0000020070222ac0 flushing  nmethod 0x000002005f80ac90
Event: 8.426 Thread 0x0000020070222ac0 flushing  nmethod 0x000002005f80d890
Event: 8.426 Thread 0x0000020070222ac0 flushing  nmethod 0x000002005f823610
Event: 8.426 Thread 0x0000020070222ac0 flushing  nmethod 0x000002005f842a10

Events (20 events):
Event: 8.367 Thread 0x000002005be8ff50 Thread added: 0x0000020078e36e10
Event: 8.446 Thread 0x000002005be8ff50 Thread added: 0x0000020078e3c360
Event: 8.810 Thread 0x000002005be8ff50 Thread added: 0x0000020078e3e430
Event: 8.810 Thread 0x000002005be8ff50 Thread added: 0x0000020078e3a290
Event: 9.601 Thread 0x0000020078e3d080 Thread added: 0x0000020078e374a0
Event: 10.930 Thread 0x000002007722cc50 Thread added: 0x0000020078e39570
Event: 10.932 Thread 0x0000020078e39570 Thread added: 0x0000020078e39c00
Event: 10.933 Thread 0x0000020078e39570 Thread added: 0x0000020078e3c9f0
Event: 10.933 Thread 0x0000020078e39c00 Thread added: 0x00000200794b7a60
Event: 10.934 Thread 0x0000020078e3c9f0 Thread added: 0x00000200794b17f0
Event: 10.934 Thread 0x00000200794b7a60 Thread added: 0x00000200794b1e80
Event: 10.935 Thread 0x00000200794b17f0 Thread added: 0x00000200794b45e0
Event: 10.935 Thread 0x0000020078e3c9f0 Thread added: 0x00000200794b4c70
Event: 10.991 Thread 0x000002007722cc50 Thread added: 0x00000200794b3230
Event: 10.991 Thread 0x000002007722cc50 Thread added: 0x00000200794b3f50
Event: 10.991 Thread 0x000002007722cc50 Thread added: 0x00000200794b6020
Event: 10.991 Thread 0x000002007722cc50 Thread added: 0x00000200794b5300
Event: 10.991 Thread 0x000002007722cc50 Thread added: 0x00000200794b0ad0
Event: 10.991 Thread 0x00000200794b6020 Thread added: 0x00000200794b5990
Event: 11.768 Thread 0x000002007722c5c0 Thread exited: 0x000002007722c5c0


Dynamic libraries:
0x00007ff7b0ae0000 - 0x00007ff7b0aee000 	c:\Users\kuber\.vscode\extensions\redhat.java-1.40.0-win32-x64\jre\21.0.6-win32-x86_64\bin\java.exe
0x00007ffff2ff0000 - 0x00007ffff3207000 	C:\Windows\SYSTEM32\ntdll.dll
0x00007ffff2260000 - 0x00007ffff2324000 	C:\Windows\System32\KERNEL32.DLL
0x00007ffff0950000 - 0x00007ffff0d09000 	C:\Windows\System32\KERNELBASE.dll
0x00007ffff02f0000 - 0x00007ffff0401000 	C:\Windows\System32\ucrtbase.dll
0x00007fffe7910000 - 0x00007fffe7928000 	c:\Users\kuber\.vscode\extensions\redhat.java-1.40.0-win32-x64\jre\21.0.6-win32-x86_64\bin\jli.dll
0x00007fffe7a00000 - 0x00007fffe7a1e000 	c:\Users\kuber\.vscode\extensions\redhat.java-1.40.0-win32-x64\jre\21.0.6-win32-x86_64\bin\VCRUNTIME140.dll
0x00007ffff1fd0000 - 0x00007ffff217e000 	C:\Windows\System32\USER32.dll
0x00007ffff0780000 - 0x00007ffff07a6000 	C:\Windows\System32\win32u.dll
0x00007ffff2da0000 - 0x00007ffff2dc9000 	C:\Windows\System32\GDI32.dll
0x00007ffff0410000 - 0x00007ffff052b000 	C:\Windows\System32\gdi32full.dll
0x00007fffdeb00000 - 0x00007fffded92000 	C:\Windows\WinSxS\amd64_microsoft.windows.common-controls_6595b64144ccf1df_6.0.22621.4391_none_2715d37f73803e96\COMCTL32.dll
0x00007ffff06e0000 - 0x00007ffff077a000 	C:\Windows\System32\msvcp_win.dll
0x00007ffff1770000 - 0x00007ffff1817000 	C:\Windows\System32\msvcrt.dll
0x00007ffff2d50000 - 0x00007ffff2d81000 	C:\Windows\System32\IMM32.DLL
0x00007fffe8f80000 - 0x00007fffe8f8c000 	c:\Users\kuber\.vscode\extensions\redhat.java-1.40.0-win32-x64\jre\21.0.6-win32-x86_64\bin\vcruntime140_1.dll
0x00007fffcd090000 - 0x00007fffcd11d000 	c:\Users\kuber\.vscode\extensions\redhat.java-1.40.0-win32-x64\jre\21.0.6-win32-x86_64\bin\msvcp140.dll
0x00007fff627a0000 - 0x00007fff63530000 	c:\Users\kuber\.vscode\extensions\redhat.java-1.40.0-win32-x64\jre\21.0.6-win32-x86_64\bin\server\jvm.dll
0x00007ffff2180000 - 0x00007ffff2232000 	C:\Windows\System32\ADVAPI32.dll
0x00007ffff2440000 - 0x00007ffff24e7000 	C:\Windows\System32\sechost.dll
0x00007ffff0920000 - 0x00007ffff0948000 	C:\Windows\System32\bcrypt.dll
0x00007ffff1590000 - 0x00007ffff16a4000 	C:\Windows\System32\RPCRT4.dll
0x00007ffff1f40000 - 0x00007ffff1fb1000 	C:\Windows\System32\WS2_32.dll
0x00007ffff01c0000 - 0x00007ffff020d000 	C:\Windows\SYSTEM32\POWRPROF.dll
0x00007fffe5e50000 - 0x00007fffe5e5a000 	C:\Windows\SYSTEM32\VERSION.dll
0x00007fffeb000000 - 0x00007fffeb034000 	C:\Windows\SYSTEM32\WINMM.dll
0x00007ffff01a0000 - 0x00007ffff01b3000 	C:\Windows\SYSTEM32\UMPDC.dll
0x00007fffef2f0000 - 0x00007fffef308000 	C:\Windows\SYSTEM32\kernel.appcore.dll
0x00007fffe8f30000 - 0x00007fffe8f3a000 	c:\Users\kuber\.vscode\extensions\redhat.java-1.40.0-win32-x64\jre\21.0.6-win32-x86_64\bin\jimage.dll
0x00007fffe4e70000 - 0x00007fffe50a2000 	C:\Windows\SYSTEM32\DBGHELP.DLL
0x00007ffff1820000 - 0x00007ffff1baf000 	C:\Windows\System32\combase.dll
0x00007ffff2ed0000 - 0x00007ffff2fa7000 	C:\Windows\System32\OLEAUT32.dll
0x00007fffe4e00000 - 0x00007fffe4e32000 	C:\Windows\SYSTEM32\dbgcore.DLL
0x00007ffff05f0000 - 0x00007ffff066b000 	C:\Windows\System32\bcryptPrimitives.dll
0x00007fffe7b10000 - 0x00007fffe7b1f000 	c:\Users\kuber\.vscode\extensions\redhat.java-1.40.0-win32-x64\jre\21.0.6-win32-x86_64\bin\instrument.dll
0x00007fffdce40000 - 0x00007fffdce5f000 	c:\Users\kuber\.vscode\extensions\redhat.java-1.40.0-win32-x64\jre\21.0.6-win32-x86_64\bin\java.dll
0x00007ffff0d10000 - 0x00007ffff1586000 	C:\Windows\System32\SHELL32.dll
0x00007fffee1e0000 - 0x00007fffeeae3000 	C:\Windows\SYSTEM32\windows.storage.dll
0x00007fffee0a0000 - 0x00007fffee1df000 	C:\Windows\SYSTEM32\wintypes.dll
0x00007ffff2dd0000 - 0x00007ffff2ec9000 	C:\Windows\System32\SHCORE.dll
0x00007ffff1710000 - 0x00007ffff176e000 	C:\Windows\System32\shlwapi.dll
0x00007ffff0220000 - 0x00007ffff024b000 	C:\Windows\SYSTEM32\profapi.dll
0x00007fffdc350000 - 0x00007fffdc368000 	c:\Users\kuber\.vscode\extensions\redhat.java-1.40.0-win32-x64\jre\21.0.6-win32-x86_64\bin\zip.dll
0x00007fffe78a0000 - 0x00007fffe78b0000 	C:\Users\kuber\.vscode\extensions\redhat.java-1.40.0-win32-x64\jre\21.0.6-win32-x86_64\bin\net.dll
0x00007fffeba50000 - 0x00007fffebb86000 	C:\Windows\SYSTEM32\WINHTTP.dll
0x00007fffef760000 - 0x00007fffef7c9000 	C:\Windows\system32\mswsock.dll
0x00007fffda8e0000 - 0x00007fffda8f6000 	C:\Users\kuber\.vscode\extensions\redhat.java-1.40.0-win32-x64\jre\21.0.6-win32-x86_64\bin\nio.dll
0x00007fffdb4d0000 - 0x00007fffdb4e0000 	c:\Users\kuber\.vscode\extensions\redhat.java-1.40.0-win32-x64\jre\21.0.6-win32-x86_64\bin\verify.dll
0x00007fffd4a70000 - 0x00007fffd4ab5000 	C:\Users\kuber\AppData\Roaming\Code\User\globalStorage\redhat.java\1.40.0\config_win\org.eclipse.equinox.launcher\org.eclipse.equinox.launcher.win32.win32.x86_64_1.2.1200.v20250212-0927\eclipse_11909.dll
0x00007ffff1bb0000 - 0x00007ffff1d55000 	C:\Windows\System32\ole32.dll
0x00007fffefab0000 - 0x00007fffefacb000 	C:\Windows\SYSTEM32\CRYPTSP.dll
0x00007fffef250000 - 0x00007fffef285000 	C:\Windows\system32\rsaenh.dll
0x00007fffef800000 - 0x00007fffef828000 	C:\Windows\SYSTEM32\USERENV.dll
0x00007fffefa90000 - 0x00007fffefa9c000 	C:\Windows\SYSTEM32\CRYPTBASE.dll
0x00007fffeed50000 - 0x00007fffeed7d000 	C:\Windows\SYSTEM32\IPHLPAPI.DLL
0x00007ffff1fc0000 - 0x00007ffff1fc9000 	C:\Windows\System32\NSI.dll
0x00007fffc9cd0000 - 0x00007fffc9d19000 	C:\Users\kuber\AppData\Local\Temp\jna-102399717\jna14623815522527686126.dll
0x00007ffff2d90000 - 0x00007ffff2d98000 	C:\Windows\System32\PSAPI.DLL
0x00007fffeb860000 - 0x00007fffeb879000 	C:\Windows\SYSTEM32\dhcpcsvc6.DLL
0x00007fffeb6a0000 - 0x00007fffeb6bf000 	C:\Windows\SYSTEM32\dhcpcsvc.DLL

dbghelp: loaded successfully - version: 4.0.5 - missing functions: none
symbol engine: initialized successfully - sym options: 0x614 - pdb path: .;c:\Users\kuber\.vscode\extensions\redhat.java-1.40.0-win32-x64\jre\21.0.6-win32-x86_64\bin;C:\Windows\SYSTEM32;C:\Windows\WinSxS\amd64_microsoft.windows.common-controls_6595b64144ccf1df_6.0.22621.4391_none_2715d37f73803e96;c:\Users\kuber\.vscode\extensions\redhat.java-1.40.0-win32-x64\jre\21.0.6-win32-x86_64\bin\server;C:\Users\kuber\AppData\Roaming\Code\User\globalStorage\redhat.java\1.40.0\config_win\org.eclipse.equinox.launcher\org.eclipse.equinox.launcher.win32.win32.x86_64_1.2.1200.v20250212-0927;C:\Users\kuber\AppData\Local\Temp\jna-102399717

VM Arguments:
jvm_args: --add-modules=ALL-SYSTEM --add-opens=java.base/java.util=ALL-UNNAMED --add-opens=java.base/java.lang=ALL-UNNAMED --add-opens=java.base/sun.nio.fs=ALL-UNNAMED -Declipse.application=org.eclipse.jdt.ls.core.id1 -Dosgi.bundles.defaultStartLevel=4 -Declipse.product=org.eclipse.jdt.ls.core.product -Djava.import.generatesMetadataFilesAtProjectRoot=false -DDetectVMInstallationsJob.disabled=true -Dfile.encoding=utf8 -XX:+UseParallelGC -XX:GCTimeRatio=4 -XX:AdaptiveSizePolicyWeight=90 -Dsun.zip.disableMemoryMapping=true -Xmx1G -Xms100m -Xlog:disable -javaagent:c:\Users\kuber\.vscode\extensions\redhat.java-1.40.0-win32-x64\lombok\lombok-1.18.36.jar -XX:+HeapDumpOnOutOfMemoryError -XX:HeapDumpPath=c:\Users\kuber\AppData\Roaming\Code\User\workspaceStorage\0767b1f2905f8411273a4aa30b8beb70\redhat.java -Daether.dependencyCollector.impl=bf 
java_command: c:\Users\kuber\.vscode\extensions\redhat.java-1.40.0-win32-x64\server\plugins\org.eclipse.equinox.launcher_1.6.1000.v20250131-0606.jar -configuration c:\Users\kuber\AppData\Roaming\Code\User\globalStorage\redhat.java\1.40.0\config_win -data c:\Users\kuber\AppData\Roaming\Code\User\workspaceStorage\0767b1f2905f8411273a4aa30b8beb70\redhat.java\jdt_ws --pipe=\\.\pipe\lsp-f0b6f6530532d1367e61ae658ea817fe-sock
java_class_path (initial): c:\Users\kuber\.vscode\extensions\redhat.java-1.40.0-win32-x64\server\plugins\org.eclipse.equinox.launcher_1.6.1000.v20250131-0606.jar
Launcher Type: SUN_STANDARD

[Global flags]
    uintx AdaptiveSizePolicyWeight                 = 90                                        {product} {command line}
     intx CICompilerCount                          = 4                                         {product} {ergonomic}
    uintx GCTimeRatio                              = 4                                         {product} {command line}
     bool HeapDumpOnOutOfMemoryError               = true                                   {manageable} {command line}
    ccstr HeapDumpPath                             = c:\Users\kuber\AppData\Roaming\Code\User\workspaceStorage\0767b1f2905f8411273a4aa30b8beb70\redhat.java         {manageable} {command line}
   size_t InitialHeapSize                          = 104857600                                 {product} {command line}
   size_t MaxHeapSize                              = 1073741824                                {product} {command line}
   size_t MaxNewSize                               = 357564416                                 {product} {ergonomic}
   size_t MinHeapDeltaBytes                        = 524288                                    {product} {ergonomic}
   size_t MinHeapSize                              = 104857600                                 {product} {command line}
   size_t NewSize                                  = 34603008                                  {product} {ergonomic}
    uintx NonNMethodCodeHeapSize                   = 5839372                                {pd product} {ergonomic}
    uintx NonProfiledCodeHeapSize                  = 122909434                              {pd product} {ergonomic}
   size_t OldSize                                  = 70254592                                  {product} {ergonomic}
    uintx ProfiledCodeHeapSize                     = 122909434                              {pd product} {ergonomic}
    uintx ReservedCodeCacheSize                    = 251658240                              {pd product} {ergonomic}
     bool SegmentedCodeCache                       = true                                      {product} {ergonomic}
   size_t SoftMaxHeapSize                          = 1073741824                             {manageable} {ergonomic}
     bool UseCompressedOops                        = true                           {product lp64_product} {ergonomic}
     bool UseLargePagesIndividualAllocation        = false                                  {pd product} {ergonomic}
     bool UseParallelGC                            = true                                      {product} {command line}

Logging:
Log output configuration:
 #0: stdout all=off uptime,level,tags foldmultilines=false
 #1: stderr all=off uptime,level,tags foldmultilines=false

Environment Variables:
PATH=C:\Program Files\Common Files\Oracle\Java\javapath;C:\Windows\system32;C:\Windows;C:\Windows\System32\Wbem;C:\Windows\System32\WindowsPowerShell\v1.0\;C:\Windows\System32\OpenSSH\;C:\Program Files\dotnet\;C:\Program Files\Git\cmd;C:\Program Files\nodejs\;C:\ProgramData\chocolatey\bin;C:\Program Files\MySQL\MySQL Shell 8.0\bin\;C:\Users\kuber\AppData\Local\Microsoft\WindowsApps;C:\Users\kuber\.dotnet\tools;C:\Users\kuber\AppData\Local\Programs\Microsoft VS Code\bin;C:\Users\kuber\AppData\Roaming\npm
USERNAME=kuber
OS=Windows_NT
PROCESSOR_IDENTIFIER=AMD64 Family 23 Model 104 Stepping 1, AuthenticAMD
TMP=C:\Users\kuber\AppData\Local\Temp
TEMP=C:\Users\kuber\AppData\Local\Temp




Periodic native trim disabled

---------------  S Y S T E M  ---------------

OS:
 Windows 11 , 64 bit Build 22621 (10.0.22621.4391)
OS uptime: 31 days 21:51 hours
Hyper-V role detected

CPU: total 8 (initial active 8) (8 cores per cpu, 2 threads per core) family 23 model 104 stepping 1 microcode 0x0, cx8, cmov, fxsr, ht, mmx, 3dnowpref, sse, sse2, sse3, ssse3, sse4a, sse4.1, sse4.2, popcnt, lzcnt, tsc, tscinvbit, avx, avx2, aes, clmul, bmi1, bmi2, adx, sha, fma, vzeroupper, clflush, clflushopt, hv, rdtscp, rdpid, f16c
Processor Information for the first 8 processors :
  Max Mhz: 2600, Current Mhz: 2600, Mhz Limit: 2600

Memory: 4k page, system-wide physical 3429M (24M free)
TotalPageFile size 14181M (AvailPageFile size 4M)
current process WorkingSet (physical memory assigned to process): 212M, peak: 214M
current process commit charge ("private bytes"): 324M, peak: 917M

vm_info: OpenJDK 64-Bit Server VM (21.0.6+7-LTS) for windows-amd64 JRE (21.0.6+7-LTS), built on 2025-01-21T00:00:00Z by "admin" with MS VC++ 17.7 (VS2022)

END.
