#
# There is insufficient memory for the Java Runtime Environment to continue.
# Native memory allocation (mmap) failed to map 1048576 bytes for G1 virtual space
# Possible reasons:
#   The system is out of physical RAM or swap space
#   The process is running with CompressedOops enabled, and the Java Heap may be blocking the growth of the native heap
# Possible solutions:
#   Reduce memory load on the system
#   Increase physical memory or swap space
#   Check if swap backing store is full
#   Decrease Java heap size (-Xmx/-Xms)
#   Decrease number of Java threads
#   Decrease Java thread stack sizes (-Xss)
#   Set larger code cache with -XX:ReservedCodeCacheSize=
#   JVM is running with Unscaled Compressed Oops mode in which the Java heap is
#     placed in the first 4GB address space. The Java Heap base address is the
#     maximum limit for the native heap growth. Please use -XX:HeapBaseMinAddress
#     to set the Java Heap base and to place the Java Heap above 4GB virtual address.
# This output file may be truncated or incomplete.
#
#  Out of Memory Error (os_windows.cpp:3600), pid=25304, tid=10932
#
# JRE version: Java(TM) SE Runtime Environment (21.0.5+9) (build 21.0.5+9-LTS-239)
# Java VM: Java HotSpot(TM) 64-Bit Server VM (21.0.5+9-LTS-239, mixed mode, sharing, tiered, compressed oops, compressed class ptrs, g1 gc, windows-amd64)
# No core dump will be written. Minidumps are not enabled by default on client versions of Windows
#

---------------  S U M M A R Y ------------

Command Line: -Dclassworlds.conf=C:\Users\kuber\.m2\wrapper\dists\apache-maven-3.9.9\977a63e90f436cd6ade95b4c0e10c20c\bin\m2.conf -Dmaven.home=C:\Users\kuber\.m2\wrapper\dists\apache-maven-3.9.9\977a63e90f436cd6ade95b4c0e10c20c -Dlibrary.jansi.path=C:\Users\kuber\.m2\wrapper\dists\apache-maven-3.9.9\977a63e90f436cd6ade95b4c0e10c20c\lib\jansi-native -Dmaven.multiModuleProjectDirectory=d:\Siddhant\coding\banking\OnlineBanking org.codehaus.plexus.classworlds.launcher.Launcher package -f d:\Siddhant\coding\banking\OnlineBanking\pom.xml

Host: AMD Ryzen 3 5300U with Radeon Graphics         , 8 cores, 3G,  Windows 11 , 64 bit Build 22621 (10.0.22621.4391)
Time: Wed Mar 12 12:59:50 2025 India Standard Time elapsed time: 3.613916 seconds (0d 0h 0m 3s)

---------------  T H R E A D  ---------------

Current thread (0x00000294c1e1ff80):  JavaThread "main"             [_thread_in_vm, id=10932, stack(0x000000e3f3c00000,0x000000e3f3d00000) (1024K)]

Stack: [0x000000e3f3c00000,0x000000e3f3d00000]
Native frames: (J=compiled Java code, j=interpreted, Vv=VM code, C=native code)
V  [jvm.dll+0x6ca289]
V  [jvm.dll+0x854a51]
V  [jvm.dll+0x856f7e]
V  [jvm.dll+0x857653]
V  [jvm.dll+0x27dd26]
V  [jvm.dll+0x6c6a25]
V  [jvm.dll+0x6bb5aa]
V  [jvm.dll+0x35359a]
V  [jvm.dll+0x35b1f6]
V  [jvm.dll+0x3ad7db]
V  [jvm.dll+0x3ade74]
V  [jvm.dll+0x3ad9e6]
V  [jvm.dll+0x327d2e]
V  [jvm.dll+0x325fef]
V  [jvm.dll+0x65c300]
V  [jvm.dll+0x23d982]
V  [jvm.dll+0x81a987]
V  [jvm.dll+0x1a5a0e]
C  0x00000294d3225d71

The last pc belongs to new_type_array Runtime1 stub (printed below).
Java frames: (J=compiled Java code, j=interpreted, Vv=VM code)
v  ~RuntimeStub::new_type_array Runtime1 stub 0x00000294d3225d71
J 4241 c1 java.nio.HeapByteBuffer.<init>(IILjava/lang/foreign/MemorySegment;)V java.base@21.0.5 (21 bytes) @ 0x00000294cc453060 [0x00000294cc452ec0+0x00000000000001a0]
J 4416 c1 java.nio.ByteBuffer.allocate(I)Ljava/nio/ByteBuffer; java.base@21.0.5 (20 bytes) @ 0x00000294cc4c24cc [0x00000294cc4c23c0+0x000000000000010c]
j  org.apache.maven.shared.filtering.FilteringUtils.copyFile(Ljava/io/File;Ljava/io/File;Ljava/lang/String;[Lorg/apache/maven/shared/filtering/FilterWrapper;Z)V+247
j  org.apache.maven.shared.filtering.DefaultMavenFileFilter.copyFile(Ljava/io/File;Ljava/io/File;ZLjava/util/List;Ljava/lang/String;Z)V+82
j  org.apache.maven.shared.filtering.DefaultMavenResourcesFiltering.filterResources(Lorg/apache/maven/shared/filtering/MavenResourcesExecution;)V+1399
j  org.apache.maven.plugins.resources.ResourcesMojo.execute()V+236
j  org.apache.maven.plugin.DefaultBuildPluginManager.executeMojo(Lorg/apache/maven/execution/MavenSession;Lorg/apache/maven/plugin/MojoExecution;)V+152
j  org.apache.maven.lifecycle.internal.MojoExecutor.doExecute2(Lorg/apache/maven/execution/MavenSession;Lorg/apache/maven/plugin/MojoExecution;)V+20
j  org.apache.maven.lifecycle.internal.MojoExecutor.doExecute(Lorg/apache/maven/execution/MavenSession;Lorg/apache/maven/plugin/MojoExecution;Lorg/apache/maven/lifecycle/internal/ProjectIndex;Lorg/apache/maven/lifecycle/internal/DependencyContext;)V+40
j  org.apache.maven.lifecycle.internal.MojoExecutor.execute(Lorg/apache/maven/execution/MavenSession;Lorg/apache/maven/plugin/MojoExecution;Lorg/apache/maven/lifecycle/internal/ProjectIndex;Lorg/apache/maven/lifecycle/internal/DependencyContext;)V+183
j  org.apache.maven.lifecycle.internal.MojoExecutor.execute(Lorg/apache/maven/execution/MavenSession;Lorg/apache/maven/plugin/MojoExecution;Lorg/apache/maven/lifecycle/internal/ProjectIndex;Lorg/apache/maven/lifecycle/internal/DependencyContext;Lorg/apache/maven/lifecycle/internal/PhaseRecorder;)V+6
j  org.apache.maven.lifecycle.internal.MojoExecutor.access$000(Lorg/apache/maven/lifecycle/internal/MojoExecutor;Lorg/apache/maven/execution/MavenSession;Lorg/apache/maven/plugin/MojoExecution;Lorg/apache/maven/lifecycle/internal/ProjectIndex;Lorg/apache/maven/lifecycle/internal/DependencyContext;Lorg/apache/maven/lifecycle/internal/PhaseRecorder;)V+8
j  org.apache.maven.lifecycle.internal.MojoExecutor$1.run(Lorg/apache/maven/plugin/MojoExecution;)V+21
j  org.apache.maven.plugin.DefaultMojosExecutionStrategy.execute(Ljava/util/List;Lorg/apache/maven/execution/MavenSession;Lorg/apache/maven/plugin/MojoExecutionRunner;)V+33
j  org.apache.maven.lifecycle.internal.MojoExecutor.execute(Lorg/apache/maven/execution/MavenSession;Ljava/util/List;Lorg/apache/maven/lifecycle/internal/ProjectIndex;)V+72
j  org.apache.maven.lifecycle.internal.LifecycleModuleBuilder.buildProject(Lorg/apache/maven/execution/MavenSession;Lorg/apache/maven/execution/MavenSession;Lorg/apache/maven/lifecycle/internal/ReactorContext;Lorg/apache/maven/project/MavenProject;Lorg/apache/maven/lifecycle/internal/TaskSegment;)V+151
j  org.apache.maven.lifecycle.internal.LifecycleModuleBuilder.buildProject(Lorg/apache/maven/execution/MavenSession;Lorg/apache/maven/lifecycle/internal/ReactorContext;Lorg/apache/maven/project/MavenProject;Lorg/apache/maven/lifecycle/internal/TaskSegment;)V+7
j  org.apache.maven.lifecycle.internal.builder.singlethreaded.SingleThreadedBuilder.build(Lorg/apache/maven/execution/MavenSession;Lorg/apache/maven/lifecycle/internal/ReactorContext;Lorg/apache/maven/lifecycle/internal/ProjectBuildList;Ljava/util/List;Lorg/apache/maven/lifecycle/internal/ReactorBuildStatus;)V+77
j  org.apache.maven.lifecycle.internal.LifecycleStarter.execute(Lorg/apache/maven/execution/MavenSession;)V+343
j  org.apache.maven.DefaultMaven.doExecute(Lorg/apache/maven/execution/MavenExecutionRequest;Lorg/apache/maven/execution/MavenSession;Lorg/apache/maven/execution/MavenExecutionResult;Lorg/eclipse/aether/DefaultRepositorySystemSession;)Lorg/apache/maven/execution/MavenExecutionResult;+418
j  org.apache.maven.DefaultMaven.doExecute(Lorg/apache/maven/execution/MavenExecutionRequest;)Lorg/apache/maven/execution/MavenExecutionResult;+98
j  org.apache.maven.DefaultMaven.execute(Lorg/apache/maven/execution/MavenExecutionRequest;)Lorg/apache/maven/execution/MavenExecutionResult;+2
j  org.apache.maven.cli.MavenCli.execute(Lorg/apache/maven/cli/CliRequest;)I+27
j  org.apache.maven.cli.MavenCli.doMain(Lorg/apache/maven/cli/CliRequest;)I+66
j  org.apache.maven.cli.MavenCli.main([Ljava/lang/String;Lorg/codehaus/plexus/classworlds/ClassWorld;)I+24
j  java.lang.invoke.DirectMethodHandle$Holder.invokeStatic(Ljava/lang/Object;Ljava/lang/Object;Ljava/lang/Object;)I+11 java.base@21.0.5
j  java.lang.invoke.LambdaForm$MH+0x0000029481009400.invoke(Ljava/lang/Object;Ljava/lang/Object;Ljava/lang/Object;Ljava/lang/Object;)Ljava/lang/Object;+54 java.base@21.0.5
j  java.lang.invoke.LambdaForm$MH+0x0000029481009800.invokeExact_MT(Ljava/lang/Object;Ljava/lang/Object;Ljava/lang/Object;Ljava/lang/Object;Ljava/lang/Object;)Ljava/lang/Object;+22 java.base@21.0.5
j  jdk.internal.reflect.DirectMethodHandleAccessor.invokeImpl(Ljava/lang/Object;[Ljava/lang/Object;)Ljava/lang/Object;+72 java.base@21.0.5
j  jdk.internal.reflect.DirectMethodHandleAccessor.invoke(Ljava/lang/Object;[Ljava/lang/Object;)Ljava/lang/Object;+23 java.base@21.0.5
j  java.lang.reflect.Method.invoke(Ljava/lang/Object;[Ljava/lang/Object;)Ljava/lang/Object;+102 java.base@21.0.5
j  org.codehaus.plexus.classworlds.launcher.Launcher.launchEnhanced([Ljava/lang/String;)V+45
j  org.codehaus.plexus.classworlds.launcher.Launcher.launch([Ljava/lang/String;)V+2
j  org.codehaus.plexus.classworlds.launcher.Launcher.mainWithExitCode([Ljava/lang/String;)I+108
j  org.codehaus.plexus.classworlds.launcher.Launcher.main([Ljava/lang/String;)V+1
v  ~StubRoutines::call_stub 0x00000294d311100d
--------------------------------------------------------------------------------
Decoding CodeBlob, name: new_type_array Runtime1 stub, at  [0x00000294d3225c80, 0x00000294d3225e90]  528 bytes
[MachCode]
  0x00000294d3225c80: 5548 8bec | 4881 ec80 | 0000 0048 | 8944 2478 | 4889 4c24 | 7048 8954 | 2468 4889 | 5c24 6048 
  0x00000294d3225ca0: 896c 2450 | 4889 7424 | 4848 897c | 2440 4c89 | 4424 384c | 894c 2430 | 4c89 5424 | 284c 895c 
  0x00000294d3225cc0: 2420 4c89 | 6424 184c | 896c 2410 | 4c89 7424 | 084c 893c | 2448 81ec | 1004 0000 | c5fb 1144 
  0x00000294d3225ce0: 2428 c5fb | 114c 2430 | c5fb 1154 | 2438 c5fb | 115c 2440 | c5fb 1164 | 2448 c5fb | 116c 2450 
  0x00000294d3225d00: c5fb 1174 | 2458 c5fb | 117c 2460 | c57b 1144 | 2468 c57b | 114c 2470 | c57b 1154 | 2478 c57b 
  0x00000294d3225d20: 119c 2480 | 0000 00c5 | 7b11 a424 | 8800 0000 | c57b 11ac | 2490 0000 | 00c5 7b11 | b424 9800 
  0x00000294d3225d40: 0000 c57b | 11bc 24a0 | 0000 0048 | 8bd2 4c8b | c349 8bcf | c5f8 7749 | 89af a803 | 0000 4989 
  0x00000294d3225d60: a798 0300 | 0048 b8e0 | 599b 62ff | 7f00 00ff | d049 c787 | 9803 0000 | 0000 0000 | 49c7 87a8 
  0x00000294d3225d80: 0300 0000 | 0000 0049 | c787 a003 | 0000 0000 | 0000 c5f8 | 7749 837f | 0800 0f84 | 1400 0000 
  0x00000294d3225da0: 498b 4708 | 49c7 87f0 | 0300 0000 | 0000 00e9 | ccd4 ffff | 498b 87f0 | 0300 0049 | c787 f003 
  0x00000294d3225dc0: 0000 0000 | 0000 c5fb | 1044 2428 | c5fb 104c | 2430 c5fb | 1054 2438 | c5fb 105c | 2440 c5fb 
  0x00000294d3225de0: 1064 2448 | c5fb 106c | 2450 c5fb | 1074 2458 | c5fb 107c | 2460 c57b | 1044 2468 | c57b 104c 
  0x00000294d3225e00: 2470 c57b | 1054 2478 | c57b 109c | 2480 0000 | 00c5 7b10 | a424 8800 | 0000 c57b | 10ac 2490 
  0x00000294d3225e20: 0000 00c5 | 7b10 b424 | 9800 0000 | c57b 10bc | 24a0 0000 | 0048 81c4 | 1004 0000 | 4c8b 3c24 
  0x00000294d3225e40: 4c8b 7424 | 084c 8b6c | 2410 4c8b | 6424 184c | 8b5c 2420 | 4c8b 5424 | 284c 8b4c | 2430 4c8b 
  0x00000294d3225e60: 4424 3848 | 8b7c 2440 | 488b 7424 | 4848 8b6c | 2450 488b | 5c24 6048 | 8b54 2468 | 488b 4c24 
  0x00000294d3225e80: 7048 81c4 | 8000 0000 | c9c3 660f | 1f44 0000 
[/MachCode]
--------------------------------------------------------------------------------


Compiled method (c1)    3644 4241       3       java.nio.HeapByteBuffer::<init> (21 bytes)
 total in heap  [0x00000294cc452d10,0x00000294cc453198] = 1160
 relocation     [0x00000294cc452e68,0x00000294cc452ea8] = 64
 main code      [0x00000294cc452ec0,0x00000294cc4530a8] = 488
 stub code      [0x00000294cc4530a8,0x00000294cc4530e8] = 64
 metadata       [0x00000294cc4530e8,0x00000294cc4530f8] = 16
 scopes data    [0x00000294cc4530f8,0x00000294cc453140] = 72
 scopes pcs     [0x00000294cc453140,0x00000294cc453190] = 80
 dependencies   [0x00000294cc453190,0x00000294cc453198] = 8

[Constant Pool (empty)]

[MachCode]
[Entry Point]
  # {method} {0x00000294801c8128} '<init>' '(IILjava/lang/foreign/MemorySegment;)V' in 'java/nio/HeapByteBuffer'
  # this:     rdx:rdx   = 'java/nio/HeapByteBuffer'
  # parm0:    r8        = int
  # parm1:    r9        = int
  # parm2:    rdi:rdi   = 'java/lang/foreign/MemorySegment'
  #           [sp+0x70]  (sp of caller)
  0x00000294cc452ec0: 448b 5208 | 49bb 0000 | 0080 9402 | 0000 4d03 | d34c 3bd0 

  0x00000294cc452ed4: ;   {runtime_call ic_miss_stub}
  0x00000294cc452ed4: 0f85 a6b8 | d006 660f | 1f44 0000 
[Verified Entry Point]
  0x00000294cc452ee0: 8984 2400 | 80ff ff55 | 4883 ec60 | 4181 7f20 | 0300 0000 

  0x00000294cc452ef4: ;   {runtime_call StubRoutines (final stubs)}
  0x00000294cc452ef4: 7405 e865 | 1ecf 064d | 8bd8 4d8b | e94c 8bf7 

  0x00000294cc452f04: ;   {metadata(method data for {method} {0x00000294801c8128} '<init>' '(IILjava/lang/foreign/MemorySegment;)V' in 'java/nio/HeapByteBuffer')}
  0x00000294cc452f04: 48bb 08d9 | 3ae0 9402 | 0000 8bb3 | cc00 0000 | 83c6 0289 | b3cc 0000 | 0081 e6fe | 0700 0085 
  0x00000294cc452f24: f60f 840f | 0100 0049 | 8bdb 4c8b 

  0x00000294cc452f30: ;   {metadata({type array byte})}
  0x00000294cc452f30: ca48 ba68 | 2200 8094 | 0200 0048 | 63db 488b | fb48 81fb | ffff ff00 | 0f87 0d01 | 0000 48be 
  0x00000294cc452f50: 1700 0000 | 0000 0000 | 488d 341e | 4883 e6f8 | 498b 87b8 | 0100 0048 | 8d34 3049 | 3bb7 c801 
  0x00000294cc452f70: 0000 0f87 | e300 0000 | 4989 b7b8 | 0100 0048 | 2bf0 48c7 | 0001 0000 | 0048 8bca | 49ba 0000 
  0x00000294cc452f90: 0080 9402 | 0000 492b | ca89 4808 | 8958 0c48 | 83ee 1048 | 85f6 0f84 | 1100 0000 | 4833 db48 
  0x00000294cc452fb0: c1ee 0348 | 895c f008 | 48ff ce75 | f649 8bd1 

  0x00000294cc452fc0: ;   {metadata(method data for {method} {0x00000294801c8128} '<init>' '(IILjava/lang/foreign/MemorySegment;)V' in 'java/nio/HeapByteBuffer')}
  0x00000294cc452fc0: 49b8 08d9 | 3ae0 9402 | 0000 4983 | 8010 0100 | 0001 41b8 | ffff ffff | 498b d141 | b900 0000 
  0x00000294cc452fe0: 0049 8bfd | 498b f348 | 8bc8 c704 | 2400 0000 | 004c 8974 | 2408 488b | da48 8bd3 | 4889 5c24 
  0x00000294cc453000: 4866 0f1f 

  0x00000294cc453004: ;   {optimized virtual_call}
  0x00000294cc453004: 4400 00e8 

  0x00000294cc453008: ; ImmutableOopMap {[72]=Oop }
                      ;*invokespecial <init> {reexecute=0 rethrow=0 return_oop=0}
                      ; - java.nio.HeapByteBuffer::<init>@10 (line 71)
  0x00000294cc453008: 5414 aaff 

  0x00000294cc45300c: ;   {other}
  0x00000294cc45300c: 0f1f 8400 | fc02 0000 | 488b 5424 | 4849 ba10 | 0000 0000 | 0000 004c | 8952 1048 | 83c4 605d 
  0x00000294cc45302c: ;   {poll_return}
  0x00000294cc45302c: 493b a748 | 0400 000f | 872c 0000 

  0x00000294cc453038: ;   {metadata({method} {0x00000294801c8128} '<init>' '(IILjava/lang/foreign/MemorySegment;)V' in 'java/nio/HeapByteBuffer')}
  0x00000294cc453038: 00c3 49ba | 2081 1c80 | 9402 0000 | 4c89 5424 | 0848 c704 | 24ff ffff 

  0x00000294cc453050: ;   {runtime_call counter_overflow Runtime1 stub}
  0x00000294cc453050: ffe8 2a6e 

  0x00000294cc453054: ; ImmutableOopMap {rdx=Oop r14=Oop }
                      ;*synchronization entry
                      ; - java.nio.HeapByteBuffer::<init>@-1 (line 71)
  0x00000294cc453054: dd06 e9d0 

  0x00000294cc453058: ;   {runtime_call new_type_array Runtime1 stub}
  0x00000294cc453058: feff ffe8 

  0x00000294cc45305c: ; ImmutableOopMap {r14=Oop r9=Oop }
                      ;*newarray {reexecute=0 rethrow=0 return_oop=0}
                      ; - java.nio.HeapByteBuffer::<init>@6 (line 71)
  0x00000294cc45305c: 202c dd06 | e958 ffff 

  0x00000294cc453064: ;   {internal_word}
  0x00000294cc453064: ff49 ba2c | 3045 cc94 | 0200 004d | 8997 6004 

  0x00000294cc453074: ;   {runtime_call SafepointBlob}
  0x00000294cc453074: 0000 e985 | 26d1 0649 | 8b87 f804 | 0000 49c7 | 87f8 0400 | 0000 0000 | 0049 c787 | 0005 0000 
  0x00000294cc453094: 0000 0000 | 4883 c460 

  0x00000294cc45309c: ;   {runtime_call unwind_exception Runtime1 stub}
  0x00000294cc45309c: 5de9 5e26 | dc06 f4f4 | f4f4 f4f4 
[Stub Code]
  0x00000294cc4530a8: ;   {no_reloc}
  0x00000294cc4530a8: 48bb 0000 | 0000 0000 

  0x00000294cc4530b0: ;   {runtime_call}
  0x00000294cc4530b0: 0000 e9fb 

  0x00000294cc4530b4: ;   {runtime_call handle_exception_from_callee Runtime1 stub}
  0x00000294cc4530b4: ffff ffe8 | c43a dd06 

  0x00000294cc4530bc: ;   {external_word}
  0x00000294cc4530bc: 48b9 a036 | 1b63 ff7f | 0000 4883 

  0x00000294cc4530c8: ;   {runtime_call}
  0x00000294cc4530c8: e4f0 48b8 | 5024 e362 | ff7f 0000 

  0x00000294cc4530d4: ;   {section_word}
  0x00000294cc4530d4: ffd0 f449 | bad7 3045 | cc94 0200 

  0x00000294cc4530e0: ;   {runtime_call DeoptimizationBlob}
  0x00000294cc4530e0: 0041 52e9 | b818 d106 
[/MachCode]


Compiled method (c1)    3647 4416       3       java.nio.ByteBuffer::allocate (20 bytes)
 total in heap  [0x00000294cc4c2210,0x00000294cc4c26a0] = 1168
 relocation     [0x00000294cc4c2368,0x00000294cc4c23c0] = 88
 main code      [0x00000294cc4c23c0,0x00000294cc4c2590] = 464
 stub code      [0x00000294cc4c2590,0x00000294cc4c25e0] = 80
 metadata       [0x00000294cc4c25e0,0x00000294cc4c25e8] = 8
 scopes data    [0x00000294cc4c25e8,0x00000294cc4c2618] = 48
 scopes pcs     [0x00000294cc4c2618,0x00000294cc4c2688] = 112
 dependencies   [0x00000294cc4c2688,0x00000294cc4c2690] = 8
 nul chk table  [0x00000294cc4c2690,0x00000294cc4c26a0] = 16

[Constant Pool (empty)]

[MachCode]
[Verified Entry Point]
  # {method} {0x00000294800c5738} 'allocate' '(I)Ljava/nio/ByteBuffer;' in 'java/nio/ByteBuffer'
  # parm0:    rdx       = int
  #           [sp+0x50]  (sp of caller)
  0x00000294cc4c23c0: 8984 2400 | 80ff ff55 | 4883 ec40 | 4181 7f20 | 0300 0000 

  0x00000294cc4c23d4: ;   {runtime_call StubRoutines (final stubs)}
  0x00000294cc4c23d4: 7405 e885 | 29c8 0648 

  0x00000294cc4c23dc: ;   {metadata(method data for {method} {0x00000294800c5738} 'allocate' '(I)Ljava/nio/ByteBuffer;' in 'java/nio/ByteBuffer')}
  0x00000294cc4c23dc: 8bda 48ba | 680b 23e0 | 9402 0000 | 8bb2 cc00 | 0000 83c6 | 0289 b2cc | 0000 0081 | e6fe 0700 
  0x00000294cc4c23fc: 0085 f60f | 8417 0100 

  0x00000294cc4c2404: ;   {metadata(method data for {method} {0x00000294800c5738} 'allocate' '(I)Ljava/nio/ByteBuffer;' in 'java/nio/ByteBuffer')}
  0x00000294cc4c2404: 0085 db48 | ba68 0b23 | e094 0200 | 0048 be20 | 0100 0000 | 0000 007c | 0a48 be10 | 0100 0000 
  0x00000294cc4c2424: 0000 0048 | 8b3c 3248 | 8d7f 0148 | 893c 320f | 8cb3 0000 

  0x00000294cc4c2438: ;   {metadata('java/nio/HeapByteBuffer')}
  0x00000294cc4c2438: 0048 ba88 | 5e1c 8094 | 0200 0049 | 8b87 b801 | 0000 488d | 7838 493b | bfc8 0100 | 000f 87e2 
  0x00000294cc4c2458: 0000 0049 | 89bf b801 | 0000 48c7 | 0001 0000 | 0048 8bca | 49ba 0000 | 0080 9402 | 0000 492b 
  0x00000294cc4c2478: ca89 4808 | 4833 c989 | 480c 4833 | c948 bf05 | 0000 0000 | 0000 0048 | 894c f808 | 48ff cf75 
  0x00000294cc4c2498: f64c 8bc0 

  0x00000294cc4c249c: ;   {metadata(method data for {method} {0x00000294800c5738} 'allocate' '(I)Ljava/nio/ByteBuffer;' in 'java/nio/ByteBuffer')}
  0x00000294cc4c249c: 49b9 680b | 23e0 9402 | 0000 4983 | 8140 0100 | 0001 4c8b | c34c 8bcb 

  0x00000294cc4c24b4: ;   {oop(nullptr)}
  0x00000294cc4c24b4: 48bf 0000 | 0000 0000 | 0000 488b | d048 8944 

  0x00000294cc4c24c4: ;   {optimized virtual_call}
  0x00000294cc4c24c4: 2430 90e8 

  0x00000294cc4c24c8: ; ImmutableOopMap {[48]=Oop }
                      ;*invokespecial <init> {reexecute=0 rethrow=0 return_oop=0}
                      ; - java.nio.ByteBuffer::allocate@16 (line 391)
  0x00000294cc4c24c8: 140a f9ff 

  0x00000294cc4c24cc: ;   {other}
  0x00000294cc4c24cc: 0f1f 8400 | bc02 0000 | 488b 4424 | 3048 83c4 

  0x00000294cc4c24dc: ;   {poll_return}
  0x00000294cc4c24dc: 405d 493b | a748 0400 | 000f 875f | 0000 00c3 

  0x00000294cc4c24ec: ;   {metadata(method data for {method} {0x00000294800c5738} 'allocate' '(I)Ljava/nio/ByteBuffer;' in 'java/nio/ByteBuffer')}
  0x00000294cc4c24ec: 48ba 680b | 23e0 9402 | 0000 4883 | 8230 0100 | 0001 488b | d366 0f1f 

  0x00000294cc4c2504: ;   {static_call}
  0x00000294cc4c2504: 4400 00e8 

  0x00000294cc4c2508: ; ImmutableOopMap {}
                      ;*invokestatic createCapacityException {reexecute=0 rethrow=0 return_oop=0}
                      ; - java.nio.ByteBuffer::allocate@5 (line 390)
  0x00000294cc4c2508: 74cb c906 

  0x00000294cc4c250c: ;   {other}
  0x00000294cc4c250c: 0f1f 8400 | fc02 0001 

  0x00000294cc4c2514: ; implicit exception: dispatches to 0x00000294cc4c2560
  0x00000294cc4c2514: 483b 00e9 | 6600 0000 

  0x00000294cc4c251c: ;   {metadata({method} {0x00000294800c5738} 'allocate' '(I)Ljava/nio/ByteBuffer;' in 'java/nio/ByteBuffer')}
  0x00000294cc4c251c: 49ba 3057 | 0c80 9402 | 0000 4c89 | 5424 0848 | c704 24ff 

  0x00000294cc4c2530: ;   {runtime_call counter_overflow Runtime1 stub}
  0x00000294cc4c2530: ffff ffe8 

  0x00000294cc4c2534: ; ImmutableOopMap {}
                      ;*synchronization entry
                      ; - java.nio.ByteBuffer::allocate@-1 (line 389)
  0x00000294cc4c2534: 4879 d606 | e9c8 feff | ff48 8bd2 

  0x00000294cc4c2540: ;   {runtime_call fast_new_instance Runtime1 stub}
  0x00000294cc4c2540: e83b 31d6 

  0x00000294cc4c2544: ; ImmutableOopMap {}
                      ;*new {reexecute=0 rethrow=0 return_oop=0}
                      ; - java.nio.ByteBuffer::allocate@9 (line 391)
  0x00000294cc4c2544: 06e9 4fff 

  0x00000294cc4c2548: ;   {internal_word}
  0x00000294cc4c2548: ffff 49ba | de24 4ccc | 9402 0000 | 4d89 9760 

  0x00000294cc4c2558: ;   {runtime_call SafepointBlob}
  0x00000294cc4c2558: 0400 00e9 | a031 ca06 

  0x00000294cc4c2560: ;   {runtime_call throw_null_pointer_exception Runtime1 stub}
  0x00000294cc4c2560: e89b 1dd6 

  0x00000294cc4c2564: ; ImmutableOopMap {rax=Oop }
                      ;*athrow {reexecute=1 rethrow=0 return_oop=0}
                      ; - (reexecute) java.nio.ByteBuffer::allocate@8 (line 390)
  0x00000294cc4c2564: 0649 8b87 | f804 0000 | 49c7 87f8 | 0400 0000 | 0000 0049 | c787 0005 | 0000 0000 | 0000 4883 
  0x00000294cc4c2584: ;   {runtime_call unwind_exception Runtime1 stub}
  0x00000294cc4c2584: c440 5de9 | 7431 d506 | f4f4 f4f4 
[Stub Code]
  0x00000294cc4c2590: ;   {no_reloc}
  0x00000294cc4c2590: 48bb 0000 | 0000 0000 

  0x00000294cc4c2598: ;   {runtime_call}
  0x00000294cc4c2598: 0000 e9fb 

  0x00000294cc4c259c: ;   {static_stub}
  0x00000294cc4c259c: ffff ff48 | bb00 0000 | 0000 0000 

  0x00000294cc4c25a8: ;   {runtime_call}
  0x00000294cc4c25a8: 00e9 fbff 

  0x00000294cc4c25ac: ;   {runtime_call handle_exception_from_callee Runtime1 stub}
  0x00000294cc4c25ac: ffff e8cd 

  0x00000294cc4c25b0: ;   {external_word}
  0x00000294cc4c25b0: 45d6 0648 | b9a0 361b | 63ff 7f00 | 0048 83e4 

  0x00000294cc4c25c0: ;   {runtime_call}
  0x00000294cc4c25c0: f048 b850 | 24e3 62ff | 7f00 00ff 

  0x00000294cc4c25cc: ;   {section_word}
  0x00000294cc4c25cc: d0f4 49ba | ce25 4ccc | 9402 0000 

  0x00000294cc4c25d8: ;   {runtime_call DeoptimizationBlob}
  0x00000294cc4c25d8: 4152 e9c1 | 23ca 06f4 
[/MachCode]


---------------  P R O C E S S  ---------------

Threads class SMR info:
_java_thread_list=0x00000294e4103500, length=12, elements={
0x00000294c1e1ff80, 0x00000294df129470, 0x00000294df12c290, 0x00000294df12e670,
0x00000294df12f0c0, 0x00000294df12ff20, 0x00000294df131050, 0x00000294df1390c0,
0x00000294df13af90, 0x00000294df132400, 0x00000294df131d70, 0x00000294df1316e0
}

Java Threads: ( => current thread )
=>0x00000294c1e1ff80 JavaThread "main"                              [_thread_in_vm, id=10932, stack(0x000000e3f3c00000,0x000000e3f3d00000) (1024K)]
  0x00000294df129470 JavaThread "Reference Handler"          daemon [_thread_blocked, id=5624, stack(0x000000e3f4400000,0x000000e3f4500000) (1024K)]
  0x00000294df12c290 JavaThread "Finalizer"                  daemon [_thread_blocked, id=11132, stack(0x000000e3f4500000,0x000000e3f4600000) (1024K)]
  0x00000294df12e670 JavaThread "Signal Dispatcher"          daemon [_thread_blocked, id=15580, stack(0x000000e3f4600000,0x000000e3f4700000) (1024K)]
  0x00000294df12f0c0 JavaThread "Attach Listener"            daemon [_thread_blocked, id=16804, stack(0x000000e3f4700000,0x000000e3f4800000) (1024K)]
  0x00000294df12ff20 JavaThread "Service Thread"             daemon [_thread_blocked, id=20456, stack(0x000000e3f4800000,0x000000e3f4900000) (1024K)]
  0x00000294df131050 JavaThread "Monitor Deflation Thread"   daemon [_thread_blocked, id=25136, stack(0x000000e3f4900000,0x000000e3f4a00000) (1024K)]
  0x00000294df1390c0 JavaThread "C2 CompilerThread0"         daemon [_thread_blocked, id=24572, stack(0x000000e3f4a00000,0x000000e3f4b00000) (1024K)]
  0x00000294df13af90 JavaThread "C1 CompilerThread0"         daemon [_thread_blocked, id=12068, stack(0x000000e3f4b00000,0x000000e3f4c00000) (1024K)]
  0x00000294df132400 JavaThread "Notification Thread"        daemon [_thread_blocked, id=10544, stack(0x000000e3f4c00000,0x000000e3f4d00000) (1024K)]
  0x00000294df131d70 JavaThread "Common-Cleaner"             daemon [_thread_blocked, id=23880, stack(0x000000e3f4d00000,0x000000e3f4e00000) (1024K)]
  0x00000294df1316e0 JavaThread "Thread-1"                   daemon [_thread_blocked, id=26152, stack(0x000000e3f5500000,0x000000e3f5600000) (1024K)]
Total: 12

Other Threads:
  0x00000294df10ebb0 VMThread "VM Thread"                           [id=12144, stack(0x000000e3f4300000,0x000000e3f4400000) (1024K)]
  0x00000294df10abe0 WatcherThread "VM Periodic Task Thread"        [id=4092, stack(0x000000e3f4200000,0x000000e3f4300000) (1024K)]
  0x00000294c1f9cfc0 WorkerThread "GC Thread#0"                     [id=17868, stack(0x000000e3f3d00000,0x000000e3f3e00000) (1024K)]
  0x00000294dfdbd0f0 WorkerThread "GC Thread#1"                     [id=25776, stack(0x000000e3f4e00000,0x000000e3f4f00000) (1024K)]
  0x00000294dfcbe430 WorkerThread "GC Thread#2"                     [id=4448, stack(0x000000e3f4f00000,0x000000e3f5000000) (1024K)]
  0x00000294dfb00040 WorkerThread "GC Thread#3"                     [id=20612, stack(0x000000e3f5000000,0x000000e3f5100000) (1024K)]
  0x00000294dfa87990 WorkerThread "GC Thread#4"                     [id=5052, stack(0x000000e3f5100000,0x000000e3f5200000) (1024K)]
  0x00000294dfa87d30 WorkerThread "GC Thread#5"                     [id=21852, stack(0x000000e3f5200000,0x000000e3f5300000) (1024K)]
  0x00000294dfa880d0 WorkerThread "GC Thread#6"                     [id=26328, stack(0x000000e3f5300000,0x000000e3f5400000) (1024K)]
  0x00000294dfa88470 WorkerThread "GC Thread#7"                     [id=4432, stack(0x000000e3f5400000,0x000000e3f5500000) (1024K)]
  0x00000294c1fa4ae0 ConcurrentGCThread "G1 Main Marker"            [id=23712, stack(0x000000e3f3e00000,0x000000e3f3f00000) (1024K)]
  0x00000294c1fa5790 WorkerThread "G1 Conc#0"                       [id=14428, stack(0x000000e3f3f00000,0x000000e3f4000000) (1024K)]
  0x00000294e4770eb0 WorkerThread "G1 Conc#1"                       [id=25800, stack(0x000000e3f5600000,0x000000e3f5700000) (1024K)]
  0x00000294c2011580 ConcurrentGCThread "G1 Refine#0"               [id=19912, stack(0x000000e3f4000000,0x000000e3f4100000) (1024K)]
  0x00000294c20120f0 ConcurrentGCThread "G1 Service"                [id=25092, stack(0x000000e3f4100000,0x000000e3f4200000) (1024K)]
Total: 15

Threads with active compile tasks:
Total: 0

VM state: not at safepoint (normal execution)

VM Mutex/Monitor currently owned by a thread:  ([mutex/lock_event])
[0x00007fff6344bf98] Heap_lock - owner thread: 0x00000294c1e1ff80

Heap address: 0x00000000ca600000, size: 858 MB, Compressed Oops mode: 32-bit

CDS archive(s) mapped at: [0x0000029480000000-0x0000029480c90000-0x0000029480c90000), size 13172736, SharedBaseAddress: 0x0000029480000000, ArchiveRelocationMode: 1.
Compressed class space mapped at: 0x0000029481000000-0x00000294c1000000, reserved size: 1073741824
Narrow klass base: 0x0000029480000000, Narrow klass shift: 0, Narrow klass range: 0x100000000

GC Precious Log:
 CardTable entry size: 512
 Card Set container configuration: InlinePtr #cards 5 size 8 Array Of Cards #cards 12 size 40 Howl #buckets 4 coarsen threshold 1843 Howl Bitmap #cards 512 size 80 coarsen threshold 460 Card regions per heap region 1 cards per card region 2048
 CPUs: 8 total, 8 available
 Memory: 3429M
 Large Page Support: Disabled
 NUMA Support: Disabled
 Compressed Oops: Enabled (32-bit)
 Heap Region Size: 1M
 Heap Min Capacity: 8M
 Heap Initial Capacity: 54M
 Heap Max Capacity: 858M
 Pre-touch: Disabled
 Parallel Workers: 8
 Concurrent Workers: 2
 Concurrent Refinement Workers: 8
 Periodic GC: Disabled

Heap:
 garbage-first heap   total 72704K, used 57694K [0x00000000ca600000, 0x0000000100000000)
  region size 1024K, 3 young (3072K), 2 survivors (2048K)
 Metaspace       used 17511K, committed 17792K, reserved 1114112K
  class space    used 1985K, committed 2112K, reserved 1048576K

Heap Regions: E=young(eden), S=young(survivor), O=old, HS=humongous(starts), HC=humongous(continues), CS=collection set, F=free, TAMS=top-at-mark-start, PB=parsable bottom
|   0|0x00000000ca600000, 0x00000000ca700000, 0x00000000ca700000|100%| O|  |TAMS 0x00000000ca700000| PB 0x00000000ca600000| Untracked 
|   1|0x00000000ca700000, 0x00000000ca800000, 0x00000000ca800000|100%| O|  |TAMS 0x00000000ca800000| PB 0x00000000ca700000| Untracked 
|   2|0x00000000ca800000, 0x00000000ca900000, 0x00000000ca900000|100%| O|  |TAMS 0x00000000ca900000| PB 0x00000000ca800000| Untracked 
|   3|0x00000000ca900000, 0x00000000caa00000, 0x00000000caa00000|100%| O|  |TAMS 0x00000000caa00000| PB 0x00000000ca900000| Untracked 
|   4|0x00000000caa00000, 0x00000000cab00000, 0x00000000cab00000|100%| O|  |TAMS 0x00000000cab00000| PB 0x00000000caa00000| Untracked 
|   5|0x00000000cab00000, 0x00000000cac00000, 0x00000000cac00000|100%| O|  |TAMS 0x00000000cac00000| PB 0x00000000cab00000| Untracked 
|   6|0x00000000cac00000, 0x00000000cad00000, 0x00000000cad00000|100%| O|  |TAMS 0x00000000cad00000| PB 0x00000000cac00000| Untracked 
|   7|0x00000000cad00000, 0x00000000cae00000, 0x00000000cae00000|100%| O|  |TAMS 0x00000000cae00000| PB 0x00000000cad00000| Untracked 
|   8|0x00000000cae00000, 0x00000000caf00000, 0x00000000caf00000|100%| O|  |TAMS 0x00000000caf00000| PB 0x00000000cae00000| Untracked 
|   9|0x00000000caf00000, 0x00000000cb000000, 0x00000000cb000000|100%| O|  |TAMS 0x00000000cb000000| PB 0x00000000caf00000| Untracked 
|  10|0x00000000cb000000, 0x00000000cb100000, 0x00000000cb100000|100%| O|  |TAMS 0x00000000cb100000| PB 0x00000000cb000000| Untracked 
|  11|0x00000000cb100000, 0x00000000cb200000, 0x00000000cb200000|100%| O|  |TAMS 0x00000000cb200000| PB 0x00000000cb100000| Untracked 
|  12|0x00000000cb200000, 0x00000000cb300000, 0x00000000cb300000|100%| O|  |TAMS 0x00000000cb2a5690| PB 0x00000000cb200000| Untracked 
|  13|0x00000000cb300000, 0x00000000cb400000, 0x00000000cb400000|100%|HS|  |TAMS 0x00000000cb400000| PB 0x00000000cb300000| Complete 
|  14|0x00000000cb400000, 0x00000000cb500000, 0x00000000cb500000|100%|HC|  |TAMS 0x00000000cb500000| PB 0x00000000cb400000| Complete 
|  15|0x00000000cb500000, 0x00000000cb600000, 0x00000000cb600000|100%|HC|  |TAMS 0x00000000cb600000| PB 0x00000000cb500000| Complete 
|  16|0x00000000cb600000, 0x00000000cb700000, 0x00000000cb700000|100%|HC|  |TAMS 0x00000000cb700000| PB 0x00000000cb600000| Complete 
|  17|0x00000000cb700000, 0x00000000cb800000, 0x00000000cb800000|100%|HC|  |TAMS 0x00000000cb800000| PB 0x00000000cb700000| Complete 
|  18|0x00000000cb800000, 0x00000000cb900000, 0x00000000cb900000|100%|HC|  |TAMS 0x00000000cb900000| PB 0x00000000cb800000| Complete 
|  19|0x00000000cb900000, 0x00000000cba00000, 0x00000000cba00000|100%|HC|  |TAMS 0x00000000cba00000| PB 0x00000000cb900000| Complete 
|  20|0x00000000cba00000, 0x00000000cbb00000, 0x00000000cbb00000|100%|HC|  |TAMS 0x00000000cbb00000| PB 0x00000000cba00000| Complete 
|  21|0x00000000cbb00000, 0x00000000cbc00000, 0x00000000cbc00000|100%|HS|  |TAMS 0x00000000cbc00000| PB 0x00000000cbb00000| Complete 
|  22|0x00000000cbc00000, 0x00000000cbd00000, 0x00000000cbd00000|100%|HC|  |TAMS 0x00000000cbd00000| PB 0x00000000cbc00000| Complete 
|  23|0x00000000cbd00000, 0x00000000cbe00000, 0x00000000cbe00000|100%|HC|  |TAMS 0x00000000cbe00000| PB 0x00000000cbd00000| Complete 
|  24|0x00000000cbe00000, 0x00000000cbf00000, 0x00000000cbf00000|100%|HC|  |TAMS 0x00000000cbf00000| PB 0x00000000cbe00000| Complete 
|  25|0x00000000cbf00000, 0x00000000cc000000, 0x00000000cc000000|100%|HC|  |TAMS 0x00000000cc000000| PB 0x00000000cbf00000| Complete 
|  26|0x00000000cc000000, 0x00000000cc100000, 0x00000000cc100000|100%|HC|  |TAMS 0x00000000cc100000| PB 0x00000000cc000000| Complete 
|  27|0x00000000cc100000, 0x00000000cc200000, 0x00000000cc200000|100%|HC|  |TAMS 0x00000000cc200000| PB 0x00000000cc100000| Complete 
|  28|0x00000000cc200000, 0x00000000cc300000, 0x00000000cc300000|100%|HC|  |TAMS 0x00000000cc300000| PB 0x00000000cc200000| Complete 
|  29|0x00000000cc300000, 0x00000000cc400000, 0x00000000cc400000|100%|HC|  |TAMS 0x00000000cc400000| PB 0x00000000cc300000| Complete 
|  30|0x00000000cc400000, 0x00000000cc500000, 0x00000000cc500000|100%|HC|  |TAMS 0x00000000cc500000| PB 0x00000000cc400000| Complete 
|  31|0x00000000cc500000, 0x00000000cc600000, 0x00000000cc600000|100%|HC|  |TAMS 0x00000000cc600000| PB 0x00000000cc500000| Complete 
|  32|0x00000000cc600000, 0x00000000cc700000, 0x00000000cc700000|100%|HC|  |TAMS 0x00000000cc700000| PB 0x00000000cc600000| Complete 
|  33|0x00000000cc700000, 0x00000000cc7d7a48, 0x00000000cc800000| 84%| O|  |TAMS 0x00000000cc700000| PB 0x00000000cc700000| Untracked 
|  34|0x00000000cc800000, 0x00000000cc900000, 0x00000000cc900000|100%|HS|  |TAMS 0x00000000cc800000| PB 0x00000000cc800000| Complete 
|  35|0x00000000cc900000, 0x00000000cca00000, 0x00000000cca00000|100%|HC|  |TAMS 0x00000000cc900000| PB 0x00000000cc900000| Complete 
|  36|0x00000000cca00000, 0x00000000ccb00000, 0x00000000ccb00000|100%|HC|  |TAMS 0x00000000cca00000| PB 0x00000000cca00000| Complete 
|  37|0x00000000ccb00000, 0x00000000ccc00000, 0x00000000ccc00000|100%|HC|  |TAMS 0x00000000ccb00000| PB 0x00000000ccb00000| Complete 
|  38|0x00000000ccc00000, 0x00000000ccd00000, 0x00000000ccd00000|100%|HC|  |TAMS 0x00000000ccc00000| PB 0x00000000ccc00000| Complete 
|  39|0x00000000ccd00000, 0x00000000cce00000, 0x00000000cce00000|100%|HC|  |TAMS 0x00000000ccd00000| PB 0x00000000ccd00000| Complete 
|  40|0x00000000cce00000, 0x00000000ccf00000, 0x00000000ccf00000|100%|HC|  |TAMS 0x00000000cce00000| PB 0x00000000cce00000| Complete 
|  41|0x00000000ccf00000, 0x00000000cd000000, 0x00000000cd000000|100%|HC|  |TAMS 0x00000000ccf00000| PB 0x00000000ccf00000| Complete 
|  42|0x00000000cd000000, 0x00000000cd100000, 0x00000000cd100000|100%|HC|  |TAMS 0x00000000cd000000| PB 0x00000000cd000000| Complete 
|  43|0x00000000cd100000, 0x00000000cd200000, 0x00000000cd200000|100%|HC|  |TAMS 0x00000000cd100000| PB 0x00000000cd100000| Complete 
|  44|0x00000000cd200000, 0x00000000cd300000, 0x00000000cd300000|100%|HC|  |TAMS 0x00000000cd200000| PB 0x00000000cd200000| Complete 
|  45|0x00000000cd300000, 0x00000000cd400000, 0x00000000cd400000|100%|HC|  |TAMS 0x00000000cd300000| PB 0x00000000cd300000| Complete 
|  46|0x00000000cd400000, 0x00000000cd500000, 0x00000000cd500000|100%|HS|  |TAMS 0x00000000cd400000| PB 0x00000000cd400000| Complete 
|  47|0x00000000cd500000, 0x00000000cd600000, 0x00000000cd600000|100%|HC|  |TAMS 0x00000000cd500000| PB 0x00000000cd500000| Complete 
|  48|0x00000000cd600000, 0x00000000cd700000, 0x00000000cd700000|100%|HC|  |TAMS 0x00000000cd600000| PB 0x00000000cd600000| Complete 
|  49|0x00000000cd700000, 0x00000000cd800000, 0x00000000cd800000|100%|HC|  |TAMS 0x00000000cd700000| PB 0x00000000cd700000| Complete 
|  50|0x00000000cd800000, 0x00000000cd900000, 0x00000000cd900000|100%|HC|  |TAMS 0x00000000cd800000| PB 0x00000000cd800000| Complete 
|  51|0x00000000cd900000, 0x00000000cda00000, 0x00000000cda00000|100%|HC|  |TAMS 0x00000000cd900000| PB 0x00000000cd900000| Complete 
|  52|0x00000000cda00000, 0x00000000cdb00000, 0x00000000cdb00000|100%|HC|  |TAMS 0x00000000cda00000| PB 0x00000000cda00000| Complete 
|  53|0x00000000cdb00000, 0x00000000cdc00000, 0x00000000cdc00000|100%|HC|  |TAMS 0x00000000cdb00000| PB 0x00000000cdb00000| Complete 
|  54|0x00000000cdc00000, 0x00000000cdc00000, 0x00000000cdd00000|  0%| F|  |TAMS 0x00000000cdc00000| PB 0x00000000cdc00000| Untracked 
|  55|0x00000000cdd00000, 0x00000000cdd00000, 0x00000000cde00000|  0%| F|  |TAMS 0x00000000cdd00000| PB 0x00000000cdd00000| Untracked 
|  56|0x00000000cde00000, 0x00000000cde00000, 0x00000000cdf00000|  0%| F|  |TAMS 0x00000000cde00000| PB 0x00000000cde00000| Untracked 
|  57|0x00000000cdf00000, 0x00000000cdf00000, 0x00000000ce000000|  0%| F|  |TAMS 0x00000000cdf00000| PB 0x00000000cdf00000| Untracked 
|  58|0x00000000ce000000, 0x00000000ce000000, 0x00000000ce100000|  0%| F|  |TAMS 0x00000000ce000000| PB 0x00000000ce000000| Untracked 
|  59|0x00000000ce100000, 0x00000000ce100000, 0x00000000ce200000|  0%| F|  |TAMS 0x00000000ce100000| PB 0x00000000ce100000| Untracked 
|  60|0x00000000ce200000, 0x00000000ce200000, 0x00000000ce300000|  0%| F|  |TAMS 0x00000000ce200000| PB 0x00000000ce200000| Untracked 
|  61|0x00000000ce300000, 0x00000000ce300000, 0x00000000ce400000|  0%| F|  |TAMS 0x00000000ce300000| PB 0x00000000ce300000| Untracked 
|  62|0x00000000ce400000, 0x00000000ce500000, 0x00000000ce500000|100%| S|CS|TAMS 0x00000000ce400000| PB 0x00000000ce400000| Complete 
|  63|0x00000000ce500000, 0x00000000ce600000, 0x00000000ce600000|100%| S|CS|TAMS 0x00000000ce500000| PB 0x00000000ce500000| Complete 
|  64|0x00000000ce600000, 0x00000000ce680000, 0x00000000ce700000| 50%| E|  |TAMS 0x00000000ce600000| PB 0x00000000ce600000| Complete 
|  65|0x00000000ce700000, 0x00000000ce700000, 0x00000000ce800000|  0%| F|  |TAMS 0x00000000ce700000| PB 0x00000000ce700000| Untracked 
|  66|0x00000000ce800000, 0x00000000ce800000, 0x00000000ce900000|  0%| F|  |TAMS 0x00000000ce800000| PB 0x00000000ce800000| Untracked 
|  67|0x00000000ce900000, 0x00000000ce900000, 0x00000000cea00000|  0%| F|  |TAMS 0x00000000ce900000| PB 0x00000000ce900000| Untracked 
|  68|0x00000000cea00000, 0x00000000cea00000, 0x00000000ceb00000|  0%| F|  |TAMS 0x00000000cea00000| PB 0x00000000cea00000| Untracked 
|  69|0x00000000ceb00000, 0x00000000ceb00000, 0x00000000cec00000|  0%| F|  |TAMS 0x00000000ceb00000| PB 0x00000000ceb00000| Untracked 
|  70|0x00000000cec00000, 0x00000000cec00000, 0x00000000ced00000|  0%| F|  |TAMS 0x00000000cec00000| PB 0x00000000cec00000| Untracked 

Card table byte_map: [0x00000294db7f0000,0x00000294db9a0000] _byte_map_base: 0x00000294db19d000

Marking Bits: (CMBitMap*) 0x00000294c1f9d6c0
 Bits: [0x00000294db9a0000, 0x00000294dc708000)

Polling page: 0x00000294c2030000

Metaspace:

Usage:
  Non-class:     15.16 MB used.
      Class:      1.94 MB used.
       Both:     17.10 MB used.

Virtual space:
  Non-class space:       64.00 MB reserved,      15.31 MB ( 24%) committed,  1 nodes.
      Class space:        1.00 GB reserved,       2.06 MB ( <1%) committed,  1 nodes.
             Both:        1.06 GB reserved,      17.38 MB (  2%) committed. 

Chunk freelists:
   Non-Class:  656.00 KB
       Class:  13.81 MB
        Both:  14.45 MB

MaxMetaspaceSize: unlimited
CompressedClassSpaceSize: 1.00 GB
Initial GC threshold: 21.00 MB
Current GC threshold: 21.00 MB
CDS: on
 - commit_granule_bytes: 65536.
 - commit_granule_words: 8192.
 - virtual_space_node_default_size: 8388608.
 - enlarge_chunks_in_place: 1.
 - use_allocation_guard: 0.


Internal statistics:

num_allocs_failed_limit: 0.
num_arena_births: 192.
num_arena_deaths: 0.
num_vsnodes_births: 2.
num_vsnodes_deaths: 0.
num_space_committed: 278.
num_space_uncommitted: 0.
num_chunks_returned_to_freelist: 0.
num_chunks_taken_from_freelist: 788.
num_chunk_merges: 0.
num_chunk_splits: 543.
num_chunks_enlarged: 446.
num_inconsistent_stats: 0.

CodeHeap 'non-profiled nmethods': size=120000Kb used=1971Kb max_used=1971Kb free=118028Kb
 bounds [0x00000294d36b0000, 0x00000294d3920000, 0x00000294dabe0000]
CodeHeap 'profiled nmethods': size=120000Kb used=9398Kb max_used=9398Kb free=110601Kb
 bounds [0x00000294cbbe0000, 0x00000294cc510000, 0x00000294d3110000]
CodeHeap 'non-nmethods': size=5760Kb used=1419Kb max_used=1450Kb free=4340Kb
 bounds [0x00000294d3110000, 0x00000294d3380000, 0x00000294d36b0000]
 total_blobs=5041 nmethods=4531 adapters=414
 compilation: enabled
              stopped_count=0, restarted_count=0
 full_count=0

Compilation events (20 events):
Event: 3.557 Thread 0x00000294df13af90 4523       3       java.lang.Character$Subset::<init> (24 bytes)
Event: 3.557 Thread 0x00000294df13af90 nmethod 4523 0x00000294cc50af10 code [0x00000294cc50b0c0, 0x00000294cc50b388]
Event: 3.559 Thread 0x00000294df1390c0 nmethod 4440 0x00000294d388b990 code [0x00000294d388bee0, 0x00000294d3890628]
Event: 3.559 Thread 0x00000294df1390c0 4451       4       java.lang.String::indexOf (7 bytes)
Event: 3.559 Thread 0x00000294df13af90 4524       3       java.lang.invoke.MethodHandles$Lookup$ClassFile::newInstanceNoCheck (11 bytes)
Event: 3.560 Thread 0x00000294df13af90 nmethod 4524 0x00000294cc50b490 code [0x00000294cc50b640, 0x00000294cc50b900]
Event: 3.560 Thread 0x00000294df13af90 4525       3       java.lang.invoke.MethodHandles$Lookup::makeHiddenClassDefiner (44 bytes)
Event: 3.560 Thread 0x00000294df13af90 nmethod 4525 0x00000294cc50ba10 code [0x00000294cc50bc20, 0x00000294cc50c308]
Event: 3.560 Thread 0x00000294df1390c0 nmethod 4451 0x00000294d3893b90 code [0x00000294d3893d40, 0x00000294d3893fc0]
Event: 3.560 Thread 0x00000294df1390c0 4462       4       java.io.WinNTFileSystem::normalize (224 bytes)
Event: 3.561 Thread 0x00000294df13af90 4526       3       java.util.Calendar::internalSet (8 bytes)
Event: 3.561 Thread 0x00000294df13af90 nmethod 4526 0x00000294cc50c590 code [0x00000294cc50c720, 0x00000294cc50c858]
Event: 3.568 Thread 0x00000294df13af90 4527       3       org.codehaus.plexus.util.SelectorUtils::isDoubleStar (32 bytes)
Event: 3.568 Thread 0x00000294df13af90 nmethod 4527 0x00000294cc50c910 code [0x00000294cc50cac0, 0x00000294cc50ccf0]
Event: 3.569 Thread 0x00000294df13af90 4528       3       org.fusesource.jansi.io.FastBufferedOutputStream::write (35 bytes)
Event: 3.570 Thread 0x00000294df13af90 nmethod 4528 0x00000294cc50ce10 code [0x00000294cc50cfc0, 0x00000294cc50d2c8]
Event: 3.575 Thread 0x00000294df13af90 4530       3       java.lang.invoke.MethodHandles$Lookup::makeHiddenClassDefiner (20 bytes)
Event: 3.576 Thread 0x00000294df13af90 nmethod 4530 0x00000294cc50d490 code [0x00000294cc50d660, 0x00000294cc50d970]
Event: 3.576 Thread 0x00000294df13af90 4531       1       java.lang.invoke.MethodHandleImpl$IntrinsicMethodHandle::getTarget (5 bytes)
Event: 3.576 Thread 0x00000294df13af90 nmethod 4531 0x00000294d3894190 code [0x00000294d3894320, 0x00000294d38943e8]

GC Heap History (16 events):
Event: 0.651 GC heap before
{Heap before GC invocations=0 (full 0):
 garbage-first heap   total 55296K, used 22528K [0x00000000ca600000, 0x0000000100000000)
  region size 1024K, 23 young (23552K), 0 survivors (0K)
 Metaspace       used 5636K, committed 5824K, reserved 1114112K
  class space    used 654K, committed 768K, reserved 1048576K
}
Event: 0.658 GC heap after
{Heap after GC invocations=1 (full 0):
 garbage-first heap   total 55296K, used 3744K [0x00000000ca600000, 0x0000000100000000)
  region size 1024K, 3 young (3072K), 3 survivors (3072K)
 Metaspace       used 5636K, committed 5824K, reserved 1114112K
  class space    used 654K, committed 768K, reserved 1048576K
}
Event: 1.152 GC heap before
{Heap before GC invocations=1 (full 0):
 garbage-first heap   total 55296K, used 30368K [0x00000000ca600000, 0x0000000100000000)
  region size 1024K, 29 young (29696K), 3 survivors (3072K)
 Metaspace       used 9026K, committed 9216K, reserved 1114112K
  class space    used 1054K, committed 1152K, reserved 1048576K
}
Event: 1.159 GC heap after
{Heap after GC invocations=2 (full 0):
 garbage-first heap   total 55296K, used 5231K [0x00000000ca600000, 0x0000000100000000)
  region size 1024K, 2 young (2048K), 2 survivors (2048K)
 Metaspace       used 9026K, committed 9216K, reserved 1114112K
  class space    used 1054K, committed 1152K, reserved 1048576K
}
Event: 1.936 GC heap before
{Heap before GC invocations=2 (full 0):
 garbage-first heap   total 55296K, used 35951K [0x00000000ca600000, 0x0000000100000000)
  region size 1024K, 32 young (32768K), 2 survivors (2048K)
 Metaspace       used 15021K, committed 15296K, reserved 1114112K
  class space    used 1783K, committed 1920K, reserved 1048576K
}
Event: 1.947 GC heap after
{Heap after GC invocations=3 (full 0):
 garbage-first heap   total 55296K, used 9216K [0x00000000ca600000, 0x0000000100000000)
  region size 1024K, 4 young (4096K), 4 survivors (4096K)
 Metaspace       used 15021K, committed 15296K, reserved 1114112K
  class space    used 1783K, committed 1920K, reserved 1048576K
}
Event: 2.328 GC heap before
{Heap before GC invocations=3 (full 0):
 garbage-first heap   total 55296K, used 37888K [0x00000000ca600000, 0x0000000100000000)
  region size 1024K, 32 young (32768K), 4 survivors (4096K)
 Metaspace       used 15791K, committed 16128K, reserved 1114112K
  class space    used 1835K, committed 1984K, reserved 1048576K
}
Event: 2.340 GC heap after
{Heap after GC invocations=4 (full 0):
 garbage-first heap   total 55296K, used 13312K [0x00000000ca600000, 0x0000000100000000)
  region size 1024K, 4 young (4096K), 4 survivors (4096K)
 Metaspace       used 15791K, committed 16128K, reserved 1114112K
  class space    used 1835K, committed 1984K, reserved 1048576K
}
Event: 2.876 GC heap before
{Heap before GC invocations=4 (full 0):
 garbage-first heap   total 55296K, used 41984K [0x00000000ca600000, 0x0000000100000000)
  region size 1024K, 32 young (32768K), 4 survivors (4096K)
 Metaspace       used 16167K, committed 16448K, reserved 1114112K
  class space    used 1853K, committed 1984K, reserved 1048576K
}
Event: 2.883 GC heap after
{Heap after GC invocations=5 (full 0):
 garbage-first heap   total 55296K, used 15356K [0x00000000ca600000, 0x0000000100000000)
  region size 1024K, 3 young (3072K), 3 survivors (3072K)
 Metaspace       used 16167K, committed 16448K, reserved 1114112K
  class space    used 1853K, committed 1984K, reserved 1048576K
}
Event: 3.485 GC heap before
{Heap before GC invocations=5 (full 0):
 garbage-first heap   total 55296K, used 44028K [0x00000000ca600000, 0x0000000100000000)
  region size 1024K, 31 young (31744K), 3 survivors (3072K)
 Metaspace       used 16711K, committed 16960K, reserved 1114112K
  class space    used 1889K, committed 1984K, reserved 1048576K
}
Event: 3.489 GC heap after
{Heap after GC invocations=6 (full 0):
 garbage-first heap   total 66560K, used 15477K [0x00000000ca600000, 0x0000000100000000)
  region size 1024K, 3 young (3072K), 3 survivors (3072K)
 Metaspace       used 16711K, committed 16960K, reserved 1114112K
  class space    used 1889K, committed 1984K, reserved 1048576K
}
Event: 3.580 GC heap before
{Heap before GC invocations=6 (full 0):
 garbage-first heap   total 66560K, used 26741K [0x00000000ca600000, 0x0000000100000000)
  region size 1024K, 7 young (7168K), 3 survivors (3072K)
 Metaspace       used 17505K, committed 17792K, reserved 1114112K
  class space    used 1984K, committed 2112K, reserved 1048576K
}
Event: 3.585 GC heap after
{Heap after GC invocations=7 (full 0):
 garbage-first heap   total 66560K, used 24213K [0x00000000ca600000, 0x0000000100000000)
  region size 1024K, 3 young (3072K), 3 survivors (3072K)
 Metaspace       used 17505K, committed 17792K, reserved 1114112K
  class space    used 1984K, committed 2112K, reserved 1048576K
}
Event: 3.588 GC heap before
{Heap before GC invocations=7 (full 0):
 garbage-first heap   total 66560K, used 36501K [0x00000000ca600000, 0x0000000100000000)
  region size 1024K, 4 young (4096K), 3 survivors (3072K)
 Metaspace       used 17505K, committed 17792K, reserved 1114112K
  class space    used 1984K, committed 2112K, reserved 1048576K
}
Event: 3.592 GC heap after
{Heap after GC invocations=8 (full 0):
 garbage-first heap   total 66560K, used 36702K [0x00000000ca600000, 0x0000000100000000)
  region size 1024K, 2 young (2048K), 2 survivors (2048K)
 Metaspace       used 17505K, committed 17792K, reserved 1114112K
  class space    used 1984K, committed 2112K, reserved 1048576K
}

Dll operation events (8 events):
Event: 0.008 Loaded shared library C:\Program Files\Java\jdk-21\bin\java.dll
Event: 0.038 Loaded shared library C:\Program Files\Java\jdk-21\bin\jsvml.dll
Event: 0.053 Loaded shared library C:\Program Files\Java\jdk-21\bin\net.dll
Event: 0.055 Loaded shared library C:\Program Files\Java\jdk-21\bin\nio.dll
Event: 0.058 Loaded shared library C:\Program Files\Java\jdk-21\bin\zip.dll
Event: 0.201 Loaded shared library C:\Program Files\Java\jdk-21\bin\jimage.dll
Event: 0.203 Loaded shared library C:\Users\kuber\.m2\wrapper\dists\apache-maven-3.9.9\977a63e90f436cd6ade95b4c0e10c20c\lib\jansi-native\Windows\x86_64\jansi.dll
Event: 0.219 Loaded shared library C:\Program Files\Java\jdk-21\bin\verify.dll

Deoptimization events (20 events):
Event: 3.483 Thread 0x00000294c1e1ff80 Uncommon trap: trap_request=0xffffffc6 fr.pc=0x00000294d3794d30 relative=0x0000000000000090
Event: 3.483 Thread 0x00000294c1e1ff80 Uncommon trap: reason=bimorphic_or_optimized_type_check action=maybe_recompile pc=0x00000294d3794d30 method=com.google.inject.internal.LinkedBindingImpl.acceptTargetVisitor(Lcom/google/inject/spi/BindingTargetVisitor;)Ljava/lang/Object; @ 2 c2
Event: 3.483 Thread 0x00000294c1e1ff80 DEOPT PACKING pc=0x00000294d3794d30 sp=0x000000e3f3cfd680
Event: 3.483 Thread 0x00000294c1e1ff80 DEOPT UNPACKING pc=0x00000294d31646a2 sp=0x000000e3f3cfd608 mode 2
Event: 3.483 Thread 0x00000294c1e1ff80 Uncommon trap: trap_request=0xffffffc6 fr.pc=0x00000294d3794d30 relative=0x0000000000000090
Event: 3.483 Thread 0x00000294c1e1ff80 Uncommon trap: reason=bimorphic_or_optimized_type_check action=maybe_recompile pc=0x00000294d3794d30 method=com.google.inject.internal.LinkedBindingImpl.acceptTargetVisitor(Lcom/google/inject/spi/BindingTargetVisitor;)Ljava/lang/Object; @ 2 c2
Event: 3.483 Thread 0x00000294c1e1ff80 DEOPT PACKING pc=0x00000294d3794d30 sp=0x000000e3f3cfd680
Event: 3.484 Thread 0x00000294c1e1ff80 DEOPT UNPACKING pc=0x00000294d31646a2 sp=0x000000e3f3cfd608 mode 2
Event: 3.497 Thread 0x00000294c1e1ff80 Uncommon trap: trap_request=0xffffffc6 fr.pc=0x00000294d3794d30 relative=0x0000000000000090
Event: 3.497 Thread 0x00000294c1e1ff80 Uncommon trap: reason=bimorphic_or_optimized_type_check action=maybe_recompile pc=0x00000294d3794d30 method=com.google.inject.internal.LinkedBindingImpl.acceptTargetVisitor(Lcom/google/inject/spi/BindingTargetVisitor;)Ljava/lang/Object; @ 2 c2
Event: 3.497 Thread 0x00000294c1e1ff80 DEOPT PACKING pc=0x00000294d3794d30 sp=0x000000e3f3cfd680
Event: 3.497 Thread 0x00000294c1e1ff80 DEOPT UNPACKING pc=0x00000294d31646a2 sp=0x000000e3f3cfd608 mode 2
Event: 3.497 Thread 0x00000294c1e1ff80 Uncommon trap: trap_request=0xffffffc6 fr.pc=0x00000294d3794d30 relative=0x0000000000000090
Event: 3.497 Thread 0x00000294c1e1ff80 Uncommon trap: reason=bimorphic_or_optimized_type_check action=maybe_recompile pc=0x00000294d3794d30 method=com.google.inject.internal.LinkedBindingImpl.acceptTargetVisitor(Lcom/google/inject/spi/BindingTargetVisitor;)Ljava/lang/Object; @ 2 c2
Event: 3.497 Thread 0x00000294c1e1ff80 DEOPT PACKING pc=0x00000294d3794d30 sp=0x000000e3f3cfd680
Event: 3.497 Thread 0x00000294c1e1ff80 DEOPT UNPACKING pc=0x00000294d31646a2 sp=0x000000e3f3cfd608 mode 2
Event: 3.529 Thread 0x00000294c1e1ff80 Uncommon trap: trap_request=0xffffff45 fr.pc=0x00000294d3825440 relative=0x0000000000000820
Event: 3.529 Thread 0x00000294c1e1ff80 Uncommon trap: reason=unstable_if action=reinterpret pc=0x00000294d3825440 method=java.util.HashMap.hash(Ljava/lang/Object;)I @ 1 c2
Event: 3.529 Thread 0x00000294c1e1ff80 DEOPT PACKING pc=0x00000294d3825440 sp=0x000000e3f3cfbcd0
Event: 3.529 Thread 0x00000294c1e1ff80 DEOPT UNPACKING pc=0x00000294d31646a2 sp=0x000000e3f3cfbc50 mode 2

Classes loaded (20 events):
Event: 3.530 Loading class java/time/zone/TzdbZoneRulesProvider
Event: 3.530 Loading class java/time/zone/TzdbZoneRulesProvider done
Event: 3.532 Loading class java/time/zone/Ser
Event: 3.532 Loading class java/io/Externalizable
Event: 3.532 Loading class java/io/Externalizable done
Event: 3.532 Loading class java/time/zone/Ser done
Event: 3.533 Loading class java/time/zone/ZoneOffsetTransition
Event: 3.533 Loading class java/time/zone/ZoneOffsetTransition done
Event: 3.537 Loading class jdk/internal/reflect/MethodHandleBooleanFieldAccessorImpl
Event: 3.537 Loading class jdk/internal/reflect/MethodHandleBooleanFieldAccessorImpl done
Event: 3.551 Loading class java/lang/Character$UnicodeBlock
Event: 3.551 Loading class java/lang/Character$Subset
Event: 3.551 Loading class java/lang/Character$Subset done
Event: 3.552 Loading class java/lang/Character$UnicodeBlock done
Event: 3.572 Loading class java/nio/file/NoSuchFileException
Event: 3.572 Loading class java/nio/file/NoSuchFileException done
Event: 3.576 Loading class sun/nio/cs/UTF_8$Encoder
Event: 3.577 Loading class sun/nio/cs/UTF_8$Encoder done
Event: 3.599 Loading class java/nio/file/attribute/PosixFileAttributes
Event: 3.599 Loading class java/nio/file/attribute/PosixFileAttributes done

Classes unloaded (0 events):
No events

Classes redefined (0 events):
No events

Internal exceptions (20 events):
Event: 1.364 Thread 0x00000294c1e1ff80 Exception <a 'java/lang/NoSuchMethodError'{0x00000000cd221348}: 'java.lang.Object java.lang.invoke.Invokers$Holder.invokeExact_MT(java.lang.Object, int, java.lang.Object)'> (0x00000000cd221348) 
thrown [s\open\src\hotspot\share\interpreter\linkResolver.cpp, line 773]
Event: 1.573 Thread 0x00000294c1e1ff80 Exception <a 'java/lang/NoSuchMethodError'{0x00000000cca4d6a8}: 'void java.lang.invoke.Invokers$Holder.invokeExact_MT(java.lang.Object, java.lang.Object, java.lang.Object, java.lang.Object)'> (0x00000000cca4d6a8) 
thrown [s\open\src\hotspot\share\interpreter\linkResolver.cpp, line 773]
Event: 1.590 Thread 0x00000294c1e1ff80 Exception <a 'java/lang/NoClassDefFoundError'{0x00000000ccadb070}: com/google/inject/servlet/ServletModuleTargetVisitor> (0x00000000ccadb070) 
thrown [s\open\src\hotspot\share\classfile\systemDictionary.cpp, line 301]
Event: 1.649 Thread 0x00000294c1e1ff80 Exception <a 'java/lang/NoSuchMethodError'{0x00000000cc89dea8}: 'void java.lang.invoke.DirectMethodHandle$Holder.invokeVirtual(java.lang.Object, java.lang.Object)'> (0x00000000cc89dea8) 
thrown [s\open\src\hotspot\share\interpreter\linkResolver.cpp, line 773]
Event: 1.681 Thread 0x00000294c1e1ff80 Exception <a 'java/lang/NoSuchMethodError'{0x00000000cc71d870}: 'java.lang.Object java.lang.invoke.DirectMethodHandle$Holder.invokeStaticInit(java.lang.Object, int, int, int, int)'> (0x00000000cc71d870) 
thrown [s\open\src\hotspot\share\interpreter\linkResolver.cpp, line 773]
Event: 1.796 Thread 0x00000294c1e1ff80 Implicit null exception at 0x00000294d36f72a4 to 0x00000294d36f78fc
Event: 1.796 Thread 0x00000294c1e1ff80 Implicit null exception at 0x00000294d36e0a20 to 0x00000294d36e106c
Event: 1.832 Thread 0x00000294c1e1ff80 Exception <a 'java/lang/NoSuchMethodError'{0x00000000cc257ac0}: 'void java.lang.invoke.DirectMethodHandle$Holder.invokeSpecial(java.lang.Object, java.lang.Object, java.lang.Object, java.lang.Object, java.lang.Object)'> (0x00000000cc257ac0) 
thrown [s\open\src\hotspot\share\interpreter\linkResolver.cpp, line 773]
Event: 1.833 Thread 0x00000294c1e1ff80 Exception <a 'java/lang/NoSuchMethodError'{0x00000000cc26da10}: 'void java.lang.invoke.DirectMethodHandle$Holder.invokeSpecial(java.lang.Object, java.lang.Object, java.lang.Object, java.lang.Object, java.lang.Object, java.lang.Object)'> (0x00000000cc26da10) 
thrown [s\open\src\hotspot\share\interpreter\linkResolver.cpp, line 773]
Event: 1.848 Thread 0x00000294c1e1ff80 Exception <a 'java/lang/NoSuchMethodError'{0x00000000cc164398}: 'java.lang.Object java.lang.invoke.DirectMethodHandle$Holder.invokeVirtual(java.lang.Object, java.lang.Object, java.lang.Object)'> (0x00000000cc164398) 
thrown [s\open\src\hotspot\share\interpreter\linkResolver.cpp, line 773]
Event: 1.895 Thread 0x00000294c1e1ff80 Exception <a 'java/lang/NoSuchMethodError'{0x00000000cbf3d388}: 'void java.lang.invoke.DirectMethodHandle$Holder.invokeVirtual(java.lang.Object, java.lang.Object, int)'> (0x00000000cbf3d388) 
thrown [s\open\src\hotspot\share\interpreter\linkResolver.cpp, line 773]
Event: 1.896 Thread 0x00000294c1e1ff80 Exception <a 'java/lang/NoSuchMethodError'{0x00000000cbf41138}: 'void java.lang.invoke.DirectMethodHandle$Holder.invokeSpecial(java.lang.Object, java.lang.Object, java.lang.Object, int)'> (0x00000000cbf41138) 
thrown [s\open\src\hotspot\share\interpreter\linkResolver.cpp, line 773]
Event: 1.896 Thread 0x00000294c1e1ff80 Exception <a 'java/lang/NoSuchMethodError'{0x00000000cbf44808}: 'void java.lang.invoke.DelegatingMethodHandle$Holder.reinvoke_L(java.lang.Object, java.lang.Object, int)'> (0x00000000cbf44808) 
thrown [s\open\src\hotspot\share\interpreter\linkResolver.cpp, line 773]
Event: 2.327 Thread 0x00000294c1e1ff80 Exception <a 'java/lang/NoSuchMethodError'{0x00000000cc0f4758}: 'int java.lang.invoke.DirectMethodHandle$Holder.invokeSpecialIFC(java.lang.Object, java.lang.Object, java.lang.Object, java.lang.Object)'> (0x00000000cc0f4758) 
thrown [s\open\src\hotspot\share\interpreter\linkResolver.cpp, line 773]
Event: 3.225 Thread 0x00000294c1e1ff80 Implicit null exception at 0x00000294d3868a98 to 0x00000294d3868c64
Event: 3.226 Thread 0x00000294c1e1ff80 Implicit null exception at 0x00000294d380b3bd to 0x00000294d380b441
Event: 3.311 Thread 0x00000294c1e1ff80 Exception <a 'java/lang/NoSuchMethodError'{0x00000000cc835870}: 'java.lang.Object java.lang.invoke.DirectMethodHandle$Holder.newInvokeSpecial(java.lang.Object, java.lang.Object, java.lang.Object, java.lang.Object, java.lang.Object, java.lang.Object, java.lang.Object)'> (0x00000000cc835870) 
thrown [s\open\src\hotspot\share\interpreter\linkResolver.cpp, line 773]
Event: 3.515 Thread 0x00000294c1e1ff80 Exception <a 'java/lang/NoSuchMethodError'{0x00000000ce50fdc8}: 'int java.lang.invoke.DirectMethodHandle$Holder.invokeVirtual(java.lang.Object, java.lang.Object)'> (0x00000000ce50fdc8) 
thrown [s\open\src\hotspot\share\interpreter\linkResolver.cpp, line 773]
Event: 3.529 Thread 0x00000294c1e1ff80 Implicit null exception at 0x00000294d3824c69 to 0x00000294d382542a
Event: 3.538 Thread 0x00000294c1e1ff80 Exception <a 'java/lang/NoSuchMethodError'{0x00000000ce42e790}: 'void java.lang.invoke.Invokers$Holder.invokeExact_MT(java.lang.Object, java.lang.Object, int, java.lang.Object)'> (0x00000000ce42e790) 
thrown [s\open\src\hotspot\share\interpreter\linkResolver.cpp, line 773]

ZGC Phase Switch (0 events):
No events

VM Operations (20 events):
Event: 1.771 Executing VM operation: HandshakeAllThreads (Deoptimize)
Event: 1.771 Executing VM operation: HandshakeAllThreads (Deoptimize) done
Event: 1.936 Executing VM operation: G1CollectForAllocation (G1 Evacuation Pause)
Event: 1.947 Executing VM operation: G1CollectForAllocation (G1 Evacuation Pause) done
Event: 2.185 Executing VM operation: ICBufferFull
Event: 2.185 Executing VM operation: ICBufferFull done
Event: 2.328 Executing VM operation: G1CollectForAllocation (G1 Evacuation Pause)
Event: 2.340 Executing VM operation: G1CollectForAllocation (G1 Evacuation Pause) done
Event: 2.709 Executing VM operation: ICBufferFull
Event: 2.709 Executing VM operation: ICBufferFull done
Event: 2.875 Executing VM operation: G1CollectForAllocation (G1 Evacuation Pause)
Event: 2.883 Executing VM operation: G1CollectForAllocation (G1 Evacuation Pause) done
Event: 3.392 Executing VM operation: ICBufferFull
Event: 3.392 Executing VM operation: ICBufferFull done
Event: 3.485 Executing VM operation: G1CollectForAllocation (G1 Evacuation Pause)
Event: 3.489 Executing VM operation: G1CollectForAllocation (G1 Evacuation Pause) done
Event: 3.579 Executing VM operation: G1TryInitiateConcMark (G1 Humongous Allocation)
Event: 3.585 Executing VM operation: G1TryInitiateConcMark (G1 Humongous Allocation) done
Event: 3.588 Executing VM operation: G1TryInitiateConcMark (G1 Humongous Allocation)
Event: 3.593 Executing VM operation: G1TryInitiateConcMark (G1 Humongous Allocation) done

Events (14 events):
Event: 0.023 Thread 0x00000294c1e1ff80 Thread added: 0x00000294c1e1ff80
Event: 0.035 Thread 0x00000294df129470 Thread added: 0x00000294df129470
Event: 0.035 Thread 0x00000294df12c290 Thread added: 0x00000294df12c290
Event: 0.035 Thread 0x00000294df12e670 Thread added: 0x00000294df12e670
Event: 0.035 Thread 0x00000294df12f0c0 Thread added: 0x00000294df12f0c0
Event: 0.035 Thread 0x00000294df12ff20 Thread added: 0x00000294df12ff20
Event: 0.035 Thread 0x00000294df131050 Thread added: 0x00000294df131050
Event: 0.036 Thread 0x00000294df1390c0 Thread added: 0x00000294df1390c0
Event: 0.036 Thread 0x00000294df13af90 Thread added: 0x00000294df13af90
Event: 0.049 Thread 0x00000294df132400 Thread added: 0x00000294df132400
Event: 0.051 Thread 0x00000294df131d70 Thread added: 0x00000294df131d70
Event: 0.199 Thread 0x00000294df132a90 Thread added: 0x00000294df132a90
Event: 0.207 Thread 0x00000294df132a90 Thread exited: 0x00000294df132a90
Event: 1.745 Thread 0x00000294df1316e0 Thread added: 0x00000294df1316e0


Dynamic libraries:
0x00007ff7f5bf0000 - 0x00007ff7f5c00000 	C:\Program Files\Java\jdk-21\bin\java.exe
0x00007ffff2ff0000 - 0x00007ffff3207000 	C:\Windows\SYSTEM32\ntdll.dll
0x00007ffff2260000 - 0x00007ffff2324000 	C:\Windows\System32\KERNEL32.DLL
0x00007ffff0950000 - 0x00007ffff0d09000 	C:\Windows\System32\KERNELBASE.dll
0x00007ffff02f0000 - 0x00007ffff0401000 	C:\Windows\System32\ucrtbase.dll
0x00007fffe7a00000 - 0x00007fffe7a1b000 	C:\Program Files\Java\jdk-21\bin\VCRUNTIME140.dll
0x00007fffd4250000 - 0x00007fffd4269000 	C:\Program Files\Java\jdk-21\bin\jli.dll
0x00007ffff2180000 - 0x00007ffff2232000 	C:\Windows\System32\ADVAPI32.dll
0x00007ffff1770000 - 0x00007ffff1817000 	C:\Windows\System32\msvcrt.dll
0x00007ffff2440000 - 0x00007ffff24e7000 	C:\Windows\System32\sechost.dll
0x00007ffff0920000 - 0x00007ffff0948000 	C:\Windows\System32\bcrypt.dll
0x00007ffff1590000 - 0x00007ffff16a4000 	C:\Windows\System32\RPCRT4.dll
0x00007ffff1fd0000 - 0x00007ffff217e000 	C:\Windows\System32\USER32.dll
0x00007ffff0780000 - 0x00007ffff07a6000 	C:\Windows\System32\win32u.dll
0x00007ffff2da0000 - 0x00007ffff2dc9000 	C:\Windows\System32\GDI32.dll
0x00007ffff0410000 - 0x00007ffff052b000 	C:\Windows\System32\gdi32full.dll
0x00007fffdeb00000 - 0x00007fffded92000 	C:\Windows\WinSxS\amd64_microsoft.windows.common-controls_6595b64144ccf1df_6.0.22621.4391_none_2715d37f73803e96\COMCTL32.dll
0x00007ffff06e0000 - 0x00007ffff077a000 	C:\Windows\System32\msvcp_win.dll
0x00007fffe5e50000 - 0x00007fffe5e5a000 	C:\Windows\SYSTEM32\VERSION.dll
0x00007ffff2d50000 - 0x00007ffff2d81000 	C:\Windows\System32\IMM32.DLL
0x00007fffe8f30000 - 0x00007fffe8f3c000 	C:\Program Files\Java\jdk-21\bin\vcruntime140_1.dll
0x00007fffb92c0000 - 0x00007fffb934e000 	C:\Program Files\Java\jdk-21\bin\msvcp140.dll
0x00007fff62810000 - 0x00007fff63528000 	C:\Program Files\Java\jdk-21\bin\server\jvm.dll
0x00007ffff1f40000 - 0x00007ffff1fb1000 	C:\Windows\System32\WS2_32.dll
0x00007ffff01c0000 - 0x00007ffff020d000 	C:\Windows\SYSTEM32\POWRPROF.dll
0x00007fffeb000000 - 0x00007fffeb034000 	C:\Windows\SYSTEM32\WINMM.dll
0x00007ffff01a0000 - 0x00007ffff01b3000 	C:\Windows\SYSTEM32\UMPDC.dll
0x00007fffef2f0000 - 0x00007fffef308000 	C:\Windows\SYSTEM32\kernel.appcore.dll
0x00007fffe7b10000 - 0x00007fffe7b1a000 	C:\Program Files\Java\jdk-21\bin\jimage.dll
0x00007fffe4e70000 - 0x00007fffe50a2000 	C:\Windows\SYSTEM32\DBGHELP.DLL
0x00007ffff1820000 - 0x00007ffff1baf000 	C:\Windows\System32\combase.dll
0x00007ffff2ed0000 - 0x00007ffff2fa7000 	C:\Windows\System32\OLEAUT32.dll
0x00007fffe4e00000 - 0x00007fffe4e32000 	C:\Windows\SYSTEM32\dbgcore.DLL
0x00007ffff05f0000 - 0x00007ffff066b000 	C:\Windows\System32\bcryptPrimitives.dll
0x00007fffe7910000 - 0x00007fffe792f000 	C:\Program Files\Java\jdk-21\bin\java.dll
0x00007ffff0d10000 - 0x00007ffff1586000 	C:\Windows\System32\SHELL32.dll
0x00007fffee1e0000 - 0x00007fffeeae3000 	C:\Windows\SYSTEM32\windows.storage.dll
0x00007fffee0a0000 - 0x00007fffee1df000 	C:\Windows\SYSTEM32\wintypes.dll
0x00007ffff2dd0000 - 0x00007ffff2ec9000 	C:\Windows\System32\SHCORE.dll
0x00007ffff1710000 - 0x00007ffff176e000 	C:\Windows\System32\shlwapi.dll
0x00007ffff0220000 - 0x00007ffff024b000 	C:\Windows\SYSTEM32\profapi.dll
0x00007fffb5d30000 - 0x00007fffb5e07000 	C:\Program Files\Java\jdk-21\bin\jsvml.dll
0x00007fffe78a0000 - 0x00007fffe78b0000 	C:\Program Files\Java\jdk-21\bin\net.dll
0x00007fffeba50000 - 0x00007fffebb86000 	C:\Windows\SYSTEM32\WINHTTP.dll
0x00007fffef760000 - 0x00007fffef7c9000 	C:\Windows\system32\mswsock.dll
0x00007fffdce40000 - 0x00007fffdce56000 	C:\Program Files\Java\jdk-21\bin\nio.dll
0x00007fffdc350000 - 0x00007fffdc368000 	C:\Program Files\Java\jdk-21\bin\zip.dll
0x00007fffd4220000 - 0x00007fffd4244000 	C:\Users\kuber\.m2\wrapper\dists\apache-maven-3.9.9\977a63e90f436cd6ade95b4c0e10c20c\lib\jansi-native\Windows\x86_64\jansi.dll
0x00007fffdb4d0000 - 0x00007fffdb4e0000 	C:\Program Files\Java\jdk-21\bin\verify.dll

dbghelp: loaded successfully - version: 4.0.5 - missing functions: none
symbol engine: initialized successfully - sym options: 0x614 - pdb path: .;C:\Program Files\Java\jdk-21\bin;C:\Windows\SYSTEM32;C:\Windows\WinSxS\amd64_microsoft.windows.common-controls_6595b64144ccf1df_6.0.22621.4391_none_2715d37f73803e96;C:\Program Files\Java\jdk-21\bin\server;C:\Users\kuber\.m2\wrapper\dists\apache-maven-3.9.9\977a63e90f436cd6ade95b4c0e10c20c\lib\jansi-native\Windows\x86_64

VM Arguments:
jvm_args: -Dclassworlds.conf=C:\Users\kuber\.m2\wrapper\dists\apache-maven-3.9.9\977a63e90f436cd6ade95b4c0e10c20c\bin\m2.conf -Dmaven.home=C:\Users\kuber\.m2\wrapper\dists\apache-maven-3.9.9\977a63e90f436cd6ade95b4c0e10c20c -Dlibrary.jansi.path=C:\Users\kuber\.m2\wrapper\dists\apache-maven-3.9.9\977a63e90f436cd6ade95b4c0e10c20c\lib\jansi-native -Dmaven.multiModuleProjectDirectory=d:\Siddhant\coding\banking\OnlineBanking 
java_command: org.codehaus.plexus.classworlds.launcher.Launcher package -f d:\Siddhant\coding\banking\OnlineBanking\pom.xml
java_class_path (initial): C:\Users\kuber\.m2\wrapper\dists\apache-maven-3.9.9\977a63e90f436cd6ade95b4c0e10c20c\boot\plexus-classworlds-2.8.0.jar
Launcher Type: SUN_STANDARD

[Global flags]
     intx CICompilerCount                          = 4                                         {product} {ergonomic}
     uint ConcGCThreads                            = 2                                         {product} {ergonomic}
     uint G1ConcRefinementThreads                  = 8                                         {product} {ergonomic}
   size_t G1HeapRegionSize                         = 1048576                                   {product} {ergonomic}
    uintx GCDrainStackTargetSize                   = 64                                        {product} {ergonomic}
   size_t InitialHeapSize                          = 56623104                                  {product} {ergonomic}
   size_t MarkStackSize                            = 4194304                                   {product} {ergonomic}
   size_t MaxHeapSize                              = 899678208                                 {product} {ergonomic}
   size_t MaxNewSize                               = 538968064                                 {product} {ergonomic}
   size_t MinHeapDeltaBytes                        = 1048576                                   {product} {ergonomic}
   size_t MinHeapSize                              = 8388608                                   {product} {ergonomic}
    uintx NonNMethodCodeHeapSize                   = 5839372                                {pd product} {ergonomic}
    uintx NonProfiledCodeHeapSize                  = 122909434                              {pd product} {ergonomic}
    uintx ProfiledCodeHeapSize                     = 122909434                              {pd product} {ergonomic}
    uintx ReservedCodeCacheSize                    = 251658240                              {pd product} {ergonomic}
     bool SegmentedCodeCache                       = true                                      {product} {ergonomic}
   size_t SoftMaxHeapSize                          = 899678208                              {manageable} {ergonomic}
     bool UseCompressedOops                        = true                           {product lp64_product} {ergonomic}
     bool UseG1GC                                  = true                                      {product} {ergonomic}
     bool UseLargePagesIndividualAllocation        = false                                  {pd product} {ergonomic}

Logging:
Log output configuration:
 #0: stdout all=warning uptime,level,tags foldmultilines=false
 #1: stderr all=off uptime,level,tags foldmultilines=false

Environment Variables:
PATH=C:\Program Files\Common Files\Oracle\Java\javapath;C:\Windows\system32;C:\Windows;C:\Windows\System32\Wbem;C:\Windows\System32\WindowsPowerShell\v1.0\;C:\Windows\System32\OpenSSH\;C:\Program Files\dotnet\;C:\Program Files\Git\cmd;C:\Program Files\nodejs\;C:\ProgramData\chocolatey\bin;C:\Program Files\MySQL\MySQL Shell 8.0\bin\;C:\Users\kuber\AppData\Local\Microsoft\WindowsApps;C:\Users\kuber\.dotnet\tools;C:\Users\kuber\AppData\Local\Programs\Microsoft VS Code\bin;C:\Users\kuber\AppData\Roaming\npm
USERNAME=kuber
LANG=en_US.UTF-8
OS=Windows_NT
PROCESSOR_IDENTIFIER=AMD64 Family 23 Model 104 Stepping 1, AuthenticAMD
TMP=C:\Users\kuber\AppData\Local\Temp
TEMP=C:\Users\kuber\AppData\Local\Temp




Periodic native trim disabled

---------------  S Y S T E M  ---------------

OS:
 Windows 11 , 64 bit Build 22621 (10.0.22621.4391)
OS uptime: 31 days 21:55 hours
Hyper-V role detected

CPU: total 8 (initial active 8) (8 cores per cpu, 2 threads per core) family 23 model 104 stepping 1 microcode 0x0, cx8, cmov, fxsr, ht, mmx, 3dnowpref, sse, sse2, sse3, ssse3, sse4a, sse4.1, sse4.2, popcnt, lzcnt, tsc, tscinvbit, avx, avx2, aes, clmul, bmi1, bmi2, adx, sha, fma, vzeroupper, clflush, clflushopt, hv, rdtscp, rdpid, f16c
Processor Information for processor 0
  Max Mhz: 2600, Current Mhz: 2080, Mhz Limit: 2600
Processor Information for processor 1
  Max Mhz: 2600, Current Mhz: 2080, Mhz Limit: 2600
Processor Information for processor 2
  Max Mhz: 2600, Current Mhz: 2080, Mhz Limit: 2600
Processor Information for processor 3
  Max Mhz: 2600, Current Mhz: 2600, Mhz Limit: 2600
Processor Information for processor 4
  Max Mhz: 2600, Current Mhz: 2600, Mhz Limit: 2600
Processor Information for processor 5
  Max Mhz: 2600, Current Mhz: 2080, Mhz Limit: 2600
Processor Information for processor 6
  Max Mhz: 2600, Current Mhz: 2080, Mhz Limit: 2600
Processor Information for processor 7
  Max Mhz: 2600, Current Mhz: 2080, Mhz Limit: 2600

Memory: 4k page, system-wide physical 3429M (171M free)
TotalPageFile size 14181M (AvailPageFile size 13M)
current process WorkingSet (physical memory assigned to process): 155M, peak: 155M
current process commit charge ("private bytes"): 203M, peak: 204M

vm_info: Java HotSpot(TM) 64-Bit Server VM (21.0.5+9-LTS-239) for windows-amd64 JRE (21.0.5+9-LTS-239), built on 2024-09-30T05:17:38Z by "mach5one" with MS VC++ 17.6 (VS2022)

END.
