#
# There is insufficient memory for the Java Runtime Environment to continue.
# Native memory allocation (malloc) failed to allocate 612736 bytes. Error detail: Chunk::new
# Possible reasons:
#   The system is out of physical RAM or swap space
#   This process is running with CompressedOops enabled, and the Java Heap may be blocking the growth of the native heap
# Possible solutions:
#   Reduce memory load on the system
#   Increase physical memory or swap space
#   Check if swap backing store is full
#   Decrease Java heap size (-Xmx/-Xms)
#   Decrease number of Java threads
#   Decrease Java thread stack sizes (-Xss)
#   Set larger code cache with -XX:ReservedCodeCacheSize=
#   JVM is running with Unscaled Compressed Oops mode in which the Java heap is
#     placed in the first 4GB address space. The Java Heap base address is the
#     maximum limit for the native heap growth. Please use -XX:HeapBaseMinAddress
#     to set the Java Heap base and to place the Java Heap above 4GB virtual address.
# This output file may be truncated or incomplete.
#
#  Out of Memory Error (arena.cpp:168), pid=14064, tid=19164
#
# JRE version: OpenJDK Runtime Environment Temurin-21.0.6+7 (21.0.6+7) (build 21.0.6+7-LTS)
# Java VM: OpenJDK 64-Bit Server VM Temurin-21.0.6+7 (21.0.6+7-LTS, mixed mode, sharing, tiered, compressed oops, compressed class ptrs, parallel gc, windows-amd64)
# No core dump will be written. Minidumps are not enabled by default on client versions of Windows
#

---------------  S U M M A R Y ------------

Command Line: --add-modules=ALL-SYSTEM --add-opens=java.base/java.util=ALL-UNNAMED --add-opens=java.base/java.lang=ALL-UNNAMED --add-opens=java.base/sun.nio.fs=ALL-UNNAMED -Declipse.application=org.eclipse.jdt.ls.core.id1 -Dosgi.bundles.defaultStartLevel=4 -Declipse.product=org.eclipse.jdt.ls.core.product -Djava.import.generatesMetadataFilesAtProjectRoot=false -DDetectVMInstallationsJob.disabled=true -Dfile.encoding=utf8 -XX:+UseParallelGC -XX:GCTimeRatio=4 -XX:AdaptiveSizePolicyWeight=90 -Dsun.zip.disableMemoryMapping=true -Xmx1G -Xms100m -Xlog:disable -javaagent:c:\Users\kuber\.vscode\extensions\redhat.java-1.40.0-win32-x64\lombok\lombok-1.18.36.jar -XX:+HeapDumpOnOutOfMemoryError -XX:HeapDumpPath=c:\Users\kuber\AppData\Roaming\Code\User\workspaceStorage\0767b1f2905f8411273a4aa30b8beb70\redhat.java -Daether.dependencyCollector.impl=bf c:\Users\kuber\.vscode\extensions\redhat.java-1.40.0-win32-x64\server\plugins\org.eclipse.equinox.launcher_1.6.1000.v20250131-0606.jar -configuration c:\Users\kuber\AppData\Roaming\Code\User\globalStorage\redhat.java\1.40.0\config_win -data c:\Users\kuber\AppData\Roaming\Code\User\workspaceStorage\0767b1f2905f8411273a4aa30b8beb70\redhat.java\jdt_ws --pipe=\\.\pipe\lsp-3f6efaccb76a451607626bc52c1efb4c-sock

Host: AMD Ryzen 3 5300U with Radeon Graphics         , 8 cores, 3G,  Windows 11 , 64 bit Build 22621 (10.0.22621.4391)
Time: Wed Mar 12 12:57:01 2025 India Standard Time elapsed time: 37.430775 seconds (0d 0h 0m 37s)

---------------  T H R E A D  ---------------

Current thread (0x000001839b5a4ba0):  JavaThread "C2 CompilerThread0" daemon [_thread_in_native, id=19164, stack(0x0000007e63100000,0x0000007e63200000) (1024K)]


Current CompileTask:
C2:37430 12197       4       org.lombokweb.asm.ClassReader::readMethod (1070 bytes)

Stack: [0x0000007e63100000,0x0000007e63200000]
Native frames: (J=compiled Java code, j=interpreted, Vv=VM code, C=native code)
V  [jvm.dll+0x6cdee9]
V  [jvm.dll+0x8a83d1]
V  [jvm.dll+0x8aa8fe]
V  [jvm.dll+0x8aafe3]
V  [jvm.dll+0x27f706]
V  [jvm.dll+0xc500d]
V  [jvm.dll+0xc5543]
V  [jvm.dll+0x2f2acd]
V  [jvm.dll+0x5f6a2a]
V  [jvm.dll+0x250bb2]
V  [jvm.dll+0x24937c]
V  [jvm.dll+0x246ec4]
V  [jvm.dll+0x1c75ee]
V  [jvm.dll+0x25685a]
V  [jvm.dll+0x254dfa]
V  [jvm.dll+0x3f0256]
V  [jvm.dll+0x851f8b]
V  [jvm.dll+0x6cc5ed]
C  [ucrtbase.dll+0x29333]
C  [KERNEL32.DLL+0x1259d]
C  [ntdll.dll+0x5af38]


---------------  P R O C E S S  ---------------

Threads class SMR info:
_java_thread_list=0x00000183e2a215e0, length=69, elements={
0x00000183871dadf0, 0x000001839b58b170, 0x000001839b58c120, 0x000001839b58ebe0,
0x000001839b58fc20, 0x000001839b5928b0, 0x000001839b594de0, 0x000001839b5a4ba0,
0x000001839b5a8ab0, 0x00000183e20cd940, 0x00000183e227e340, 0x00000183e283c280,
0x00000183e285e390, 0x00000183e2f2f330, 0x00000183e2a88f80, 0x00000183e3458c80,
0x00000183e356d470, 0x00000183e3580e30, 0x00000183e35807a0, 0x00000183e357ed60,
0x00000183e357e040, 0x00000183e3580110, 0x00000183e35814c0, 0x00000183e357e6d0,
0x00000183e4cd0ba0, 0x00000183e4ccd090, 0x00000183e4cd25e0, 0x00000183e4ccfe80,
0x00000183e4cd3990, 0x00000183e4ccead0, 0x00000183e4cd1230, 0x00000183e4cd0510,
0x00000183e4cd4020, 0x00000183e4ccf7f0, 0x00000183e4cd18c0, 0x00000183e4cd2c70,
0x00000183e4cd1f50, 0x00000183e4ccddb0, 0x00000183e4ccf160, 0x00000183e4cd3300,
0x00000183e4d30a70, 0x00000183e4d2f6c0, 0x00000183e4d2bbb0, 0x00000183e4d2e310,
0x00000183e4d2d5f0, 0x00000183e4d2ae90, 0x00000183e4d2cf60, 0x00000183e4d31100,
0x00000183e4d2e9a0, 0x00000183e4d2c8d0, 0x00000183e4d31790, 0x00000183e4d31e20,
0x00000183e4d324b0, 0x00000183e4d2b520, 0x00000183e4d2c240, 0x00000183e4d2fd50,
0x00000183e4d303e0, 0x00000183e5d89620, 0x00000183e5d8b060, 0x00000183e5d89cb0,
0x00000183e5d88270, 0x00000183e5d88900, 0x00000183e5d8de50, 0x00000183e5d8a9d0,
0x00000183e5d8a340, 0x00000183e5d8bd80, 0x00000183e5d8c410, 0x00000183e5d8caa0,
0x00000183e5d87be0
}

Java Threads: ( => current thread )
  0x00000183871dadf0 JavaThread "main"                              [_thread_blocked, id=3604, stack(0x0000007e62700000,0x0000007e62800000) (1024K)]
  0x000001839b58b170 JavaThread "Reference Handler"          daemon [_thread_blocked, id=17740, stack(0x0000007e62b00000,0x0000007e62c00000) (1024K)]
  0x000001839b58c120 JavaThread "Finalizer"                  daemon [_thread_blocked, id=14968, stack(0x0000007e62c00000,0x0000007e62d00000) (1024K)]
  0x000001839b58ebe0 JavaThread "Signal Dispatcher"          daemon [_thread_blocked, id=6328, stack(0x0000007e62d00000,0x0000007e62e00000) (1024K)]
  0x000001839b58fc20 JavaThread "Attach Listener"            daemon [_thread_blocked, id=26136, stack(0x0000007e62e00000,0x0000007e62f00000) (1024K)]
  0x000001839b5928b0 JavaThread "Service Thread"             daemon [_thread_blocked, id=26256, stack(0x0000007e62f00000,0x0000007e63000000) (1024K)]
  0x000001839b594de0 JavaThread "Monitor Deflation Thread"   daemon [_thread_blocked, id=20664, stack(0x0000007e63000000,0x0000007e63100000) (1024K)]
=>0x000001839b5a4ba0 JavaThread "C2 CompilerThread0"         daemon [_thread_in_native, id=19164, stack(0x0000007e63100000,0x0000007e63200000) (1024K)]
  0x000001839b5a8ab0 JavaThread "C1 CompilerThread0"         daemon [_thread_blocked, id=16716, stack(0x0000007e63200000,0x0000007e63300000) (1024K)]
  0x00000183e20cd940 JavaThread "Common-Cleaner"             daemon [_thread_blocked, id=22300, stack(0x0000007e63300000,0x0000007e63400000) (1024K)]
  0x00000183e227e340 JavaThread "Notification Thread"        daemon [_thread_blocked, id=2492, stack(0x0000007e63400000,0x0000007e63500000) (1024K)]
  0x00000183e283c280 JavaThread "Active Thread: Equinox Container: 24630eab-951d-4e03-ac6f-1858ac77cf0c"        [_thread_blocked, id=22772, stack(0x0000007e63b00000,0x0000007e63c00000) (1024K)]
  0x00000183e285e390 JavaThread "Refresh Thread: Equinox Container: 24630eab-951d-4e03-ac6f-1858ac77cf0c" daemon [_thread_blocked, id=17488, stack(0x0000007e63c00000,0x0000007e63d00000) (1024K)]
  0x00000183e2f2f330 JavaThread "Framework Event Dispatcher: Equinox Container: 24630eab-951d-4e03-ac6f-1858ac77cf0c" daemon [_thread_blocked, id=25700, stack(0x0000007e63e00000,0x0000007e63f00000) (1024K)]
  0x00000183e2a88f80 JavaThread "Start Level: Equinox Container: 24630eab-951d-4e03-ac6f-1858ac77cf0c" daemon [_thread_blocked, id=2488, stack(0x0000007e63f00000,0x0000007e64000000) (1024K)]
  0x00000183e3458c80 JavaThread "Bundle File Closer"         daemon [_thread_blocked, id=14288, stack(0x0000007e64000000,0x0000007e64100000) (1024K)]
  0x00000183e356d470 JavaThread "SCR Component Actor"        daemon [_thread_blocked, id=15252, stack(0x0000007e64100000,0x0000007e64200000) (1024K)]
  0x00000183e3580e30 JavaThread "Worker-JM"                         [_thread_blocked, id=23264, stack(0x0000007e64300000,0x0000007e64400000) (1024K)]
  0x00000183e35807a0 JavaThread "JNA Cleaner"                daemon [_thread_blocked, id=17280, stack(0x0000007e64400000,0x0000007e64500000) (1024K)]
  0x00000183e357ed60 JavaThread "Worker-0"                          [_thread_blocked, id=18220, stack(0x0000007e64500000,0x0000007e64600000) (1024K)]
  0x00000183e357e040 JavaThread "Worker-1"                          [_thread_blocked, id=14280, stack(0x0000007e64600000,0x0000007e64700000) (1024K)]
  0x00000183e3580110 JavaThread "Worker-2"                          [_thread_blocked, id=19380, stack(0x0000007e64700000,0x0000007e64800000) (1024K)]
  0x00000183e35814c0 JavaThread "Java indexing"              daemon [_thread_blocked, id=14980, stack(0x0000007e64800000,0x0000007e64900000) (1024K)]
  0x00000183e357e6d0 JavaThread "Worker-3"                          [_thread_blocked, id=24244, stack(0x0000007e64b00000,0x0000007e64c00000) (1024K)]
  0x00000183e4cd0ba0 JavaThread "Worker-4"                          [_thread_blocked, id=8612, stack(0x0000007e64c00000,0x0000007e64d00000) (1024K)]
  0x00000183e4ccd090 JavaThread "Thread-2"                   daemon [_thread_in_native, id=18400, stack(0x0000007e64d00000,0x0000007e64e00000) (1024K)]
  0x00000183e4cd25e0 JavaThread "Thread-3"                   daemon [_thread_in_native, id=20588, stack(0x0000007e64e00000,0x0000007e64f00000) (1024K)]
  0x00000183e4ccfe80 JavaThread "Thread-4"                   daemon [_thread_in_native, id=20424, stack(0x0000007e64f00000,0x0000007e65000000) (1024K)]
  0x00000183e4cd3990 JavaThread "Thread-5"                   daemon [_thread_in_native, id=25828, stack(0x0000007e65000000,0x0000007e65100000) (1024K)]
  0x00000183e4ccead0 JavaThread "Thread-6"                   daemon [_thread_in_native, id=6812, stack(0x0000007e65100000,0x0000007e65200000) (1024K)]
  0x00000183e4cd1230 JavaThread "Thread-7"                   daemon [_thread_in_native, id=21412, stack(0x0000007e65200000,0x0000007e65300000) (1024K)]
  0x00000183e4cd0510 JavaThread "Thread-8"                   daemon [_thread_in_native, id=11292, stack(0x0000007e65300000,0x0000007e65400000) (1024K)]
  0x00000183e4cd4020 JavaThread "Thread-9"                   daemon [_thread_in_native, id=9160, stack(0x0000007e65400000,0x0000007e65500000) (1024K)]
  0x00000183e4ccf7f0 JavaThread "Thread-10"                  daemon [_thread_in_native, id=6948, stack(0x0000007e65500000,0x0000007e65600000) (1024K)]
  0x00000183e4cd18c0 JavaThread "pool-2-thread-1"                   [_thread_blocked, id=2900, stack(0x0000007e65600000,0x0000007e65700000) (1024K)]
  0x00000183e4cd2c70 JavaThread "WorkspaceEventsHandler"            [_thread_blocked, id=25220, stack(0x0000007e65700000,0x0000007e65800000) (1024K)]
  0x00000183e4cd1f50 JavaThread "pool-1-thread-1"                   [_thread_blocked, id=8876, stack(0x0000007e65800000,0x0000007e65900000) (1024K)]
  0x00000183e4ccddb0 JavaThread "Worker-5"                          [_thread_blocked, id=580, stack(0x0000007e65900000,0x0000007e65a00000) (1024K)]
  0x00000183e4ccf160 JavaThread "Worker-6"                          [_thread_blocked, id=26060, stack(0x0000007e65a00000,0x0000007e65b00000) (1024K)]
  0x00000183e4cd3300 JavaThread "Worker-7"                          [_thread_blocked, id=24000, stack(0x0000007e65b00000,0x0000007e65c00000) (1024K)]
  0x00000183e4d30a70 JavaThread "LocalFile Deleter"          daemon [_thread_blocked, id=26272, stack(0x0000007e65c00000,0x0000007e65d00000) (1024K)]
  0x00000183e4d2f6c0 JavaThread "LocalFile Deleter"          daemon [_thread_blocked, id=22224, stack(0x0000007e65d00000,0x0000007e65e00000) (1024K)]
  0x00000183e4d2bbb0 JavaThread "LocalFile Deleter"          daemon [_thread_blocked, id=10532, stack(0x0000007e65e00000,0x0000007e65f00000) (1024K)]
  0x00000183e4d2e310 JavaThread "LocalFile Deleter"          daemon [_thread_blocked, id=25664, stack(0x0000007e65f00000,0x0000007e66000000) (1024K)]
  0x00000183e4d2d5f0 JavaThread "LocalFile Deleter"          daemon [_thread_blocked, id=23640, stack(0x0000007e66000000,0x0000007e66100000) (1024K)]
  0x00000183e4d2ae90 JavaThread "LocalFile Deleter"          daemon [_thread_blocked, id=23884, stack(0x0000007e66100000,0x0000007e66200000) (1024K)]
  0x00000183e4d2cf60 JavaThread "LocalFile Deleter"          daemon [_thread_blocked, id=19776, stack(0x0000007e66200000,0x0000007e66300000) (1024K)]
  0x00000183e4d31100 JavaThread "LocalFile Deleter"          daemon [_thread_blocked, id=25528, stack(0x0000007e66300000,0x0000007e66400000) (1024K)]
  0x00000183e4d2e9a0 JavaThread "Compiler Source File Reader" daemon [_thread_blocked, id=14916, stack(0x0000007e66400000,0x0000007e66500000) (1024K)]
  0x00000183e4d2c8d0 JavaThread "Compiler Source File Reader" daemon [_thread_blocked, id=24148, stack(0x0000007e66500000,0x0000007e66600000) (1024K)]
  0x00000183e4d31790 JavaThread "Compiler Source File Reader" daemon [_thread_blocked, id=16288, stack(0x0000007e66600000,0x0000007e66700000) (1024K)]
  0x00000183e4d31e20 JavaThread "Compiler Source File Reader" daemon [_thread_blocked, id=19724, stack(0x0000007e66700000,0x0000007e66800000) (1024K)]
  0x00000183e4d324b0 JavaThread "Compiler Source File Reader" daemon [_thread_blocked, id=23940, stack(0x0000007e66800000,0x0000007e66900000) (1024K)]
  0x00000183e4d2b520 JavaThread "Compiler Source File Reader" daemon [_thread_blocked, id=4592, stack(0x0000007e66900000,0x0000007e66a00000) (1024K)]
  0x00000183e4d2c240 JavaThread "Compiler Processing Task"   daemon [_thread_blocked, id=1276, stack(0x0000007e66a00000,0x0000007e66b00000) (1024K)]
  0x00000183e4d2fd50 JavaThread "Compiler Class File Writer" daemon [_thread_blocked, id=22656, stack(0x0000007e66b00000,0x0000007e66c00000) (1024K)]
  0x00000183e4d303e0 JavaThread "Compiler Class File Writer" daemon [_thread_blocked, id=24296, stack(0x0000007e66c00000,0x0000007e66d00000) (1024K)]
  0x00000183e5d89620 JavaThread "Compiler Class File Writer" daemon [_thread_blocked, id=23180, stack(0x0000007e66d00000,0x0000007e66e00000) (1024K)]
  0x00000183e5d8b060 JavaThread "Compiler Class File Writer" daemon [_thread_blocked, id=6860, stack(0x0000007e66e00000,0x0000007e66f00000) (1024K)]
  0x00000183e5d89cb0 JavaThread "Compiler Class File Writer" daemon [_thread_blocked, id=14988, stack(0x0000007e66f00000,0x0000007e67000000) (1024K)]
  0x00000183e5d88270 JavaThread "Compiler Class File Writer" daemon [_thread_blocked, id=17788, stack(0x0000007e67000000,0x0000007e67100000) (1024K)]
  0x00000183e5d88900 JavaThread "ForkJoinPool.commonPool-worker-1" daemon [_thread_blocked, id=12228, stack(0x0000007e64200000,0x0000007e64300000) (1024K)]
  0x00000183e5d8de50 JavaThread "ForkJoinPool.commonPool-worker-2" daemon [_thread_blocked, id=22124, stack(0x0000007e67100000,0x0000007e67200000) (1024K)]
  0x00000183e5d8a9d0 JavaThread "ForkJoinPool.commonPool-worker-3" daemon [_thread_blocked, id=13248, stack(0x0000007e67200000,0x0000007e67300000) (1024K)]
  0x00000183e5d8a340 JavaThread "SCR Component Registry"     daemon [_thread_blocked, id=23752, stack(0x0000007e67300000,0x0000007e67400000) (1024K)]
  0x00000183e5d8bd80 JavaThread "ForkJoinPool.commonPool-worker-4" daemon [_thread_blocked, id=17072, stack(0x0000007e67400000,0x0000007e67500000) (1024K)]
  0x00000183e5d8c410 JavaThread "ForkJoinPool.commonPool-worker-5" daemon [_thread_blocked, id=3864, stack(0x0000007e67500000,0x0000007e67600000) (1024K)]
  0x00000183e5d8caa0 JavaThread "ForkJoinPool.commonPool-worker-6" daemon [_thread_blocked, id=24160, stack(0x0000007e67600000,0x0000007e67700000) (1024K)]
  0x00000183e5d87be0 JavaThread "ForkJoinPool.commonPool-worker-7" daemon [_thread_blocked, id=21500, stack(0x0000007e67700000,0x0000007e67800000) (1024K)]
Total: 69

Other Threads:
  0x000001839b5725d0 VMThread "VM Thread"                           [id=18672, stack(0x0000007e62a00000,0x0000007e62b00000) (1024K)]
  0x0000018387245fe0 WatcherThread "VM Periodic Task Thread"        [id=10272, stack(0x0000007e62900000,0x0000007e62a00000) (1024K)]
  0x00000183871fa120 WorkerThread "GC Thread#0"                     [id=17160, stack(0x0000007e62800000,0x0000007e62900000) (1024K)]
  0x00000183e28e1c60 WorkerThread "GC Thread#1"                     [id=14748, stack(0x0000007e63500000,0x0000007e63600000) (1024K)]
  0x00000183e2a564e0 WorkerThread "GC Thread#2"                     [id=11320, stack(0x0000007e63600000,0x0000007e63700000) (1024K)]
  0x00000183e2a56880 WorkerThread "GC Thread#3"                     [id=25108, stack(0x0000007e63700000,0x0000007e63800000) (1024K)]
  0x00000183e2a56c20 WorkerThread "GC Thread#4"                     [id=22212, stack(0x0000007e63800000,0x0000007e63900000) (1024K)]
  0x00000183e28e2000 WorkerThread "GC Thread#5"                     [id=11652, stack(0x0000007e63900000,0x0000007e63a00000) (1024K)]
  0x00000183e28e27b0 WorkerThread "GC Thread#6"                     [id=11212, stack(0x0000007e63a00000,0x0000007e63b00000) (1024K)]
  0x00000183e2938b60 WorkerThread "GC Thread#7"                     [id=24324, stack(0x0000007e63d00000,0x0000007e63e00000) (1024K)]
Total: 10

Threads with active compile tasks:
C2 CompilerThread0  37454 12197       4       org.lombokweb.asm.ClassReader::readMethod (1070 bytes)
Total: 1

VM state: not at safepoint (normal execution)

VM Mutex/Monitor currently owned by a thread: None

Heap address: 0x00000000c0000000, size: 1024 MB, Compressed Oops mode: 32-bit

CDS archive(s) mapped at: [0x000001839c000000-0x000001839cba0000-0x000001839cba0000), size 12189696, SharedBaseAddress: 0x000001839c000000, ArchiveRelocationMode: 1.
Compressed class space mapped at: 0x000001839d000000-0x00000183dd000000, reserved size: 1073741824
Narrow klass base: 0x000001839c000000, Narrow klass shift: 0, Narrow klass range: 0x100000000

GC Precious Log:
 CardTable entry size: 512
 CPUs: 8 total, 8 available
 Memory: 3429M
 Large Page Support: Disabled
 NUMA Support: Disabled
 Compressed Oops: Enabled (32-bit)
 Alignments: Space 512K, Generation 512K, Heap 2M
 Heap Min Capacity: 100M
 Heap Initial Capacity: 100M
 Heap Max Capacity: 1G
 Pre-touch: Disabled
 Parallel Workers: 8

Heap:
 PSYoungGen      total 57344K, used 7936K [0x00000000eab00000, 0x00000000ef800000, 0x0000000100000000)
  eden space 54272K, 9% used [0x00000000eab00000,0x00000000eafc6ab0,0x00000000ee000000)
  from space 3072K, 99% used [0x00000000ee900000,0x00000000eebf9948,0x00000000eec00000)
  to   space 9216K, 0% used [0x00000000ee000000,0x00000000ee000000,0x00000000ee900000)
 ParOldGen       total 386560K, used 386421K [0x00000000c0000000, 0x00000000d7980000, 0x00000000eab00000)
  object space 386560K, 99% used [0x00000000c0000000,0x00000000d795d680,0x00000000d7980000)
 Metaspace       used 62795K, committed 64320K, reserved 1114112K
  class space    used 6485K, committed 7168K, reserved 1048576K

Card table byte_map: [0x0000018386b80000,0x0000018386d90000] _byte_map_base: 0x0000018386580000

Marking Bits: (ParMarkBitMap*) 0x00007fff63453260
 Begin Bits: [0x00000183993d0000, 0x000001839a3d0000)
 End Bits:   [0x000001839a3d0000, 0x000001839b3d0000)

Polling page: 0x0000018385190000

Metaspace:

Usage:
  Non-class:     54.99 MB used.
      Class:      6.33 MB used.
       Both:     61.32 MB used.

Virtual space:
  Non-class space:       64.00 MB reserved,      55.81 MB ( 87%) committed,  1 nodes.
      Class space:        1.00 GB reserved,       7.00 MB ( <1%) committed,  1 nodes.
             Both:        1.06 GB reserved,      62.81 MB (  6%) committed. 

Chunk freelists:
   Non-Class:  7.52 MB
       Class:  8.95 MB
        Both:  16.47 MB

MaxMetaspaceSize: unlimited
CompressedClassSpaceSize: 1.00 GB
Initial GC threshold: 21.00 MB
Current GC threshold: 101.38 MB
CDS: on
 - commit_granule_bytes: 65536.
 - commit_granule_words: 8192.
 - virtual_space_node_default_size: 8388608.
 - enlarge_chunks_in_place: 1.
 - use_allocation_guard: 0.


Internal statistics:

num_allocs_failed_limit: 8.
num_arena_births: 1182.
num_arena_deaths: 22.
num_vsnodes_births: 2.
num_vsnodes_deaths: 0.
num_space_committed: 1005.
num_space_uncommitted: 0.
num_chunks_returned_to_freelist: 34.
num_chunks_taken_from_freelist: 4260.
num_chunk_merges: 20.
num_chunk_splits: 2556.
num_chunks_enlarged: 1343.
num_inconsistent_stats: 0.

CodeHeap 'non-profiled nmethods': size=120000Kb used=6069Kb max_used=6069Kb free=113930Kb
 bounds [0x0000018391ea0000, 0x0000018392490000, 0x00000183993d0000]
CodeHeap 'profiled nmethods': size=120000Kb used=19791Kb max_used=20562Kb free=100208Kb
 bounds [0x000001838a3d0000, 0x000001838b840000, 0x0000018391900000]
CodeHeap 'non-nmethods': size=5760Kb used=1431Kb max_used=1487Kb free=4328Kb
 bounds [0x0000018391900000, 0x0000018391b70000, 0x0000018391ea0000]
 total_blobs=10846 nmethods=10100 adapters=652
 compilation: enabled
              stopped_count=0, restarted_count=0
 full_count=0

Compilation events (20 events):
Event: 37.109 Thread 0x000001839b5a8ab0 12247       2       lombok.eclipse.TransformEclipseAST::access$0 (4 bytes)
Event: 37.109 Thread 0x000001839b5a8ab0 nmethod 12247 0x000001838a7b7990 code [0x000001838a7b7b20, 0x000001838a7b7c10]
Event: 37.109 Thread 0x000001839b5a8ab0 12248   !   2       lombok.eclipse.HandlerLibrary::handleAnnotation (224 bytes)
Event: 37.113 Thread 0x000001839b5a8ab0 nmethod 12248 0x000001838aded490 code [0x000001838aded7c0, 0x000001838adee4e8]
Event: 37.113 Thread 0x000001839b5a8ab0 12252       2       lombok.core.LombokNode::gatherAndRemoveChildren (89 bytes)
Event: 37.114 Thread 0x000001839b5a8ab0 nmethod 12252 0x000001838b476190 code [0x000001838b4763a0, 0x000001838b476760]
Event: 37.114 Thread 0x000001839b5a8ab0 12249       2       lombok.core.LombokNode::getImportList (8 bytes)
Event: 37.114 Thread 0x000001839b5a8ab0 nmethod 12249 0x000001838b475c90 code [0x000001838b475e20, 0x000001838b475f30]
Event: 37.114 Thread 0x000001839b5a8ab0 12250       2       lombok.core.TypeResolver::<init> (10 bytes)
Event: 37.114 Thread 0x000001839b5a8ab0 nmethod 12250 0x000001838b491e90 code [0x000001838b492020, 0x000001838b492140]
Event: 37.114 Thread 0x000001839b5a8ab0 12251       2       org.eclipse.jdt.internal.compiler.impl.CompilerOptions::getSeverity (74 bytes)
Event: 37.114 Thread 0x000001839b5a8ab0 nmethod 12251 0x000001838b491790 code [0x000001838b491960, 0x000001838b491c58]
Event: 37.117 Thread 0x000001839b5a8ab0 12253       2       org.eclipse.jface.text.DefaultLineTracker::nextDelimiterInfo (167 bytes)
Event: 37.117 Thread 0x000001839b5a8ab0 nmethod 12253 0x000001838b513210 code [0x000001838b513400, 0x000001838b5138e8]
Event: 37.117 Thread 0x000001839b5a8ab0 12254       2       com.google.gson.internal.$Gson$Types::equals (286 bytes)
Event: 37.118 Thread 0x000001839b5a8ab0 nmethod 12254 0x000001838a5eaf90 code [0x000001838a5eb340, 0x000001838a5ec280]
Event: 37.118 Thread 0x000001839b5a8ab0 12255       2       java.lang.invoke.LambdaForm$MH/0x000001839d1c5c00::invokeExact_MT (23 bytes)
Event: 37.119 Thread 0x000001839b5a8ab0 nmethod 12255 0x000001838b007810 code [0x000001838b0079e0, 0x000001838b007bf8]
Event: 37.358 Thread 0x000001839b5a4ba0 nmethod 12196% 0x000001839247c790 code [0x000001839247d020, 0x0000018392487660]
Event: 37.359 Thread 0x000001839b5a4ba0 12197       4       org.lombokweb.asm.ClassReader::readMethod (1070 bytes)

GC Heap History (20 events):
Event: 33.473 GC heap before
{Heap before GC invocations=370 (full 5):
 PSYoungGen      total 60416K, used 60416K [0x00000000eab00000, 0x00000000f0a00000, 0x0000000100000000)
  eden space 51200K, 100% used [0x00000000eab00000,0x00000000edd00000,0x00000000edd00000)
  from space 9216K, 100% used [0x00000000eee80000,0x00000000ef780000,0x00000000ef780000)
  to   space 17920K, 0% used [0x00000000edd00000,0x00000000edd00000,0x00000000eee80000)
 ParOldGen       total 336384K, used 335912K [0x00000000c0000000, 0x00000000d4880000, 0x00000000eab00000)
  object space 336384K, 99% used [0x00000000c0000000,0x00000000d480a010,0x00000000d4880000)
 Metaspace       used 61026K, committed 62464K, reserved 1114112K
  class space    used 6290K, committed 6912K, reserved 1048576K
}
Event: 33.504 GC heap after
{Heap after GC invocations=370 (full 5):
 PSYoungGen      total 69120K, used 17901K [0x00000000eab00000, 0x00000000f0a00000, 0x0000000100000000)
  eden space 51200K, 0% used [0x00000000eab00000,0x00000000eab00000,0x00000000edd00000)
  from space 17920K, 99% used [0x00000000edd00000,0x00000000eee7b7f0,0x00000000eee80000)
  to   space 9216K, 0% used [0x00000000eee80000,0x00000000eee80000,0x00000000ef780000)
 ParOldGen       total 355840K, used 355505K [0x00000000c0000000, 0x00000000d5b80000, 0x00000000eab00000)
  object space 355840K, 99% used [0x00000000c0000000,0x00000000d5b2c410,0x00000000d5b80000)
 Metaspace       used 61026K, committed 62464K, reserved 1114112K
  class space    used 6290K, committed 6912K, reserved 1048576K
}
Event: 34.472 GC heap before
{Heap before GC invocations=371 (full 5):
 PSYoungGen      total 69120K, used 69101K [0x00000000eab00000, 0x00000000f0a00000, 0x0000000100000000)
  eden space 51200K, 100% used [0x00000000eab00000,0x00000000edd00000,0x00000000edd00000)
  from space 17920K, 99% used [0x00000000edd00000,0x00000000eee7b7f0,0x00000000eee80000)
  to   space 9216K, 0% used [0x00000000eee80000,0x00000000eee80000,0x00000000ef780000)
 ParOldGen       total 355840K, used 355505K [0x00000000c0000000, 0x00000000d5b80000, 0x00000000eab00000)
  object space 355840K, 99% used [0x00000000c0000000,0x00000000d5b2c410,0x00000000d5b80000)
 Metaspace       used 61073K, committed 62528K, reserved 1114112K
  class space    used 6292K, committed 6912K, reserved 1048576K
}
Event: 34.480 GC heap after
{Heap after GC invocations=371 (full 5):
 PSYoungGen      total 56832K, used 9195K [0x00000000eab00000, 0x00000000f0a80000, 0x0000000100000000)
  eden space 47616K, 0% used [0x00000000eab00000,0x00000000eab00000,0x00000000ed980000)
  from space 9216K, 99% used [0x00000000eee80000,0x00000000ef77ac60,0x00000000ef780000)
  to   space 21504K, 0% used [0x00000000ed980000,0x00000000ed980000,0x00000000eee80000)
 ParOldGen       total 358400K, used 358093K [0x00000000c0000000, 0x00000000d5e00000, 0x00000000eab00000)
  object space 358400K, 99% used [0x00000000c0000000,0x00000000d5db36f0,0x00000000d5e00000)
 Metaspace       used 61073K, committed 62528K, reserved 1114112K
  class space    used 6292K, committed 6912K, reserved 1048576K
}
Event: 34.841 GC heap before
{Heap before GC invocations=372 (full 5):
 PSYoungGen      total 56832K, used 56811K [0x00000000eab00000, 0x00000000f0a80000, 0x0000000100000000)
  eden space 47616K, 100% used [0x00000000eab00000,0x00000000ed980000,0x00000000ed980000)
  from space 9216K, 99% used [0x00000000eee80000,0x00000000ef77ac60,0x00000000ef780000)
  to   space 21504K, 0% used [0x00000000ed980000,0x00000000ed980000,0x00000000eee80000)
 ParOldGen       total 358400K, used 358093K [0x00000000c0000000, 0x00000000d5e00000, 0x00000000eab00000)
  object space 358400K, 99% used [0x00000000c0000000,0x00000000d5db36f0,0x00000000d5e00000)
 Metaspace       used 61077K, committed 62528K, reserved 1114112K
  class space    used 6292K, committed 6912K, reserved 1048576K
}
Event: 34.862 GC heap after
{Heap after GC invocations=372 (full 5):
 PSYoungGen      total 69120K, used 21474K [0x00000000eab00000, 0x00000000f0a80000, 0x0000000100000000)
  eden space 47616K, 0% used [0x00000000eab00000,0x00000000eab00000,0x00000000ed980000)
  from space 21504K, 99% used [0x00000000ed980000,0x00000000eee78ab0,0x00000000eee80000)
  to   space 9216K, 0% used [0x00000000eee80000,0x00000000eee80000,0x00000000ef780000)
 ParOldGen       total 367104K, used 367073K [0x00000000c0000000, 0x00000000d6680000, 0x00000000eab00000)
  object space 367104K, 99% used [0x00000000c0000000,0x00000000d66786a8,0x00000000d6680000)
 Metaspace       used 61077K, committed 62528K, reserved 1114112K
  class space    used 6292K, committed 6912K, reserved 1048576K
}
Event: 35.989 GC heap before
{Heap before GC invocations=373 (full 5):
 PSYoungGen      total 69120K, used 69090K [0x00000000eab00000, 0x00000000f0a80000, 0x0000000100000000)
  eden space 47616K, 100% used [0x00000000eab00000,0x00000000ed980000,0x00000000ed980000)
  from space 21504K, 99% used [0x00000000ed980000,0x00000000eee78ab0,0x00000000eee80000)
  to   space 9216K, 0% used [0x00000000eee80000,0x00000000eee80000,0x00000000ef780000)
 ParOldGen       total 367104K, used 367073K [0x00000000c0000000, 0x00000000d6680000, 0x00000000eab00000)
  object space 367104K, 99% used [0x00000000c0000000,0x00000000d66786a8,0x00000000d6680000)
 Metaspace       used 61831K, committed 63296K, reserved 1114112K
  class space    used 6361K, committed 6976K, reserved 1048576K
}
Event: 36.002 GC heap after
{Heap after GC invocations=373 (full 5):
 PSYoungGen      total 57856K, used 2771K [0x00000000eab00000, 0x00000000ef600000, 0x0000000100000000)
  eden space 50176K, 0% used [0x00000000eab00000,0x00000000eab00000,0x00000000edc00000)
  from space 7680K, 36% used [0x00000000eee80000,0x00000000ef134c40,0x00000000ef600000)
  to   space 13312K, 0% used [0x00000000edc00000,0x00000000edc00000,0x00000000ee900000)
 ParOldGen       total 378368K, used 378230K [0x00000000c0000000, 0x00000000d7180000, 0x00000000eab00000)
  object space 378368K, 99% used [0x00000000c0000000,0x00000000d715d988,0x00000000d7180000)
 Metaspace       used 61831K, committed 63296K, reserved 1114112K
  class space    used 6361K, committed 6976K, reserved 1048576K
}
Event: 36.084 GC heap before
{Heap before GC invocations=374 (full 5):
 PSYoungGen      total 57856K, used 52947K [0x00000000eab00000, 0x00000000ef600000, 0x0000000100000000)
  eden space 50176K, 100% used [0x00000000eab00000,0x00000000edc00000,0x00000000edc00000)
  from space 7680K, 36% used [0x00000000eee80000,0x00000000ef134c40,0x00000000ef600000)
  to   space 13312K, 0% used [0x00000000edc00000,0x00000000edc00000,0x00000000ee900000)
 ParOldGen       total 378368K, used 378230K [0x00000000c0000000, 0x00000000d7180000, 0x00000000eab00000)
  object space 378368K, 99% used [0x00000000c0000000,0x00000000d715d988,0x00000000d7180000)
 Metaspace       used 61854K, committed 63296K, reserved 1114112K
  class space    used 6361K, committed 6976K, reserved 1048576K
}
Event: 36.088 GC heap after
{Heap after GC invocations=374 (full 5):
 PSYoungGen      total 63488K, used 3961K [0x00000000eab00000, 0x00000000eef00000, 0x0000000100000000)
  eden space 50176K, 0% used [0x00000000eab00000,0x00000000eab00000,0x00000000edc00000)
  from space 13312K, 29% used [0x00000000edc00000,0x00000000edfde5d8,0x00000000ee900000)
  to   space 5632K, 0% used [0x00000000ee980000,0x00000000ee980000,0x00000000eef00000)
 ParOldGen       total 378368K, used 378230K [0x00000000c0000000, 0x00000000d7180000, 0x00000000eab00000)
  object space 378368K, 99% used [0x00000000c0000000,0x00000000d715d988,0x00000000d7180000)
 Metaspace       used 61854K, committed 63296K, reserved 1114112K
  class space    used 6361K, committed 6976K, reserved 1048576K
}
Event: 36.174 GC heap before
{Heap before GC invocations=375 (full 5):
 PSYoungGen      total 63488K, used 54137K [0x00000000eab00000, 0x00000000eef00000, 0x0000000100000000)
  eden space 50176K, 100% used [0x00000000eab00000,0x00000000edc00000,0x00000000edc00000)
  from space 13312K, 29% used [0x00000000edc00000,0x00000000edfde5d8,0x00000000ee900000)
  to   space 5632K, 0% used [0x00000000ee980000,0x00000000ee980000,0x00000000eef00000)
 ParOldGen       total 378368K, used 378230K [0x00000000c0000000, 0x00000000d7180000, 0x00000000eab00000)
  object space 378368K, 99% used [0x00000000c0000000,0x00000000d715d988,0x00000000d7180000)
 Metaspace       used 61873K, committed 63360K, reserved 1114112K
  class space    used 6361K, committed 6976K, reserved 1048576K
}
Event: 36.179 GC heap after
{Heap after GC invocations=375 (full 5):
 PSYoungGen      total 55808K, used 2877K [0x00000000eab00000, 0x00000000eec80000, 0x0000000100000000)
  eden space 52736K, 0% used [0x00000000eab00000,0x00000000eab00000,0x00000000ede80000)
  from space 3072K, 93% used [0x00000000ee980000,0x00000000eec4f450,0x00000000eec80000)
  to   space 3584K, 0% used [0x00000000ee580000,0x00000000ee580000,0x00000000ee900000)
 ParOldGen       total 378368K, used 378238K [0x00000000c0000000, 0x00000000d7180000, 0x00000000eab00000)
  object space 378368K, 99% used [0x00000000c0000000,0x00000000d715f988,0x00000000d7180000)
 Metaspace       used 61873K, committed 63360K, reserved 1114112K
  class space    used 6361K, committed 6976K, reserved 1048576K
}
Event: 36.283 GC heap before
{Heap before GC invocations=376 (full 5):
 PSYoungGen      total 55808K, used 55613K [0x00000000eab00000, 0x00000000eec80000, 0x0000000100000000)
  eden space 52736K, 100% used [0x00000000eab00000,0x00000000ede80000,0x00000000ede80000)
  from space 3072K, 93% used [0x00000000ee980000,0x00000000eec4f450,0x00000000eec80000)
  to   space 3584K, 0% used [0x00000000ee580000,0x00000000ee580000,0x00000000ee900000)
 ParOldGen       total 378368K, used 378238K [0x00000000c0000000, 0x00000000d7180000, 0x00000000eab00000)
  object space 378368K, 99% used [0x00000000c0000000,0x00000000d715f988,0x00000000d7180000)
 Metaspace       used 61899K, committed 63360K, reserved 1114112K
  class space    used 6362K, committed 6976K, reserved 1048576K
}
Event: 36.286 GC heap after
{Heap after GC invocations=376 (full 5):
 PSYoungGen      total 58368K, used 2923K [0x00000000eab00000, 0x00000000eea00000, 0x0000000100000000)
  eden space 55296K, 0% used [0x00000000eab00000,0x00000000eab00000,0x00000000ee100000)
  from space 3072K, 95% used [0x00000000ee580000,0x00000000ee85ad98,0x00000000ee880000)
  to   space 1536K, 0% used [0x00000000ee880000,0x00000000ee880000,0x00000000eea00000)
 ParOldGen       total 378368K, used 378246K [0x00000000c0000000, 0x00000000d7180000, 0x00000000eab00000)
  object space 378368K, 99% used [0x00000000c0000000,0x00000000d7161988,0x00000000d7180000)
 Metaspace       used 61899K, committed 63360K, reserved 1114112K
  class space    used 6362K, committed 6976K, reserved 1048576K
}
Event: 36.380 GC heap before
{Heap before GC invocations=377 (full 5):
 PSYoungGen      total 58368K, used 58219K [0x00000000eab00000, 0x00000000eea00000, 0x0000000100000000)
  eden space 55296K, 100% used [0x00000000eab00000,0x00000000ee100000,0x00000000ee100000)
  from space 3072K, 95% used [0x00000000ee580000,0x00000000ee85ad98,0x00000000ee880000)
  to   space 1536K, 0% used [0x00000000ee880000,0x00000000ee880000,0x00000000eea00000)
 ParOldGen       total 378368K, used 378246K [0x00000000c0000000, 0x00000000d7180000, 0x00000000eab00000)
  object space 378368K, 99% used [0x00000000c0000000,0x00000000d7161988,0x00000000d7180000)
 Metaspace       used 61913K, committed 63360K, reserved 1114112K
  class space    used 6362K, committed 6976K, reserved 1048576K
}
Event: 36.383 GC heap after
{Heap after GC invocations=377 (full 5):
 PSYoungGen      total 59392K, used 1505K [0x00000000eab00000, 0x00000000eeb80000, 0x0000000100000000)
  eden space 57856K, 0% used [0x00000000eab00000,0x00000000eab00000,0x00000000ee380000)
  from space 1536K, 98% used [0x00000000ee880000,0x00000000ee9f87d8,0x00000000eea00000)
  to   space 4096K, 0% used [0x00000000ee380000,0x00000000ee380000,0x00000000ee780000)
 ParOldGen       total 380416K, used 380262K [0x00000000c0000000, 0x00000000d7380000, 0x00000000eab00000)
  object space 380416K, 99% used [0x00000000c0000000,0x00000000d73599a8,0x00000000d7380000)
 Metaspace       used 61913K, committed 63360K, reserved 1114112K
  class space    used 6362K, committed 6976K, reserved 1048576K
}
Event: 36.523 GC heap before
{Heap before GC invocations=378 (full 5):
 PSYoungGen      total 59392K, used 59361K [0x00000000eab00000, 0x00000000eeb80000, 0x0000000100000000)
  eden space 57856K, 100% used [0x00000000eab00000,0x00000000ee380000,0x00000000ee380000)
  from space 1536K, 98% used [0x00000000ee880000,0x00000000ee9f87d8,0x00000000eea00000)
  to   space 4096K, 0% used [0x00000000ee380000,0x00000000ee380000,0x00000000ee780000)
 ParOldGen       total 380416K, used 380262K [0x00000000c0000000, 0x00000000d7380000, 0x00000000eab00000)
  object space 380416K, 99% used [0x00000000c0000000,0x00000000d73599a8,0x00000000d7380000)
 Metaspace       used 62023K, committed 63488K, reserved 1114112K
  class space    used 6374K, committed 7040K, reserved 1048576K
}
Event: 36.528 GC heap after
{Heap after GC invocations=378 (full 5):
 PSYoungGen      total 61952K, used 2668K [0x00000000eab00000, 0x00000000eec00000, 0x0000000100000000)
  eden space 57856K, 0% used [0x00000000eab00000,0x00000000eab00000,0x00000000ee380000)
  from space 4096K, 65% used [0x00000000ee380000,0x00000000ee61b000,0x00000000ee780000)
  to   space 3072K, 0% used [0x00000000ee900000,0x00000000ee900000,0x00000000eec00000)
 ParOldGen       total 381952K, used 381534K [0x00000000c0000000, 0x00000000d7500000, 0x00000000eab00000)
  object space 381952K, 99% used [0x00000000c0000000,0x00000000d7497a00,0x00000000d7500000)
 Metaspace       used 62023K, committed 63488K, reserved 1114112K
  class space    used 6374K, committed 7040K, reserved 1048576K
}
Event: 36.909 GC heap before
{Heap before GC invocations=379 (full 5):
 PSYoungGen      total 61952K, used 60524K [0x00000000eab00000, 0x00000000eec00000, 0x0000000100000000)
  eden space 57856K, 100% used [0x00000000eab00000,0x00000000ee380000,0x00000000ee380000)
  from space 4096K, 65% used [0x00000000ee380000,0x00000000ee61b000,0x00000000ee780000)
  to   space 3072K, 0% used [0x00000000ee900000,0x00000000ee900000,0x00000000eec00000)
 ParOldGen       total 381952K, used 381534K [0x00000000c0000000, 0x00000000d7500000, 0x00000000eab00000)
  object space 381952K, 99% used [0x00000000c0000000,0x00000000d7497a00,0x00000000d7500000)
 Metaspace       used 62248K, committed 63744K, reserved 1114112K
  class space    used 6389K, committed 7104K, reserved 1048576K
}
Event: 36.916 GC heap after
{Heap after GC invocations=379 (full 5):
 PSYoungGen      total 57344K, used 3046K [0x00000000eab00000, 0x00000000ef800000, 0x0000000100000000)
  eden space 54272K, 0% used [0x00000000eab00000,0x00000000eab00000,0x00000000ee000000)
  from space 3072K, 99% used [0x00000000ee900000,0x00000000eebf9948,0x00000000eec00000)
  to   space 9216K, 0% used [0x00000000ee000000,0x00000000ee000000,0x00000000ee900000)
 ParOldGen       total 386560K, used 386421K [0x00000000c0000000, 0x00000000d7980000, 0x00000000eab00000)
  object space 386560K, 99% used [0x00000000c0000000,0x00000000d795d680,0x00000000d7980000)
 Metaspace       used 62248K, committed 63744K, reserved 1114112K
  class space    used 6389K, committed 7104K, reserved 1048576K
}

Dll operation events (10 events):
Event: 0.013 Loaded shared library c:\Users\kuber\.vscode\extensions\redhat.java-1.40.0-win32-x64\jre\21.0.6-win32-x86_64\bin\java.dll
Event: 0.105 Loaded shared library c:\Users\kuber\.vscode\extensions\redhat.java-1.40.0-win32-x64\jre\21.0.6-win32-x86_64\bin\zip.dll
Event: 0.130 Loaded shared library C:\Users\kuber\.vscode\extensions\redhat.java-1.40.0-win32-x64\jre\21.0.6-win32-x86_64\bin\instrument.dll
Event: 0.136 Loaded shared library C:\Users\kuber\.vscode\extensions\redhat.java-1.40.0-win32-x64\jre\21.0.6-win32-x86_64\bin\net.dll
Event: 0.138 Loaded shared library C:\Users\kuber\.vscode\extensions\redhat.java-1.40.0-win32-x64\jre\21.0.6-win32-x86_64\bin\nio.dll
Event: 0.140 Loaded shared library C:\Users\kuber\.vscode\extensions\redhat.java-1.40.0-win32-x64\jre\21.0.6-win32-x86_64\bin\zip.dll
Event: 0.157 Loaded shared library C:\Users\kuber\.vscode\extensions\redhat.java-1.40.0-win32-x64\jre\21.0.6-win32-x86_64\bin\jimage.dll
Event: 0.230 Loaded shared library c:\Users\kuber\.vscode\extensions\redhat.java-1.40.0-win32-x64\jre\21.0.6-win32-x86_64\bin\verify.dll
Event: 1.218 Loaded shared library C:\Users\kuber\AppData\Roaming\Code\User\globalStorage\redhat.java\1.40.0\config_win\org.eclipse.equinox.launcher\org.eclipse.equinox.launcher.win32.win32.x86_64_1.2.1200.v20250212-0927\eclipse_11909.dll
Event: 2.747 Loaded shared library C:\Users\kuber\AppData\Local\Temp\jna-102399717\jna7699521279968943072.dll

Deoptimization events (20 events):
Event: 36.891 Thread 0x00000183e5d8bd80 DEOPT PACKING pc=0x000001838ae9bb36 sp=0x0000007e674fe780
Event: 36.891 Thread 0x00000183e5d8bd80 DEOPT UNPACKING pc=0x0000018391954242 sp=0x0000007e674fdc18 mode 0
Event: 36.891 Thread 0x00000183e5d8bd80 DEOPT PACKING pc=0x000001838ae9bb36 sp=0x0000007e674fe780
Event: 36.891 Thread 0x00000183e5d8bd80 DEOPT UNPACKING pc=0x0000018391954242 sp=0x0000007e674fdc18 mode 0
Event: 36.891 Thread 0x00000183e5d8bd80 DEOPT PACKING pc=0x000001838ae9bb36 sp=0x0000007e674fe780
Event: 36.891 Thread 0x00000183e5d8bd80 DEOPT UNPACKING pc=0x0000018391954242 sp=0x0000007e674fdc18 mode 0
Event: 36.891 Thread 0x00000183e5d8bd80 DEOPT PACKING pc=0x000001838ae9bb36 sp=0x0000007e674fe780
Event: 36.891 Thread 0x00000183e5d8bd80 DEOPT UNPACKING pc=0x0000018391954242 sp=0x0000007e674fdc18 mode 0
Event: 36.891 Thread 0x00000183e5d88900 DEOPT PACKING pc=0x000001838ae9bb36 sp=0x0000007e642fec70
Event: 36.891 Thread 0x00000183e5d88900 DEOPT UNPACKING pc=0x0000018391954242 sp=0x0000007e642fe108 mode 0
Event: 36.891 Thread 0x00000183e5d8bd80 DEOPT PACKING pc=0x000001838ae9bb36 sp=0x0000007e674fe780
Event: 36.891 Thread 0x00000183e5d8bd80 DEOPT UNPACKING pc=0x0000018391954242 sp=0x0000007e674fdc18 mode 0
Event: 37.016 Thread 0x00000183e357e6d0 DEOPT PACKING pc=0x000001838b14ffd2 sp=0x0000007e64bfd890
Event: 37.016 Thread 0x00000183e357e6d0 DEOPT UNPACKING pc=0x0000018391954242 sp=0x0000007e64bfcd88 mode 0
Event: 37.026 Thread 0x00000183e357e6d0 DEOPT PACKING pc=0x000001838ac3070d sp=0x0000007e64bfcef0
Event: 37.026 Thread 0x00000183e357e6d0 DEOPT UNPACKING pc=0x0000018391954242 sp=0x0000007e64bfc3a0 mode 0
Event: 37.045 Thread 0x00000183e357e6d0 Uncommon trap: trap_request=0xffffff45 fr.pc=0x000001839238b118 relative=0x0000000000001018
Event: 37.046 Thread 0x00000183e357e6d0 Uncommon trap: reason=unstable_if action=reinterpret pc=0x000001839238b118 method=org.eclipse.jdt.core.Signature.encodeTypeSignature([CIZILjava/lang/StringBuilder;)I @ 653 c2
Event: 37.046 Thread 0x00000183e357e6d0 DEOPT PACKING pc=0x000001839238b118 sp=0x0000007e64bfe8d0
Event: 37.046 Thread 0x00000183e357e6d0 DEOPT UNPACKING pc=0x0000018391953aa2 sp=0x0000007e64bfe890 mode 2

Classes loaded (20 events):
Event: 14.203 Loading class java/util/Collections$SynchronizedRandomAccessList
Event: 14.207 Loading class java/util/Collections$SynchronizedList
Event: 14.208 Loading class java/util/Collections$SynchronizedList done
Event: 14.208 Loading class java/util/Collections$SynchronizedRandomAccessList done
Event: 14.224 Loading class java/util/concurrent/CompletableFuture$Signaller
Event: 14.226 Loading class java/util/concurrent/CompletableFuture$Signaller done
Event: 31.396 Loading class sun/nio/cs/ISO_8859_1$Encoder
Event: 31.454 Loading class sun/nio/cs/ISO_8859_1$Encoder done
Event: 31.454 Loading class sun/nio/cs/Surrogate$Parser
Event: 31.461 Loading class sun/nio/cs/Surrogate$Parser done
Event: 31.462 Loading class sun/nio/cs/Surrogate
Event: 31.474 Loading class sun/nio/cs/Surrogate done
Event: 34.946 Loading class java/util/concurrent/CompletableFuture$UniApply
Event: 34.950 Loading class java/util/concurrent/CompletableFuture$UniApply done
Event: 34.956 Loading class java/util/concurrent/CompletableFuture$UniExceptionally
Event: 34.959 Loading class java/util/concurrent/CompletableFuture$UniExceptionally done
Event: 35.161 Loading class java/util/Hashtable$KeySet
Event: 35.162 Loading class java/util/Hashtable$KeySet done
Event: 36.797 Loading class java/util/HashMap$EntrySpliterator
Event: 36.798 Loading class java/util/HashMap$EntrySpliterator done

Classes unloaded (11 events):
Event: 3.285 Thread 0x000001839b5725d0 Unloading class 0x000001839d195c00 'java/lang/invoke/LambdaForm$MH+0x000001839d195c00'
Event: 3.285 Thread 0x000001839b5725d0 Unloading class 0x000001839d195800 'java/lang/invoke/LambdaForm$MH+0x000001839d195800'
Event: 3.285 Thread 0x000001839b5725d0 Unloading class 0x000001839d195400 'java/lang/invoke/LambdaForm$MH+0x000001839d195400'
Event: 3.285 Thread 0x000001839b5725d0 Unloading class 0x000001839d195000 'java/lang/invoke/LambdaForm$MH+0x000001839d195000'
Event: 3.285 Thread 0x000001839b5725d0 Unloading class 0x000001839d194c00 'java/lang/invoke/LambdaForm$BMH+0x000001839d194c00'
Event: 3.285 Thread 0x000001839b5725d0 Unloading class 0x000001839d194800 'java/lang/invoke/LambdaForm$DMH+0x000001839d194800'
Event: 3.285 Thread 0x000001839b5725d0 Unloading class 0x000001839d193400 'java/lang/invoke/LambdaForm$DMH+0x000001839d193400'
Event: 11.551 Thread 0x000001839b5725d0 Unloading class 0x000001839d669000 'java/lang/invoke/LambdaForm$DMH+0x000001839d669000'
Event: 11.551 Thread 0x000001839b5725d0 Unloading class 0x000001839d669400 'java/lang/invoke/LambdaForm$DMH+0x000001839d669400'
Event: 11.551 Thread 0x000001839b5725d0 Unloading class 0x000001839d668800 'java/lang/invoke/LambdaForm$DMH+0x000001839d668800'
Event: 11.551 Thread 0x000001839b5725d0 Unloading class 0x000001839d668c00 'java/lang/invoke/LambdaForm$DMH+0x000001839d668c00'

Classes redefined (0 events):
No events

Internal exceptions (20 events):
Event: 35.891 Thread 0x00000183e5d88900 Exception <a 'sun/nio/fs/WindowsException'{0x00000000eb4bd988}> (0x00000000eb4bd988) 
thrown [s\src\hotspot\share\prims\jni.cpp, line 520]
Event: 35.891 Thread 0x00000183e5d88900 Exception <a 'sun/nio/fs/WindowsException'{0x00000000eb4be268}> (0x00000000eb4be268) 
thrown [s\src\hotspot\share\prims\jni.cpp, line 520]
Event: 36.101 Thread 0x00000183e357e6d0 Implicit null exception at 0x0000018392420728 to 0x0000018392420fb4
Event: 36.590 Thread 0x00000183e357e6d0 Exception <a 'sun/nio/fs/WindowsException'{0x00000000ec205ef8}> (0x00000000ec205ef8) 
thrown [s\src\hotspot\share\prims\jni.cpp, line 520]
Event: 36.590 Thread 0x00000183e357e6d0 Exception <a 'sun/nio/fs/WindowsException'{0x00000000ec206528}> (0x00000000ec206528) 
thrown [s\src\hotspot\share\prims\jni.cpp, line 520]
Event: 36.591 Thread 0x00000183e357e6d0 Exception <a 'sun/nio/fs/WindowsException'{0x00000000ec206fc8}> (0x00000000ec206fc8) 
thrown [s\src\hotspot\share\prims\jni.cpp, line 520]
Event: 36.591 Thread 0x00000183e357e6d0 Exception <a 'sun/nio/fs/WindowsException'{0x00000000ec2075f8}> (0x00000000ec2075f8) 
thrown [s\src\hotspot\share\prims\jni.cpp, line 520]
Event: 36.591 Thread 0x00000183e357e6d0 Exception <a 'sun/nio/fs/WindowsException'{0x00000000ec208b28}> (0x00000000ec208b28) 
thrown [s\src\hotspot\share\prims\jni.cpp, line 520]
Event: 36.591 Thread 0x00000183e357e6d0 Exception <a 'sun/nio/fs/WindowsException'{0x00000000ec209158}> (0x00000000ec209158) 
thrown [s\src\hotspot\share\prims\jni.cpp, line 520]
Event: 36.596 Thread 0x00000183e357e6d0 Exception <a 'sun/nio/fs/WindowsException'{0x00000000ec226318}> (0x00000000ec226318) 
thrown [s\src\hotspot\share\prims\jni.cpp, line 520]
Event: 36.596 Thread 0x00000183e357e6d0 Exception <a 'sun/nio/fs/WindowsException'{0x00000000ec226bf8}> (0x00000000ec226bf8) 
thrown [s\src\hotspot\share\prims\jni.cpp, line 520]
Event: 36.699 Thread 0x00000183e357e6d0 Exception <a 'sun/nio/fs/WindowsException'{0x00000000ecc3e438}> (0x00000000ecc3e438) 
thrown [s\src\hotspot\share\prims\jni.cpp, line 520]
Event: 36.699 Thread 0x00000183e357e6d0 Exception <a 'sun/nio/fs/WindowsException'{0x00000000ecc3eb68}> (0x00000000ecc3eb68) 
thrown [s\src\hotspot\share\prims\jni.cpp, line 520]
Event: 36.700 Thread 0x00000183e357e6d0 Exception <a 'sun/nio/fs/WindowsException'{0x00000000ecc3f608}> (0x00000000ecc3f608) 
thrown [s\src\hotspot\share\prims\jni.cpp, line 520]
Event: 36.700 Thread 0x00000183e357e6d0 Exception <a 'sun/nio/fs/WindowsException'{0x00000000ecc3fc38}> (0x00000000ecc3fc38) 
thrown [s\src\hotspot\share\prims\jni.cpp, line 520]
Event: 36.700 Thread 0x00000183e357e6d0 Exception <a 'sun/nio/fs/WindowsException'{0x00000000ecc41168}> (0x00000000ecc41168) 
thrown [s\src\hotspot\share\prims\jni.cpp, line 520]
Event: 36.700 Thread 0x00000183e357e6d0 Exception <a 'sun/nio/fs/WindowsException'{0x00000000ecc41798}> (0x00000000ecc41798) 
thrown [s\src\hotspot\share\prims\jni.cpp, line 520]
Event: 36.703 Thread 0x00000183e357e6d0 Exception <a 'sun/nio/fs/WindowsException'{0x00000000ecc598f0}> (0x00000000ecc598f0) 
thrown [s\src\hotspot\share\prims\jni.cpp, line 520]
Event: 36.703 Thread 0x00000183e357e6d0 Exception <a 'sun/nio/fs/WindowsException'{0x00000000ecc5a1d0}> (0x00000000ecc5a1d0) 
thrown [s\src\hotspot\share\prims\jni.cpp, line 520]
Event: 37.074 Thread 0x00000183e357e6d0 Exception <a 'java/lang/NoSuchMethodError'{0x00000000eae5cf28}: 'java.lang.Object java.lang.invoke.DirectMethodHandle$Holder.invokeStatic(java.lang.Object, java.lang.Object, int, java.lang.Object)'> (0x00000000eae5cf28) 
thrown [s\src\hotspot\share\interpreter\linkResolver.cpp, line 773]

ZGC Phase Switch (0 events):
No events

VM Operations (20 events):
Event: 36.243 Executing VM operation: HandshakeAllThreads (Deoptimize)
Event: 36.243 Executing VM operation: HandshakeAllThreads (Deoptimize) done
Event: 36.283 Executing VM operation: ParallelGCFailedAllocation (Allocation Failure)
Event: 36.286 Executing VM operation: ParallelGCFailedAllocation (Allocation Failure) done
Event: 36.380 Executing VM operation: ParallelGCFailedAllocation (Allocation Failure)
Event: 36.383 Executing VM operation: ParallelGCFailedAllocation (Allocation Failure) done
Event: 36.425 Executing VM operation: HandshakeAllThreads (Deoptimize)
Event: 36.425 Executing VM operation: HandshakeAllThreads (Deoptimize) done
Event: 36.523 Executing VM operation: ParallelGCFailedAllocation (Allocation Failure)
Event: 36.528 Executing VM operation: ParallelGCFailedAllocation (Allocation Failure) done
Event: 36.859 Executing VM operation: HandshakeAllThreads (Deoptimize)
Event: 36.859 Executing VM operation: HandshakeAllThreads (Deoptimize) done
Event: 36.909 Executing VM operation: ParallelGCFailedAllocation (Allocation Failure)
Event: 36.916 Executing VM operation: ParallelGCFailedAllocation (Allocation Failure) done
Event: 36.933 Executing VM operation: HandshakeAllThreads (Deoptimize)
Event: 36.933 Executing VM operation: HandshakeAllThreads (Deoptimize) done
Event: 36.945 Executing VM operation: HandshakeAllThreads (Deoptimize)
Event: 36.945 Executing VM operation: HandshakeAllThreads (Deoptimize) done
Event: 37.003 Executing VM operation: HandshakeAllThreads (Deoptimize)
Event: 37.004 Executing VM operation: HandshakeAllThreads (Deoptimize) done

Memory protections (0 events):
No events

Nmethod flushes (20 events):
Event: 23.415 Thread 0x000001839b5725d0 flushing  nmethod 0x000001838b5c5990
Event: 23.415 Thread 0x000001839b5725d0 flushing  nmethod 0x000001838b5c5d10
Event: 23.415 Thread 0x000001839b5725d0 flushing  nmethod 0x000001838b60b610
Event: 23.415 Thread 0x000001839b5725d0 flushing  nmethod 0x000001838b64ba90
Event: 23.416 Thread 0x000001839b5725d0 flushing  nmethod 0x000001838b66da90
Event: 23.416 Thread 0x000001839b5725d0 flushing  nmethod 0x000001838b66f110
Event: 23.416 Thread 0x000001839b5725d0 flushing  nmethod 0x000001838b66f490
Event: 23.416 Thread 0x000001839b5725d0 flushing  nmethod 0x000001838b67df10
Event: 23.416 Thread 0x000001839b5725d0 flushing  nmethod 0x000001838b687410
Event: 23.416 Thread 0x000001839b5725d0 flushing  nmethod 0x000001838b6c4f10
Event: 23.416 Thread 0x000001839b5725d0 flushing  nmethod 0x000001838b6c7b10
Event: 23.416 Thread 0x000001839b5725d0 flushing  nmethod 0x000001838b6c8b10
Event: 23.416 Thread 0x000001839b5725d0 flushing  nmethod 0x000001838b6d1f10
Event: 23.416 Thread 0x000001839b5725d0 flushing  nmethod 0x000001838b6f2710
Event: 23.416 Thread 0x000001839b5725d0 flushing  nmethod 0x000001838b734490
Event: 23.416 Thread 0x000001839b5725d0 flushing  nmethod 0x000001838b767310
Event: 23.416 Thread 0x000001839b5725d0 flushing  nmethod 0x000001838b780a10
Event: 23.417 Thread 0x000001839b5725d0 flushing  nmethod 0x000001838b782890
Event: 23.417 Thread 0x000001839b5725d0 flushing osr nmethod 0x000001838b7b2e90
Event: 23.417 Thread 0x000001839b5725d0 flushing  nmethod 0x000001838b7b6910

Events (20 events):
Event: 13.576 Thread 0x00000183e357e6d0 Thread added: 0x00000183e5d8a340
Event: 13.576 Thread 0x00000183e357e6d0 Thread added: 0x00000183e5d8b6f0
Event: 13.577 Thread 0x00000183e357e6d0 Thread added: 0x00000183e5d86ec0
Event: 13.578 Thread 0x00000183e357e6d0 Thread added: 0x00000183e5d88900
Event: 13.578 Thread 0x00000183e357e6d0 Thread added: 0x00000183e5d87be0
Event: 13.621 Thread 0x00000183e5d8b6f0 Thread exited: 0x00000183e5d8b6f0
Event: 13.621 Thread 0x00000183e5d8a340 Thread exited: 0x00000183e5d8a340
Event: 13.621 Thread 0x00000183e5d88900 Thread exited: 0x00000183e5d88900
Event: 13.621 Thread 0x00000183e5d87be0 Thread exited: 0x00000183e5d87be0
Event: 13.621 Thread 0x00000183e5d86ec0 Thread exited: 0x00000183e5d86ec0
Event: 32.102 Thread 0x000001839b5a4ba0 Thread added: 0x00000183ef455e50
Event: 32.723 Thread 0x00000183ef455e50 Thread exited: 0x00000183ef455e50
Event: 34.955 Thread 0x00000183e4cd1f50 Thread added: 0x00000183e5d88900
Event: 35.183 Thread 0x00000183e4cd1f50 Thread added: 0x00000183e5d8de50
Event: 35.184 Thread 0x00000183e4cd1f50 Thread added: 0x00000183e5d8a9d0
Event: 35.292 Thread 0x00000183e357e6d0 Thread added: 0x00000183e5d8a340
Event: 36.848 Thread 0x00000183e5d8de50 Thread added: 0x00000183e5d8bd80
Event: 36.849 Thread 0x00000183e4cd3300 Thread added: 0x00000183e5d8c410
Event: 36.849 Thread 0x00000183e5d8bd80 Thread added: 0x00000183e5d8caa0
Event: 36.850 Thread 0x00000183e5d8c410 Thread added: 0x00000183e5d87be0


Dynamic libraries:
0x00007ff7b0ae0000 - 0x00007ff7b0aee000 	c:\Users\kuber\.vscode\extensions\redhat.java-1.40.0-win32-x64\jre\21.0.6-win32-x86_64\bin\java.exe
0x00007ffff2ff0000 - 0x00007ffff3207000 	C:\Windows\SYSTEM32\ntdll.dll
0x00007ffff2260000 - 0x00007ffff2324000 	C:\Windows\System32\KERNEL32.DLL
0x00007ffff0950000 - 0x00007ffff0d09000 	C:\Windows\System32\KERNELBASE.dll
0x00007ffff02f0000 - 0x00007ffff0401000 	C:\Windows\System32\ucrtbase.dll
0x00007fffe7910000 - 0x00007fffe7928000 	c:\Users\kuber\.vscode\extensions\redhat.java-1.40.0-win32-x64\jre\21.0.6-win32-x86_64\bin\jli.dll
0x00007ffff1fd0000 - 0x00007ffff217e000 	C:\Windows\System32\USER32.dll
0x00007ffff0780000 - 0x00007ffff07a6000 	C:\Windows\System32\win32u.dll
0x00007ffff2da0000 - 0x00007ffff2dc9000 	C:\Windows\System32\GDI32.dll
0x00007ffff0410000 - 0x00007ffff052b000 	C:\Windows\System32\gdi32full.dll
0x00007ffff06e0000 - 0x00007ffff077a000 	C:\Windows\System32\msvcp_win.dll
0x00007fffe7a00000 - 0x00007fffe7a1e000 	c:\Users\kuber\.vscode\extensions\redhat.java-1.40.0-win32-x64\jre\21.0.6-win32-x86_64\bin\VCRUNTIME140.dll
0x00007fffdeb00000 - 0x00007fffded92000 	C:\Windows\WinSxS\amd64_microsoft.windows.common-controls_6595b64144ccf1df_6.0.22621.4391_none_2715d37f73803e96\COMCTL32.dll
0x00007ffff1770000 - 0x00007ffff1817000 	C:\Windows\System32\msvcrt.dll
0x00007ffff2d50000 - 0x00007ffff2d81000 	C:\Windows\System32\IMM32.DLL
0x00007fffe8f80000 - 0x00007fffe8f8c000 	c:\Users\kuber\.vscode\extensions\redhat.java-1.40.0-win32-x64\jre\21.0.6-win32-x86_64\bin\vcruntime140_1.dll
0x00007fffcd090000 - 0x00007fffcd11d000 	c:\Users\kuber\.vscode\extensions\redhat.java-1.40.0-win32-x64\jre\21.0.6-win32-x86_64\bin\msvcp140.dll
0x00007fff627a0000 - 0x00007fff63530000 	c:\Users\kuber\.vscode\extensions\redhat.java-1.40.0-win32-x64\jre\21.0.6-win32-x86_64\bin\server\jvm.dll
0x00007ffff2180000 - 0x00007ffff2232000 	C:\Windows\System32\ADVAPI32.dll
0x00007ffff2440000 - 0x00007ffff24e7000 	C:\Windows\System32\sechost.dll
0x00007ffff0920000 - 0x00007ffff0948000 	C:\Windows\System32\bcrypt.dll
0x00007ffff1590000 - 0x00007ffff16a4000 	C:\Windows\System32\RPCRT4.dll
0x00007ffff1f40000 - 0x00007ffff1fb1000 	C:\Windows\System32\WS2_32.dll
0x00007ffff01c0000 - 0x00007ffff020d000 	C:\Windows\SYSTEM32\POWRPROF.dll
0x00007fffe5e50000 - 0x00007fffe5e5a000 	C:\Windows\SYSTEM32\VERSION.dll
0x00007fffeb000000 - 0x00007fffeb034000 	C:\Windows\SYSTEM32\WINMM.dll
0x00007ffff01a0000 - 0x00007ffff01b3000 	C:\Windows\SYSTEM32\UMPDC.dll
0x00007fffef2f0000 - 0x00007fffef308000 	C:\Windows\SYSTEM32\kernel.appcore.dll
0x00007fffe8f30000 - 0x00007fffe8f3a000 	c:\Users\kuber\.vscode\extensions\redhat.java-1.40.0-win32-x64\jre\21.0.6-win32-x86_64\bin\jimage.dll
0x00007fffe4e70000 - 0x00007fffe50a2000 	C:\Windows\SYSTEM32\DBGHELP.DLL
0x00007ffff1820000 - 0x00007ffff1baf000 	C:\Windows\System32\combase.dll
0x00007ffff2ed0000 - 0x00007ffff2fa7000 	C:\Windows\System32\OLEAUT32.dll
0x00007fffe4e00000 - 0x00007fffe4e32000 	C:\Windows\SYSTEM32\dbgcore.DLL
0x00007ffff05f0000 - 0x00007ffff066b000 	C:\Windows\System32\bcryptPrimitives.dll
0x00007fffe7b10000 - 0x00007fffe7b1f000 	c:\Users\kuber\.vscode\extensions\redhat.java-1.40.0-win32-x64\jre\21.0.6-win32-x86_64\bin\instrument.dll
0x00007fffdce40000 - 0x00007fffdce5f000 	c:\Users\kuber\.vscode\extensions\redhat.java-1.40.0-win32-x64\jre\21.0.6-win32-x86_64\bin\java.dll
0x00007ffff0d10000 - 0x00007ffff1586000 	C:\Windows\System32\SHELL32.dll
0x00007fffee1e0000 - 0x00007fffeeae3000 	C:\Windows\SYSTEM32\windows.storage.dll
0x00007fffee0a0000 - 0x00007fffee1df000 	C:\Windows\SYSTEM32\wintypes.dll
0x00007ffff2dd0000 - 0x00007ffff2ec9000 	C:\Windows\System32\SHCORE.dll
0x00007ffff1710000 - 0x00007ffff176e000 	C:\Windows\System32\shlwapi.dll
0x00007ffff0220000 - 0x00007ffff024b000 	C:\Windows\SYSTEM32\profapi.dll
0x00007fffdc350000 - 0x00007fffdc368000 	c:\Users\kuber\.vscode\extensions\redhat.java-1.40.0-win32-x64\jre\21.0.6-win32-x86_64\bin\zip.dll
0x00007fffe78a0000 - 0x00007fffe78b0000 	C:\Users\kuber\.vscode\extensions\redhat.java-1.40.0-win32-x64\jre\21.0.6-win32-x86_64\bin\net.dll
0x00007fffeba50000 - 0x00007fffebb86000 	C:\Windows\SYSTEM32\WINHTTP.dll
0x00007fffef760000 - 0x00007fffef7c9000 	C:\Windows\system32\mswsock.dll
0x00007fffda8e0000 - 0x00007fffda8f6000 	C:\Users\kuber\.vscode\extensions\redhat.java-1.40.0-win32-x64\jre\21.0.6-win32-x86_64\bin\nio.dll
0x00007fffdb4d0000 - 0x00007fffdb4e0000 	c:\Users\kuber\.vscode\extensions\redhat.java-1.40.0-win32-x64\jre\21.0.6-win32-x86_64\bin\verify.dll
0x00007fffd4a70000 - 0x00007fffd4ab5000 	C:\Users\kuber\AppData\Roaming\Code\User\globalStorage\redhat.java\1.40.0\config_win\org.eclipse.equinox.launcher\org.eclipse.equinox.launcher.win32.win32.x86_64_1.2.1200.v20250212-0927\eclipse_11909.dll
0x00007ffff1bb0000 - 0x00007ffff1d55000 	C:\Windows\System32\ole32.dll
0x00007fffefab0000 - 0x00007fffefacb000 	C:\Windows\SYSTEM32\CRYPTSP.dll
0x00007fffef250000 - 0x00007fffef285000 	C:\Windows\system32\rsaenh.dll
0x00007fffef800000 - 0x00007fffef828000 	C:\Windows\SYSTEM32\USERENV.dll
0x00007fffefa90000 - 0x00007fffefa9c000 	C:\Windows\SYSTEM32\CRYPTBASE.dll
0x00007fffeed50000 - 0x00007fffeed7d000 	C:\Windows\SYSTEM32\IPHLPAPI.DLL
0x00007ffff1fc0000 - 0x00007ffff1fc9000 	C:\Windows\System32\NSI.dll
0x00007fffc9cd0000 - 0x00007fffc9d19000 	C:\Users\kuber\AppData\Local\Temp\jna-102399717\jna7699521279968943072.dll
0x00007ffff2d90000 - 0x00007ffff2d98000 	C:\Windows\System32\PSAPI.DLL
0x00007fffeb860000 - 0x00007fffeb879000 	C:\Windows\SYSTEM32\dhcpcsvc6.DLL
0x00007fffeb6a0000 - 0x00007fffeb6bf000 	C:\Windows\SYSTEM32\dhcpcsvc.DLL
0x00007fffef400000 - 0x00007fffef434000 	C:\Windows\SYSTEM32\ntmarta.dll

dbghelp: loaded successfully - version: 4.0.5 - missing functions: none
symbol engine: initialized successfully - sym options: 0x614 - pdb path: .;c:\Users\kuber\.vscode\extensions\redhat.java-1.40.0-win32-x64\jre\21.0.6-win32-x86_64\bin;C:\Windows\SYSTEM32;C:\Windows\WinSxS\amd64_microsoft.windows.common-controls_6595b64144ccf1df_6.0.22621.4391_none_2715d37f73803e96;c:\Users\kuber\.vscode\extensions\redhat.java-1.40.0-win32-x64\jre\21.0.6-win32-x86_64\bin\server;C:\Users\kuber\AppData\Roaming\Code\User\globalStorage\redhat.java\1.40.0\config_win\org.eclipse.equinox.launcher\org.eclipse.equinox.launcher.win32.win32.x86_64_1.2.1200.v20250212-0927;C:\Users\kuber\AppData\Local\Temp\jna-102399717

VM Arguments:
jvm_args: --add-modules=ALL-SYSTEM --add-opens=java.base/java.util=ALL-UNNAMED --add-opens=java.base/java.lang=ALL-UNNAMED --add-opens=java.base/sun.nio.fs=ALL-UNNAMED -Declipse.application=org.eclipse.jdt.ls.core.id1 -Dosgi.bundles.defaultStartLevel=4 -Declipse.product=org.eclipse.jdt.ls.core.product -Djava.import.generatesMetadataFilesAtProjectRoot=false -DDetectVMInstallationsJob.disabled=true -Dfile.encoding=utf8 -XX:+UseParallelGC -XX:GCTimeRatio=4 -XX:AdaptiveSizePolicyWeight=90 -Dsun.zip.disableMemoryMapping=true -Xmx1G -Xms100m -Xlog:disable -javaagent:c:\Users\kuber\.vscode\extensions\redhat.java-1.40.0-win32-x64\lombok\lombok-1.18.36.jar -XX:+HeapDumpOnOutOfMemoryError -XX:HeapDumpPath=c:\Users\kuber\AppData\Roaming\Code\User\workspaceStorage\0767b1f2905f8411273a4aa30b8beb70\redhat.java -Daether.dependencyCollector.impl=bf 
java_command: c:\Users\kuber\.vscode\extensions\redhat.java-1.40.0-win32-x64\server\plugins\org.eclipse.equinox.launcher_1.6.1000.v20250131-0606.jar -configuration c:\Users\kuber\AppData\Roaming\Code\User\globalStorage\redhat.java\1.40.0\config_win -data c:\Users\kuber\AppData\Roaming\Code\User\workspaceStorage\0767b1f2905f8411273a4aa30b8beb70\redhat.java\jdt_ws --pipe=\\.\pipe\lsp-3f6efaccb76a451607626bc52c1efb4c-sock
java_class_path (initial): c:\Users\kuber\.vscode\extensions\redhat.java-1.40.0-win32-x64\server\plugins\org.eclipse.equinox.launcher_1.6.1000.v20250131-0606.jar
Launcher Type: SUN_STANDARD

[Global flags]
    uintx AdaptiveSizePolicyWeight                 = 90                                        {product} {command line}
     intx CICompilerCount                          = 4                                         {product} {ergonomic}
    uintx GCTimeRatio                              = 4                                         {product} {command line}
     bool HeapDumpOnOutOfMemoryError               = true                                   {manageable} {command line}
    ccstr HeapDumpPath                             = c:\Users\kuber\AppData\Roaming\Code\User\workspaceStorage\0767b1f2905f8411273a4aa30b8beb70\redhat.java         {manageable} {command line}
   size_t InitialHeapSize                          = 104857600                                 {product} {command line}
   size_t MaxHeapSize                              = 1073741824                                {product} {command line}
   size_t MaxNewSize                               = 357564416                                 {product} {ergonomic}
   size_t MinHeapDeltaBytes                        = 524288                                    {product} {ergonomic}
   size_t MinHeapSize                              = 104857600                                 {product} {command line}
   size_t NewSize                                  = 34603008                                  {product} {ergonomic}
    uintx NonNMethodCodeHeapSize                   = 5839372                                {pd product} {ergonomic}
    uintx NonProfiledCodeHeapSize                  = 122909434                              {pd product} {ergonomic}
   size_t OldSize                                  = 70254592                                  {product} {ergonomic}
    uintx ProfiledCodeHeapSize                     = 122909434                              {pd product} {ergonomic}
    uintx ReservedCodeCacheSize                    = 251658240                              {pd product} {ergonomic}
     bool SegmentedCodeCache                       = true                                      {product} {ergonomic}
   size_t SoftMaxHeapSize                          = 1073741824                             {manageable} {ergonomic}
     bool UseCompressedOops                        = true                           {product lp64_product} {ergonomic}
     bool UseLargePagesIndividualAllocation        = false                                  {pd product} {ergonomic}
     bool UseParallelGC                            = true                                      {product} {command line}

Logging:
Log output configuration:
 #0: stdout all=off uptime,level,tags foldmultilines=false
 #1: stderr all=off uptime,level,tags foldmultilines=false

Environment Variables:
PATH=C:\Program Files\Common Files\Oracle\Java\javapath;C:\Windows\system32;C:\Windows;C:\Windows\System32\Wbem;C:\Windows\System32\WindowsPowerShell\v1.0\;C:\Windows\System32\OpenSSH\;C:\Program Files\dotnet\;C:\Program Files\Git\cmd;C:\Program Files\nodejs\;C:\ProgramData\chocolatey\bin;C:\Program Files\MySQL\MySQL Shell 8.0\bin\;C:\Users\kuber\AppData\Local\Microsoft\WindowsApps;C:\Users\kuber\.dotnet\tools;C:\Users\kuber\AppData\Local\Programs\Microsoft VS Code\bin;C:\Users\kuber\AppData\Roaming\npm
USERNAME=kuber
OS=Windows_NT
PROCESSOR_IDENTIFIER=AMD64 Family 23 Model 104 Stepping 1, AuthenticAMD
TMP=C:\Users\kuber\AppData\Local\Temp
TEMP=C:\Users\kuber\AppData\Local\Temp




Periodic native trim disabled

---------------  S Y S T E M  ---------------

OS:
 Windows 11 , 64 bit Build 22621 (10.0.22621.4391)
OS uptime: 31 days 21:52 hours
Hyper-V role detected

CPU: total 8 (initial active 8) (8 cores per cpu, 2 threads per core) family 23 model 104 stepping 1 microcode 0x0, cx8, cmov, fxsr, ht, mmx, 3dnowpref, sse, sse2, sse3, ssse3, sse4a, sse4.1, sse4.2, popcnt, lzcnt, tsc, tscinvbit, avx, avx2, aes, clmul, bmi1, bmi2, adx, sha, fma, vzeroupper, clflush, clflushopt, hv, rdtscp, rdpid, f16c
Processor Information for processor 0
  Max Mhz: 2600, Current Mhz: 2600, Mhz Limit: 2600
Processor Information for processor 1
  Max Mhz: 2600, Current Mhz: 2080, Mhz Limit: 2600
Processor Information for processor 2
  Max Mhz: 2600, Current Mhz: 2600, Mhz Limit: 2600
Processor Information for processor 3
  Max Mhz: 2600, Current Mhz: 2600, Mhz Limit: 2600
Processor Information for processor 4
  Max Mhz: 2600, Current Mhz: 2600, Mhz Limit: 2600
Processor Information for processor 5
  Max Mhz: 2600, Current Mhz: 2600, Mhz Limit: 2600
Processor Information for processor 6
  Max Mhz: 2600, Current Mhz: 2600, Mhz Limit: 2600
Processor Information for processor 7
  Max Mhz: 2600, Current Mhz: 2600, Mhz Limit: 2600

Memory: 4k page, system-wide physical 3429M (189M free)
TotalPageFile size 14181M (AvailPageFile size 4M)
current process WorkingSet (physical memory assigned to process): 505M, peak: 515M
current process commit charge ("private bytes"): 691M, peak: 977M

vm_info: OpenJDK 64-Bit Server VM (21.0.6+7-LTS) for windows-amd64 JRE (21.0.6+7-LTS), built on 2025-01-21T00:00:00Z by "admin" with MS VC++ 17.7 (VS2022)

END.
