#
# There is insufficient memory for the Java Runtime Environment to continue.
# Native memory allocation (malloc) failed to allocate 1211856 bytes. Error detail: Chunk::new
# Possible reasons:
#   The system is out of physical RAM or swap space
#   This process is running with CompressedOops enabled, and the Java Heap may be blocking the growth of the native heap
# Possible solutions:
#   Reduce memory load on the system
#   Increase physical memory or swap space
#   Check if swap backing store is full
#   Decrease Java heap size (-Xmx/-Xms)
#   Decrease number of Java threads
#   Decrease Java thread stack sizes (-Xss)
#   Set larger code cache with -XX:ReservedCodeCacheSize=
#   JVM is running with Unscaled Compressed Oops mode in which the Java heap is
#     placed in the first 4GB address space. The Java Heap base address is the
#     maximum limit for the native heap growth. Please use -XX:HeapBaseMinAddress
#     to set the Java Heap base and to place the Java Heap above 4GB virtual address.
# This output file may be truncated or incomplete.
#
#  Out of Memory Error (arena.cpp:168), pid=21080, tid=24964
#
# JRE version: OpenJDK Runtime Environment Temurin-21.0.6+7 (21.0.6+7) (build 21.0.6+7-LTS)
# Java VM: OpenJDK 64-Bit Server VM Temurin-21.0.6+7 (21.0.6+7-LTS, mixed mode, sharing, tiered, compressed oops, compressed class ptrs, parallel gc, windows-amd64)
# No core dump will be written. Minidumps are not enabled by default on client versions of Windows
#

---------------  S U M M A R Y ------------

Command Line: --add-modules=ALL-SYSTEM --add-opens=java.base/java.util=ALL-UNNAMED --add-opens=java.base/java.lang=ALL-UNNAMED --add-opens=java.base/sun.nio.fs=ALL-UNNAMED -Declipse.application=org.eclipse.jdt.ls.core.id1 -Dosgi.bundles.defaultStartLevel=4 -Declipse.product=org.eclipse.jdt.ls.core.product -Djava.import.generatesMetadataFilesAtProjectRoot=false -DDetectVMInstallationsJob.disabled=true -Dfile.encoding=utf8 -XX:+UseParallelGC -XX:GCTimeRatio=4 -XX:AdaptiveSizePolicyWeight=90 -Dsun.zip.disableMemoryMapping=true -Xmx1G -Xms100m -Xlog:disable -javaagent:c:\Users\kuber\.vscode\extensions\redhat.java-1.40.0-win32-x64\lombok\lombok-1.18.36.jar -XX:+HeapDumpOnOutOfMemoryError -XX:HeapDumpPath=c:\Users\kuber\AppData\Roaming\Code\User\workspaceStorage\0767b1f2905f8411273a4aa30b8beb70\redhat.java -Daether.dependencyCollector.impl=bf c:\Users\kuber\.vscode\extensions\redhat.java-1.40.0-win32-x64\server\plugins\org.eclipse.equinox.launcher_1.6.1000.v20250131-0606.jar -configuration c:\Users\kuber\AppData\Roaming\Code\User\globalStorage\redhat.java\1.40.0\config_win -data c:\Users\kuber\AppData\Roaming\Code\User\workspaceStorage\0767b1f2905f8411273a4aa30b8beb70\redhat.java\jdt_ws --pipe=\\.\pipe\lsp-23c9de16210859868a088bd2a958a0f7-sock

Host: AMD Ryzen 3 5300U with Radeon Graphics         , 8 cores, 3G,  Windows 11 , 64 bit Build 22621 (10.0.22621.4391)
Time: Wed Mar 12 12:32:12 2025 India Standard Time elapsed time: 190.058436 seconds (0d 0h 3m 10s)

---------------  T H R E A D  ---------------

Current thread (0x0000012d164c0580):  JavaThread "C2 CompilerThread0" daemon [_thread_in_native, id=24964, stack(0x00000012a6c00000,0x00000012a6d00000) (1024K)]


Current CompileTask:
C2:190058 14785   !   4       org.eclipse.jdt.internal.core.search.indexing.BinaryIndexer::indexDocument (1204 bytes)

Stack: [0x00000012a6c00000,0x00000012a6d00000]
Native frames: (J=compiled Java code, j=interpreted, Vv=VM code, C=native code)
V  [jvm.dll+0x6cdee9]
V  [jvm.dll+0x8a83d1]
V  [jvm.dll+0x8aa8fe]
V  [jvm.dll+0x8aafe3]
V  [jvm.dll+0x27f706]
V  [jvm.dll+0xc500d]
V  [jvm.dll+0xc5543]
V  [jvm.dll+0x2f2acd]
V  [jvm.dll+0x5f6a2a]
V  [jvm.dll+0x250bb2]
V  [jvm.dll+0x250f6f]
V  [jvm.dll+0x249834]
V  [jvm.dll+0x246ec4]
V  [jvm.dll+0x1c75ee]
V  [jvm.dll+0x25685a]
V  [jvm.dll+0x254dfa]
V  [jvm.dll+0x3f0256]
V  [jvm.dll+0x851f8b]
V  [jvm.dll+0x6cc5ed]
C  [ucrtbase.dll+0x29333]
C  [KERNEL32.DLL+0x1259d]
C  [ntdll.dll+0x5af38]


---------------  P R O C E S S  ---------------

Threads class SMR info:
_java_thread_list=0x0000012d5e637ab0, length=63, elements={
0x0000012d020fd090, 0x0000012d164adfe0, 0x0000012d164afbf0, 0x0000012d164b2c50,
0x0000012d164b3b60, 0x0000012d164ba740, 0x0000012d164be5b0, 0x0000012d164c0580,
0x0000012d164c10c0, 0x0000012d5d083800, 0x0000012d5d301ab0, 0x0000012d5d717e20,
0x0000012d5d80dff0, 0x0000012d5d59cbe0, 0x0000012d5d7aaa50, 0x0000012d5d052b20,
0x0000012d5dfdb4f0, 0x0000012d5d8cdf00, 0x0000012d5d8cf940, 0x0000012d5d8ce590,
0x0000012d5d8d0cf0, 0x0000012d607cd670, 0x0000012d607cc2c0, 0x0000012d607ca880,
0x0000012d607cdd00, 0x0000012d607c9b60, 0x0000012d607cb5a0, 0x0000012d607cbc30,
0x0000012d607c8120, 0x0000012d607ca1f0, 0x0000012d607c8e40, 0x0000012d607cea20,
0x0000012d607caf10, 0x0000012d607cc950, 0x0000012d607cf740, 0x0000012d5f4f6780,
0x0000012d5f4f7b30, 0x0000012d5f4f81c0, 0x0000012d5f4f4d40, 0x0000012d5f4f8ee0,
0x0000012d5f4f6e10, 0x0000012d5f4fa290, 0x0000012d5f4fafb0, 0x0000012d5f4f4020,
0x0000012d5f4f5a60, 0x0000012d5f4f74a0, 0x0000012d5f4fb640, 0x0000012d5f4f46b0,
0x0000012d5d8cffd0, 0x0000012d5d8d1380, 0x0000012d5d8cec20, 0x0000012d5d8cf2b0,
0x0000012d607c94d0, 0x0000012d605c0720, 0x0000012d605c4230, 0x0000012d605c2e80,
0x0000012d605c3510, 0x0000012d605bdfc0, 0x0000012d605c1440, 0x0000012d605bd2a0,
0x0000012d605c27f0, 0x0000012d605be650, 0x0000012d605c3ba0
}

Java Threads: ( => current thread )
  0x0000012d020fd090 JavaThread "main"                              [_thread_blocked, id=13212, stack(0x00000012a6200000,0x00000012a6300000) (1024K)]
  0x0000012d164adfe0 JavaThread "Reference Handler"          daemon [_thread_blocked, id=22212, stack(0x00000012a6600000,0x00000012a6700000) (1024K)]
  0x0000012d164afbf0 JavaThread "Finalizer"                  daemon [_thread_blocked, id=23824, stack(0x00000012a6700000,0x00000012a6800000) (1024K)]
  0x0000012d164b2c50 JavaThread "Signal Dispatcher"          daemon [_thread_blocked, id=7488, stack(0x00000012a6800000,0x00000012a6900000) (1024K)]
  0x0000012d164b3b60 JavaThread "Attach Listener"            daemon [_thread_blocked, id=24928, stack(0x00000012a6900000,0x00000012a6a00000) (1024K)]
  0x0000012d164ba740 JavaThread "Service Thread"             daemon [_thread_blocked, id=20648, stack(0x00000012a6a00000,0x00000012a6b00000) (1024K)]
  0x0000012d164be5b0 JavaThread "Monitor Deflation Thread"   daemon [_thread_blocked, id=24764, stack(0x00000012a6b00000,0x00000012a6c00000) (1024K)]
=>0x0000012d164c0580 JavaThread "C2 CompilerThread0"         daemon [_thread_in_native, id=24964, stack(0x00000012a6c00000,0x00000012a6d00000) (1024K)]
  0x0000012d164c10c0 JavaThread "C1 CompilerThread0"         daemon [_thread_blocked, id=5260, stack(0x00000012a6d00000,0x00000012a6e00000) (1024K)]
  0x0000012d5d083800 JavaThread "Common-Cleaner"             daemon [_thread_blocked, id=25784, stack(0x00000012a6e00000,0x00000012a6f00000) (1024K)]
  0x0000012d5d301ab0 JavaThread "Notification Thread"        daemon [_thread_blocked, id=7108, stack(0x00000012a6f00000,0x00000012a7000000) (1024K)]
  0x0000012d5d717e20 JavaThread "Active Thread: Equinox Container: 29feda15-e8d6-4030-9292-a6e59451c4c4"        [_thread_blocked, id=25704, stack(0x00000012a7600000,0x00000012a7700000) (1024K)]
  0x0000012d5d80dff0 JavaThread "Refresh Thread: Equinox Container: 29feda15-e8d6-4030-9292-a6e59451c4c4" daemon [_thread_blocked, id=23608, stack(0x00000012a7700000,0x00000012a7800000) (1024K)]
  0x0000012d5d59cbe0 JavaThread "Framework Event Dispatcher: Equinox Container: 29feda15-e8d6-4030-9292-a6e59451c4c4" daemon [_thread_blocked, id=26344, stack(0x00000012a7900000,0x00000012a7a00000) (1024K)]
  0x0000012d5d7aaa50 JavaThread "Start Level: Equinox Container: 29feda15-e8d6-4030-9292-a6e59451c4c4" daemon [_thread_blocked, id=10676, stack(0x00000012a7a00000,0x00000012a7b00000) (1024K)]
  0x0000012d5d052b20 JavaThread "Bundle File Closer"         daemon [_thread_blocked, id=1368, stack(0x00000012a7b00000,0x00000012a7c00000) (1024K)]
  0x0000012d5dfdb4f0 JavaThread "SCR Component Actor"        daemon [_thread_blocked, id=26288, stack(0x00000012a7c00000,0x00000012a7d00000) (1024K)]
  0x0000012d5d8cdf00 JavaThread "Worker-JM"                         [_thread_blocked, id=14616, stack(0x00000012a7e00000,0x00000012a7f00000) (1024K)]
  0x0000012d5d8cf940 JavaThread "Worker-1"                          [_thread_blocked, id=21544, stack(0x00000012a8000000,0x00000012a8100000) (1024K)]
  0x0000012d5d8ce590 JavaThread "Java indexing"              daemon [_thread_blocked, id=22420, stack(0x00000012a8100000,0x00000012a8200000) (1024K)]
  0x0000012d5d8d0cf0 JavaThread "JNA Cleaner"                daemon [_thread_blocked, id=16556, stack(0x00000012a8400000,0x00000012a8500000) (1024K)]
  0x0000012d607cd670 JavaThread "Worker-4: Check JDK Index"         [_thread_blocked, id=19436, stack(0x00000012a8700000,0x00000012a8800000) (1024K)]
  0x0000012d607cc2c0 JavaThread "Worker-5"                          [_thread_blocked, id=26472, stack(0x00000012a8800000,0x00000012a8900000) (1024K)]
  0x0000012d607ca880 JavaThread "Thread-2"                   daemon [_thread_in_native, id=25964, stack(0x00000012a8900000,0x00000012a8a00000) (1024K)]
  0x0000012d607cdd00 JavaThread "Thread-3"                   daemon [_thread_in_native, id=500, stack(0x00000012a8a00000,0x00000012a8b00000) (1024K)]
  0x0000012d607c9b60 JavaThread "Thread-4"                   daemon [_thread_in_native, id=13836, stack(0x00000012a8b00000,0x00000012a8c00000) (1024K)]
  0x0000012d607cb5a0 JavaThread "Thread-5"                   daemon [_thread_in_native, id=6736, stack(0x00000012a8c00000,0x00000012a8d00000) (1024K)]
  0x0000012d607cbc30 JavaThread "Thread-6"                   daemon [_thread_in_native, id=23108, stack(0x00000012a8d00000,0x00000012a8e00000) (1024K)]
  0x0000012d607c8120 JavaThread "Thread-7"                   daemon [_thread_in_native, id=15824, stack(0x00000012a8e00000,0x00000012a8f00000) (1024K)]
  0x0000012d607ca1f0 JavaThread "Thread-8"                   daemon [_thread_in_native, id=9860, stack(0x00000012a8f00000,0x00000012a9000000) (1024K)]
  0x0000012d607c8e40 JavaThread "Thread-9"                   daemon [_thread_in_native, id=24820, stack(0x00000012a9000000,0x00000012a9100000) (1024K)]
  0x0000012d607cea20 JavaThread "Thread-10"                  daemon [_thread_in_native, id=19104, stack(0x00000012a9100000,0x00000012a9200000) (1024K)]
  0x0000012d607caf10 JavaThread "pool-2-thread-1"                   [_thread_blocked, id=25560, stack(0x00000012a9200000,0x00000012a9300000) (1024K)]
  0x0000012d607cc950 JavaThread "WorkspaceEventsHandler"            [_thread_blocked, id=5708, stack(0x00000012a9300000,0x00000012a9400000) (1024K)]
  0x0000012d607cf740 JavaThread "pool-1-thread-1"                   [_thread_blocked, id=19180, stack(0x00000012a9400000,0x00000012a9500000) (1024K)]
  0x0000012d5f4f6780 JavaThread "Worker-6"                          [_thread_blocked, id=5020, stack(0x00000012a5f00000,0x00000012a6000000) (1024K)]
  0x0000012d5f4f7b30 JavaThread "Worker-7"                          [_thread_blocked, id=6016, stack(0x00000012a6000000,0x00000012a6100000) (1024K)]
  0x0000012d5f4f81c0 JavaThread "Worker-8: Java indexing... "        [_thread_blocked, id=25900, stack(0x00000012a6100000,0x00000012a6200000) (1024K)]
  0x0000012d5f4f4d40 JavaThread "LocalFile Deleter"          daemon [_thread_blocked, id=25172, stack(0x00000012a7d00000,0x00000012a7e00000) (1024K)]
  0x0000012d5f4f8ee0 JavaThread "LocalFile Deleter"          daemon [_thread_blocked, id=24712, stack(0x00000012a7f00000,0x00000012a8000000) (1024K)]
  0x0000012d5f4f6e10 JavaThread "LocalFile Deleter"          daemon [_thread_blocked, id=24716, stack(0x00000012a8200000,0x00000012a8300000) (1024K)]
  0x0000012d5f4fa290 JavaThread "LocalFile Deleter"          daemon [_thread_blocked, id=25356, stack(0x00000012a8300000,0x00000012a8400000) (1024K)]
  0x0000012d5f4fafb0 JavaThread "LocalFile Deleter"          daemon [_thread_blocked, id=21944, stack(0x00000012a8600000,0x00000012a8700000) (1024K)]
  0x0000012d5f4f4020 JavaThread "LocalFile Deleter"          daemon [_thread_blocked, id=23100, stack(0x00000012a9600000,0x00000012a9700000) (1024K)]
  0x0000012d5f4f5a60 JavaThread "LocalFile Deleter"          daemon [_thread_blocked, id=18800, stack(0x00000012a9700000,0x00000012a9800000) (1024K)]
  0x0000012d5f4f74a0 JavaThread "LocalFile Deleter"          daemon [_thread_blocked, id=10592, stack(0x00000012a9800000,0x00000012a9900000) (1024K)]
  0x0000012d5f4fb640 JavaThread "Compiler Source File Reader" daemon [_thread_blocked, id=22392, stack(0x00000012a9900000,0x00000012a9a00000) (1024K)]
  0x0000012d5f4f46b0 JavaThread "Compiler Source File Reader" daemon [_thread_blocked, id=3644, stack(0x00000012a9a00000,0x00000012a9b00000) (1024K)]
  0x0000012d5d8cffd0 JavaThread "Compiler Source File Reader" daemon [_thread_blocked, id=6480, stack(0x00000012a9b00000,0x00000012a9c00000) (1024K)]
  0x0000012d5d8d1380 JavaThread "Compiler Source File Reader" daemon [_thread_blocked, id=7468, stack(0x00000012a9c00000,0x00000012a9d00000) (1024K)]
  0x0000012d5d8cec20 JavaThread "Compiler Source File Reader" daemon [_thread_blocked, id=22624, stack(0x00000012a9d00000,0x00000012a9e00000) (1024K)]
  0x0000012d5d8cf2b0 JavaThread "Compiler Source File Reader" daemon [_thread_blocked, id=22472, stack(0x00000012a9e00000,0x00000012a9f00000) (1024K)]
  0x0000012d607c94d0 JavaThread "ForkJoinPool.commonPool-worker-1" daemon [_thread_blocked, id=14648, stack(0x00000012a9f00000,0x00000012aa000000) (1024K)]
  0x0000012d605c0720 JavaThread "ForkJoinPool.commonPool-worker-2" daemon [_thread_blocked, id=23196, stack(0x00000012aa000000,0x00000012aa100000) (1024K)]
  0x0000012d605c4230 JavaThread "ForkJoinPool.commonPool-worker-3" daemon [_thread_blocked, id=13816, stack(0x00000012aa100000,0x00000012aa200000) (1024K)]
  0x0000012d605c2e80 JavaThread "ForkJoinPool.commonPool-worker-4" daemon [_thread_blocked, id=25008, stack(0x00000012aa200000,0x00000012aa300000) (1024K)]
  0x0000012d605c3510 JavaThread "Compiler Processing Task"   daemon [_thread_blocked, id=12972, stack(0x00000012aa300000,0x00000012aa400000) (1024K)]
  0x0000012d605bdfc0 JavaThread "Compiler Class File Writer" daemon [_thread_blocked, id=10788, stack(0x00000012aa400000,0x00000012aa500000) (1024K)]
  0x0000012d605c1440 JavaThread "Compiler Class File Writer" daemon [_thread_blocked, id=1852, stack(0x00000012aa500000,0x00000012aa600000) (1024K)]
  0x0000012d605bd2a0 JavaThread "Compiler Class File Writer" daemon [_thread_blocked, id=18076, stack(0x00000012aa600000,0x00000012aa700000) (1024K)]
  0x0000012d605c27f0 JavaThread "Compiler Class File Writer" daemon [_thread_blocked, id=10212, stack(0x00000012aa700000,0x00000012aa800000) (1024K)]
  0x0000012d605be650 JavaThread "Compiler Class File Writer" daemon [_thread_blocked, id=24880, stack(0x00000012aa800000,0x00000012aa900000) (1024K)]
  0x0000012d605c3ba0 JavaThread "Compiler Class File Writer" daemon [_thread_blocked, id=12172, stack(0x00000012aa900000,0x00000012aaa00000) (1024K)]
Total: 63

Other Threads:
  0x0000012d164925f0 VMThread "VM Thread"                           [id=5052, stack(0x00000012a6500000,0x00000012a6600000) (1024K)]
  0x0000012d163cca00 WatcherThread "VM Periodic Task Thread"        [id=19916, stack(0x00000012a6400000,0x00000012a6500000) (1024K)]
  0x0000012d0211c110 WorkerThread "GC Thread#0"                     [id=19608, stack(0x00000012a6300000,0x00000012a6400000) (1024K)]
  0x0000012d5d4474a0 WorkerThread "GC Thread#1"                     [id=25792, stack(0x00000012a7000000,0x00000012a7100000) (1024K)]
  0x0000012d5d447840 WorkerThread "GC Thread#2"                     [id=10648, stack(0x00000012a7100000,0x00000012a7200000) (1024K)]
  0x0000012d5d5d5f30 WorkerThread "GC Thread#3"                     [id=26460, stack(0x00000012a7200000,0x00000012a7300000) (1024K)]
  0x0000012d5d5db770 WorkerThread "GC Thread#4"                     [id=24352, stack(0x00000012a7300000,0x00000012a7400000) (1024K)]
  0x0000012d5d8930d0 WorkerThread "GC Thread#5"                     [id=23308, stack(0x00000012a7400000,0x00000012a7500000) (1024K)]
  0x0000012d5d893880 WorkerThread "GC Thread#6"                     [id=16016, stack(0x00000012a7500000,0x00000012a7600000) (1024K)]
  0x0000012d5d7712c0 WorkerThread "GC Thread#7"                     [id=23096, stack(0x00000012a7800000,0x00000012a7900000) (1024K)]
Total: 10

Threads with active compile tasks:
C2 CompilerThread0  190138 14785   !   4       org.eclipse.jdt.internal.core.search.indexing.BinaryIndexer::indexDocument (1204 bytes)
Total: 1

VM state: at safepoint (normal execution)

VM Mutex/Monitor currently owned by a thread:  ([mutex/lock_event])
[0x00007fff76f0e380] Threads_lock - owner thread: 0x0000012d164925f0
[0x00007fff76f0e480] Heap_lock - owner thread: 0x0000012d5d8ce590

Heap address: 0x00000000c0000000, size: 1024 MB, Compressed Oops mode: 32-bit

CDS archive(s) mapped at: [0x0000012d17000000-0x0000012d17ba0000-0x0000012d17ba0000), size 12189696, SharedBaseAddress: 0x0000012d17000000, ArchiveRelocationMode: 1.
Compressed class space mapped at: 0x0000012d18000000-0x0000012d58000000, reserved size: 1073741824
Narrow klass base: 0x0000012d17000000, Narrow klass shift: 0, Narrow klass range: 0x100000000

GC Precious Log:
 CardTable entry size: 512
 CPUs: 8 total, 8 available
 Memory: 3429M
 Large Page Support: Disabled
 NUMA Support: Disabled
 Compressed Oops: Enabled (32-bit)
 Alignments: Space 512K, Generation 512K, Heap 2M
 Heap Min Capacity: 100M
 Heap Initial Capacity: 100M
 Heap Max Capacity: 1G
 Pre-touch: Disabled
 Parallel Workers: 8

Heap:
 PSYoungGen      total 5632K, used 5530K [0x00000000eab00000, 0x00000000eb200000, 0x0000000100000000)
  eden space 4096K, 100% used [0x00000000eab00000,0x00000000eaf00000,0x00000000eaf00000)
  from space 1536K, 93% used [0x00000000eb080000,0x00000000eb1e6880,0x00000000eb200000)
  to   space 1536K, 90% used [0x00000000eaf00000,0x00000000eb05aae8,0x00000000eb080000)
 ParOldGen       total 344064K, used 343657K [0x00000000c0000000, 0x00000000d5000000, 0x00000000eab00000)
  object space 344064K, 99% used [0x00000000c0000000,0x00000000d4f9a7a0,0x00000000d5000000)
 Metaspace       used 72386K, committed 73920K, reserved 1179648K
  class space    used 7539K, committed 8192K, reserved 1048576K

Card table byte_map: [0x0000012d01ad0000,0x0000012d01ce0000] _byte_map_base: 0x0000012d014d0000

Marking Bits: (ParMarkBitMap*) 0x00007fff76f13260
 Begin Bits: [0x0000012d142f0000, 0x0000012d152f0000)
 End Bits:   [0x0000012d152f0000, 0x0000012d162f0000)

Polling page: 0x0000012d018c0000

Metaspace:

Usage:
  Non-class:     63.33 MB used.
      Class:      7.36 MB used.
       Both:     70.69 MB used.

Virtual space:
  Non-class space:      128.00 MB reserved,      64.19 MB ( 50%) committed,  2 nodes.
      Class space:        1.00 GB reserved,       8.00 MB ( <1%) committed,  1 nodes.
             Both:        1.12 GB reserved,      72.19 MB (  6%) committed. 

Chunk freelists:
   Non-Class:  15.75 MB
       Class:  7.99 MB
        Both:  23.74 MB

MaxMetaspaceSize: unlimited
CompressedClassSpaceSize: 1.00 GB
Initial GC threshold: 21.00 MB
Current GC threshold: 97.31 MB
CDS: on
 - commit_granule_bytes: 65536.
 - commit_granule_words: 8192.
 - virtual_space_node_default_size: 8388608.
 - enlarge_chunks_in_place: 1.
 - use_allocation_guard: 0.


Internal statistics:

num_allocs_failed_limit: 9.
num_arena_births: 1254.
num_arena_deaths: 46.
num_vsnodes_births: 3.
num_vsnodes_deaths: 0.
num_space_committed: 1155.
num_space_uncommitted: 0.
num_chunks_returned_to_freelist: 69.
num_chunks_taken_from_freelist: 4529.
num_chunk_merges: 20.
num_chunk_splits: 2745.
num_chunks_enlarged: 1560.
num_inconsistent_stats: 0.

CodeHeap 'non-profiled nmethods': size=120000Kb used=7393Kb max_used=7393Kb free=112607Kb
 bounds [0x0000012d0cdc0000, 0x0000012d0d500000, 0x0000012d142f0000]
CodeHeap 'profiled nmethods': size=120000Kb used=30310Kb max_used=30310Kb free=89689Kb
 bounds [0x0000012d052f0000, 0x0000012d07090000, 0x0000012d0c820000]
CodeHeap 'non-nmethods': size=5760Kb used=1479Kb max_used=1539Kb free=4280Kb
 bounds [0x0000012d0c820000, 0x0000012d0ca90000, 0x0000012d0cdc0000]
 total_blobs=14763 nmethods=13965 adapters=702
 compilation: enabled
              stopped_count=0, restarted_count=0
 full_count=0

Compilation events (20 events):
Event: 188.819 Thread 0x0000012d164c0580 nmethod 14696 0x0000012d0d4dfa10 code [0x0000012d0d4dfbc0, 0x0000012d0d4dfe20]
Event: 188.819 Thread 0x0000012d164c0580 14738       4       org.eclipse.jdt.internal.compiler.util.SimpleLookupTable::put (104 bytes)
Event: 188.828 Thread 0x0000012d164c0580 nmethod 14738 0x0000012d0d4e0010 code [0x0000012d0d4e0240, 0x0000012d0d4e0970]
Event: 188.828 Thread 0x0000012d164c0580 14673       4       org.eclipse.jdt.internal.core.search.indexing.BinaryIndexer::replace (47 bytes)
Event: 188.829 Thread 0x0000012d164c0580 nmethod 14673 0x0000012d0d4e0e10 code [0x0000012d0d4e0fa0, 0x0000012d0d4e10f0]
Event: 188.829 Thread 0x0000012d164c0580 14730       4       org.eclipse.jdt.internal.core.search.indexing.BinaryIndexer::decodeFieldType (379 bytes)
Event: 188.838 Thread 0x0000012d164c0580 nmethod 14730 0x0000012d0d4e1210 code [0x0000012d0d4e1480, 0x0000012d0d4e1dc0]
Event: 188.838 Thread 0x0000012d164c0580 14733   !   4       org.eclipse.jdt.internal.core.search.indexing.BinaryIndexer::indexDocument (1204 bytes)
Event: 188.848 Thread 0x0000012d164c10c0 14768       3       org.eclipse.jdt.internal.core.search.indexing.BinaryIndexer::addPairValue (141 bytes)
Event: 188.849 Thread 0x0000012d164c10c0 nmethod 14768 0x0000012d07087190 code [0x0000012d07087480, 0x0000012d07088658]
Event: 189.442 Thread 0x0000012d164c10c0 14775       2       org.eclipse.jdt.internal.compiler.classfmt.AnnotationInfo::readTargetValue (322 bytes)
Event: 189.443 Thread 0x0000012d164c10c0 nmethod 14775 0x0000012d07088a90 code [0x0000012d07088cc0, 0x0000012d070893d0]
Event: 189.735 Thread 0x0000012d164c0580 nmethod 14733 0x0000012d0d4e2310 code [0x0000012d0d4e2fe0, 0x0000012d0d4ed3d8]
Event: 189.742 Thread 0x0000012d164c0580 14771       4       org.eclipse.jdt.core.Signature::appendClassTypeSignature (323 bytes)
Event: 189.756 Thread 0x0000012d164c10c0 14779       1       org.eclipse.jdt.internal.compiler.classfmt.ModuleInfo$ServiceInfo::name (5 bytes)
Event: 189.760 Thread 0x0000012d164c10c0 nmethod 14779 0x0000012d0d4f4910 code [0x0000012d0d4f4aa0, 0x0000012d0d4f4b68]
Event: 189.781 Thread 0x0000012d164c0580 nmethod 14771 0x0000012d0d4f4c10 code [0x0000012d0d4f4e60, 0x0000012d0d4f5730]
Event: 189.781 Thread 0x0000012d164c0580 14732       4       org.eclipse.jdt.internal.compiler.classfmt.FieldInfo::createField (450 bytes)
Event: 189.821 Thread 0x0000012d164c0580 nmethod 14732 0x0000012d0d4f5f90 code [0x0000012d0d4f6200, 0x0000012d0d4f7920]
Event: 189.821 Thread 0x0000012d164c0580 14785   !   4       org.eclipse.jdt.internal.core.search.indexing.BinaryIndexer::indexDocument (1204 bytes)

GC Heap History (20 events):
Event: 189.945 GC heap before
{Heap before GC invocations=412 (full 3):
 PSYoungGen      total 3584K, used 3264K [0x00000000eab00000, 0x00000000eaf80000, 0x0000000100000000)
  eden space 2560K, 100% used [0x00000000eab00000,0x00000000ead80000,0x00000000ead80000)
  from space 1024K, 68% used [0x00000000eae80000,0x00000000eaf30000,0x00000000eaf80000)
  to   space 1024K, 0% used [0x00000000ead80000,0x00000000ead80000,0x00000000eae80000)
 ParOldGen       total 330752K, used 330643K [0x00000000c0000000, 0x00000000d4300000, 0x00000000eab00000)
  object space 330752K, 99% used [0x00000000c0000000,0x00000000d42e4d20,0x00000000d4300000)
 Metaspace       used 72386K, committed 73920K, reserved 1179648K
  class space    used 7539K, committed 8192K, reserved 1048576K
}
Event: 189.947 GC heap after
{Heap after GC invocations=412 (full 3):
 PSYoungGen      total 3584K, used 704K [0x00000000eab00000, 0x00000000eaf80000, 0x0000000100000000)
  eden space 2560K, 0% used [0x00000000eab00000,0x00000000eab00000,0x00000000ead80000)
  from space 1024K, 68% used [0x00000000ead80000,0x00000000eae30000,0x00000000eae80000)
  to   space 1024K, 0% used [0x00000000eae80000,0x00000000eae80000,0x00000000eaf80000)
 ParOldGen       total 331264K, used 331214K [0x00000000c0000000, 0x00000000d4380000, 0x00000000eab00000)
  object space 331264K, 99% used [0x00000000c0000000,0x00000000d43739f0,0x00000000d4380000)
 Metaspace       used 72386K, committed 73920K, reserved 1179648K
  class space    used 7539K, committed 8192K, reserved 1048576K
}
Event: 189.959 GC heap before
{Heap before GC invocations=413 (full 3):
 PSYoungGen      total 3584K, used 3264K [0x00000000eab00000, 0x00000000eaf80000, 0x0000000100000000)
  eden space 2560K, 100% used [0x00000000eab00000,0x00000000ead80000,0x00000000ead80000)
  from space 1024K, 68% used [0x00000000ead80000,0x00000000eae30000,0x00000000eae80000)
  to   space 1024K, 0% used [0x00000000eae80000,0x00000000eae80000,0x00000000eaf80000)
 ParOldGen       total 331264K, used 331214K [0x00000000c0000000, 0x00000000d4380000, 0x00000000eab00000)
  object space 331264K, 99% used [0x00000000c0000000,0x00000000d43739f0,0x00000000d4380000)
 Metaspace       used 72386K, committed 73920K, reserved 1179648K
  class space    used 7539K, committed 8192K, reserved 1048576K
}
Event: 189.962 GC heap after
{Heap after GC invocations=413 (full 3):
 PSYoungGen      total 3584K, used 866K [0x00000000eab00000, 0x00000000eaf80000, 0x0000000100000000)
  eden space 2560K, 0% used [0x00000000eab00000,0x00000000eab00000,0x00000000ead80000)
  from space 1024K, 84% used [0x00000000eae80000,0x00000000eaf58ab8,0x00000000eaf80000)
  to   space 1024K, 0% used [0x00000000ead80000,0x00000000ead80000,0x00000000eae80000)
 ParOldGen       total 332288K, used 331817K [0x00000000c0000000, 0x00000000d4480000, 0x00000000eab00000)
  object space 332288K, 99% used [0x00000000c0000000,0x00000000d440a588,0x00000000d4480000)
 Metaspace       used 72386K, committed 73920K, reserved 1179648K
  class space    used 7539K, committed 8192K, reserved 1048576K
}
Event: 189.966 GC heap before
{Heap before GC invocations=414 (full 3):
 PSYoungGen      total 3584K, used 3426K [0x00000000eab00000, 0x00000000eaf80000, 0x0000000100000000)
  eden space 2560K, 100% used [0x00000000eab00000,0x00000000ead80000,0x00000000ead80000)
  from space 1024K, 84% used [0x00000000eae80000,0x00000000eaf58ab8,0x00000000eaf80000)
  to   space 1024K, 0% used [0x00000000ead80000,0x00000000ead80000,0x00000000eae80000)
 ParOldGen       total 332288K, used 331817K [0x00000000c0000000, 0x00000000d4480000, 0x00000000eab00000)
  object space 332288K, 99% used [0x00000000c0000000,0x00000000d440a588,0x00000000d4480000)
 Metaspace       used 72386K, committed 73920K, reserved 1179648K
  class space    used 7539K, committed 8192K, reserved 1048576K
}
Event: 189.968 GC heap after
{Heap after GC invocations=414 (full 3):
 PSYoungGen      total 3584K, used 994K [0x00000000eab00000, 0x00000000eb180000, 0x0000000100000000)
  eden space 2560K, 0% used [0x00000000eab00000,0x00000000eab00000,0x00000000ead80000)
  from space 1024K, 97% used [0x00000000ead80000,0x00000000eae78a30,0x00000000eae80000)
  to   space 2048K, 0% used [0x00000000eaf80000,0x00000000eaf80000,0x00000000eb180000)
 ParOldGen       total 332800K, used 332554K [0x00000000c0000000, 0x00000000d4500000, 0x00000000eab00000)
  object space 332800K, 99% used [0x00000000c0000000,0x00000000d44c2938,0x00000000d4500000)
 Metaspace       used 72386K, committed 73920K, reserved 1179648K
  class space    used 7539K, committed 8192K, reserved 1048576K
}
Event: 189.977 GC heap before
{Heap before GC invocations=415 (full 3):
 PSYoungGen      total 3584K, used 3554K [0x00000000eab00000, 0x00000000eb180000, 0x0000000100000000)
  eden space 2560K, 100% used [0x00000000eab00000,0x00000000ead80000,0x00000000ead80000)
  from space 1024K, 97% used [0x00000000ead80000,0x00000000eae78a30,0x00000000eae80000)
  to   space 2048K, 0% used [0x00000000eaf80000,0x00000000eaf80000,0x00000000eb180000)
 ParOldGen       total 332800K, used 332554K [0x00000000c0000000, 0x00000000d4500000, 0x00000000eab00000)
  object space 332800K, 99% used [0x00000000c0000000,0x00000000d44c2938,0x00000000d4500000)
 Metaspace       used 72386K, committed 73920K, reserved 1179648K
  class space    used 7539K, committed 8192K, reserved 1048576K
}
Event: 189.980 GC heap after
{Heap after GC invocations=415 (full 3):
 PSYoungGen      total 3584K, used 928K [0x00000000eab00000, 0x00000000eb080000, 0x0000000100000000)
  eden space 2560K, 0% used [0x00000000eab00000,0x00000000eab00000,0x00000000ead80000)
  from space 1024K, 90% used [0x00000000eaf80000,0x00000000eb0681b8,0x00000000eb080000)
  to   space 1536K, 0% used [0x00000000ead80000,0x00000000ead80000,0x00000000eaf00000)
 ParOldGen       total 333824K, used 333508K [0x00000000c0000000, 0x00000000d4600000, 0x00000000eab00000)
  object space 333824K, 99% used [0x00000000c0000000,0x00000000d45b1198,0x00000000d4600000)
 Metaspace       used 72386K, committed 73920K, reserved 1179648K
  class space    used 7539K, committed 8192K, reserved 1048576K
}
Event: 189.985 GC heap before
{Heap before GC invocations=416 (full 3):
 PSYoungGen      total 3584K, used 3470K [0x00000000eab00000, 0x00000000eb080000, 0x0000000100000000)
  eden space 2560K, 99% used [0x00000000eab00000,0x00000000ead7ba10,0x00000000ead80000)
  from space 1024K, 90% used [0x00000000eaf80000,0x00000000eb0681b8,0x00000000eb080000)
  to   space 1536K, 0% used [0x00000000ead80000,0x00000000ead80000,0x00000000eaf00000)
 ParOldGen       total 333824K, used 333508K [0x00000000c0000000, 0x00000000d4600000, 0x00000000eab00000)
  object space 333824K, 99% used [0x00000000c0000000,0x00000000d45b1198,0x00000000d4600000)
 Metaspace       used 72386K, committed 73920K, reserved 1179648K
  class space    used 7539K, committed 8192K, reserved 1048576K
}
Event: 189.988 GC heap after
{Heap after GC invocations=416 (full 3):
 PSYoungGen      total 4096K, used 1073K [0x00000000eab00000, 0x00000000eb100000, 0x0000000100000000)
  eden space 2560K, 0% used [0x00000000eab00000,0x00000000eab00000,0x00000000ead80000)
  from space 1536K, 69% used [0x00000000ead80000,0x00000000eae8c560,0x00000000eaf00000)
  to   space 1536K, 0% used [0x00000000eaf80000,0x00000000eaf80000,0x00000000eb100000)
 ParOldGen       total 334336K, used 334318K [0x00000000c0000000, 0x00000000d4680000, 0x00000000eab00000)
  object space 334336K, 99% used [0x00000000c0000000,0x00000000d467b9b8,0x00000000d4680000)
 Metaspace       used 72386K, committed 73920K, reserved 1179648K
  class space    used 7539K, committed 8192K, reserved 1048576K
}
Event: 189.993 GC heap before
{Heap before GC invocations=417 (full 3):
 PSYoungGen      total 4096K, used 3633K [0x00000000eab00000, 0x00000000eb100000, 0x0000000100000000)
  eden space 2560K, 100% used [0x00000000eab00000,0x00000000ead80000,0x00000000ead80000)
  from space 1536K, 69% used [0x00000000ead80000,0x00000000eae8c560,0x00000000eaf00000)
  to   space 1536K, 0% used [0x00000000eaf80000,0x00000000eaf80000,0x00000000eb100000)
 ParOldGen       total 334336K, used 334318K [0x00000000c0000000, 0x00000000d4680000, 0x00000000eab00000)
  object space 334336K, 99% used [0x00000000c0000000,0x00000000d467b9b8,0x00000000d4680000)
 Metaspace       used 72386K, committed 73920K, reserved 1179648K
  class space    used 7539K, committed 8192K, reserved 1048576K
}
Event: 189.995 GC heap after
{Heap after GC invocations=417 (full 3):
 PSYoungGen      total 4608K, used 1114K [0x00000000eab00000, 0x00000000eb100000, 0x0000000100000000)
  eden space 3072K, 0% used [0x00000000eab00000,0x00000000eab00000,0x00000000eae00000)
  from space 1536K, 72% used [0x00000000eaf80000,0x00000000eb0968e0,0x00000000eb100000)
  to   space 1536K, 0% used [0x00000000eae00000,0x00000000eae00000,0x00000000eaf80000)
 ParOldGen       total 335360K, used 335244K [0x00000000c0000000, 0x00000000d4780000, 0x00000000eab00000)
  object space 335360K, 99% used [0x00000000c0000000,0x00000000d4763040,0x00000000d4780000)
 Metaspace       used 72386K, committed 73920K, reserved 1179648K
  class space    used 7539K, committed 8192K, reserved 1048576K
}
Event: 190.000 GC heap before
{Heap before GC invocations=418 (full 3):
 PSYoungGen      total 4608K, used 4186K [0x00000000eab00000, 0x00000000eb100000, 0x0000000100000000)
  eden space 3072K, 100% used [0x00000000eab00000,0x00000000eae00000,0x00000000eae00000)
  from space 1536K, 72% used [0x00000000eaf80000,0x00000000eb0968e0,0x00000000eb100000)
  to   space 1536K, 0% used [0x00000000eae00000,0x00000000eae00000,0x00000000eaf80000)
 ParOldGen       total 335360K, used 335244K [0x00000000c0000000, 0x00000000d4780000, 0x00000000eab00000)
  object space 335360K, 99% used [0x00000000c0000000,0x00000000d4763040,0x00000000d4780000)
 Metaspace       used 72386K, committed 73920K, reserved 1179648K
  class space    used 7539K, committed 8192K, reserved 1048576K
}
Event: 190.002 GC heap after
{Heap after GC invocations=418 (full 3):
 PSYoungGen      total 4608K, used 1278K [0x00000000eab00000, 0x00000000eb200000, 0x0000000100000000)
  eden space 3072K, 0% used [0x00000000eab00000,0x00000000eab00000,0x00000000eae00000)
  from space 1536K, 83% used [0x00000000eae00000,0x00000000eaf3f930,0x00000000eaf80000)
  to   space 1536K, 0% used [0x00000000eb080000,0x00000000eb080000,0x00000000eb200000)
 ParOldGen       total 336384K, used 336235K [0x00000000c0000000, 0x00000000d4880000, 0x00000000eab00000)
  object space 336384K, 99% used [0x00000000c0000000,0x00000000d485afc0,0x00000000d4880000)
 Metaspace       used 72386K, committed 73920K, reserved 1179648K
  class space    used 7539K, committed 8192K, reserved 1048576K
}
Event: 190.008 GC heap before
{Heap before GC invocations=419 (full 3):
 PSYoungGen      total 4608K, used 4312K [0x00000000eab00000, 0x00000000eb200000, 0x0000000100000000)
  eden space 3072K, 98% used [0x00000000eab00000,0x00000000eadf69a0,0x00000000eae00000)
  from space 1536K, 83% used [0x00000000eae00000,0x00000000eaf3f930,0x00000000eaf80000)
  to   space 1536K, 0% used [0x00000000eb080000,0x00000000eb080000,0x00000000eb200000)
 ParOldGen       total 336384K, used 336235K [0x00000000c0000000, 0x00000000d4880000, 0x00000000eab00000)
  object space 336384K, 99% used [0x00000000c0000000,0x00000000d485afc0,0x00000000d4880000)
 Metaspace       used 72386K, committed 73920K, reserved 1179648K
  class space    used 7539K, committed 8192K, reserved 1048576K
}
Event: 190.011 GC heap after
{Heap after GC invocations=419 (full 3):
 PSYoungGen      total 5632K, used 1196K [0x00000000eab00000, 0x00000000eb200000, 0x0000000100000000)
  eden space 4096K, 0% used [0x00000000eab00000,0x00000000eab00000,0x00000000eaf00000)
  from space 1536K, 77% used [0x00000000eb080000,0x00000000eb1ab318,0x00000000eb200000)
  to   space 1536K, 0% used [0x00000000eaf00000,0x00000000eaf00000,0x00000000eb080000)
 ParOldGen       total 337408K, used 337386K [0x00000000c0000000, 0x00000000d4980000, 0x00000000eab00000)
  object space 337408K, 99% used [0x00000000c0000000,0x00000000d497aa80,0x00000000d4980000)
 Metaspace       used 72386K, committed 73920K, reserved 1179648K
  class space    used 7539K, committed 8192K, reserved 1048576K
}
Event: 190.020 GC heap before
{Heap before GC invocations=420 (full 3):
 PSYoungGen      total 5632K, used 5292K [0x00000000eab00000, 0x00000000eb200000, 0x0000000100000000)
  eden space 4096K, 100% used [0x00000000eab00000,0x00000000eaf00000,0x00000000eaf00000)
  from space 1536K, 77% used [0x00000000eb080000,0x00000000eb1ab318,0x00000000eb200000)
  to   space 1536K, 0% used [0x00000000eaf00000,0x00000000eaf00000,0x00000000eb080000)
 ParOldGen       total 337408K, used 337386K [0x00000000c0000000, 0x00000000d4980000, 0x00000000eab00000)
  object space 337408K, 99% used [0x00000000c0000000,0x00000000d497aa80,0x00000000d4980000)
 Metaspace       used 72386K, committed 73920K, reserved 1179648K
  class space    used 7539K, committed 8192K, reserved 1048576K
}
Event: 190.024 GC heap after
{Heap after GC invocations=420 (full 3):
 PSYoungGen      total 5632K, used 1523K [0x00000000eab00000, 0x00000000eb200000, 0x0000000100000000)
  eden space 4096K, 0% used [0x00000000eab00000,0x00000000eab00000,0x00000000eaf00000)
  from space 1536K, 99% used [0x00000000eaf00000,0x00000000eb07ce80,0x00000000eb080000)
  to   space 1536K, 0% used [0x00000000eb080000,0x00000000eb080000,0x00000000eb200000)
 ParOldGen       total 338944K, used 338629K [0x00000000c0000000, 0x00000000d4b00000, 0x00000000eab00000)
  object space 338944K, 99% used [0x00000000c0000000,0x00000000d4ab16e8,0x00000000d4b00000)
 Metaspace       used 72386K, committed 73920K, reserved 1179648K
  class space    used 7539K, committed 8192K, reserved 1048576K
}
Event: 190.036 GC heap before
{Heap before GC invocations=421 (full 3):
 PSYoungGen      total 5632K, used 5619K [0x00000000eab00000, 0x00000000eb200000, 0x0000000100000000)
  eden space 4096K, 100% used [0x00000000eab00000,0x00000000eaf00000,0x00000000eaf00000)
  from space 1536K, 99% used [0x00000000eaf00000,0x00000000eb07ce80,0x00000000eb080000)
  to   space 1536K, 0% used [0x00000000eb080000,0x00000000eb080000,0x00000000eb200000)
 ParOldGen       total 338944K, used 338629K [0x00000000c0000000, 0x00000000d4b00000, 0x00000000eab00000)
  object space 338944K, 99% used [0x00000000c0000000,0x00000000d4ab16e8,0x00000000d4b00000)
 Metaspace       used 72386K, committed 73920K, reserved 1179648K
  class space    used 7539K, committed 8192K, reserved 1048576K
}
Event: 190.039 GC heap after
{Heap after GC invocations=421 (full 3):
 PSYoungGen      total 5632K, used 1235K [0x00000000eab00000, 0x00000000eb200000, 0x0000000100000000)
  eden space 4096K, 0% used [0x00000000eab00000,0x00000000eab00000,0x00000000eaf00000)
  from space 1536K, 80% used [0x00000000eb080000,0x00000000eb1b4f08,0x00000000eb200000)
  to   space 1536K, 0% used [0x00000000eaf00000,0x00000000eaf00000,0x00000000eb080000)
 ParOldGen       total 340480K, used 340010K [0x00000000c0000000, 0x00000000d4c80000, 0x00000000eab00000)
  object space 340480K, 99% used [0x00000000c0000000,0x00000000d4c0aa80,0x00000000d4c80000)
 Metaspace       used 72386K, committed 73920K, reserved 1179648K
  class space    used 7539K, committed 8192K, reserved 1048576K
}

Dll operation events (14 events):
Event: 0.049 Loaded shared library c:\Users\kuber\.vscode\extensions\redhat.java-1.40.0-win32-x64\jre\21.0.6-win32-x86_64\bin\java.dll
Event: 0.196 Loaded shared library c:\Users\kuber\.vscode\extensions\redhat.java-1.40.0-win32-x64\jre\21.0.6-win32-x86_64\bin\zip.dll
Event: 0.238 Loaded shared library C:\Users\kuber\.vscode\extensions\redhat.java-1.40.0-win32-x64\jre\21.0.6-win32-x86_64\bin\instrument.dll
Event: 0.246 Loaded shared library C:\Users\kuber\.vscode\extensions\redhat.java-1.40.0-win32-x64\jre\21.0.6-win32-x86_64\bin\net.dll
Event: 0.251 Loaded shared library C:\Users\kuber\.vscode\extensions\redhat.java-1.40.0-win32-x64\jre\21.0.6-win32-x86_64\bin\nio.dll
Event: 0.256 Loaded shared library C:\Users\kuber\.vscode\extensions\redhat.java-1.40.0-win32-x64\jre\21.0.6-win32-x86_64\bin\zip.dll
Event: 0.286 Loaded shared library C:\Users\kuber\.vscode\extensions\redhat.java-1.40.0-win32-x64\jre\21.0.6-win32-x86_64\bin\jimage.dll
Event: 0.445 Loaded shared library c:\Users\kuber\.vscode\extensions\redhat.java-1.40.0-win32-x64\jre\21.0.6-win32-x86_64\bin\verify.dll
Event: 8.296 Loaded shared library C:\Users\kuber\AppData\Roaming\Code\User\globalStorage\redhat.java\1.40.0\config_win\org.eclipse.equinox.launcher\org.eclipse.equinox.launcher.win32.win32.x86_64_1.2.1200.v20250212-0927\eclipse_11909.dll
Event: 19.532 Loaded shared library C:\Users\kuber\.vscode\extensions\redhat.java-1.40.0-win32-x64\jre\21.0.6-win32-x86_64\bin\management.dll
Event: 19.537 Loaded shared library C:\Users\kuber\.vscode\extensions\redhat.java-1.40.0-win32-x64\jre\21.0.6-win32-x86_64\bin\management_ext.dll
Event: 21.399 Loaded shared library C:\Users\kuber\AppData\Local\Temp\jna-102399717\jna12045479548671681331.dll
Event: 22.010 Loaded shared library C:\Users\kuber\.vscode\extensions\redhat.java-1.40.0-win32-x64\jre\21.0.6-win32-x86_64\bin\sunmscapi.dll
Event: 22.316 Loaded shared library C:\Users\kuber\.vscode\extensions\redhat.java-1.40.0-win32-x64\jre\21.0.6-win32-x86_64\bin\extnet.dll

Deoptimization events (20 events):
Event: 189.658 Thread 0x0000012d5d8ce590 DEOPT PACKING pc=0x0000012d06f88ab0 sp=0x00000012a81fe600
Event: 189.658 Thread 0x0000012d5d8ce590 DEOPT UNPACKING pc=0x0000012d0c874242 sp=0x00000012a81fda38 mode 0
Event: 189.732 Thread 0x0000012d5d8ce590 DEOPT PACKING pc=0x0000012d06f88ab0 sp=0x00000012a81fe600
Event: 189.732 Thread 0x0000012d5d8ce590 DEOPT UNPACKING pc=0x0000012d0c874242 sp=0x00000012a81fda38 mode 0
Event: 189.781 Thread 0x0000012d5d8ce590 Uncommon trap: trap_request=0xffffff5c fr.pc=0x0000012d0d4eb334 relative=0x0000000000008354
Event: 189.781 Thread 0x0000012d5d8ce590 Uncommon trap: reason=speculate_null_check action=make_not_entrant pc=0x0000012d0d4eb334 method=org.eclipse.jdt.internal.core.search.indexing.BinaryIndexer.indexDocument()V @ 578 c2
Event: 189.781 Thread 0x0000012d5d8ce590 DEOPT PACKING pc=0x0000012d0d4eb334 sp=0x00000012a81fe920
Event: 189.781 Thread 0x0000012d5d8ce590 DEOPT UNPACKING pc=0x0000012d0c873aa2 sp=0x00000012a81fe880 mode 2
Event: 189.834 Thread 0x0000012d5d8ce590 DEOPT PACKING pc=0x0000012d06f88ab0 sp=0x00000012a81fe730
Event: 189.834 Thread 0x0000012d5d8ce590 DEOPT UNPACKING pc=0x0000012d0c874242 sp=0x00000012a81fdb68 mode 0
Event: 189.876 Thread 0x0000012d5d8ce590 DEOPT PACKING pc=0x0000012d06f88ab0 sp=0x00000012a81fe730
Event: 189.876 Thread 0x0000012d5d8ce590 DEOPT UNPACKING pc=0x0000012d0c874242 sp=0x00000012a81fdb68 mode 0
Event: 189.911 Thread 0x0000012d5d8ce590 DEOPT PACKING pc=0x0000012d06f88ab0 sp=0x00000012a81fe730
Event: 189.911 Thread 0x0000012d5d8ce590 DEOPT UNPACKING pc=0x0000012d0c874242 sp=0x00000012a81fdb68 mode 0
Event: 189.954 Thread 0x0000012d5d8ce590 DEOPT PACKING pc=0x0000012d06f88ab0 sp=0x00000012a81fe730
Event: 189.954 Thread 0x0000012d5d8ce590 DEOPT UNPACKING pc=0x0000012d0c874242 sp=0x00000012a81fdb68 mode 0
Event: 190.019 Thread 0x0000012d5d8ce590 DEOPT PACKING pc=0x0000012d06f88ab0 sp=0x00000012a81fe730
Event: 190.019 Thread 0x0000012d5d8ce590 DEOPT UNPACKING pc=0x0000012d0c874242 sp=0x00000012a81fdb68 mode 0
Event: 190.049 Thread 0x0000012d5d8ce590 DEOPT PACKING pc=0x0000012d06f88ab0 sp=0x00000012a81fe730
Event: 190.049 Thread 0x0000012d5d8ce590 DEOPT UNPACKING pc=0x0000012d0c874242 sp=0x00000012a81fdb68 mode 0

Classes loaded (20 events):
Event: 182.828 Loading class java/io/SequenceInputStream
Event: 182.829 Loading class java/io/SequenceInputStream done
Event: 182.857 Loading class org/xml/sax/SAXNotRecognizedException
Event: 182.857 Loading class org/xml/sax/SAXNotRecognizedException done
Event: 182.858 Loading class org/xml/sax/SAXNotSupportedException
Event: 182.858 Loading class org/xml/sax/SAXNotSupportedException done
Event: 182.862 Loading class com/sun/org/apache/xerces/internal/util/URI
Event: 182.864 Loading class com/sun/org/apache/xerces/internal/util/URI done
Event: 182.867 Loading class com/sun/org/apache/xerces/internal/xni/XNIException
Event: 182.868 Loading class com/sun/org/apache/xerces/internal/xni/XNIException done
Event: 182.873 Loading class com/sun/org/apache/xerces/internal/xni/parser/XMLParseException
Event: 182.874 Loading class com/sun/org/apache/xerces/internal/xni/parser/XMLParseException done
Event: 182.992 Loading class java/util/ArrayDeque$DeqSpliterator
Event: 182.993 Loading class java/util/ArrayDeque$DeqSpliterator done
Event: 183.606 Loading class java/io/CharArrayWriter
Event: 183.607 Loading class java/io/CharArrayWriter done
Event: 183.620 Loading class java/nio/file/attribute/PosixFileAttributes
Event: 183.620 Loading class java/nio/file/attribute/PosixFileAttributes done
Event: 183.927 Loading class java/util/HashMap$EntrySpliterator
Event: 183.927 Loading class java/util/HashMap$EntrySpliterator done

Classes unloaded (20 events):
Event: 20.406 Thread 0x0000012d164925f0 Unloading class 0x0000012d1819d800 'java/lang/invoke/LambdaForm$MH+0x0000012d1819d800'
Event: 20.406 Thread 0x0000012d164925f0 Unloading class 0x0000012d1819d400 'java/lang/invoke/LambdaForm$BMH+0x0000012d1819d400'
Event: 20.406 Thread 0x0000012d164925f0 Unloading class 0x0000012d1819d000 'java/lang/invoke/LambdaForm$DMH+0x0000012d1819d000'
Event: 20.406 Thread 0x0000012d164925f0 Unloading class 0x0000012d1819bc00 'java/lang/invoke/LambdaForm$DMH+0x0000012d1819bc00'
Event: 21.863 Thread 0x0000012d164925f0 Unloading class 0x0000012d182f2800 'java/lang/invoke/LambdaForm$MH+0x0000012d182f2800'
Event: 21.863 Thread 0x0000012d164925f0 Unloading class 0x0000012d182f1c00 'java/lang/invoke/LambdaForm$MH+0x0000012d182f1c00'
Event: 21.863 Thread 0x0000012d164925f0 Unloading class 0x0000012d182f1400 'java/lang/invoke/LambdaForm$MH+0x0000012d182f1400'
Event: 21.863 Thread 0x0000012d164925f0 Unloading class 0x0000012d182f0c00 'java/lang/invoke/LambdaForm$MH+0x0000012d182f0c00'
Event: 21.863 Thread 0x0000012d164925f0 Unloading class 0x0000012d182f0400 'java/lang/invoke/LambdaForm$DMH+0x0000012d182f0400'
Event: 21.863 Thread 0x0000012d164925f0 Unloading class 0x0000012d182eec00 'java/lang/invoke/LambdaForm$MH+0x0000012d182eec00'
Event: 21.863 Thread 0x0000012d164925f0 Unloading class 0x0000012d182eb800 'java/lang/invoke/LambdaForm$MH+0x0000012d182eb800'
Event: 21.864 Thread 0x0000012d164925f0 Unloading class 0x0000012d182eac00 'java/lang/invoke/LambdaForm$MH+0x0000012d182eac00'
Event: 21.864 Thread 0x0000012d164925f0 Unloading class 0x0000012d182ea400 'java/lang/invoke/LambdaForm$MH+0x0000012d182ea400'
Event: 21.864 Thread 0x0000012d164925f0 Unloading class 0x0000012d182e9c00 'java/lang/invoke/LambdaForm$MH+0x0000012d182e9c00'
Event: 21.864 Thread 0x0000012d164925f0 Unloading class 0x0000012d182e9400 'java/lang/invoke/LambdaForm$MH+0x0000012d182e9400'
Event: 21.864 Thread 0x0000012d164925f0 Unloading class 0x0000012d182e8c00 'java/lang/invoke/LambdaForm$MH+0x0000012d182e8c00'
Event: 178.399 Thread 0x0000012d164925f0 Unloading class 0x0000012d18664c00 'java/lang/invoke/LambdaForm$DMH+0x0000012d18664c00'
Event: 178.400 Thread 0x0000012d164925f0 Unloading class 0x0000012d18665400 'java/lang/invoke/LambdaForm$DMH+0x0000012d18665400'
Event: 178.400 Thread 0x0000012d164925f0 Unloading class 0x0000012d18665000 'java/lang/invoke/LambdaForm$DMH+0x0000012d18665000'
Event: 178.400 Thread 0x0000012d164925f0 Unloading class 0x0000012d18664800 'java/lang/invoke/LambdaForm$DMH+0x0000012d18664800'

Classes redefined (0 events):
No events

Internal exceptions (20 events):
Event: 183.970 Thread 0x0000012d5f4f4020 Exception <a 'sun/nio/fs/WindowsException'{0x00000000eb6ecb00}> (0x00000000eb6ecb00) 
thrown [s\src\hotspot\share\prims\jni.cpp, line 520]
Event: 183.972 Thread 0x0000012d5f4f6780 Exception <a 'sun/nio/fs/WindowsException'{0x00000000eb719ff0}> (0x00000000eb719ff0) 
thrown [s\src\hotspot\share\prims\jni.cpp, line 520]
Event: 184.197 Thread 0x0000012d5f4f6780 Exception <a 'sun/nio/fs/WindowsException'{0x00000000eb75ff10}> (0x00000000eb75ff10) 
thrown [s\src\hotspot\share\prims\jni.cpp, line 520]
Event: 184.197 Thread 0x0000012d5f4f5a60 Exception <a 'sun/nio/fs/WindowsException'{0x00000000eb763e78}> (0x00000000eb763e78) 
thrown [s\src\hotspot\share\prims\jni.cpp, line 520]
Event: 184.198 Thread 0x0000012d5f4f4020 Exception <a 'sun/nio/fs/WindowsException'{0x00000000eb766568}> (0x00000000eb766568) 
thrown [s\src\hotspot\share\prims\jni.cpp, line 520]
Event: 184.240 Thread 0x0000012d5f4f6780 Exception <a 'sun/nio/fs/WindowsException'{0x00000000eb141cc0}> (0x00000000eb141cc0) 
thrown [s\src\hotspot\share\prims\jni.cpp, line 520]
Event: 184.240 Thread 0x0000012d5f4f6780 Exception <a 'sun/nio/fs/WindowsException'{0x00000000eb1422f0}> (0x00000000eb1422f0) 
thrown [s\src\hotspot\share\prims\jni.cpp, line 520]
Event: 184.245 Thread 0x0000012d5f4f6780 Exception <a 'java/lang/NoSuchMethodError'{0x00000000eb19a8e0}: 'int java.lang.invoke.DirectMethodHandle$Holder.invokeStatic(java.lang.Object, java.lang.Object, java.lang.Object, java.lang.Object, java.lang.Object, java.lang.Object)'> (0x00000000eb19a8e0) 
thrown [s\src\hotspot\share\interpreter\linkResolver.cpp, line 773]
Event: 184.254 Thread 0x0000012d5f4f6780 Exception <a 'sun/nio/fs/WindowsException'{0x00000000eb285ba0}> (0x00000000eb285ba0) 
thrown [s\src\hotspot\share\prims\jni.cpp, line 520]
Event: 184.257 Thread 0x0000012d5f4f6780 Exception <a 'sun/nio/fs/WindowsException'{0x00000000eb287630}> (0x00000000eb287630) 
thrown [s\src\hotspot\share\prims\jni.cpp, line 520]
Event: 184.259 Thread 0x0000012d5f4f6780 Exception <a 'sun/nio/fs/WindowsException'{0x00000000eb288d10}> (0x00000000eb288d10) 
thrown [s\src\hotspot\share\prims\jni.cpp, line 520]
Event: 184.260 Thread 0x0000012d5f4f6780 Exception <a 'sun/nio/fs/WindowsException'{0x00000000eb28a370}> (0x00000000eb28a370) 
thrown [s\src\hotspot\share\prims\jni.cpp, line 520]
Event: 184.262 Thread 0x0000012d5f4f6780 Exception <a 'sun/nio/fs/WindowsException'{0x00000000eb28b9c8}> (0x00000000eb28b9c8) 
thrown [s\src\hotspot\share\prims\jni.cpp, line 520]
Event: 184.264 Thread 0x0000012d5f4f6780 Exception <a 'sun/nio/fs/WindowsException'{0x00000000eb28d070}> (0x00000000eb28d070) 
thrown [s\src\hotspot\share\prims\jni.cpp, line 520]
Event: 184.265 Thread 0x0000012d5f4f6780 Exception <a 'sun/nio/fs/WindowsException'{0x00000000eb28e6d0}> (0x00000000eb28e6d0) 
thrown [s\src\hotspot\share\prims\jni.cpp, line 520]
Event: 184.267 Thread 0x0000012d5f4f6780 Exception <a 'sun/nio/fs/WindowsException'{0x00000000eb28fdc8}> (0x00000000eb28fdc8) 
thrown [s\src\hotspot\share\prims\jni.cpp, line 520]
Event: 184.351 Thread 0x0000012d5d8ce590 Exception <a 'sun/nio/fs/WindowsException'{0x00000000eb55db88}> (0x00000000eb55db88) 
thrown [s\src\hotspot\share\prims\jni.cpp, line 520]
Event: 184.366 Thread 0x0000012d5d8ce590 Exception <a 'sun/nio/fs/WindowsException'{0x00000000eb5646c0}> (0x00000000eb5646c0) 
thrown [s\src\hotspot\share\prims\jni.cpp, line 520]
Event: 184.527 Thread 0x0000012d5d8ce590 Implicit null exception at 0x0000012d0d45ccda to 0x0000012d0d45cdd8
Event: 189.781 Thread 0x0000012d5d8ce590 Implicit null exception at 0x0000012d0d4e5db7 to 0x0000012d0d4eb31c

ZGC Phase Switch (0 events):
No events

VM Operations (20 events):
Event: 189.945 Executing VM operation: ParallelGCFailedAllocation (Allocation Failure)
Event: 189.947 Executing VM operation: ParallelGCFailedAllocation (Allocation Failure) done
Event: 189.959 Executing VM operation: ParallelGCFailedAllocation (Allocation Failure)
Event: 189.962 Executing VM operation: ParallelGCFailedAllocation (Allocation Failure) done
Event: 189.966 Executing VM operation: ParallelGCFailedAllocation (Allocation Failure)
Event: 189.968 Executing VM operation: ParallelGCFailedAllocation (Allocation Failure) done
Event: 189.977 Executing VM operation: ParallelGCFailedAllocation (Allocation Failure)
Event: 189.980 Executing VM operation: ParallelGCFailedAllocation (Allocation Failure) done
Event: 189.985 Executing VM operation: ParallelGCFailedAllocation (Allocation Failure)
Event: 189.988 Executing VM operation: ParallelGCFailedAllocation (Allocation Failure) done
Event: 189.993 Executing VM operation: ParallelGCFailedAllocation (Allocation Failure)
Event: 189.995 Executing VM operation: ParallelGCFailedAllocation (Allocation Failure) done
Event: 189.999 Executing VM operation: ParallelGCFailedAllocation (Allocation Failure)
Event: 190.002 Executing VM operation: ParallelGCFailedAllocation (Allocation Failure) done
Event: 190.008 Executing VM operation: ParallelGCFailedAllocation (Allocation Failure)
Event: 190.011 Executing VM operation: ParallelGCFailedAllocation (Allocation Failure) done
Event: 190.020 Executing VM operation: ParallelGCFailedAllocation (Allocation Failure)
Event: 190.024 Executing VM operation: ParallelGCFailedAllocation (Allocation Failure) done
Event: 190.036 Executing VM operation: ParallelGCFailedAllocation (Allocation Failure)
Event: 190.039 Executing VM operation: ParallelGCFailedAllocation (Allocation Failure) done

Memory protections (0 events):
No events

Nmethod flushes (20 events):
Event: 178.595 Thread 0x0000012d164925f0 flushing  nmethod 0x0000012d05bafb90
Event: 178.595 Thread 0x0000012d164925f0 flushing  nmethod 0x0000012d05bbe410
Event: 178.595 Thread 0x0000012d164925f0 flushing  nmethod 0x0000012d05bbef10
Event: 178.595 Thread 0x0000012d164925f0 flushing  nmethod 0x0000012d05bc1910
Event: 178.595 Thread 0x0000012d164925f0 flushing  nmethod 0x0000012d05bc2210
Event: 178.595 Thread 0x0000012d164925f0 flushing  nmethod 0x0000012d05bc2a90
Event: 178.595 Thread 0x0000012d164925f0 flushing  nmethod 0x0000012d05bc2e90
Event: 178.595 Thread 0x0000012d164925f0 flushing  nmethod 0x0000012d05bc3210
Event: 178.595 Thread 0x0000012d164925f0 flushing  nmethod 0x0000012d05bc3790
Event: 178.595 Thread 0x0000012d164925f0 flushing  nmethod 0x0000012d05bc3b90
Event: 178.595 Thread 0x0000012d164925f0 flushing  nmethod 0x0000012d05bc4110
Event: 178.595 Thread 0x0000012d164925f0 flushing  nmethod 0x0000012d05bc4c10
Event: 178.596 Thread 0x0000012d164925f0 flushing  nmethod 0x0000012d05bc7910
Event: 178.596 Thread 0x0000012d164925f0 flushing  nmethod 0x0000012d05bc8490
Event: 178.596 Thread 0x0000012d164925f0 flushing  nmethod 0x0000012d05bece10
Event: 178.596 Thread 0x0000012d164925f0 flushing  nmethod 0x0000012d05bf2610
Event: 178.596 Thread 0x0000012d164925f0 flushing  nmethod 0x0000012d05bf3c10
Event: 178.596 Thread 0x0000012d164925f0 flushing  nmethod 0x0000012d05bf3f90
Event: 178.596 Thread 0x0000012d164925f0 flushing  nmethod 0x0000012d05bf5b10
Event: 178.596 Thread 0x0000012d164925f0 flushing  nmethod 0x0000012d05bf6710

Events (20 events):
Event: 181.531 Thread 0x0000012d605c4230 Thread added: 0x0000012d605c2e80
Event: 181.781 Thread 0x0000012d5f4f7b30 Thread added: 0x0000012d605c3510
Event: 181.904 Thread 0x0000012d5f4f7b30 Thread added: 0x0000012d605bdfc0
Event: 181.958 Thread 0x0000012d5f4f7b30 Thread added: 0x0000012d605c1440
Event: 181.961 Thread 0x0000012d5f4f7b30 Thread added: 0x0000012d605bd2a0
Event: 181.982 Thread 0x0000012d5f4f7b30 Thread added: 0x0000012d605c27f0
Event: 182.008 Thread 0x0000012d5f4f7b30 Thread added: 0x0000012d605be650
Event: 182.048 Thread 0x0000012d5f4f7b30 Thread added: 0x0000012d605c3ba0
Event: 182.388 Thread 0x0000012d607cc2c0 Thread added: 0x0000012d605bf370
Event: 183.379 Thread 0x0000012d5d8cf940 Thread added: 0x0000012d605c1ad0
Event: 183.379 Thread 0x0000012d5d8cf940 Thread added: 0x0000012d605c0090
Event: 183.379 Thread 0x0000012d5d8cf940 Thread added: 0x0000012d605c48c0
Event: 183.379 Thread 0x0000012d5d8cf940 Thread added: 0x0000012d605bd930
Event: 183.379 Thread 0x0000012d5d8cf940 Thread added: 0x0000012d605c2160
Event: 183.412 Thread 0x0000012d605bd930 Thread exited: 0x0000012d605bd930
Event: 183.412 Thread 0x0000012d605c0090 Thread exited: 0x0000012d605c0090
Event: 183.412 Thread 0x0000012d605c1ad0 Thread exited: 0x0000012d605c1ad0
Event: 183.412 Thread 0x0000012d605c2160 Thread exited: 0x0000012d605c2160
Event: 183.412 Thread 0x0000012d605c48c0 Thread exited: 0x0000012d605c48c0
Event: 187.427 Thread 0x0000012d605bf370 Thread exited: 0x0000012d605bf370


Dynamic libraries:
0x00007ff7dac50000 - 0x00007ff7dac5e000 	c:\Users\kuber\.vscode\extensions\redhat.java-1.40.0-win32-x64\jre\21.0.6-win32-x86_64\bin\java.exe
0x00007ffff2ff0000 - 0x00007ffff3207000 	C:\Windows\SYSTEM32\ntdll.dll
0x00007ffff2260000 - 0x00007ffff2324000 	C:\Windows\System32\KERNEL32.DLL
0x00007ffff0950000 - 0x00007ffff0d09000 	C:\Windows\System32\KERNELBASE.dll
0x00007ffff02f0000 - 0x00007ffff0401000 	C:\Windows\System32\ucrtbase.dll
0x00007fffd9690000 - 0x00007fffd96a8000 	c:\Users\kuber\.vscode\extensions\redhat.java-1.40.0-win32-x64\jre\21.0.6-win32-x86_64\bin\jli.dll
0x00007fffd9610000 - 0x00007fffd962e000 	c:\Users\kuber\.vscode\extensions\redhat.java-1.40.0-win32-x64\jre\21.0.6-win32-x86_64\bin\VCRUNTIME140.dll
0x00007ffff1fd0000 - 0x00007ffff217e000 	C:\Windows\System32\USER32.dll
0x00007ffff0780000 - 0x00007ffff07a6000 	C:\Windows\System32\win32u.dll
0x00007ffff2da0000 - 0x00007ffff2dc9000 	C:\Windows\System32\GDI32.dll
0x00007ffff0410000 - 0x00007ffff052b000 	C:\Windows\System32\gdi32full.dll
0x00007fffdeb00000 - 0x00007fffded92000 	C:\Windows\WinSxS\amd64_microsoft.windows.common-controls_6595b64144ccf1df_6.0.22621.4391_none_2715d37f73803e96\COMCTL32.dll
0x00007ffff06e0000 - 0x00007ffff077a000 	C:\Windows\System32\msvcp_win.dll
0x00007ffff1770000 - 0x00007ffff1817000 	C:\Windows\System32\msvcrt.dll
0x00007ffff2d50000 - 0x00007ffff2d81000 	C:\Windows\System32\IMM32.DLL
0x00007fffda8b0000 - 0x00007fffda8bc000 	c:\Users\kuber\.vscode\extensions\redhat.java-1.40.0-win32-x64\jre\21.0.6-win32-x86_64\bin\vcruntime140_1.dll
0x00007fffb74b0000 - 0x00007fffb753d000 	c:\Users\kuber\.vscode\extensions\redhat.java-1.40.0-win32-x64\jre\21.0.6-win32-x86_64\bin\msvcp140.dll
0x00007fff76260000 - 0x00007fff76ff0000 	c:\Users\kuber\.vscode\extensions\redhat.java-1.40.0-win32-x64\jre\21.0.6-win32-x86_64\bin\server\jvm.dll
0x00007ffff2180000 - 0x00007ffff2232000 	C:\Windows\System32\ADVAPI32.dll
0x00007ffff2440000 - 0x00007ffff24e7000 	C:\Windows\System32\sechost.dll
0x00007ffff0920000 - 0x00007ffff0948000 	C:\Windows\System32\bcrypt.dll
0x00007ffff1590000 - 0x00007ffff16a4000 	C:\Windows\System32\RPCRT4.dll
0x00007ffff1f40000 - 0x00007ffff1fb1000 	C:\Windows\System32\WS2_32.dll
0x00007fffeb000000 - 0x00007fffeb034000 	C:\Windows\SYSTEM32\WINMM.dll
0x00007fffe5e50000 - 0x00007fffe5e5a000 	C:\Windows\SYSTEM32\VERSION.dll
0x00007ffff01c0000 - 0x00007ffff020d000 	C:\Windows\SYSTEM32\POWRPROF.dll
0x00007ffff01a0000 - 0x00007ffff01b3000 	C:\Windows\SYSTEM32\UMPDC.dll
0x00007fffef2f0000 - 0x00007fffef308000 	C:\Windows\SYSTEM32\kernel.appcore.dll
0x00007fffd9fc0000 - 0x00007fffd9fca000 	c:\Users\kuber\.vscode\extensions\redhat.java-1.40.0-win32-x64\jre\21.0.6-win32-x86_64\bin\jimage.dll
0x00007fffe4e70000 - 0x00007fffe50a2000 	C:\Windows\SYSTEM32\DBGHELP.DLL
0x00007ffff1820000 - 0x00007ffff1baf000 	C:\Windows\System32\combase.dll
0x00007ffff2ed0000 - 0x00007ffff2fa7000 	C:\Windows\System32\OLEAUT32.dll
0x00007fffe4e00000 - 0x00007fffe4e32000 	C:\Windows\SYSTEM32\dbgcore.DLL
0x00007ffff05f0000 - 0x00007ffff066b000 	C:\Windows\System32\bcryptPrimitives.dll
0x00007fffd9660000 - 0x00007fffd966f000 	c:\Users\kuber\.vscode\extensions\redhat.java-1.40.0-win32-x64\jre\21.0.6-win32-x86_64\bin\instrument.dll
0x00007fffd8540000 - 0x00007fffd855f000 	c:\Users\kuber\.vscode\extensions\redhat.java-1.40.0-win32-x64\jre\21.0.6-win32-x86_64\bin\java.dll
0x00007ffff0d10000 - 0x00007ffff1586000 	C:\Windows\System32\SHELL32.dll
0x00007fffee1e0000 - 0x00007fffeeae3000 	C:\Windows\SYSTEM32\windows.storage.dll
0x00007fffee0a0000 - 0x00007fffee1df000 	C:\Windows\SYSTEM32\wintypes.dll
0x00007ffff2dd0000 - 0x00007ffff2ec9000 	C:\Windows\System32\SHCORE.dll
0x00007ffff1710000 - 0x00007ffff176e000 	C:\Windows\System32\shlwapi.dll
0x00007ffff0220000 - 0x00007ffff024b000 	C:\Windows\SYSTEM32\profapi.dll
0x00007fffd8170000 - 0x00007fffd8188000 	c:\Users\kuber\.vscode\extensions\redhat.java-1.40.0-win32-x64\jre\21.0.6-win32-x86_64\bin\zip.dll
0x00007fffd9570000 - 0x00007fffd9580000 	C:\Users\kuber\.vscode\extensions\redhat.java-1.40.0-win32-x64\jre\21.0.6-win32-x86_64\bin\net.dll
0x00007fffeba50000 - 0x00007fffebb86000 	C:\Windows\SYSTEM32\WINHTTP.dll
0x00007fffef760000 - 0x00007fffef7c9000 	C:\Windows\system32\mswsock.dll
0x00007fffd4a70000 - 0x00007fffd4a86000 	C:\Users\kuber\.vscode\extensions\redhat.java-1.40.0-win32-x64\jre\21.0.6-win32-x86_64\bin\nio.dll
0x00007fffd9470000 - 0x00007fffd9480000 	c:\Users\kuber\.vscode\extensions\redhat.java-1.40.0-win32-x64\jre\21.0.6-win32-x86_64\bin\verify.dll
0x00007fffb6ef0000 - 0x00007fffb6f35000 	C:\Users\kuber\AppData\Roaming\Code\User\globalStorage\redhat.java\1.40.0\config_win\org.eclipse.equinox.launcher\org.eclipse.equinox.launcher.win32.win32.x86_64_1.2.1200.v20250212-0927\eclipse_11909.dll
0x00007ffff1bb0000 - 0x00007ffff1d55000 	C:\Windows\System32\ole32.dll
0x00007fffd9350000 - 0x00007fffd935a000 	C:\Users\kuber\.vscode\extensions\redhat.java-1.40.0-win32-x64\jre\21.0.6-win32-x86_64\bin\management.dll
0x00007fffd8f50000 - 0x00007fffd8f5b000 	C:\Users\kuber\.vscode\extensions\redhat.java-1.40.0-win32-x64\jre\21.0.6-win32-x86_64\bin\management_ext.dll
0x00007ffff2d90000 - 0x00007ffff2d98000 	C:\Windows\System32\PSAPI.DLL
0x00007fffefab0000 - 0x00007fffefacb000 	C:\Windows\SYSTEM32\CRYPTSP.dll
0x00007fffef250000 - 0x00007fffef285000 	C:\Windows\system32\rsaenh.dll
0x00007fffef800000 - 0x00007fffef828000 	C:\Windows\SYSTEM32\USERENV.dll
0x00007fffefa90000 - 0x00007fffefa9c000 	C:\Windows\SYSTEM32\CRYPTBASE.dll
0x00007fffeed50000 - 0x00007fffeed7d000 	C:\Windows\SYSTEM32\IPHLPAPI.DLL
0x00007ffff1fc0000 - 0x00007ffff1fc9000 	C:\Windows\System32\NSI.dll
0x00007fffba150000 - 0x00007fffba199000 	C:\Users\kuber\AppData\Local\Temp\jna-102399717\jna12045479548671681331.dll
0x00007fffeb860000 - 0x00007fffeb879000 	C:\Windows\SYSTEM32\dhcpcsvc6.DLL
0x00007fffeb6a0000 - 0x00007fffeb6bf000 	C:\Windows\SYSTEM32\dhcpcsvc.DLL
0x00007fffd8b10000 - 0x00007fffd8b1e000 	C:\Users\kuber\.vscode\extensions\redhat.java-1.40.0-win32-x64\jre\21.0.6-win32-x86_64\bin\sunmscapi.dll
0x00007ffff07b0000 - 0x00007ffff0916000 	C:\Windows\System32\CRYPT32.dll
0x00007fffefbc0000 - 0x00007fffefbed000 	C:\Windows\SYSTEM32\ncrypt.dll
0x00007fffefb80000 - 0x00007fffefbb7000 	C:\Windows\SYSTEM32\NTASN1.dll
0x00007fffeedc0000 - 0x00007fffeeec2000 	C:\Windows\SYSTEM32\DNSAPI.dll
0x00007fffe31e0000 - 0x00007fffe31ea000 	C:\Windows\System32\rasadhlp.dll
0x00007fffea9e0000 - 0x00007fffeaa63000 	C:\Windows\System32\fwpuclnt.dll
0x00007fffd75d0000 - 0x00007fffd75d9000 	C:\Users\kuber\.vscode\extensions\redhat.java-1.40.0-win32-x64\jre\21.0.6-win32-x86_64\bin\extnet.dll
0x00007fffef400000 - 0x00007fffef434000 	C:\Windows\SYSTEM32\ntmarta.dll

dbghelp: loaded successfully - version: 4.0.5 - missing functions: none
symbol engine: initialized successfully - sym options: 0x614 - pdb path: .;c:\Users\kuber\.vscode\extensions\redhat.java-1.40.0-win32-x64\jre\21.0.6-win32-x86_64\bin;C:\Windows\SYSTEM32;C:\Windows\WinSxS\amd64_microsoft.windows.common-controls_6595b64144ccf1df_6.0.22621.4391_none_2715d37f73803e96;c:\Users\kuber\.vscode\extensions\redhat.java-1.40.0-win32-x64\jre\21.0.6-win32-x86_64\bin\server;C:\Users\kuber\AppData\Roaming\Code\User\globalStorage\redhat.java\1.40.0\config_win\org.eclipse.equinox.launcher\org.eclipse.equinox.launcher.win32.win32.x86_64_1.2.1200.v20250212-0927;C:\Users\kuber\AppData\Local\Temp\jna-102399717

VM Arguments:
jvm_args: --add-modules=ALL-SYSTEM --add-opens=java.base/java.util=ALL-UNNAMED --add-opens=java.base/java.lang=ALL-UNNAMED --add-opens=java.base/sun.nio.fs=ALL-UNNAMED -Declipse.application=org.eclipse.jdt.ls.core.id1 -Dosgi.bundles.defaultStartLevel=4 -Declipse.product=org.eclipse.jdt.ls.core.product -Djava.import.generatesMetadataFilesAtProjectRoot=false -DDetectVMInstallationsJob.disabled=true -Dfile.encoding=utf8 -XX:+UseParallelGC -XX:GCTimeRatio=4 -XX:AdaptiveSizePolicyWeight=90 -Dsun.zip.disableMemoryMapping=true -Xmx1G -Xms100m -Xlog:disable -javaagent:c:\Users\kuber\.vscode\extensions\redhat.java-1.40.0-win32-x64\lombok\lombok-1.18.36.jar -XX:+HeapDumpOnOutOfMemoryError -XX:HeapDumpPath=c:\Users\kuber\AppData\Roaming\Code\User\workspaceStorage\0767b1f2905f8411273a4aa30b8beb70\redhat.java -Daether.dependencyCollector.impl=bf 
java_command: c:\Users\kuber\.vscode\extensions\redhat.java-1.40.0-win32-x64\server\plugins\org.eclipse.equinox.launcher_1.6.1000.v20250131-0606.jar -configuration c:\Users\kuber\AppData\Roaming\Code\User\globalStorage\redhat.java\1.40.0\config_win -data c:\Users\kuber\AppData\Roaming\Code\User\workspaceStorage\0767b1f2905f8411273a4aa30b8beb70\redhat.java\jdt_ws --pipe=\\.\pipe\lsp-23c9de16210859868a088bd2a958a0f7-sock
java_class_path (initial): c:\Users\kuber\.vscode\extensions\redhat.java-1.40.0-win32-x64\server\plugins\org.eclipse.equinox.launcher_1.6.1000.v20250131-0606.jar
Launcher Type: SUN_STANDARD

[Global flags]
    uintx AdaptiveSizePolicyWeight                 = 90                                        {product} {command line}
     intx CICompilerCount                          = 4                                         {product} {ergonomic}
    uintx GCTimeRatio                              = 4                                         {product} {command line}
     bool HeapDumpOnOutOfMemoryError               = true                                   {manageable} {command line}
    ccstr HeapDumpPath                             = c:\Users\kuber\AppData\Roaming\Code\User\workspaceStorage\0767b1f2905f8411273a4aa30b8beb70\redhat.java         {manageable} {command line}
   size_t InitialHeapSize                          = 104857600                                 {product} {command line}
   size_t MaxHeapSize                              = 1073741824                                {product} {command line}
   size_t MaxNewSize                               = 357564416                                 {product} {ergonomic}
   size_t MinHeapDeltaBytes                        = 524288                                    {product} {ergonomic}
   size_t MinHeapSize                              = 104857600                                 {product} {command line}
   size_t NewSize                                  = 34603008                                  {product} {ergonomic}
    uintx NonNMethodCodeHeapSize                   = 5839372                                {pd product} {ergonomic}
    uintx NonProfiledCodeHeapSize                  = 122909434                              {pd product} {ergonomic}
   size_t OldSize                                  = 70254592                                  {product} {ergonomic}
    uintx ProfiledCodeHeapSize                     = 122909434                              {pd product} {ergonomic}
    uintx ReservedCodeCacheSize                    = 251658240                              {pd product} {ergonomic}
     bool SegmentedCodeCache                       = true                                      {product} {ergonomic}
   size_t SoftMaxHeapSize                          = 1073741824                             {manageable} {ergonomic}
     bool UseCompressedOops                        = true                           {product lp64_product} {ergonomic}
     bool UseLargePagesIndividualAllocation        = false                                  {pd product} {ergonomic}
     bool UseParallelGC                            = true                                      {product} {command line}

Logging:
Log output configuration:
 #0: stdout all=off uptime,level,tags foldmultilines=false
 #1: stderr all=off uptime,level,tags foldmultilines=false

Environment Variables:
PATH=C:\Program Files\Common Files\Oracle\Java\javapath;C:\Windows\system32;C:\Windows;C:\Windows\System32\Wbem;C:\Windows\System32\WindowsPowerShell\v1.0\;C:\Windows\System32\OpenSSH\;C:\Program Files\dotnet\;C:\Program Files\Git\cmd;C:\Program Files\nodejs\;C:\ProgramData\chocolatey\bin;C:\Program Files\MySQL\MySQL Shell 8.0\bin\;C:\Users\kuber\AppData\Local\Microsoft\WindowsApps;C:\Users\kuber\.dotnet\tools;C:\Users\kuber\AppData\Local\Programs\Microsoft VS Code\bin;C:\Users\kuber\AppData\Roaming\npm
USERNAME=kuber
OS=Windows_NT
PROCESSOR_IDENTIFIER=AMD64 Family 23 Model 104 Stepping 1, AuthenticAMD
TMP=C:\Users\kuber\AppData\Local\Temp
TEMP=C:\Users\kuber\AppData\Local\Temp




Periodic native trim disabled

---------------  S Y S T E M  ---------------

OS:
 Windows 11 , 64 bit Build 22621 (10.0.22621.4391)
OS uptime: 31 days 21:27 hours
Hyper-V role detected

CPU: total 8 (initial active 8) (8 cores per cpu, 2 threads per core) family 23 model 104 stepping 1 microcode 0x0, cx8, cmov, fxsr, ht, mmx, 3dnowpref, sse, sse2, sse3, ssse3, sse4a, sse4.1, sse4.2, popcnt, lzcnt, tsc, tscinvbit, avx, avx2, aes, clmul, bmi1, bmi2, adx, sha, fma, vzeroupper, clflush, clflushopt, hv, rdtscp, rdpid, f16c
Processor Information for the first 8 processors :
  Max Mhz: 2600, Current Mhz: 2600, Mhz Limit: 2600

Memory: 4k page, system-wide physical 3429M (10M free)
TotalPageFile size 14181M (AvailPageFile size 1M)
current process WorkingSet (physical memory assigned to process): 211M, peak: 301M
current process commit charge ("private bytes"): 622M, peak: 969M

vm_info: OpenJDK 64-Bit Server VM (21.0.6+7-LTS) for windows-amd64 JRE (21.0.6+7-LTS), built on 2025-01-21T00:00:00Z by "admin" with MS VC++ 17.7 (VS2022)

END.
