#
# There is insufficient memory for the Java Runtime Environment to continue.
# Native memory allocation (malloc) failed to allocate 993776 bytes for Chunk::new
# Possible reasons:
#   The system is out of physical RAM or swap space
#   The process is running with CompressedOops enabled, and the Java Heap may be blocking the growth of the native heap
# Possible solutions:
#   Reduce memory load on the system
#   Increase physical memory or swap space
#   Check if swap backing store is full
#   Decrease Java heap size (-Xmx/-Xms)
#   Decrease number of Java threads
#   Decrease Java thread stack sizes (-Xss)
#   Set larger code cache with -XX:ReservedCodeCacheSize=
#   JVM is running with Unscaled Compressed Oops mode in which the Java heap is
#     placed in the first 4GB address space. The Java Heap base address is the
#     maximum limit for the native heap growth. Please use -XX:HeapBaseMinAddress
#     to set the Java Heap base and to place the Java Heap above 4GB virtual address.
# This output file may be truncated or incomplete.
#
#  Out of Memory Error (arena.cpp:166), pid=5604, tid=11288
#
# JRE version: Java(TM) SE Runtime Environment (21.0+35) (build 21+35-LTS-2513)
# Java VM: Java HotSpot(TM) 64-Bit Server VM (21+35-LTS-2513, mixed mode, sharing, tiered, compressed oops, compressed class ptrs, g1 gc, windows-amd64)
# No core dump will be written. Minidumps are not enabled by default on client versions of Windows
#

---------------  S U M M A R Y ------------

Command Line: -XX:+ShowCodeDetailsInExceptionMessages com.Banking.OnlineBanking.OnlineBankingApplication

Host: AMD Ryzen 3 5300U with Radeon Graphics         , 8 cores, 3G,  Windows 11 , 64 bit Build 22621 (10.0.22621.4391)
Time: Fri Dec 13 02:07:33 2024 India Standard Time elapsed time: 5.405295 seconds (0d 0h 0m 5s)

---------------  T H R E A D  ---------------

Current thread (0x00000147284bd5e0):  JavaThread "C2 CompilerThread0" daemon [_thread_in_native, id=11288, stack(0x00000037e4e00000,0x00000037e4f00000) (1024K)]


Current CompileTask:
C2:   5405 4024       4       org.springframework.beans.factory.support.AbstractBeanFactory::isTypeMatch (745 bytes)

Stack: [0x00000037e4e00000,0x00000037e4f00000]
Native frames: (J=compiled Java code, j=interpreted, Vv=VM code, C=native code)
V  [jvm.dll+0x6c8d39]
V  [jvm.dll+0x854091]
V  [jvm.dll+0x85630e]
V  [jvm.dll+0x8569e3]
V  [jvm.dll+0x2809a6]
V  [jvm.dll+0xc3e6d]
V  [jvm.dll+0xc4383]
V  [jvm.dll+0x2f3cbf]
V  [jvm.dll+0x5f3e46]
V  [jvm.dll+0x25291f]
V  [jvm.dll+0x252cef]
V  [jvm.dll+0x24b464]
V  [jvm.dll+0x248cd3]
V  [jvm.dll+0x1c9b91]
V  [jvm.dll+0x2583e9]
V  [jvm.dll+0x2569ca]
V  [jvm.dll+0x3eef66]
V  [jvm.dll+0x7fd2c8]
V  [jvm.dll+0x6c748d]
C  [ucrtbase.dll+0x29333]
C  [KERNEL32.DLL+0x1259d]
C  [ntdll.dll+0x5af38]


---------------  P R O C E S S  ---------------

Threads class SMR info:
_java_thread_list=0x000001476f1d2b00, length=17, elements={
0x000001470d27f7d0, 0x00000147284a9df0, 0x00000147284aced0, 0x00000147284b06b0,
0x00000147284b4230, 0x00000147284b55e0, 0x00000147284b61f0, 0x00000147284bd5e0,
0x00000147284c0090, 0x0000014728749e70, 0x00000147287590f0, 0x000001476e506f90,
0x000001476e255df0, 0x000001476fef1160, 0x000001476fd843e0, 0x000001476fd84a50,
0x000001476f4431c0
}

Java Threads: ( => current thread )
  0x000001470d27f7d0 JavaThread "main"                              [_thread_blocked, id=13124, stack(0x00000037e4000000,0x00000037e4100000) (1024K)]
  0x00000147284a9df0 JavaThread "Reference Handler"          daemon [_thread_blocked, id=9600, stack(0x00000037e4800000,0x00000037e4900000) (1024K)]
  0x00000147284aced0 JavaThread "Finalizer"                  daemon [_thread_blocked, id=4332, stack(0x00000037e4900000,0x00000037e4a00000) (1024K)]
  0x00000147284b06b0 JavaThread "Signal Dispatcher"          daemon [_thread_blocked, id=16268, stack(0x00000037e4a00000,0x00000037e4b00000) (1024K)]
  0x00000147284b4230 JavaThread "Attach Listener"            daemon [_thread_blocked, id=14996, stack(0x00000037e4b00000,0x00000037e4c00000) (1024K)]
  0x00000147284b55e0 JavaThread "Service Thread"             daemon [_thread_blocked, id=13572, stack(0x00000037e4c00000,0x00000037e4d00000) (1024K)]
  0x00000147284b61f0 JavaThread "Monitor Deflation Thread"   daemon [_thread_blocked, id=11224, stack(0x00000037e4d00000,0x00000037e4e00000) (1024K)]
=>0x00000147284bd5e0 JavaThread "C2 CompilerThread0"         daemon [_thread_in_native, id=11288, stack(0x00000037e4e00000,0x00000037e4f00000) (1024K)]
  0x00000147284c0090 JavaThread "C1 CompilerThread0"         daemon [_thread_blocked, id=5972, stack(0x00000037e4f00000,0x00000037e5000000) (1024K)]
  0x0000014728749e70 JavaThread "Notification Thread"        daemon [_thread_blocked, id=15416, stack(0x00000037e5000000,0x00000037e5100000) (1024K)]
  0x00000147287590f0 JavaThread "Common-Cleaner"             daemon [_thread_blocked, id=8756, stack(0x00000037e5100000,0x00000037e5200000) (1024K)]
  0x000001476e506f90 JavaThread "Thread-0"                          [_thread_blocked, id=9648, stack(0x00000037e5200000,0x00000037e5300000) (1024K)]
  0x000001476e255df0 JavaThread "restartedMain"                     [_thread_in_vm, id=13548, stack(0x00000037e5300000,0x00000037e5400000) (1024K)]
  0x000001476fef1160 JavaThread "Catalina-utility-1"                [_thread_blocked, id=4928, stack(0x00000037e5c00000,0x00000037e5d00000) (1024K)]
  0x000001476fd843e0 JavaThread "Catalina-utility-2"                [_thread_blocked, id=7652, stack(0x00000037e5d00000,0x00000037e5e00000) (1024K)]
  0x000001476fd84a50 JavaThread "container-0"                       [_thread_blocked, id=16324, stack(0x00000037e5e00000,0x00000037e5f00000) (1024K)]
  0x000001476f4431c0 JavaThread "mysql-cj-abandoned-connection-cleanup" daemon [_thread_blocked, id=6664, stack(0x00000037e5f00000,0x00000037e6000000) (1024K)]
Total: 17

Other Threads:
  0x0000014728490a10 VMThread "VM Thread"                           [id=11196, stack(0x00000037e4700000,0x00000037e4800000) (1024K)]
  0x000001470d337910 WatcherThread "VM Periodic Task Thread"        [id=8432, stack(0x00000037e4600000,0x00000037e4700000) (1024K)]
  0x000001470d2b5c70 WorkerThread "GC Thread#0"                     [id=4116, stack(0x00000037e4100000,0x00000037e4200000) (1024K)]
  0x000001476e7de060 WorkerThread "GC Thread#1"                     [id=6932, stack(0x00000037e5400000,0x00000037e5500000) (1024K)]
  0x000001476e79d420 WorkerThread "GC Thread#2"                     [id=8916, stack(0x00000037e5500000,0x00000037e5600000) (1024K)]
  0x000001476e79d7c0 WorkerThread "GC Thread#3"                     [id=5984, stack(0x00000037e5600000,0x00000037e5700000) (1024K)]
  0x000001476e79db60 WorkerThread "GC Thread#4"                     [id=2908, stack(0x00000037e5700000,0x00000037e5800000) (1024K)]
  0x000001476e79df00 WorkerThread "GC Thread#5"                     [id=2008, stack(0x00000037e5800000,0x00000037e5900000) (1024K)]
  0x000001476ec24c30 WorkerThread "GC Thread#6"                     [id=12836, stack(0x00000037e5a00000,0x00000037e5b00000) (1024K)]
  0x000001476eb8f960 WorkerThread "GC Thread#7"                     [id=2584, stack(0x00000037e5b00000,0x00000037e5c00000) (1024K)]
  0x000001470d2bd940 ConcurrentGCThread "G1 Main Marker"            [id=13660, stack(0x00000037e4200000,0x00000037e4300000) (1024K)]
  0x000001470d2bf3f0 WorkerThread "G1 Conc#0"                       [id=8068, stack(0x00000037e4300000,0x00000037e4400000) (1024K)]
  0x000001476f275fa0 WorkerThread "G1 Conc#1"                       [id=4816, stack(0x00000037e5900000,0x00000037e5a00000) (1024K)]
  0x000001470d324a10 ConcurrentGCThread "G1 Refine#0"               [id=15324, stack(0x00000037e4400000,0x00000037e4500000) (1024K)]
  0x000001470d328280 ConcurrentGCThread "G1 Service"                [id=15736, stack(0x00000037e4500000,0x00000037e4600000) (1024K)]
Total: 15

Threads with active compile tasks:
C2 CompilerThread0     5445 4024       4       org.springframework.beans.factory.support.AbstractBeanFactory::isTypeMatch (745 bytes)
Total: 1

VM state: not at safepoint (normal execution)

VM Mutex/Monitor currently owned by a thread: None

Heap address: 0x00000000ca600000, size: 858 MB, Compressed Oops mode: 32-bit

CDS archive(s) mapped at: [0x0000014729000000-0x0000014729c90000-0x0000014729c90000), size 13172736, SharedBaseAddress: 0x0000014729000000, ArchiveRelocationMode: 1.
Compressed class space mapped at: 0x000001472a000000-0x000001476a000000, reserved size: 1073741824
Narrow klass base: 0x0000014729000000, Narrow klass shift: 0, Narrow klass range: 0x100000000

GC Precious Log:
 CardTable entry size: 512
 Card Set container configuration: InlinePtr #cards 5 size 8 Array Of Cards #cards 12 size 40 Howl #buckets 4 coarsen threshold 1843 Howl Bitmap #cards 512 size 80 coarsen threshold 460 Card regions per heap region 1 cards per card region 2048
 CPUs: 8 total, 8 available
 Memory: 3429M
 Large Page Support: Disabled
 NUMA Support: Disabled
 Compressed Oops: Enabled (32-bit)
 Heap Region Size: 1M
 Heap Min Capacity: 8M
 Heap Initial Capacity: 54M
 Heap Max Capacity: 858M
 Pre-touch: Disabled
 Parallel Workers: 8
 Concurrent Workers: 2
 Concurrent Refinement Workers: 8
 Periodic GC: Disabled

Heap:
 garbage-first heap   total 55296K, used 39702K [0x00000000ca600000, 0x0000000100000000)
  region size 1024K, 27 young (27648K), 4 survivors (4096K)
 Metaspace       used 29855K, committed 30400K, reserved 1114112K
  class space    used 3792K, committed 4032K, reserved 1048576K

Heap Regions: E=young(eden), S=young(survivor), O=old, HS=humongous(starts), HC=humongous(continues), CS=collection set, F=free, TAMS=top-at-mark-start, PB=parsable bottom
|   0|0x00000000ca600000, 0x00000000ca700000, 0x00000000ca700000|100%|HS|  |TAMS 0x00000000ca600000| PB 0x00000000ca600000| Complete 
|   1|0x00000000ca700000, 0x00000000ca800000, 0x00000000ca800000|100%|HS|  |TAMS 0x00000000ca700000| PB 0x00000000ca700000| Complete 
|   2|0x00000000ca800000, 0x00000000ca900000, 0x00000000ca900000|100%| O|  |TAMS 0x00000000ca800000| PB 0x00000000ca800000| Untracked 
|   3|0x00000000ca900000, 0x00000000caa00000, 0x00000000caa00000|100%| O|  |TAMS 0x00000000ca900000| PB 0x00000000ca900000| Untracked 
|   4|0x00000000caa00000, 0x00000000cab00000, 0x00000000cab00000|100%| O|  |TAMS 0x00000000caa00000| PB 0x00000000caa00000| Untracked 
|   5|0x00000000cab00000, 0x00000000cac00000, 0x00000000cac00000|100%| O|  |TAMS 0x00000000cab00000| PB 0x00000000cab00000| Untracked 
|   6|0x00000000cac00000, 0x00000000cad00000, 0x00000000cad00000|100%| O|  |TAMS 0x00000000cac00000| PB 0x00000000cac00000| Untracked 
|   7|0x00000000cad00000, 0x00000000cae00000, 0x00000000cae00000|100%| O|  |TAMS 0x00000000cad00000| PB 0x00000000cad00000| Untracked 
|   8|0x00000000cae00000, 0x00000000caf00000, 0x00000000caf00000|100%| O|  |TAMS 0x00000000cae00000| PB 0x00000000cae00000| Untracked 
|   9|0x00000000caf00000, 0x00000000cb000000, 0x00000000cb000000|100%| O|  |TAMS 0x00000000caf00000| PB 0x00000000caf00000| Untracked 
|  10|0x00000000cb000000, 0x00000000cb100000, 0x00000000cb100000|100%| O|  |TAMS 0x00000000cb000000| PB 0x00000000cb000000| Untracked 
|  11|0x00000000cb100000, 0x00000000cb200000, 0x00000000cb200000|100%| O|Cm|TAMS 0x00000000cb100000| PB 0x00000000cb100000| Complete 
|  12|0x00000000cb200000, 0x00000000cb2c59a0, 0x00000000cb300000| 77%| O|  |TAMS 0x00000000cb200000| PB 0x00000000cb200000| Untracked 
|  13|0x00000000cb300000, 0x00000000cb300000, 0x00000000cb400000|  0%| F|  |TAMS 0x00000000cb300000| PB 0x00000000cb300000| Untracked 
|  14|0x00000000cb400000, 0x00000000cb400000, 0x00000000cb500000|  0%| F|  |TAMS 0x00000000cb400000| PB 0x00000000cb400000| Untracked 
|  15|0x00000000cb500000, 0x00000000cb500000, 0x00000000cb600000|  0%| F|  |TAMS 0x00000000cb500000| PB 0x00000000cb500000| Untracked 
|  16|0x00000000cb600000, 0x00000000cb600000, 0x00000000cb700000|  0%| F|  |TAMS 0x00000000cb600000| PB 0x00000000cb600000| Untracked 
|  17|0x00000000cb700000, 0x00000000cb700000, 0x00000000cb800000|  0%| F|  |TAMS 0x00000000cb700000| PB 0x00000000cb700000| Untracked 
|  18|0x00000000cb800000, 0x00000000cb900000, 0x00000000cb900000|100%| S|CS|TAMS 0x00000000cb800000| PB 0x00000000cb800000| Complete 
|  19|0x00000000cb900000, 0x00000000cba00000, 0x00000000cba00000|100%| S|CS|TAMS 0x00000000cb900000| PB 0x00000000cb900000| Complete 
|  20|0x00000000cba00000, 0x00000000cbb00000, 0x00000000cbb00000|100%| S|CS|TAMS 0x00000000cba00000| PB 0x00000000cba00000| Complete 
|  21|0x00000000cbb00000, 0x00000000cbc00000, 0x00000000cbc00000|100%| S|CS|TAMS 0x00000000cbb00000| PB 0x00000000cbb00000| Complete 
|  22|0x00000000cbc00000, 0x00000000cbc00000, 0x00000000cbd00000|  0%| F|  |TAMS 0x00000000cbc00000| PB 0x00000000cbc00000| Untracked 
|  23|0x00000000cbd00000, 0x00000000cbd00000, 0x00000000cbe00000|  0%| F|  |TAMS 0x00000000cbd00000| PB 0x00000000cbd00000| Untracked 
|  24|0x00000000cbe00000, 0x00000000cbe00000, 0x00000000cbf00000|  0%| F|  |TAMS 0x00000000cbe00000| PB 0x00000000cbe00000| Untracked 
|  25|0x00000000cbf00000, 0x00000000cbf00000, 0x00000000cc000000|  0%| F|  |TAMS 0x00000000cbf00000| PB 0x00000000cbf00000| Untracked 
|  26|0x00000000cc000000, 0x00000000cc000000, 0x00000000cc100000|  0%| F|  |TAMS 0x00000000cc000000| PB 0x00000000cc000000| Untracked 
|  27|0x00000000cc100000, 0x00000000cc100000, 0x00000000cc200000|  0%| F|  |TAMS 0x00000000cc100000| PB 0x00000000cc100000| Untracked 
|  28|0x00000000cc200000, 0x00000000cc200000, 0x00000000cc300000|  0%| F|  |TAMS 0x00000000cc200000| PB 0x00000000cc200000| Untracked 
|  29|0x00000000cc300000, 0x00000000cc300000, 0x00000000cc400000|  0%| F|  |TAMS 0x00000000cc300000| PB 0x00000000cc300000| Untracked 
|  30|0x00000000cc400000, 0x00000000cc400000, 0x00000000cc500000|  0%| F|  |TAMS 0x00000000cc400000| PB 0x00000000cc400000| Untracked 
|  31|0x00000000cc500000, 0x00000000cc5744d0, 0x00000000cc600000| 45%| E|  |TAMS 0x00000000cc500000| PB 0x00000000cc500000| Complete 
|  32|0x00000000cc600000, 0x00000000cc700000, 0x00000000cc700000|100%| E|CS|TAMS 0x00000000cc600000| PB 0x00000000cc600000| Complete 
|  33|0x00000000cc700000, 0x00000000cc800000, 0x00000000cc800000|100%| E|CS|TAMS 0x00000000cc700000| PB 0x00000000cc700000| Complete 
|  34|0x00000000cc800000, 0x00000000cc900000, 0x00000000cc900000|100%| E|CS|TAMS 0x00000000cc800000| PB 0x00000000cc800000| Complete 
|  35|0x00000000cc900000, 0x00000000cca00000, 0x00000000cca00000|100%| E|CS|TAMS 0x00000000cc900000| PB 0x00000000cc900000| Complete 
|  36|0x00000000cca00000, 0x00000000ccb00000, 0x00000000ccb00000|100%| E|CS|TAMS 0x00000000cca00000| PB 0x00000000cca00000| Complete 
|  37|0x00000000ccb00000, 0x00000000ccc00000, 0x00000000ccc00000|100%| E|CS|TAMS 0x00000000ccb00000| PB 0x00000000ccb00000| Complete 
|  38|0x00000000ccc00000, 0x00000000ccd00000, 0x00000000ccd00000|100%| E|CS|TAMS 0x00000000ccc00000| PB 0x00000000ccc00000| Complete 
|  39|0x00000000ccd00000, 0x00000000cce00000, 0x00000000cce00000|100%| E|CS|TAMS 0x00000000ccd00000| PB 0x00000000ccd00000| Complete 
|  40|0x00000000cce00000, 0x00000000ccf00000, 0x00000000ccf00000|100%| E|CS|TAMS 0x00000000cce00000| PB 0x00000000cce00000| Complete 
|  41|0x00000000ccf00000, 0x00000000cd000000, 0x00000000cd000000|100%| E|CS|TAMS 0x00000000ccf00000| PB 0x00000000ccf00000| Complete 
|  42|0x00000000cd000000, 0x00000000cd100000, 0x00000000cd100000|100%| E|CS|TAMS 0x00000000cd000000| PB 0x00000000cd000000| Complete 
|  43|0x00000000cd100000, 0x00000000cd200000, 0x00000000cd200000|100%| E|CS|TAMS 0x00000000cd100000| PB 0x00000000cd100000| Complete 
|  44|0x00000000cd200000, 0x00000000cd300000, 0x00000000cd300000|100%| E|CS|TAMS 0x00000000cd200000| PB 0x00000000cd200000| Complete 
|  45|0x00000000cd300000, 0x00000000cd400000, 0x00000000cd400000|100%| E|CS|TAMS 0x00000000cd300000| PB 0x00000000cd300000| Complete 
|  46|0x00000000cd400000, 0x00000000cd500000, 0x00000000cd500000|100%| E|CS|TAMS 0x00000000cd400000| PB 0x00000000cd400000| Complete 
|  47|0x00000000cd500000, 0x00000000cd600000, 0x00000000cd600000|100%| E|CS|TAMS 0x00000000cd500000| PB 0x00000000cd500000| Complete 
|  48|0x00000000cd600000, 0x00000000cd700000, 0x00000000cd700000|100%| E|CS|TAMS 0x00000000cd600000| PB 0x00000000cd600000| Complete 
|  49|0x00000000cd700000, 0x00000000cd800000, 0x00000000cd800000|100%| E|CS|TAMS 0x00000000cd700000| PB 0x00000000cd700000| Complete 
|  50|0x00000000cd800000, 0x00000000cd900000, 0x00000000cd900000|100%| E|CS|TAMS 0x00000000cd800000| PB 0x00000000cd800000| Complete 
|  51|0x00000000cd900000, 0x00000000cda00000, 0x00000000cda00000|100%| E|CS|TAMS 0x00000000cd900000| PB 0x00000000cd900000| Complete 
|  52|0x00000000cda00000, 0x00000000cdb00000, 0x00000000cdb00000|100%| E|CS|TAMS 0x00000000cda00000| PB 0x00000000cda00000| Complete 
|  53|0x00000000cdb00000, 0x00000000cdc00000, 0x00000000cdc00000|100%| E|CS|TAMS 0x00000000cdb00000| PB 0x00000000cdb00000| Complete 

Card table byte_map: [0x0000014724bb0000,0x0000014724d60000] _byte_map_base: 0x000001472455d000

Marking Bits: (CMBitMap*) 0x000001470d2b6370
 Bits: [0x0000014724d60000, 0x0000014725ac8000)

Polling page: 0x000001470b230000

Metaspace:

Usage:
  Non-class:     25.45 MB used.
      Class:      3.70 MB used.
       Both:     29.16 MB used.

Virtual space:
  Non-class space:       64.00 MB reserved,      25.75 MB ( 40%) committed,  1 nodes.
      Class space:        1.00 GB reserved,       3.94 MB ( <1%) committed,  1 nodes.
             Both:        1.06 GB reserved,      29.69 MB (  3%) committed. 

Chunk freelists:
   Non-Class:  5.97 MB
       Class:  12.11 MB
        Both:  18.07 MB

MaxMetaspaceSize: unlimited
CompressedClassSpaceSize: 1.00 GB
Initial GC threshold: 21.00 MB
Current GC threshold: 35.12 MB
CDS: on
 - commit_granule_bytes: 65536.
 - commit_granule_words: 8192.
 - virtual_space_node_default_size: 8388608.
 - enlarge_chunks_in_place: 1.
 - use_allocation_guard: 0.


Internal statistics:

num_allocs_failed_limit: 3.
num_arena_births: 670.
num_arena_deaths: 0.
num_vsnodes_births: 2.
num_vsnodes_deaths: 0.
num_space_committed: 475.
num_space_uncommitted: 0.
num_chunks_returned_to_freelist: 3.
num_chunks_taken_from_freelist: 1797.
num_chunk_merges: 3.
num_chunk_splits: 1174.
num_chunks_enlarged: 803.
num_inconsistent_stats: 0.

CodeHeap 'non-profiled nmethods': size=120000Kb used=1764Kb max_used=1764Kb free=118235Kb
 bounds [0x000001471d1a0000, 0x000001471d410000, 0x00000147246d0000]
CodeHeap 'profiled nmethods': size=120000Kb used=8675Kb max_used=8675Kb free=111325Kb
 bounds [0x00000147156d0000, 0x0000014715f50000, 0x000001471cc00000]
CodeHeap 'non-nmethods': size=5760Kb used=1462Kb max_used=1491Kb free=4297Kb
 bounds [0x000001471cc00000, 0x000001471ce70000, 0x000001471d1a0000]
 total_blobs=4649 nmethods=4103 adapters=450
 compilation: enabled
              stopped_count=0, restarted_count=0
 full_count=0

Compilation events (20 events):
Event: 5.320 Thread 0x00000147284c0090 4116   !   3       java.net.URL::<init> (543 bytes)
Event: 5.326 Thread 0x00000147284c0090 nmethod 4116 0x0000014715f3dc10 code [0x0000014715f3e200, 0x0000014715f41648]
Event: 5.343 Thread 0x00000147284c0090 4117       2       ch.qos.logback.classic.Logger::createChildByName (99 bytes)
Event: 5.344 Thread 0x00000147284c0090 nmethod 4117 0x0000014715f43290 code [0x0000014715f434a0, 0x0000014715f43bb8]
Event: 5.375 Thread 0x00000147284c0090 4118   !   2       java.util.concurrent.CopyOnWriteArrayList::add (46 bytes)
Event: 5.376 Thread 0x00000147284c0090 nmethod 4118 0x0000014715f43e90 code [0x0000014715f44060, 0x0000014715f44430]
Event: 5.376 Thread 0x00000147284c0090 4119       2       java.util.LinkedHashMap::<init> (21 bytes)
Event: 5.376 Thread 0x00000147284c0090 nmethod 4119 0x0000014715f44690 code [0x0000014715f44840, 0x0000014715f44978]
Event: 5.381 Thread 0x00000147284c0090 4120       1       org.springframework.data.repository.config.PropertiesBasedNamedQueriesFactoryBean::getObjectType (3 bytes)
Event: 5.381 Thread 0x00000147284c0090 nmethod 4120 0x000001471d358590 code [0x000001471d358720, 0x000001471d3587f0]
Event: 5.381 Thread 0x00000147284c0090 4121       1       org.springframework.data.repository.core.support.RepositoryFragmentsFactoryBean::getObjectType (3 bytes)
Event: 5.381 Thread 0x00000147284c0090 nmethod 4121 0x000001471d358890 code [0x000001471d358a20, 0x000001471d358af0]
Event: 5.381 Thread 0x00000147284c0090 4122       1       org.springframework.data.repository.core.support.RepositoryFactoryBeanSupport::getObjectType (5 bytes)
Event: 5.381 Thread 0x00000147284c0090 nmethod 4122 0x000001471d358b90 code [0x000001471d358d20, 0x000001471d358de8]
Event: 5.385 Thread 0x00000147284c0090 4123       1       org.springframework.context.support.GenericApplicationContext::getBeanFactory (5 bytes)
Event: 5.386 Thread 0x00000147284c0090 nmethod 4123 0x000001471d358e90 code [0x000001471d359020, 0x000001471d3590e8]
Event: 5.387 Thread 0x00000147284c0090 4124       2       java.lang.ThreadLocal$ThreadLocalMap::set (133 bytes)
Event: 5.388 Thread 0x00000147284c0090 nmethod 4124 0x0000014715f44a10 code [0x0000014715f44c40, 0x0000014715f45310]
Event: 5.389 Thread 0x00000147284c0090 4125       2       java.lang.invoke.LambdaForm$DMH/0x000001472a09c000::newInvokeSpecial (30 bytes)
Event: 5.389 Thread 0x00000147284c0090 nmethod 4125 0x0000014715f45690 code [0x0000014715f45860, 0x0000014715f45a70]

GC Heap History (12 events):
Event: 1.038 GC heap before
{Heap before GC invocations=0 (full 0):
 garbage-first heap   total 55296K, used 24576K [0x00000000ca600000, 0x0000000100000000)
  region size 1024K, 23 young (23552K), 0 survivors (0K)
 Metaspace       used 5818K, committed 6016K, reserved 1114112K
  class space    used 667K, committed 768K, reserved 1048576K
}
Event: 1.043 GC heap after
{Heap after GC invocations=1 (full 0):
 garbage-first heap   total 55296K, used 7317K [0x00000000ca600000, 0x0000000100000000)
  region size 1024K, 3 young (3072K), 3 survivors (3072K)
 Metaspace       used 5818K, committed 6016K, reserved 1114112K
  class space    used 667K, committed 768K, reserved 1048576K
}
Event: 1.611 GC heap before
{Heap before GC invocations=1 (full 0):
 garbage-first heap   total 55296K, used 29845K [0x00000000ca600000, 0x0000000100000000)
  region size 1024K, 26 young (26624K), 3 survivors (3072K)
 Metaspace       used 12075K, committed 12416K, reserved 1114112K
  class space    used 1438K, committed 1600K, reserved 1048576K
}
Event: 1.616 GC heap after
{Heap after GC invocations=2 (full 0):
 garbage-first heap   total 55296K, used 9762K [0x00000000ca600000, 0x0000000100000000)
  region size 1024K, 3 young (3072K), 3 survivors (3072K)
 Metaspace       used 12075K, committed 12416K, reserved 1114112K
  class space    used 1438K, committed 1600K, reserved 1048576K
}
Event: 2.073 GC heap before
{Heap before GC invocations=2 (full 0):
 garbage-first heap   total 55296K, used 33314K [0x00000000ca600000, 0x0000000100000000)
  region size 1024K, 27 young (27648K), 3 survivors (3072K)
 Metaspace       used 18141K, committed 18496K, reserved 1114112K
  class space    used 2211K, committed 2368K, reserved 1048576K
}
Event: 2.078 GC heap after
{Heap after GC invocations=3 (full 0):
 garbage-first heap   total 55296K, used 12566K [0x00000000ca600000, 0x0000000100000000)
  region size 1024K, 3 young (3072K), 3 survivors (3072K)
 Metaspace       used 18141K, committed 18496K, reserved 1114112K
  class space    used 2211K, committed 2368K, reserved 1048576K
}
Event: 2.899 GC heap before
{Heap before GC invocations=3 (full 0):
 garbage-first heap   total 55296K, used 39190K [0x00000000ca600000, 0x0000000100000000)
  region size 1024K, 29 young (29696K), 3 survivors (3072K)
 Metaspace       used 21050K, committed 21376K, reserved 1114112K
  class space    used 2552K, committed 2688K, reserved 1048576K
}
Event: 2.904 GC heap after
{Heap after GC invocations=4 (full 0):
 garbage-first heap   total 55296K, used 14403K [0x00000000ca600000, 0x0000000100000000)
  region size 1024K, 3 young (3072K), 3 survivors (3072K)
 Metaspace       used 21050K, committed 21376K, reserved 1114112K
  class space    used 2552K, committed 2688K, reserved 1048576K
}
Event: 2.950 GC heap before
{Heap before GC invocations=4 (full 0):
 garbage-first heap   total 55296K, used 15427K [0x00000000ca600000, 0x0000000100000000)
  region size 1024K, 5 young (5120K), 3 survivors (3072K)
 Metaspace       used 21235K, committed 21504K, reserved 1114112K
  class space    used 2574K, committed 2688K, reserved 1048576K
}
Event: 2.953 GC heap after
{Heap after GC invocations=5 (full 0):
 garbage-first heap   total 55296K, used 14539K [0x00000000ca600000, 0x0000000100000000)
  region size 1024K, 3 young (3072K), 3 survivors (3072K)
 Metaspace       used 21235K, committed 21504K, reserved 1114112K
  class space    used 2574K, committed 2688K, reserved 1048576K
}
Event: 4.305 GC heap before
{Heap before GC invocations=6 (full 0):
 garbage-first heap   total 55296K, used 44235K [0x00000000ca600000, 0x0000000100000000)
  region size 1024K, 32 young (32768K), 3 survivors (3072K)
 Metaspace       used 26269K, committed 26752K, reserved 1114112K
  class space    used 3344K, committed 3520K, reserved 1048576K
}
Event: 4.311 GC heap after
{Heap after GC invocations=7 (full 0):
 garbage-first heap   total 55296K, used 17174K [0x00000000ca600000, 0x0000000100000000)
  region size 1024K, 4 young (4096K), 4 survivors (4096K)
 Metaspace       used 26269K, committed 26752K, reserved 1114112K
  class space    used 3344K, committed 3520K, reserved 1048576K
}

Dll operation events (9 events):
Event: 0.039 Loaded shared library C:\Program Files\Java\jdk-21\bin\java.dll
Event: 0.175 Loaded shared library C:\Program Files\Java\jdk-21\bin\jsvml.dll
Event: 0.237 Loaded shared library C:\Program Files\Java\jdk-21\bin\net.dll
Event: 0.242 Loaded shared library C:\Program Files\Java\jdk-21\bin\nio.dll
Event: 0.246 Loaded shared library C:\Program Files\Java\jdk-21\bin\zip.dll
Event: 0.423 Loaded shared library C:\Program Files\Java\jdk-21\bin\jimage.dll
Event: 0.843 Loaded shared library C:\Program Files\Java\jdk-21\bin\management.dll
Event: 0.848 Loaded shared library C:\Program Files\Java\jdk-21\bin\management_ext.dll
Event: 2.010 Loaded shared library C:\Program Files\Java\jdk-21\bin\sunmscapi.dll

Deoptimization events (20 events):
Event: 5.176 Thread 0x000001476f4431c0 DEOPT PACKING pc=0x000001471d33b8b8 sp=0x00000037e5fff000
Event: 5.176 Thread 0x000001476f4431c0 DEOPT UNPACKING pc=0x000001471cc546a2 sp=0x00000037e5ffef90 mode 2
Event: 5.193 Thread 0x000001476e255df0 DEOPT PACKING pc=0x0000014715bdcfa4 sp=0x00000037e53fbde0
Event: 5.193 Thread 0x000001476e255df0 DEOPT UNPACKING pc=0x000001471cc54e42 sp=0x00000037e53fb2b8 mode 0
Event: 5.195 Thread 0x000001476e255df0 DEOPT PACKING pc=0x0000014715bdcfa4 sp=0x00000037e53fbde0
Event: 5.195 Thread 0x000001476e255df0 DEOPT UNPACKING pc=0x000001471cc54e42 sp=0x00000037e53fb2b8 mode 0
Event: 5.204 Thread 0x000001476e255df0 DEOPT PACKING pc=0x0000014715bdcfa4 sp=0x00000037e53fbde0
Event: 5.204 Thread 0x000001476e255df0 DEOPT UNPACKING pc=0x000001471cc54e42 sp=0x00000037e53fb2b8 mode 0
Event: 5.209 Thread 0x000001476e255df0 DEOPT PACKING pc=0x0000014715bdcfa4 sp=0x00000037e53fbde0
Event: 5.209 Thread 0x000001476e255df0 DEOPT UNPACKING pc=0x000001471cc54e42 sp=0x00000037e53fb2b8 mode 0
Event: 5.212 Thread 0x000001476e255df0 DEOPT PACKING pc=0x0000014715bdcfa4 sp=0x00000037e53fbde0
Event: 5.212 Thread 0x000001476e255df0 DEOPT UNPACKING pc=0x000001471cc54e42 sp=0x00000037e53fb2b8 mode 0
Event: 5.285 Thread 0x000001476e255df0 Uncommon trap: trap_request=0xffffffd6 fr.pc=0x000001471d318874 relative=0x0000000000006434
Event: 5.285 Thread 0x000001476e255df0 Uncommon trap: reason=array_check action=maybe_recompile pc=0x000001471d318874 method=org.springframework.util.ConcurrentReferenceHashMap$Segment.lambda$doTask$0(Ljava/lang/Object;ILorg/springframework/util/ConcurrentReferenceHashMap$Reference;ILjava/lang
Event: 5.285 Thread 0x000001476e255df0 DEOPT PACKING pc=0x000001471d318874 sp=0x00000037e53fc7e0
Event: 5.285 Thread 0x000001476e255df0 DEOPT UNPACKING pc=0x000001471cc546a2 sp=0x00000037e53fc2b0 mode 2
Event: 5.285 Thread 0x000001476e255df0 Uncommon trap: trap_request=0xffffffd6 fr.pc=0x000001471d318874 relative=0x0000000000006434
Event: 5.285 Thread 0x000001476e255df0 Uncommon trap: reason=array_check action=maybe_recompile pc=0x000001471d318874 method=org.springframework.util.ConcurrentReferenceHashMap$Segment.lambda$doTask$0(Ljava/lang/Object;ILorg/springframework/util/ConcurrentReferenceHashMap$Reference;ILjava/lang
Event: 5.285 Thread 0x000001476e255df0 DEOPT PACKING pc=0x000001471d318874 sp=0x00000037e53fc740
Event: 5.285 Thread 0x000001476e255df0 DEOPT UNPACKING pc=0x000001471cc546a2 sp=0x00000037e53fc210 mode 2

Classes loaded (20 events):
Event: 5.099 Loading class java/nio/channels/CompletionHandler
Event: 5.099 Loading class java/nio/channels/CompletionHandler done
Event: 5.111 Loading class jdk/internal/vm/annotation/IntrinsicCandidate
Event: 5.111 Loading class jdk/internal/vm/annotation/IntrinsicCandidate done
Event: 5.121 Loading class java/util/concurrent/ScheduledThreadPoolExecutor$ScheduledFutureTask
Event: 5.122 Loading class java/util/concurrent/ScheduledThreadPoolExecutor$ScheduledFutureTask done
Event: 5.122 Loading class java/util/concurrent/Executors$RunnableAdapter
Event: 5.122 Loading class java/util/concurrent/Executors$RunnableAdapter done
Event: 5.122 Loading class java/util/concurrent/ThreadPoolExecutor$Worker
Event: 5.122 Loading class java/util/concurrent/ThreadPoolExecutor$Worker done
Event: 5.125 Loading class java/lang/invoke/DirectMethodHandle$Special
Event: 5.126 Loading class java/lang/invoke/DirectMethodHandle$Special done
Event: 5.131 Loading class jdk/internal/event/ThreadSleepEvent
Event: 5.131 Loading class jdk/internal/event/ThreadSleepEvent done
Event: 5.173 Loading class java/util/concurrent/Executors$AutoShutdownDelegatedExecutorService
Event: 5.173 Loading class java/util/concurrent/Executors$DelegatedExecutorService
Event: 5.174 Loading class java/util/concurrent/Executors$DelegatedExecutorService done
Event: 5.174 Loading class java/util/concurrent/Executors$AutoShutdownDelegatedExecutorService done
Event: 5.347 Loading class javax/naming/Referenceable
Event: 5.348 Loading class javax/naming/Referenceable done

Classes unloaded (0 events):
No events

Classes redefined (0 events):
No events

Internal exceptions (20 events):
Event: 3.864 Thread 0x000001476e255df0 Exception <a 'java/lang/NoSuchMethodError'{0x00000000cbf5e2c8}: 'java.lang.Object java.lang.invoke.DirectMethodHandle$Holder.invokeVirtual(java.lang.Object, java.lang.Object, java.lang.Object, java.lang.Object, java.lang.Object, java.lang.Object)'> (0x00000000cbf5e2c8) 
thrown [s\open\src\hotspot\share\interpreter\linkResolver.cpp, line 773]
Event: 4.090 Thread 0x000001476e255df0 Exception <a 'java/lang/NoSuchMethodError'{0x00000000cbe8aa10}: 'void java.lang.invoke.DirectMethodHandle$Holder.invokeInterface(java.lang.Object, java.lang.Object, int)'> (0x00000000cbe8aa10) 
thrown [s\open\src\hotspot\share\interpreter\linkResolver.cpp, line 773]
Event: 4.111 Thread 0x000001476e255df0 Exception <a 'java/lang/IncompatibleClassChangeError'{0x00000000cbeccce0}: Found class java.lang.Object, but interface was expected> (0x00000000cbeccce0) 
thrown [s\open\src\hotspot\share\interpreter\linkResolver.cpp, line 840]
Event: 4.115 Thread 0x000001476e255df0 Exception <a 'java/lang/NoSuchMethodError'{0x00000000cbedad48}: 'int java.lang.invoke.DirectMethodHandle$Holder.invokeSpecialIFC(java.lang.Object, java.lang.Object, java.lang.Object)'> (0x00000000cbedad48) 
thrown [s\open\src\hotspot\share\interpreter\linkResolver.cpp, line 773]
Event: 4.120 Thread 0x000001476e255df0 Exception <a 'java/lang/NoSuchMethodError'{0x00000000cbeefb40}: 'void java.lang.invoke.DirectMethodHandle$Holder.invokeStatic(java.lang.Object, int, java.lang.Object)'> (0x00000000cbeefb40) 
thrown [s\open\src\hotspot\share\interpreter\linkResolver.cpp, line 773]
Event: 4.144 Thread 0x000001476e255df0 Exception <a 'java/lang/NoSuchMethodError'{0x00000000cbd25f08}: 'void java.lang.invoke.DirectMethodHandle$Holder.invokeStatic(java.lang.Object, java.lang.Object, java.lang.Object, int, java.lang.Object)'> (0x00000000cbd25f08) 
thrown [s\open\src\hotspot\share\interpreter\linkResolver.cpp, line 773]
Event: 4.146 Thread 0x000001476e255df0 Exception <a 'java/lang/NoSuchMethodError'{0x00000000cbd2c6c0}: 'java.lang.Object java.lang.invoke.DirectMethodHandle$Holder.newInvokeSpecial(java.lang.Object, java.lang.Object, java.lang.Object, int)'> (0x00000000cbd2c6c0) 
thrown [s\open\src\hotspot\share\interpreter\linkResolver.cpp, line 773]
Event: 4.148 Thread 0x000001476e255df0 Exception <a 'java/lang/NoSuchMethodError'{0x00000000cbd304b0}: 'java.lang.Object java.lang.invoke.DirectMethodHandle$Holder.invokeSpecial(java.lang.Object, java.lang.Object, java.lang.Object, java.lang.Object, int)'> (0x00000000cbd304b0) 
thrown [s\open\src\hotspot\share\interpreter\linkResolver.cpp, line 773]
Event: 4.148 Thread 0x000001476e255df0 Exception <a 'java/lang/NoSuchMethodError'{0x00000000cbd33938}: 'java.lang.Object java.lang.invoke.Invokers$Holder.linkToTargetMethod(java.lang.Object, java.lang.Object, int, java.lang.Object)'> (0x00000000cbd33938) 
thrown [s\open\src\hotspot\share\interpreter\linkResolver.cpp, line 773]
Event: 4.406 Thread 0x000001476e255df0 Exception <a 'java/lang/NoSuchMethodError'{0x00000000cdadffd8}: 'java.lang.Object java.lang.invoke.DirectMethodHandle$Holder.invokeStaticInit(java.lang.Object, int, int, int, int)'> (0x00000000cdadffd8) 
thrown [s\open\src\hotspot\share\interpreter\linkResolver.cpp, line 773]
Event: 4.641 Thread 0x000001476e255df0 Exception <a 'java/lang/NoSuchMethodError'{0x00000000cd9aff08}: 'java.lang.Object java.lang.invoke.DirectMethodHandle$Holder.invokeStaticInit(java.lang.Object, java.lang.Object, int, int, int, int)'> (0x00000000cd9aff08) 
thrown [s\open\src\hotspot\share\interpreter\linkResolver.cpp, line 773]
Event: 4.848 Thread 0x000001476e255df0 Exception <a 'sun/nio/fs/WindowsException'{0x00000000cd24bc60}> (0x00000000cd24bc60) 
thrown [s\open\src\hotspot\share\prims\jni.cpp, line 520]
Event: 4.848 Thread 0x000001476e255df0 Exception <a 'sun/nio/fs/WindowsException'{0x00000000cd24c3c0}> (0x00000000cd24c3c0) 
thrown [s\open\src\hotspot\share\prims\jni.cpp, line 520]
Event: 4.858 Thread 0x000001476e255df0 Exception <a 'java/lang/NoSuchMethodError'{0x00000000cd268288}: 'int java.lang.invoke.DirectMethodHandle$Holder.invokeVirtual(java.lang.Object, java.lang.Object, java.lang.Object, java.lang.Object)'> (0x00000000cd268288) 
thrown [s\open\src\hotspot\share\interpreter\linkResolver.cpp, line 773]
Event: 4.858 Thread 0x000001476e255df0 Exception <a 'java/lang/NoSuchMethodError'{0x00000000cd26bcf0}: 'int java.lang.invoke.DelegatingMethodHandle$Holder.reinvoke_L(java.lang.Object, java.lang.Object, java.lang.Object, java.lang.Object)'> (0x00000000cd26bcf0) 
thrown [s\open\src\hotspot\share\interpreter\linkResolver.cpp, line 773]
Event: 4.962 Thread 0x000001476e255df0 Exception <a 'java/io/FileNotFoundException'{0x00000000cd063040}> (0x00000000cd063040) 
thrown [s\open\src\hotspot\share\prims\jni.cpp, line 520]
Event: 5.003 Thread 0x000001476e255df0 Exception <a 'java/lang/NoSuchMethodError'{0x00000000ccfb7890}: 'int java.lang.invoke.DirectMethodHandle$Holder.invokeInterface(java.lang.Object, java.lang.Object, java.lang.Object, java.lang.Object)'> (0x00000000ccfb7890) 
thrown [s\open\src\hotspot\share\interpreter\linkResolver.cpp, line 773]
Event: 5.100 Thread 0x000001476e255df0 Exception <a 'java/lang/NoSuchMethodError'{0x00000000ccda38e8}: 'long java.lang.invoke.DirectMethodHandle$Holder.invokeVirtual(java.lang.Object, java.lang.Object)'> (0x00000000ccda38e8) 
thrown [s\open\src\hotspot\share\interpreter\linkResolver.cpp, line 773]
Event: 5.109 Thread 0x000001476e255df0 Exception <a 'java/io/FileNotFoundException'{0x00000000ccdcc868}> (0x00000000ccdcc868) 
thrown [s\open\src\hotspot\share\prims\jni.cpp, line 520]
Event: 5.264 Thread 0x000001476e255df0 Exception <a 'java/lang/NoSuchMethodError'{0x00000000cc728bf8}: 'java.lang.Object java.lang.invoke.DirectMethodHandle$Holder.newInvokeSpecial(java.lang.Object, java.lang.Object, java.lang.Object, java.lang.Object, java.lang.Object, java.lang.Object, java.lang.Object, java.lang.Object, java.lang.Object, java.lang.Object, java.lang.Object)'> (0x00000000cc728bf8) 
thrown [s\open\src\hotspot\share\interpreter\linkResolver.cpp, line 773]

ZGC Phase Switch (0 events):
No events

VM Operations (20 events):
Event: 3.564 Executing VM operation: ICBufferFull
Event: 3.565 Executing VM operation: ICBufferFull done
Event: 3.590 Executing VM operation: HandshakeAllThreads (Deoptimize)
Event: 3.590 Executing VM operation: HandshakeAllThreads (Deoptimize) done
Event: 3.592 Executing VM operation: HandshakeAllThreads (Deoptimize)
Event: 3.593 Executing VM operation: HandshakeAllThreads (Deoptimize) done
Event: 4.304 Executing VM operation: G1CollectForAllocation (G1 Evacuation Pause)
Event: 4.312 Executing VM operation: G1CollectForAllocation (G1 Evacuation Pause) done
Event: 4.378 Executing VM operation: HandshakeAllThreads (Deoptimize)
Event: 4.378 Executing VM operation: HandshakeAllThreads (Deoptimize) done
Event: 4.429 Executing VM operation: HandshakeAllThreads (Deoptimize)
Event: 4.429 Executing VM operation: HandshakeAllThreads (Deoptimize) done
Event: 4.928 Executing VM operation: HandshakeAllThreads (Deoptimize)
Event: 4.928 Executing VM operation: HandshakeAllThreads (Deoptimize) done
Event: 5.048 Executing VM operation: HandshakeAllThreads (Deoptimize)
Event: 5.048 Executing VM operation: HandshakeAllThreads (Deoptimize) done
Event: 5.049 Executing VM operation: HandshakeAllThreads (Deoptimize)
Event: 5.049 Executing VM operation: HandshakeAllThreads (Deoptimize) done
Event: 5.114 Executing VM operation: HandshakeAllThreads (Deoptimize)
Event: 5.114 Executing VM operation: HandshakeAllThreads (Deoptimize) done

Events (20 events):
Event: 0.163 Thread 0x00000147284a9df0 Thread added: 0x00000147284a9df0
Event: 0.163 Thread 0x00000147284aced0 Thread added: 0x00000147284aced0
Event: 0.163 Thread 0x00000147284b06b0 Thread added: 0x00000147284b06b0
Event: 0.163 Thread 0x00000147284b4230 Thread added: 0x00000147284b4230
Event: 0.164 Thread 0x00000147284b55e0 Thread added: 0x00000147284b55e0
Event: 0.164 Thread 0x00000147284b61f0 Thread added: 0x00000147284b61f0
Event: 0.165 Thread 0x00000147284bd5e0 Thread added: 0x00000147284bd5e0
Event: 0.165 Thread 0x00000147284c0090 Thread added: 0x00000147284c0090
Event: 0.220 Thread 0x0000014728749e70 Thread added: 0x0000014728749e70
Event: 0.228 Thread 0x00000147287590f0 Thread added: 0x00000147287590f0
Event: 0.904 Thread 0x000001476e506f90 Thread added: 0x000001476e506f90
Event: 0.907 Thread 0x000001476e255df0 Thread added: 0x000001476e255df0
Event: 1.395 Thread 0x000001476ed59960 Thread added: 0x000001476ed59960
Event: 1.969 Thread 0x000001476eecc840 Thread added: 0x000001476eecc840
Event: 2.017 Thread 0x000001476ed59960 Thread exited: 0x000001476ed59960
Event: 2.094 Thread 0x000001476eecc840 Thread exited: 0x000001476eecc840
Event: 5.124 Thread 0x000001476fef1160 Thread added: 0x000001476fef1160
Event: 5.125 Thread 0x000001476fd843e0 Thread added: 0x000001476fd843e0
Event: 5.131 Thread 0x000001476fd84a50 Thread added: 0x000001476fd84a50
Event: 5.175 Thread 0x000001476f4431c0 Thread added: 0x000001476f4431c0


Dynamic libraries:
0x00007ff79eb10000 - 0x00007ff79eb20000 	C:\Program Files\Java\jdk-21\bin\java.exe
0x00007ffc6c510000 - 0x00007ffc6c727000 	C:\WINDOWS\SYSTEM32\ntdll.dll
0x00007ffc6c3e0000 - 0x00007ffc6c4a4000 	C:\WINDOWS\System32\KERNEL32.DLL
0x00007ffc69810000 - 0x00007ffc69bc9000 	C:\WINDOWS\System32\KERNELBASE.dll
0x00007ffc69e80000 - 0x00007ffc69f91000 	C:\WINDOWS\System32\ucrtbase.dll
0x00007ffbeecf0000 - 0x00007ffbeed0b000 	C:\Program Files\Java\jdk-21\bin\VCRUNTIME140.dll
0x00007ffbe43c0000 - 0x00007ffbe43d9000 	C:\Program Files\Java\jdk-21\bin\jli.dll
0x00007ffc6be70000 - 0x00007ffc6bf22000 	C:\WINDOWS\System32\ADVAPI32.dll
0x00007ffc6b370000 - 0x00007ffc6b417000 	C:\WINDOWS\System32\msvcrt.dll
0x00007ffc6bcc0000 - 0x00007ffc6bd67000 	C:\WINDOWS\System32\sechost.dll
0x00007ffc6a1d0000 - 0x00007ffc6a1f8000 	C:\WINDOWS\System32\bcrypt.dll
0x00007ffc6b9c0000 - 0x00007ffc6bad4000 	C:\WINDOWS\System32\RPCRT4.dll
0x00007ffc6b810000 - 0x00007ffc6b9be000 	C:\WINDOWS\System32\USER32.dll
0x00007ffc4d520000 - 0x00007ffc4d7b2000 	C:\WINDOWS\WinSxS\amd64_microsoft.windows.common-controls_6595b64144ccf1df_6.0.22621.4391_none_2715d37f73803e96\COMCTL32.dll
0x00007ffc6a200000 - 0x00007ffc6a226000 	C:\WINDOWS\System32\win32u.dll
0x00007ffc6a290000 - 0x00007ffc6a2b9000 	C:\WINDOWS\System32\GDI32.dll
0x00007ffc69c70000 - 0x00007ffc69d8b000 	C:\WINDOWS\System32\gdi32full.dll
0x00007ffc69bd0000 - 0x00007ffc69c6a000 	C:\WINDOWS\System32\msvcp_win.dll
0x00007ffc62e30000 - 0x00007ffc62e3a000 	C:\WINDOWS\SYSTEM32\VERSION.dll
0x00007ffc6b420000 - 0x00007ffc6b451000 	C:\WINDOWS\System32\IMM32.DLL
0x00007ffc53440000 - 0x00007ffc5344c000 	C:\Program Files\Java\jdk-21\bin\vcruntime140_1.dll
0x00007ffbcc170000 - 0x00007ffbcc1fe000 	C:\Program Files\Java\jdk-21\bin\msvcp140.dll
0x00007ffc520e0000 - 0x00007ffc52df3000 	C:\Program Files\Java\jdk-21\bin\server\jvm.dll
0x00007ffc6a5f0000 - 0x00007ffc6a661000 	C:\WINDOWS\System32\WS2_32.dll
0x00007ffc5f0e0000 - 0x00007ffc5f114000 	C:\WINDOWS\SYSTEM32\WINMM.dll
0x00007ffc696e0000 - 0x00007ffc6972d000 	C:\WINDOWS\SYSTEM32\POWRPROF.dll
0x00007ffc696c0000 - 0x00007ffc696d3000 	C:\WINDOWS\SYSTEM32\UMPDC.dll
0x00007ffc68850000 - 0x00007ffc68868000 	C:\WINDOWS\SYSTEM32\kernel.appcore.dll
0x00007ffc55c20000 - 0x00007ffc55c2a000 	C:\Program Files\Java\jdk-21\bin\jimage.dll
0x00007ffc65190000 - 0x00007ffc653c2000 	C:\WINDOWS\SYSTEM32\DBGHELP.DLL
0x00007ffc6b470000 - 0x00007ffc6b7ff000 	C:\WINDOWS\System32\combase.dll
0x00007ffc6a470000 - 0x00007ffc6a547000 	C:\WINDOWS\System32\OLEAUT32.dll
0x00007ffc62b60000 - 0x00007ffc62b92000 	C:\WINDOWS\SYSTEM32\dbgcore.DLL
0x00007ffc69d90000 - 0x00007ffc69e0b000 	C:\WINDOWS\System32\bcryptPrimitives.dll
0x00007ffc52f80000 - 0x00007ffc52f9f000 	C:\Program Files\Java\jdk-21\bin\java.dll
0x00007ffc6aaf0000 - 0x00007ffc6b366000 	C:\WINDOWS\System32\SHELL32.dll
0x00007ffc67750000 - 0x00007ffc68053000 	C:\WINDOWS\SYSTEM32\windows.storage.dll
0x00007ffc67610000 - 0x00007ffc6774f000 	C:\WINDOWS\SYSTEM32\wintypes.dll
0x00007ffc6bd70000 - 0x00007ffc6be69000 	C:\WINDOWS\System32\SHCORE.dll
0x00007ffc6bc60000 - 0x00007ffc6bcbe000 	C:\WINDOWS\System32\shlwapi.dll
0x00007ffc69740000 - 0x00007ffc6976b000 	C:\WINDOWS\SYSTEM32\profapi.dll
0x00007ffc50e00000 - 0x00007ffc50ed7000 	C:\Program Files\Java\jdk-21\bin\jsvml.dll
0x00007ffc50d30000 - 0x00007ffc50d40000 	C:\Program Files\Java\jdk-21\bin\net.dll
0x00007ffc66030000 - 0x00007ffc66166000 	C:\WINDOWS\SYSTEM32\WINHTTP.dll
0x00007ffc68cd0000 - 0x00007ffc68d39000 	C:\WINDOWS\system32\mswsock.dll
0x00007ffc50d10000 - 0x00007ffc50d26000 	C:\Program Files\Java\jdk-21\bin\nio.dll
0x00007ffc50cf0000 - 0x00007ffc50d08000 	C:\Program Files\Java\jdk-21\bin\zip.dll
0x00007ffc4ede0000 - 0x00007ffc4edea000 	C:\Program Files\Java\jdk-21\bin\management.dll
0x00007ffc4edd0000 - 0x00007ffc4eddb000 	C:\Program Files\Java\jdk-21\bin\management_ext.dll
0x00007ffc6b460000 - 0x00007ffc6b468000 	C:\WINDOWS\System32\PSAPI.DLL
0x00007ffc51110000 - 0x00007ffc5111e000 	C:\Program Files\Java\jdk-21\bin\sunmscapi.dll
0x00007ffc69fa0000 - 0x00007ffc6a106000 	C:\WINDOWS\System32\CRYPT32.dll
0x00007ffc690e0000 - 0x00007ffc6910d000 	C:\WINDOWS\SYSTEM32\ncrypt.dll
0x00007ffc690a0000 - 0x00007ffc690d7000 	C:\WINDOWS\SYSTEM32\NTASN1.dll
0x00007ffc68f30000 - 0x00007ffc68f4b000 	C:\WINDOWS\SYSTEM32\CRYPTSP.dll
0x00007ffc687b0000 - 0x00007ffc687e5000 	C:\WINDOWS\system32\rsaenh.dll
0x00007ffc68dc0000 - 0x00007ffc68de8000 	C:\WINDOWS\SYSTEM32\USERENV.dll
0x00007ffc68f20000 - 0x00007ffc68f2c000 	C:\WINDOWS\SYSTEM32\CRYPTBASE.dll
0x00007ffc68300000 - 0x00007ffc6832d000 	C:\WINDOWS\SYSTEM32\IPHLPAPI.DLL
0x00007ffc6b800000 - 0x00007ffc6b809000 	C:\WINDOWS\System32\NSI.dll

dbghelp: loaded successfully - version: 4.0.5 - missing functions: none
symbol engine: initialized successfully - sym options: 0x614 - pdb path: .;C:\Program Files\Java\jdk-21\bin;C:\WINDOWS\SYSTEM32;C:\WINDOWS\WinSxS\amd64_microsoft.windows.common-controls_6595b64144ccf1df_6.0.22621.4391_none_2715d37f73803e96;C:\Program Files\Java\jdk-21\bin\server

VM Arguments:
jvm_args: -XX:+ShowCodeDetailsInExceptionMessages 
java_command: com.Banking.OnlineBanking.OnlineBankingApplication
java_class_path (initial): D:\New folder\project\mini\OnlineBanking\target\classes;C:\Users\sachinyadav\.m2\repository\org\springframework\boot\spring-boot-starter-data-jpa\3.4.0\spring-boot-starter-data-jpa-3.4.0.jar;C:\Users\sachinyadav\.m2\repository\org\springframework\boot\spring-boot-starter\3.4.0\spring-boot-starter-3.4.0.jar;C:\Users\sachinyadav\.m2\repository\org\springframework\boot\spring-boot-starter-logging\3.4.0\spring-boot-starter-logging-3.4.0.jar;C:\Users\sachinyadav\.m2\repository\ch\qos\logback\logback-classic\1.5.12\logback-classic-1.5.12.jar;C:\Users\sachinyadav\.m2\repository\ch\qos\logback\logback-core\1.5.12\logback-core-1.5.12.jar;C:\Users\sachinyadav\.m2\repository\org\apache\logging\log4j\log4j-to-slf4j\2.24.1\log4j-to-slf4j-2.24.1.jar;C:\Users\sachinyadav\.m2\repository\org\apache\logging\log4j\log4j-api\2.24.1\log4j-api-2.24.1.jar;C:\Users\sachinyadav\.m2\repository\org\slf4j\jul-to-slf4j\2.0.16\jul-to-slf4j-2.0.16.jar;C:\Users\sachinyadav\.m2\repository\jakarta\annotation\jakarta.annotation-api\2.1.1\jakarta.annotation-api-2.1.1.jar;C:\Users\sachinyadav\.m2\repository\org\yaml\snakeyaml\2.3\snakeyaml-2.3.jar;C:\Users\sachinyadav\.m2\repository\org\springframework\boot\spring-boot-starter-jdbc\3.4.0\spring-boot-starter-jdbc-3.4.0.jar;C:\Users\sachinyadav\.m2\repository\com\zaxxer\HikariCP\5.1.0\HikariCP-5.1.0.jar;C:\Users\sachinyadav\.m2\repository\org\springframework\spring-jdbc\6.2.0\spring-jdbc-6.2.0.jar;C:\Users\sachinyadav\.m2\repository\org\hibernate\orm\hibernate-core\6.6.2.Final\hibernate-core-6.6.2.Final.jar;C:\Users\sachinyadav\.m2\repository\jakarta\persistence\jakarta.persistence-api\3.1.0\jakarta.persistence-api-3.1.0.jar;C:\Users\sachinyadav\.m2\repository\jakarta\transaction\jakarta.transaction-api\2.0.1\jakarta.transaction-api-2.0.1.jar;C:\Users\sachinyadav\.m2\repository\org\jboss\logging\jboss-logging\3.6.1.Final\jboss-logging-3.6.1.Final.jar;C:\Users\sachinyadav\.m2\repository\org\hibernate\common\hibernate-commons-annotations\7.0.3.Final\hibernate-commons-annotations-7.0.3.Final.jar;C:\Users\sachinyadav\.m2\repository\io\smallrye\jandex\3.2.0\jandex-3.2.0.jar;C:\Users\sachinyadav\.m2\repository\com\fasterxml\classmate\1.7.0\classmate-1.7.0.jar;C:\Users\sachinyadav\.m2\repository\net\bytebuddy\byte-buddy\1.15.10\byte-buddy-1.15.10.jar;C:\Users\sachinyadav\.m2\repository\org\glassfish\jaxb\jaxb-runtime\4.0.5\jaxb-runtime-4.0.5.jar;C:\Users\sachinyadav\.m2\repository\org\glassfish\jaxb\jaxb-core\4.0.5\jaxb-core-4.0.5.jar;C:\Users\sachinyadav\.m2\repository\org\eclipse\angus\angus-activation\2.0.2\angus-activation-2.0.2.jar;C:\Users\sachinyadav\.m2\repository\org\glassfish\jaxb\txw2\4.0.5\txw2-4.0.5.jar;C:\Users\sachinyadav\.m2\repository\com\sun\istack\istack-commons-runtime\4.1.2\istack-commons-runtime-4.1.2.jar;C:\Users\sachinyadav\.m2\repository\jakarta\inject\jakarta.inject-api\2.0.1\jakarta.inject-api-2.0.1.jar;C:\Users\sachinyadav\.m2\repository\org\antlr\antlr4-runtime\4.13.0\antlr4-runtime-4.13.0.jar;C:\Users\sachinyadav\.m2\repository\org\springframework\data\spring-data-jpa\3.4.0\spring-data-jpa-3.4.0.jar;C:\Users\sachinyadav\.m2\repository\org\springframework\data\spring-data-commons\3.4.0\spring-data-commons-3.4.0.jar;C:\Users\sachinyadav\.m2\repository\org\springframework\spring-orm\6.2.0\spring-orm-6.2.0.jar;C:\Users\sachinyadav\.m2\repository\org\springframework\spring-context\6.2.0\spring-context-6.2.0.jar;C:\Users\sachinyadav\.m2\repository\org\springframework\spring-aop\6.2.0\spring-aop-6.2.0.jar;C:\Users\sachinyadav\.m2\repository\org\springframework\spring-tx\6.2.0\spring-tx-6.2.0.jar;C:\Users\sachinyadav\.m2\repository\org\springframework\spring-beans\6.2.0\spring-beans-6.2.0.jar;C:\Users\sachinyadav\.m2\repository\org\slf4j\slf4j-api\2.0.16\slf4j-api-2.0.16.jar;C:\Users\sachinyadav\.m2\repository\org\springframework\spring-aspects\6.2.0\spring-aspects-6.2.0.jar;C:\Users\sachinyadav\.m2\repository\org\aspectj\aspectjweaver\1.9.22.1\aspectjweaver-1.9.22.1.jar;C:\Users\sachinyadav\.m2\repository\org\springframework\boot\spring-boot-starter-thymeleaf\3.4.0\spring-boot-starter-thymeleaf-3.4.0.jar;C:\Users\sachinyadav\.m2\repository\org\thymeleaf\thymeleaf-spring6\3.1.2.RELEASE\thymeleaf-spring6-3.1.2.RELEASE.jar;C:\Users\sachinyadav\.m2\repository\org\thymeleaf\thymeleaf\3.1.2.RELEASE\thymeleaf-3.1.2.RELEASE.jar;C:\Users\sachinyadav\.m2\repository\org\attoparser\attoparser\2.0.7.RELEASE\attoparser-2.0.7.RELEASE.jar;C:\Users\sachinyadav\.m2\repository\org\unbescape\unbescape\1.1.6.RELEASE\unbescape-1.1.6.RELEASE.jar;C:\Users\sachinyadav\.m2\repository\org\springframework\boot\spring-boot-starter-web\3.4.0\spring-boot-starter-web-3.4.0.jar;C:\Users\sachinyadav\.m2\repository\org\springframework\boot\spring-boot-starter-json\3.4.0\spring-boot-starter-json-3.4.0.jar;C:\Users\sachinyadav\.m2\repository\com\fasterxml\jackson\core\jackson-databind\2.18.1\jackson-databind-2.18.1.jar;C:\Users\sachinyadav\.m2\repository\com\fasterxml\jackson\core\jackson-annotations\2.18.1\jackson-annotations-2.18.1.jar;C:\Users\sachinyadav\.m2\repository\com\fasterxml\jackson\core\jackson-core\2.18.1\jackson-core-2.18.1.jar;C:\Users\sachinyadav\.m2\repository\com\fasterxml\jackson\datatype\jackson-datatype-jdk8\2.18.1\jackson-datatype-jdk8-2.18.1.jar;C:\Users\sachinyadav\.m2\repository\com\fasterxml\jackson\datatype\jackson-datatype-jsr310\2.18.1\jackson-datatype-jsr310-2.18.1.jar;C:\Users\sachinyadav\.m2\repository\com\fasterxml\jackson\module\jackson-module-parameter-names\2.18.1\jackson-module-parameter-names-2.18.1.jar;C:\Users\sachinyadav\.m2\repository\org\springframework\boot\spring-boot-starter-tomcat\3.4.0\spring-boot-starter-tomcat-3.4.0.jar;C:\Users\sachinyadav\.m2\repository\org\apache\tomcat\embed\tomcat-embed-core\10.1.33\tomcat-embed-core-10.1.33.jar;C:\Users\sachinyadav\.m2\repository\org\apache\tomcat\embed\tomcat-embed-el\10.1.33\tomcat-embed-el-10.1.33.jar;C:\Users\sachinyadav\.m2\repository\org\apache\tomcat\embed\tomcat-embed-websocket\10.1.33\tomcat-embed-websocket-10.1.33.jar;C:\Users\sachinyadav\.m2\repository\org\springframework\spring-web\6.2.0\spring-web-6.2.0.jar;C:\Users\sachinyadav\.m2\repository\io\micrometer\micrometer-observation\1.14.1\micrometer-observation-1.14.1.jar;C:\Users\sachinyadav\.m2\repository\io\micrometer\micrometer-commons\1.14.1\micrometer-commons-1.14.1.jar;C:\Users\sachinyadav\.m2\repository\org\springframework\spring-webmvc\6.2.0\spring-webmvc-6.2.0.jar;C:\Users\sachinyadav\.m2\repository\org\springframework\spring-expression\6.2.0\spring-expression-6.2.0.jar;C:\Users\sachinyadav\.m2\repository\org\springframework\boot\spring-boot-devtools\3.4.0\spring-boot-devtools-3.4.0.jar;C:\Users\sachinyadav\.m2\repository\org\springframework\boot\spring-boot\3.4.0\spring-boot-3.4.0.jar;C:\Users\sachinyadav\.m2\repository\org\springframework\boot\spring-boot-autoconfigure\3.4.0\spring-boot-autoconfigure-3.4.0.jar;C:\Users\sachinyadav\.m2\repository\com\mysql\mysql-connector-j\9.1.0\mysql-connector-j-9.1.0.jar;C:\Users\sachinyadav\.m2\repository\jakarta\xml\bind\jakarta.xml.bind-api\4.0.2\jakarta.xml.bind-api-4.0.2.jar;C:\Users\sachinyadav\.m2\repository\jakarta\activation\jakarta.activation-api\2.1.3\jakarta.activation-api-2.1.3.jar;C:\Users\sachinyadav\.m2\repository\org\springframework\spring-core\6.2.0\spring-core-6.2.0.jar;C:\Users\sachinyadav\.m2\repository\org\springframework\spring-jcl\6.2.0\spring-jcl-6.2.0.jar
Launcher Type: SUN_STANDARD

[Global flags]
     intx CICompilerCount                          = 4                                         {product} {ergonomic}
     uint ConcGCThreads                            = 2                                         {product} {ergonomic}
     uint G1ConcRefinementThreads                  = 8                                         {product} {ergonomic}
   size_t G1HeapRegionSize                         = 1048576                                   {product} {ergonomic}
    uintx GCDrainStackTargetSize                   = 64                                        {product} {ergonomic}
   size_t InitialHeapSize                          = 56623104                                  {product} {ergonomic}
   size_t MarkStackSize                            = 4194304                                   {product} {ergonomic}
   size_t MaxHeapSize                              = 899678208                                 {product} {ergonomic}
   size_t MaxNewSize                               = 538968064                                 {product} {ergonomic}
   size_t MinHeapDeltaBytes                        = 1048576                                   {product} {ergonomic}
   size_t MinHeapSize                              = 8388608                                   {product} {ergonomic}
    uintx NonNMethodCodeHeapSize                   = 5839372                                {pd product} {ergonomic}
    uintx NonProfiledCodeHeapSize                  = 122909434                              {pd product} {ergonomic}
     bool PerfDisableSharedMem                     = true                                      {product} {ergonomic}
    uintx ProfiledCodeHeapSize                     = 122909434                              {pd product} {ergonomic}
    uintx ReservedCodeCacheSize                    = 251658240                              {pd product} {ergonomic}
     bool SegmentedCodeCache                       = true                                      {product} {ergonomic}
     bool ShowCodeDetailsInExceptionMessages       = true                                   {manageable} {command line}
   size_t SoftMaxHeapSize                          = 899678208                              {manageable} {ergonomic}
     bool UseCompressedOops                        = true                           {product lp64_product} {ergonomic}
     bool UseG1GC                                  = true                                      {product} {ergonomic}
     bool UseLargePagesIndividualAllocation        = false                                  {pd product} {ergonomic}

Logging:
Log output configuration:
 #0: stdout all=warning uptime,level,tags foldmultilines=false
 #1: stderr all=off uptime,level,tags foldmultilines=false

Environment Variables:
PATH=C:\Program Files\Python312\Scripts\;C:\Program Files\Python312\;C:\Program Files\Common Files\Oracle\Java\javapath;C:\WINDOWS\system32;C:\WINDOWS;C:\WINDOWS\System32\Wbem;C:\WINDOWS\System32\WindowsPowerShell\v1.0\;C:\WINDOWS\System32\OpenSSH\;C:\Program Files\Git\cmd;C:\Program Files\MySQL\MySQL Shell 8.0\bin\;C:\Users\sachinyadav\AppData\Local\Programs\Python\Launcher\;C:\Users\sachinyadav\AppData\Local\Microsoft\WindowsApps;C:\Users\sachinyadav\AppData\Local\Programs\Microsoft VS Code\bin
USERNAME=sachinyadav
LANG=en_US.UTF-8
OS=Windows_NT
PROCESSOR_IDENTIFIER=AMD64 Family 23 Model 104 Stepping 1, AuthenticAMD
TMP=C:\Users\SACHIN~1\AppData\Local\Temp
TEMP=C:\Users\SACHIN~1\AppData\Local\Temp




---------------  S Y S T E M  ---------------

OS:
 Windows 11 , 64 bit Build 22621 (10.0.22621.4391)
OS uptime: 5 days 2:03 hours

CPU: total 8 (initial active 8) (8 cores per cpu, 2 threads per core) family 23 model 104 stepping 1 microcode 0x0, cx8, cmov, fxsr, ht, mmx, 3dnowpref, sse, sse2, sse3, ssse3, sse4a, sse4.1, sse4.2, popcnt, lzcnt, tsc, tscinvbit, avx, avx2, aes, clmul, bmi1, bmi2, adx, sha, fma, vzeroupper, clflush, clflushopt, rdtscp, rdpid, f16c
Processor Information for all 8 processors :
  Max Mhz: 2600, Current Mhz: 2600, Mhz Limit: 2600

Memory: 4k page, system-wide physical 3429M (83M free)
TotalPageFile size 14181M (AvailPageFile size 9M)
current process WorkingSet (physical memory assigned to process): 163M, peak: 167M
current process commit charge ("private bytes"): 207M, peak: 211M

vm_info: Java HotSpot(TM) 64-Bit Server VM (21+35-LTS-2513) for windows-amd64 JRE (21+35-LTS-2513), built on 2023-08-09T20:25:10Z by "mach5one" with MS VC++ 17.1 (VS2022)

END.
