#
# There is insufficient memory for the Java Runtime Environment to continue.
# Native memory allocation (malloc) failed to allocate 1000496 bytes. Error detail: Chunk::new
# Possible reasons:
#   The system is out of physical RAM or swap space
#   This process is running with CompressedOops enabled, and the Java Heap may be blocking the growth of the native heap
# Possible solutions:
#   Reduce memory load on the system
#   Increase physical memory or swap space
#   Check if swap backing store is full
#   Decrease Java heap size (-Xmx/-Xms)
#   Decrease number of Java threads
#   Decrease Java thread stack sizes (-Xss)
#   Set larger code cache with -XX:ReservedCodeCacheSize=
#   JVM is running with Unscaled Compressed Oops mode in which the Java heap is
#     placed in the first 4GB address space. The Java Heap base address is the
#     maximum limit for the native heap growth. Please use -XX:HeapBaseMinAddress
#     to set the Java Heap base and to place the Java Heap above 4GB virtual address.
# This output file may be truncated or incomplete.
#
#  Out of Memory Error (arena.cpp:168), pid=24020, tid=21644
#
# JRE version: OpenJDK Runtime Environment Temurin-21.0.6+7 (21.0.6+7) (build 21.0.6+7-LTS)
# Java VM: OpenJDK 64-Bit Server VM Temurin-21.0.6+7 (21.0.6+7-LTS, mixed mode, sharing, tiered, compressed oops, compressed class ptrs, parallel gc, windows-amd64)
# No core dump will be written. Minidumps are not enabled by default on client versions of Windows
#

---------------  S U M M A R Y ------------

Command Line: --add-modules=ALL-SYSTEM --add-opens=java.base/java.util=ALL-UNNAMED --add-opens=java.base/java.lang=ALL-UNNAMED --add-opens=java.base/sun.nio.fs=ALL-UNNAMED -Declipse.application=org.eclipse.jdt.ls.core.id1 -Dosgi.bundles.defaultStartLevel=4 -Declipse.product=org.eclipse.jdt.ls.core.product -Djava.import.generatesMetadataFilesAtProjectRoot=false -DDetectVMInstallationsJob.disabled=true -Dfile.encoding=utf8 -XX:+UseParallelGC -XX:GCTimeRatio=4 -XX:AdaptiveSizePolicyWeight=90 -Dsun.zip.disableMemoryMapping=true -Xmx1G -Xms100m -Xlog:disable -javaagent:c:\Users\kuber\.vscode\extensions\redhat.java-1.40.0-win32-x64\lombok\lombok-1.18.36.jar -XX:+HeapDumpOnOutOfMemoryError -XX:HeapDumpPath=c:\Users\kuber\AppData\Roaming\Code\User\workspaceStorage\0767b1f2905f8411273a4aa30b8beb70\redhat.java -Daether.dependencyCollector.impl=bf c:\Users\kuber\.vscode\extensions\redhat.java-1.40.0-win32-x64\server\plugins\org.eclipse.equinox.launcher_1.6.1000.v20250131-0606.jar -configuration c:\Users\kuber\AppData\Roaming\Code\User\globalStorage\redhat.java\1.40.0\config_win -data c:\Users\kuber\AppData\Roaming\Code\User\workspaceStorage\0767b1f2905f8411273a4aa30b8beb70\redhat.java\jdt_ws --pipe=\\.\pipe\lsp-36d9cd743a1c693bb6582bdf8019f76c-sock

Host: AMD Ryzen 3 5300U with Radeon Graphics         , 8 cores, 3G,  Windows 11 , 64 bit Build 22621 (10.0.22621.4391)
Time: Wed Mar 12 12:41:26 2025 India Standard Time elapsed time: 52.579109 seconds (0d 0h 0m 52s)

---------------  T H R E A D  ---------------

Current thread (0x000001626bc04a80):  JavaThread "C2 CompilerThread0" daemon [_thread_in_native, id=21644, stack(0x0000004ebe400000,0x0000004ebe500000) (1024K)]


Current CompileTask:
C2:52579 12304       4       org.eclipse.osgi.internal.loader.ModuleClassLoader::toString (80 bytes)

Stack: [0x0000004ebe400000,0x0000004ebe500000]
Native frames: (J=compiled Java code, j=interpreted, Vv=VM code, C=native code)
V  [jvm.dll+0x6cdee9]
V  [jvm.dll+0x8a83d1]
V  [jvm.dll+0x8aa8fe]
V  [jvm.dll+0x8aafe3]
V  [jvm.dll+0x27f706]
V  [jvm.dll+0xc500d]
V  [jvm.dll+0xc5543]
V  [jvm.dll+0x3b6752]
V  [jvm.dll+0x382935]
V  [jvm.dll+0x381d9a]
V  [jvm.dll+0x2479f0]
V  [jvm.dll+0x246fcf]
V  [jvm.dll+0x1c75ee]
V  [jvm.dll+0x25685a]
V  [jvm.dll+0x254dfa]
V  [jvm.dll+0x3f0256]
V  [jvm.dll+0x851f8b]
V  [jvm.dll+0x6cc5ed]
C  [ucrtbase.dll+0x29333]
C  [KERNEL32.DLL+0x1259d]
C  [ntdll.dll+0x5af38]


---------------  P R O C E S S  ---------------

Threads class SMR info:
_java_thread_list=0x0000016272f361b0, length=69, elements={
0x000001625783b890, 0x000001626bbeab90, 0x000001626bbeba30, 0x000001626bbf01c0,
0x000001626bbf0e10, 0x000001626bbf22a0, 0x000001626bbf4d10, 0x000001626bc04a80,
0x000001626bc09550, 0x00000162578a4f30, 0x000001626d8ecd50, 0x00000162724e78c0,
0x0000016272910500, 0x00000162724a7550, 0x00000162728df700, 0x0000016273097150,
0x0000016272f0eb60, 0x000001627308c470, 0x000001627308cb00, 0x000001627308d820,
0x000001627308e540, 0x000001627308b0c0, 0x000001627308b750, 0x000001627308deb0,
0x00000162741d5960, 0x00000162741d17c0, 0x00000162741d7a30, 0x00000162741d8de0,
0x00000162741d45b0, 0x00000162741d3890, 0x00000162741d3f20, 0x00000162741d5ff0,
0x00000162741d4c40, 0x00000162741d80c0, 0x00000162741d73a0, 0x00000162741d2b70,
0x00000162741d3200, 0x00000162741d52d0, 0x00000162741d6680, 0x00000162741d8750,
0x00000162741d24e0, 0x0000016275035270, 0x0000016275035f90, 0x00000162750331a0,
0x0000016275033ec0, 0x0000016275034550, 0x0000016275030a40, 0x0000016275036620,
0x0000016275034be0, 0x0000016275032b10, 0x0000016275035900, 0x0000016275036cb0,
0x0000016275031760, 0x0000016275033830, 0x0000016275038060, 0x00000162750310d0,
0x00000162750379d0, 0x0000016275032480, 0x0000016275031df0, 0x000001627308bde0,
0x00000162741d6d10, 0x00000162741d1e50, 0x00000162746d63d0, 0x00000162746d2f50,
0x00000162746d6a60, 0x00000162746d1510, 0x00000162746d2230, 0x000001627e3d4830,
0x00000162756a98d0
}

Java Threads: ( => current thread )
  0x000001625783b890 JavaThread "main"                              [_thread_blocked, id=19928, stack(0x0000004ebda00000,0x0000004ebdb00000) (1024K)]
  0x000001626bbeab90 JavaThread "Reference Handler"          daemon [_thread_blocked, id=18848, stack(0x0000004ebde00000,0x0000004ebdf00000) (1024K)]
  0x000001626bbeba30 JavaThread "Finalizer"                  daemon [_thread_blocked, id=10888, stack(0x0000004ebdf00000,0x0000004ebe000000) (1024K)]
  0x000001626bbf01c0 JavaThread "Signal Dispatcher"          daemon [_thread_blocked, id=21588, stack(0x0000004ebe000000,0x0000004ebe100000) (1024K)]
  0x000001626bbf0e10 JavaThread "Attach Listener"            daemon [_thread_blocked, id=13492, stack(0x0000004ebe100000,0x0000004ebe200000) (1024K)]
  0x000001626bbf22a0 JavaThread "Service Thread"             daemon [_thread_blocked, id=8188, stack(0x0000004ebe200000,0x0000004ebe300000) (1024K)]
  0x000001626bbf4d10 JavaThread "Monitor Deflation Thread"   daemon [_thread_blocked, id=23712, stack(0x0000004ebe300000,0x0000004ebe400000) (1024K)]
=>0x000001626bc04a80 JavaThread "C2 CompilerThread0"         daemon [_thread_in_native, id=21644, stack(0x0000004ebe400000,0x0000004ebe500000) (1024K)]
  0x000001626bc09550 JavaThread "C1 CompilerThread0"         daemon [_thread_in_vm, id=10704, stack(0x0000004ebe500000,0x0000004ebe600000) (1024K)]
  0x00000162578a4f30 JavaThread "Common-Cleaner"             daemon [_thread_blocked, id=24904, stack(0x0000004ebe600000,0x0000004ebe700000) (1024K)]
  0x000001626d8ecd50 JavaThread "Notification Thread"        daemon [_thread_blocked, id=11928, stack(0x0000004ebe800000,0x0000004ebe900000) (1024K)]
  0x00000162724e78c0 JavaThread "Active Thread: Equinox Container: beb60200-8450-4fea-8f65-e95ed1cfa6f9"        [_thread_blocked, id=15724, stack(0x0000004ebef00000,0x0000004ebf000000) (1024K)]
  0x0000016272910500 JavaThread "Refresh Thread: Equinox Container: beb60200-8450-4fea-8f65-e95ed1cfa6f9" daemon [_thread_blocked, id=14968, stack(0x0000004ebf000000,0x0000004ebf100000) (1024K)]
  0x00000162724a7550 JavaThread "Framework Event Dispatcher: Equinox Container: beb60200-8450-4fea-8f65-e95ed1cfa6f9" daemon [_thread_blocked, id=24064, stack(0x0000004ebf200000,0x0000004ebf300000) (1024K)]
  0x00000162728df700 JavaThread "Start Level: Equinox Container: beb60200-8450-4fea-8f65-e95ed1cfa6f9" daemon [_thread_blocked, id=952, stack(0x0000004ebf300000,0x0000004ebf400000) (1024K)]
  0x0000016273097150 JavaThread "Bundle File Closer"         daemon [_thread_blocked, id=14072, stack(0x0000004ebf400000,0x0000004ebf500000) (1024K)]
  0x0000016272f0eb60 JavaThread "SCR Component Actor"        daemon [_thread_blocked, id=22392, stack(0x0000004ebf500000,0x0000004ebf600000) (1024K)]
  0x000001627308c470 JavaThread "Worker-JM"                         [_thread_blocked, id=18648, stack(0x0000004ebf700000,0x0000004ebf800000) (1024K)]
  0x000001627308cb00 JavaThread "JNA Cleaner"                daemon [_thread_blocked, id=20252, stack(0x0000004ebe700000,0x0000004ebe800000) (1024K)]
  0x000001627308d820 JavaThread "Worker-0"                          [_thread_blocked, id=10544, stack(0x0000004ebf800000,0x0000004ebf900000) (1024K)]
  0x000001627308e540 JavaThread "Worker-1"                          [_thread_blocked, id=23344, stack(0x0000004ebf900000,0x0000004ebfa00000) (1024K)]
  0x000001627308b0c0 JavaThread "Worker-2"                          [_thread_blocked, id=20588, stack(0x0000004ebfa00000,0x0000004ebfb00000) (1024K)]
  0x000001627308b750 JavaThread "Java indexing"              daemon [_thread_blocked, id=7996, stack(0x0000004ebfb00000,0x0000004ebfc00000) (1024K)]
  0x000001627308deb0 JavaThread "Worker-3"                          [_thread_blocked, id=19768, stack(0x0000004ebfc00000,0x0000004ebfd00000) (1024K)]
  0x00000162741d5960 JavaThread "Worker-4"                          [_thread_blocked, id=26280, stack(0x0000004ebff00000,0x0000004ec0000000) (1024K)]
  0x00000162741d17c0 JavaThread "Worker-5"                          [_thread_blocked, id=12500, stack(0x0000004ec0000000,0x0000004ec0100000) (1024K)]
  0x00000162741d7a30 JavaThread "Thread-2"                   daemon [_thread_in_native, id=25116, stack(0x0000004ec0100000,0x0000004ec0200000) (1024K)]
  0x00000162741d8de0 JavaThread "Thread-3"                   daemon [_thread_in_native, id=13068, stack(0x0000004ec0200000,0x0000004ec0300000) (1024K)]
  0x00000162741d45b0 JavaThread "Thread-4"                   daemon [_thread_in_native, id=24880, stack(0x0000004ec0300000,0x0000004ec0400000) (1024K)]
  0x00000162741d3890 JavaThread "Thread-5"                   daemon [_thread_in_native, id=24188, stack(0x0000004ec0400000,0x0000004ec0500000) (1024K)]
  0x00000162741d3f20 JavaThread "Thread-6"                   daemon [_thread_in_native, id=21308, stack(0x0000004ec0500000,0x0000004ec0600000) (1024K)]
  0x00000162741d5ff0 JavaThread "Thread-7"                   daemon [_thread_in_native, id=13752, stack(0x0000004ec0600000,0x0000004ec0700000) (1024K)]
  0x00000162741d4c40 JavaThread "Thread-8"                   daemon [_thread_in_native, id=16084, stack(0x0000004ec0700000,0x0000004ec0800000) (1024K)]
  0x00000162741d80c0 JavaThread "Thread-9"                   daemon [_thread_in_native, id=17820, stack(0x0000004ec0800000,0x0000004ec0900000) (1024K)]
  0x00000162741d73a0 JavaThread "Thread-10"                  daemon [_thread_in_native, id=24144, stack(0x0000004ec0900000,0x0000004ec0a00000) (1024K)]
  0x00000162741d2b70 JavaThread "pool-2-thread-1"                   [_thread_blocked, id=18428, stack(0x0000004ec0a00000,0x0000004ec0b00000) (1024K)]
  0x00000162741d3200 JavaThread "WorkspaceEventsHandler"            [_thread_blocked, id=22112, stack(0x0000004ec0b00000,0x0000004ec0c00000) (1024K)]
  0x00000162741d52d0 JavaThread "pool-1-thread-1"                   [_thread_blocked, id=7504, stack(0x0000004ec0c00000,0x0000004ec0d00000) (1024K)]
  0x00000162741d6680 JavaThread "Worker-6"                          [_thread_blocked, id=3648, stack(0x0000004ec0d00000,0x0000004ec0e00000) (1024K)]
  0x00000162741d8750 JavaThread "LocalFile Deleter"          daemon [_thread_blocked, id=18780, stack(0x0000004ec0e00000,0x0000004ec0f00000) (1024K)]
  0x00000162741d24e0 JavaThread "LocalFile Deleter"          daemon [_thread_blocked, id=14532, stack(0x0000004ec0f00000,0x0000004ec1000000) (1024K)]
  0x0000016275035270 JavaThread "LocalFile Deleter"          daemon [_thread_blocked, id=3208, stack(0x0000004ec1000000,0x0000004ec1100000) (1024K)]
  0x0000016275035f90 JavaThread "LocalFile Deleter"          daemon [_thread_blocked, id=4956, stack(0x0000004ec1100000,0x0000004ec1200000) (1024K)]
  0x00000162750331a0 JavaThread "LocalFile Deleter"          daemon [_thread_blocked, id=21304, stack(0x0000004ec1200000,0x0000004ec1300000) (1024K)]
  0x0000016275033ec0 JavaThread "LocalFile Deleter"          daemon [_thread_blocked, id=18324, stack(0x0000004ec1300000,0x0000004ec1400000) (1024K)]
  0x0000016275034550 JavaThread "LocalFile Deleter"          daemon [_thread_blocked, id=13740, stack(0x0000004ec1400000,0x0000004ec1500000) (1024K)]
  0x0000016275030a40 JavaThread "LocalFile Deleter"          daemon [_thread_blocked, id=22036, stack(0x0000004ec1500000,0x0000004ec1600000) (1024K)]
  0x0000016275036620 JavaThread "Compiler Source File Reader" daemon [_thread_blocked, id=1040, stack(0x0000004ec1600000,0x0000004ec1700000) (1024K)]
  0x0000016275034be0 JavaThread "Compiler Source File Reader" daemon [_thread_blocked, id=19636, stack(0x0000004ec1700000,0x0000004ec1800000) (1024K)]
  0x0000016275032b10 JavaThread "Compiler Source File Reader" daemon [_thread_blocked, id=23448, stack(0x0000004ec1800000,0x0000004ec1900000) (1024K)]
  0x0000016275035900 JavaThread "Compiler Source File Reader" daemon [_thread_blocked, id=18776, stack(0x0000004ec1900000,0x0000004ec1a00000) (1024K)]
  0x0000016275036cb0 JavaThread "Compiler Source File Reader" daemon [_thread_blocked, id=4128, stack(0x0000004ec1a00000,0x0000004ec1b00000) (1024K)]
  0x0000016275031760 JavaThread "Compiler Source File Reader" daemon [_thread_blocked, id=12300, stack(0x0000004ec1b00000,0x0000004ec1c00000) (1024K)]
  0x0000016275033830 JavaThread "Compiler Processing Task"   daemon [_thread_blocked, id=12792, stack(0x0000004ebf600000,0x0000004ebf700000) (1024K)]
  0x0000016275038060 JavaThread "Compiler Class File Writer" daemon [_thread_blocked, id=19784, stack(0x0000004ec1c00000,0x0000004ec1d00000) (1024K)]
  0x00000162750310d0 JavaThread "Compiler Class File Writer" daemon [_thread_blocked, id=14772, stack(0x0000004ec1d00000,0x0000004ec1e00000) (1024K)]
  0x00000162750379d0 JavaThread "Compiler Class File Writer" daemon [_thread_blocked, id=11972, stack(0x0000004ec1e00000,0x0000004ec1f00000) (1024K)]
  0x0000016275032480 JavaThread "Compiler Class File Writer" daemon [_thread_blocked, id=6608, stack(0x0000004ec1f00000,0x0000004ec2000000) (1024K)]
  0x0000016275031df0 JavaThread "Compiler Class File Writer" daemon [_thread_blocked, id=336, stack(0x0000004ec2000000,0x0000004ec2100000) (1024K)]
  0x000001627308bde0 JavaThread "Compiler Class File Writer" daemon [_thread_blocked, id=23880, stack(0x0000004ec2100000,0x0000004ec2200000) (1024K)]
  0x00000162741d6d10 JavaThread "ForkJoinPool.commonPool-worker-1" daemon [_thread_blocked, id=19528, stack(0x0000004ec2200000,0x0000004ec2300000) (1024K)]
  0x00000162741d1e50 JavaThread "ForkJoinPool.commonPool-worker-2" daemon [_thread_blocked, id=25740, stack(0x0000004ec2300000,0x0000004ec2400000) (1024K)]
  0x00000162746d63d0 JavaThread "ForkJoinPool.commonPool-worker-3" daemon [_thread_in_Java, id=4324, stack(0x0000004ec2400000,0x0000004ec2500000) (1024K)]
  0x00000162746d2f50 JavaThread "ForkJoinPool.commonPool-worker-4" daemon [_thread_blocked, id=9596, stack(0x0000004ec2500000,0x0000004ec2600000) (1024K)]
  0x00000162746d6a60 JavaThread "ForkJoinPool.commonPool-worker-5" daemon [_thread_blocked, id=26536, stack(0x0000004ec2600000,0x0000004ec2700000) (1024K)]
  0x00000162746d1510 JavaThread "ForkJoinPool.commonPool-worker-6" daemon [_thread_blocked, id=23992, stack(0x0000004ec2700000,0x0000004ec2800000) (1024K)]
  0x00000162746d2230 JavaThread "ForkJoinPool.commonPool-worker-7" daemon [_thread_blocked, id=9580, stack(0x0000004ec2800000,0x0000004ec2900000) (1024K)]
  0x000001627e3d4830 JavaThread "C2 CompilerThread1"         daemon [_thread_in_native, id=22768, stack(0x0000004ec2900000,0x0000004ec2a00000) (1024K)]
  0x00000162756a98d0 JavaThread "C2 CompilerThread2"         daemon [_thread_in_native, id=7100, stack(0x0000004ec2a00000,0x0000004ec2b00000) (1024K)]
Total: 69

Other Threads:
  0x000001626bbd2860 VMThread "VM Thread"                           [id=19824, stack(0x0000004ebdd00000,0x0000004ebde00000) (1024K)]
  0x000001626bb0ca00 WatcherThread "VM Periodic Task Thread"        [id=25092, stack(0x0000004ebdc00000,0x0000004ebdd00000) (1024K)]
  0x0000016257859c90 WorkerThread "GC Thread#0"                     [id=24840, stack(0x0000004ebdb00000,0x0000004ebdc00000) (1024K)]
  0x00000162725e6380 WorkerThread "GC Thread#1"                     [id=16732, stack(0x0000004ebe900000,0x0000004ebea00000) (1024K)]
  0x00000162726a2500 WorkerThread "GC Thread#2"                     [id=9588, stack(0x0000004ebea00000,0x0000004ebeb00000) (1024K)]
  0x00000162726a28a0 WorkerThread "GC Thread#3"                     [id=23724, stack(0x0000004ebeb00000,0x0000004ebec00000) (1024K)]
  0x00000162726a2c40 WorkerThread "GC Thread#4"                     [id=1860, stack(0x0000004ebec00000,0x0000004ebed00000) (1024K)]
  0x00000162726a2fe0 WorkerThread "GC Thread#5"                     [id=7200, stack(0x0000004ebed00000,0x0000004ebee00000) (1024K)]
  0x00000162726a3380 WorkerThread "GC Thread#6"                     [id=7892, stack(0x0000004ebee00000,0x0000004ebef00000) (1024K)]
  0x00000162727a7790 WorkerThread "GC Thread#7"                     [id=22324, stack(0x0000004ebf100000,0x0000004ebf200000) (1024K)]
Total: 10

Threads with active compile tasks:
C2 CompilerThread0  52651 12304       4       org.eclipse.osgi.internal.loader.ModuleClassLoader::toString (80 bytes)
C1 CompilerThread0  52652 13394       3       org.eclipse.jdt.internal.compiler.util.HashtableOfModule::put (113 bytes)
C2 CompilerThread1  52652 12360       4       java.net.URI::<init> (13 bytes)
C2 CompilerThread2  52652 12568       4       org.eclipse.jdt.internal.compiler.parser.Parser::consumeRule (7755 bytes)
Total: 4

VM state: not at safepoint (normal execution)

VM Mutex/Monitor currently owned by a thread: None

Heap address: 0x00000000c0000000, size: 1024 MB, Compressed Oops mode: 32-bit

CDS archive(s) mapped at: [0x0000016200000000-0x0000016200ba0000-0x0000016200ba0000), size 12189696, SharedBaseAddress: 0x0000016200000000, ArchiveRelocationMode: 1.
Compressed class space mapped at: 0x0000016201000000-0x0000016241000000, reserved size: 1073741824
Narrow klass base: 0x0000016200000000, Narrow klass shift: 0, Narrow klass range: 0x100000000

GC Precious Log:
 CardTable entry size: 512
 CPUs: 8 total, 8 available
 Memory: 3429M
 Large Page Support: Disabled
 NUMA Support: Disabled
 Compressed Oops: Enabled (32-bit)
 Alignments: Space 512K, Generation 512K, Heap 2M
 Heap Min Capacity: 100M
 Heap Initial Capacity: 100M
 Heap Max Capacity: 1G
 Pre-touch: Disabled
 Parallel Workers: 8

Heap:
 PSYoungGen      total 46592K, used 42854K [0x00000000eab00000, 0x00000000ee300000, 0x0000000100000000)
  eden space 43008K, 91% used [0x00000000eab00000,0x00000000ed15e1f0,0x00000000ed500000)
  from space 3584K, 99% used [0x00000000ede80000,0x00000000ee1fb618,0x00000000ee200000)
  to   space 1024K, 0% used [0x00000000ee200000,0x00000000ee200000,0x00000000ee300000)
 ParOldGen       total 354816K, used 346762K [0x00000000c0000000, 0x00000000d5a80000, 0x00000000eab00000)
  object space 354816K, 97% used [0x00000000c0000000,0x00000000d52a2a40,0x00000000d5a80000)
 Metaspace       used 65039K, committed 66624K, reserved 1114112K
  class space    used 6727K, committed 7424K, reserved 1048576K

Card table byte_map: [0x00000162571e0000,0x00000162573f0000] _byte_map_base: 0x0000016256be0000

Marking Bits: (ParMarkBitMap*) 0x00007fff76f13260
 Begin Bits: [0x0000016269a30000, 0x000001626aa30000)
 End Bits:   [0x000001626aa30000, 0x000001626ba30000)

Polling page: 0x0000016255690000

Metaspace:

Usage:
  Non-class:     56.95 MB used.
      Class:      6.57 MB used.
       Both:     63.51 MB used.

Virtual space:
  Non-class space:       64.00 MB reserved,      57.81 MB ( 90%) committed,  1 nodes.
      Class space:        1.00 GB reserved,       7.25 MB ( <1%) committed,  1 nodes.
             Both:        1.06 GB reserved,      65.06 MB (  6%) committed. 

Chunk freelists:
   Non-Class:  5.80 MB
       Class:  8.74 MB
        Both:  14.54 MB

MaxMetaspaceSize: unlimited
CompressedClassSpaceSize: 1.00 GB
Initial GC threshold: 21.00 MB
Current GC threshold: 104.31 MB
CDS: on
 - commit_granule_bytes: 65536.
 - commit_granule_words: 8192.
 - virtual_space_node_default_size: 8388608.
 - enlarge_chunks_in_place: 1.
 - use_allocation_guard: 0.


Internal statistics:

num_allocs_failed_limit: 9.
num_arena_births: 1312.
num_arena_deaths: 22.
num_vsnodes_births: 2.
num_vsnodes_deaths: 0.
num_space_committed: 1041.
num_space_uncommitted: 0.
num_chunks_returned_to_freelist: 35.
num_chunks_taken_from_freelist: 4517.
num_chunk_merges: 16.
num_chunk_splits: 2703.
num_chunks_enlarged: 1404.
num_inconsistent_stats: 0.

CodeHeap 'non-profiled nmethods': size=120000Kb used=6205Kb max_used=6205Kb free=113794Kb
 bounds [0x0000016262500000, 0x0000016262b10000, 0x0000016269a30000]
CodeHeap 'profiled nmethods': size=120000Kb used=22766Kb max_used=22766Kb free=97233Kb
 bounds [0x000001625aa30000, 0x000001625c070000, 0x0000016261f60000]
CodeHeap 'non-nmethods': size=5760Kb used=1449Kb max_used=1507Kb free=4310Kb
 bounds [0x0000016261f60000, 0x00000162621d0000, 0x0000016262500000]
 total_blobs=11924 nmethods=11155 adapters=674
 compilation: enabled
              stopped_count=0, restarted_count=0
 full_count=0

Compilation events (20 events):
Event: 52.505 Thread 0x000001626bc09550 13375       3       java.util.stream.AbstractPipeline::sourceStageSpliterator (112 bytes)
Event: 52.506 Thread 0x000001626bc09550 nmethod 13375 0x000001625c063710 code [0x000001625c063920, 0x000001625c063fd8]
Event: 52.512 Thread 0x000001626bc09550 13376       3       org.eclipse.jdt.internal.core.JavaModelCache::putInfo (218 bytes)
Event: 52.514 Thread 0x000001626bc09550 nmethod 13376 0x000001625c064210 code [0x000001625c0645a0, 0x000001625c0660f8]
Event: 52.521 Thread 0x000001626bc09550 13378       2       org.eclipse.jdt.internal.core.ExternalFoldersManager::isInternalPathForExternalFolder (13 bytes)
Event: 52.521 Thread 0x000001626bc09550 nmethod 13378 0x000001625c066690 code [0x000001625c066840, 0x000001625c0669d8]
Event: 52.528 Thread 0x000001626bc09550 13380       3       org.eclipse.jdt.internal.core.SearchableEnvironment$$Lambda/0x0000016201733c18::apply (14 bytes)
Event: 52.528 Thread 0x000001626bc09550 nmethod 13380 0x000001625c066b10 code [0x000001625c066cc0, 0x000001625c066fa8]
Event: 52.528 Thread 0x000001626bc09550 13381       3       org.eclipse.jdt.internal.compiler.lookup.ModuleBinding::otherRelevantModules (73 bytes)
Event: 52.530 Thread 0x000001626bc09550 nmethod 13381 0x000001625c067090 code [0x000001625c067400, 0x000001625c068a60]
Event: 52.544 Thread 0x000001626bc09550 13383       3       jdk.internal.jrtfs.JrtPath::toUri (85 bytes)
Event: 52.546 Thread 0x000001626bc09550 nmethod 13383 0x000001625c069190 code [0x000001625c0694a0, 0x000001625c06a1c8]
Event: 52.560 Thread 0x000001626bc09550 13386       3       org.eclipse.jdt.internal.compiler.env.IModuleAwareNameEnvironment::getUniqueModulesDeclaringPackage (85 bytes)
Event: 52.561 Thread 0x000001626bc09550 nmethod 13386 0x000001625c06a790 code [0x000001625c06a980, 0x000001625c06ae40]
Event: 52.563 Thread 0x000001626bc09550 13387       2       org.eclipse.jdt.internal.compiler.lookup.BinaryTypeBinding$1::createResultArray (6 bytes)
Event: 52.563 Thread 0x000001626bc09550 nmethod 13387 0x000001625c06b010 code [0x000001625c06b1a0, 0x000001625c06b338]
Event: 52.563 Thread 0x000001626bc09550 13388       2       org.eclipse.jdt.internal.compiler.lookup.BinaryTypeBinding$1::createResultArray (5 bytes)
Event: 52.564 Thread 0x000001626bc09550 nmethod 13388 0x000001625c06b410 code [0x000001625c06b5a0, 0x000001625c06b738]
Event: 52.564 Thread 0x000001626bc09550 13389       2       org.eclipse.jdt.internal.compiler.lookup.BinaryTypeBinding$1::set (10 bytes)
Event: 52.564 Thread 0x000001626bc09550 nmethod 13389 0x000001625c06b810 code [0x000001625c06b9a0, 0x000001625c06bb08]

GC Heap History (20 events):
Event: 48.590 GC heap before
{Heap before GC invocations=551 (full 5):
 PSYoungGen      total 65024K, used 65021K [0x00000000eab00000, 0x00000000f1300000, 0x0000000100000000)
  eden space 51200K, 100% used [0x00000000eab00000,0x00000000edd00000,0x00000000edd00000)
  from space 13824K, 99% used [0x00000000ede00000,0x00000000eeb7f7d8,0x00000000eeb80000)
  to   space 27648K, 0% used [0x00000000ef800000,0x00000000ef800000,0x00000000f1300000)
 ParOldGen       total 354816K, used 319399K [0x00000000c0000000, 0x00000000d5a80000, 0x00000000eab00000)
  object space 354816K, 90% used [0x00000000c0000000,0x00000000d37e9e60,0x00000000d5a80000)
 Metaspace       used 63046K, committed 64576K, reserved 1114112K
  class space    used 6533K, committed 7168K, reserved 1048576K
}
Event: 48.615 GC heap after
{Heap after GC invocations=551 (full 5):
 PSYoungGen      total 71680K, used 21274K [0x00000000eab00000, 0x00000000f0d00000, 0x0000000100000000)
  eden space 50176K, 0% used [0x00000000eab00000,0x00000000eab00000,0x00000000edc00000)
  from space 21504K, 98% used [0x00000000ef800000,0x00000000f0cc6a98,0x00000000f0d00000)
  to   space 22528K, 0% used [0x00000000ee100000,0x00000000ee100000,0x00000000ef700000)
 ParOldGen       total 354816K, used 319399K [0x00000000c0000000, 0x00000000d5a80000, 0x00000000eab00000)
  object space 354816K, 90% used [0x00000000c0000000,0x00000000d37e9e60,0x00000000d5a80000)
 Metaspace       used 63046K, committed 64576K, reserved 1114112K
  class space    used 6533K, committed 7168K, reserved 1048576K
}
Event: 49.038 GC heap before
{Heap before GC invocations=552 (full 5):
 PSYoungGen      total 71680K, used 71450K [0x00000000eab00000, 0x00000000f0d00000, 0x0000000100000000)
  eden space 50176K, 100% used [0x00000000eab00000,0x00000000edc00000,0x00000000edc00000)
  from space 21504K, 98% used [0x00000000ef800000,0x00000000f0cc6a98,0x00000000f0d00000)
  to   space 22528K, 0% used [0x00000000ee100000,0x00000000ee100000,0x00000000ef700000)
 ParOldGen       total 354816K, used 319399K [0x00000000c0000000, 0x00000000d5a80000, 0x00000000eab00000)
  object space 354816K, 90% used [0x00000000c0000000,0x00000000d37e9e60,0x00000000d5a80000)
 Metaspace       used 63388K, committed 64960K, reserved 1114112K
  class space    used 6564K, committed 7232K, reserved 1048576K
}
Event: 49.092 GC heap after
{Heap after GC invocations=552 (full 5):
 PSYoungGen      total 71680K, used 22522K [0x00000000eab00000, 0x00000000f0a00000, 0x0000000100000000)
  eden space 49152K, 0% used [0x00000000eab00000,0x00000000eab00000,0x00000000edb00000)
  from space 22528K, 99% used [0x00000000ee100000,0x00000000ef6fe9a8,0x00000000ef700000)
  to   space 19456K, 0% used [0x00000000ef700000,0x00000000ef700000,0x00000000f0a00000)
 ParOldGen       total 354816K, used 320335K [0x00000000c0000000, 0x00000000d5a80000, 0x00000000eab00000)
  object space 354816K, 90% used [0x00000000c0000000,0x00000000d38d3e60,0x00000000d5a80000)
 Metaspace       used 63388K, committed 64960K, reserved 1114112K
  class space    used 6564K, committed 7232K, reserved 1048576K
}
Event: 49.314 GC heap before
{Heap before GC invocations=553 (full 5):
 PSYoungGen      total 71680K, used 71674K [0x00000000eab00000, 0x00000000f0a00000, 0x0000000100000000)
  eden space 49152K, 100% used [0x00000000eab00000,0x00000000edb00000,0x00000000edb00000)
  from space 22528K, 99% used [0x00000000ee100000,0x00000000ef6fe9a8,0x00000000ef700000)
  to   space 19456K, 0% used [0x00000000ef700000,0x00000000ef700000,0x00000000f0a00000)
 ParOldGen       total 354816K, used 320335K [0x00000000c0000000, 0x00000000d5a80000, 0x00000000eab00000)
  object space 354816K, 90% used [0x00000000c0000000,0x00000000d38d3e60,0x00000000d5a80000)
 Metaspace       used 63391K, committed 64960K, reserved 1114112K
  class space    used 6564K, committed 7232K, reserved 1048576K
}
Event: 49.338 GC heap after
{Heap after GC invocations=553 (full 5):
 PSYoungGen      total 67584K, used 19440K [0x00000000eab00000, 0x00000000f0d00000, 0x0000000100000000)
  eden space 48128K, 0% used [0x00000000eab00000,0x00000000eab00000,0x00000000eda00000)
  from space 19456K, 99% used [0x00000000ef700000,0x00000000f09fc2c0,0x00000000f0a00000)
  to   space 26112K, 0% used [0x00000000eda00000,0x00000000eda00000,0x00000000ef380000)
 ParOldGen       total 354816K, used 326268K [0x00000000c0000000, 0x00000000d5a80000, 0x00000000eab00000)
  object space 354816K, 91% used [0x00000000c0000000,0x00000000d3e9f068,0x00000000d5a80000)
 Metaspace       used 63391K, committed 64960K, reserved 1114112K
  class space    used 6564K, committed 7232K, reserved 1048576K
}
Event: 49.585 GC heap before
{Heap before GC invocations=554 (full 5):
 PSYoungGen      total 67584K, used 67568K [0x00000000eab00000, 0x00000000f0d00000, 0x0000000100000000)
  eden space 48128K, 100% used [0x00000000eab00000,0x00000000eda00000,0x00000000eda00000)
  from space 19456K, 99% used [0x00000000ef700000,0x00000000f09fc2c0,0x00000000f0a00000)
  to   space 26112K, 0% used [0x00000000eda00000,0x00000000eda00000,0x00000000ef380000)
 ParOldGen       total 354816K, used 326268K [0x00000000c0000000, 0x00000000d5a80000, 0x00000000eab00000)
  object space 354816K, 91% used [0x00000000c0000000,0x00000000d3e9f068,0x00000000d5a80000)
 Metaspace       used 63397K, committed 64960K, reserved 1114112K
  class space    used 6564K, committed 7232K, reserved 1048576K
}
Event: 49.633 GC heap after
{Heap after GC invocations=554 (full 5):
 PSYoungGen      total 54784K, used 7557K [0x00000000eab00000, 0x00000000ef780000, 0x0000000100000000)
  eden space 47104K, 0% used [0x00000000eab00000,0x00000000eab00000,0x00000000ed900000)
  from space 7680K, 98% used [0x00000000eda00000,0x00000000ee161508,0x00000000ee180000)
  to   space 14336K, 0% used [0x00000000ee980000,0x00000000ee980000,0x00000000ef780000)
 ParOldGen       total 354816K, used 340514K [0x00000000c0000000, 0x00000000d5a80000, 0x00000000eab00000)
  object space 354816K, 95% used [0x00000000c0000000,0x00000000d4c889d0,0x00000000d5a80000)
 Metaspace       used 63397K, committed 64960K, reserved 1114112K
  class space    used 6564K, committed 7232K, reserved 1048576K
}
Event: 50.540 GC heap before
{Heap before GC invocations=555 (full 5):
 PSYoungGen      total 54784K, used 54521K [0x00000000eab00000, 0x00000000ef780000, 0x0000000100000000)
  eden space 47104K, 99% used [0x00000000eab00000,0x00000000ed8dd130,0x00000000ed900000)
  from space 7680K, 98% used [0x00000000eda00000,0x00000000ee161508,0x00000000ee180000)
  to   space 14336K, 0% used [0x00000000ee980000,0x00000000ee980000,0x00000000ef780000)
 ParOldGen       total 354816K, used 340514K [0x00000000c0000000, 0x00000000d5a80000, 0x00000000eab00000)
  object space 354816K, 95% used [0x00000000c0000000,0x00000000d4c889d0,0x00000000d5a80000)
 Metaspace       used 64190K, committed 65728K, reserved 1114112K
  class space    used 6681K, committed 7360K, reserved 1048576K
}
Event: 50.554 GC heap after
{Heap after GC invocations=555 (full 5):
 PSYoungGen      total 51200K, used 4961K [0x00000000eab00000, 0x00000000eee80000, 0x0000000100000000)
  eden space 46080K, 0% used [0x00000000eab00000,0x00000000eab00000,0x00000000ed800000)
  from space 5120K, 96% used [0x00000000ee980000,0x00000000eee58400,0x00000000eee80000)
  to   space 7168K, 0% used [0x00000000ee080000,0x00000000ee080000,0x00000000ee780000)
 ParOldGen       total 354816K, used 341318K [0x00000000c0000000, 0x00000000d5a80000, 0x00000000eab00000)
  object space 354816K, 96% used [0x00000000c0000000,0x00000000d4d51bd0,0x00000000d5a80000)
 Metaspace       used 64190K, committed 65728K, reserved 1114112K
  class space    used 6681K, committed 7360K, reserved 1048576K
}
Event: 50.945 GC heap before
{Heap before GC invocations=556 (full 5):
 PSYoungGen      total 51200K, used 51041K [0x00000000eab00000, 0x00000000eee80000, 0x0000000100000000)
  eden space 46080K, 100% used [0x00000000eab00000,0x00000000ed800000,0x00000000ed800000)
  from space 5120K, 96% used [0x00000000ee980000,0x00000000eee58400,0x00000000eee80000)
  to   space 7168K, 0% used [0x00000000ee080000,0x00000000ee080000,0x00000000ee780000)
 ParOldGen       total 354816K, used 341318K [0x00000000c0000000, 0x00000000d5a80000, 0x00000000eab00000)
  object space 354816K, 96% used [0x00000000c0000000,0x00000000d4d51bd0,0x00000000d5a80000)
 Metaspace       used 64379K, committed 65920K, reserved 1114112K
  class space    used 6688K, committed 7360K, reserved 1048576K
}
Event: 50.956 GC heap after
{Heap after GC invocations=556 (full 5):
 PSYoungGen      total 51200K, used 5905K [0x00000000eab00000, 0x00000000eea00000, 0x0000000100000000)
  eden space 45056K, 0% used [0x00000000eab00000,0x00000000eab00000,0x00000000ed700000)
  from space 6144K, 96% used [0x00000000ee080000,0x00000000ee644410,0x00000000ee680000)
  to   space 3584K, 0% used [0x00000000ee680000,0x00000000ee680000,0x00000000eea00000)
 ParOldGen       total 354816K, used 341318K [0x00000000c0000000, 0x00000000d5a80000, 0x00000000eab00000)
  object space 354816K, 96% used [0x00000000c0000000,0x00000000d4d51bd0,0x00000000d5a80000)
 Metaspace       used 64379K, committed 65920K, reserved 1114112K
  class space    used 6688K, committed 7360K, reserved 1048576K
}
Event: 51.246 GC heap before
{Heap before GC invocations=557 (full 5):
 PSYoungGen      total 51200K, used 50961K [0x00000000eab00000, 0x00000000eea00000, 0x0000000100000000)
  eden space 45056K, 100% used [0x00000000eab00000,0x00000000ed700000,0x00000000ed700000)
  from space 6144K, 96% used [0x00000000ee080000,0x00000000ee644410,0x00000000ee680000)
  to   space 3584K, 0% used [0x00000000ee680000,0x00000000ee680000,0x00000000eea00000)
 ParOldGen       total 354816K, used 341318K [0x00000000c0000000, 0x00000000d5a80000, 0x00000000eab00000)
  object space 354816K, 96% used [0x00000000c0000000,0x00000000d4d51bd0,0x00000000d5a80000)
 Metaspace       used 64557K, committed 66112K, reserved 1114112K
  class space    used 6690K, committed 7360K, reserved 1048576K
}
Event: 51.254 GC heap after
{Heap after GC invocations=557 (full 5):
 PSYoungGen      total 48128K, used 3581K [0x00000000eab00000, 0x00000000eea00000, 0x0000000100000000)
  eden space 44544K, 0% used [0x00000000eab00000,0x00000000eab00000,0x00000000ed680000)
  from space 3584K, 99% used [0x00000000ee680000,0x00000000ee9ff5a8,0x00000000eea00000)
  to   space 6144K, 0% used [0x00000000ede00000,0x00000000ede00000,0x00000000ee400000)
 ParOldGen       total 354816K, used 343630K [0x00000000c0000000, 0x00000000d5a80000, 0x00000000eab00000)
  object space 354816K, 96% used [0x00000000c0000000,0x00000000d4f93bd0,0x00000000d5a80000)
 Metaspace       used 64557K, committed 66112K, reserved 1114112K
  class space    used 6690K, committed 7360K, reserved 1048576K
}
Event: 51.729 GC heap before
{Heap before GC invocations=558 (full 5):
 PSYoungGen      total 48128K, used 48125K [0x00000000eab00000, 0x00000000eea00000, 0x0000000100000000)
  eden space 44544K, 100% used [0x00000000eab00000,0x00000000ed680000,0x00000000ed680000)
  from space 3584K, 99% used [0x00000000ee680000,0x00000000ee9ff5a8,0x00000000eea00000)
  to   space 6144K, 0% used [0x00000000ede00000,0x00000000ede00000,0x00000000ee400000)
 ParOldGen       total 354816K, used 343630K [0x00000000c0000000, 0x00000000d5a80000, 0x00000000eab00000)
  object space 354816K, 96% used [0x00000000c0000000,0x00000000d4f93bd0,0x00000000d5a80000)
 Metaspace       used 64893K, committed 66368K, reserved 1114112K
  class space    used 6718K, committed 7360K, reserved 1048576K
}
Event: 51.742 GC heap after
{Heap after GC invocations=558 (full 5):
 PSYoungGen      total 47616K, used 3148K [0x00000000eab00000, 0x00000000ee700000, 0x0000000100000000)
  eden space 44032K, 0% used [0x00000000eab00000,0x00000000eab00000,0x00000000ed600000)
  from space 3584K, 87% used [0x00000000ede00000,0x00000000ee1131a8,0x00000000ee180000)
  to   space 4608K, 0% used [0x00000000ee280000,0x00000000ee280000,0x00000000ee700000)
 ParOldGen       total 354816K, used 345558K [0x00000000c0000000, 0x00000000d5a80000, 0x00000000eab00000)
  object space 354816K, 97% used [0x00000000c0000000,0x00000000d5175880,0x00000000d5a80000)
 Metaspace       used 64893K, committed 66368K, reserved 1114112K
  class space    used 6718K, committed 7360K, reserved 1048576K
}
Event: 51.950 GC heap before
{Heap before GC invocations=559 (full 5):
 PSYoungGen      total 47616K, used 47180K [0x00000000eab00000, 0x00000000ee700000, 0x0000000100000000)
  eden space 44032K, 100% used [0x00000000eab00000,0x00000000ed600000,0x00000000ed600000)
  from space 3584K, 87% used [0x00000000ede00000,0x00000000ee1131a8,0x00000000ee180000)
  to   space 4608K, 0% used [0x00000000ee280000,0x00000000ee280000,0x00000000ee700000)
 ParOldGen       total 354816K, used 345558K [0x00000000c0000000, 0x00000000d5a80000, 0x00000000eab00000)
  object space 354816K, 97% used [0x00000000c0000000,0x00000000d5175880,0x00000000d5a80000)
 Metaspace       used 64936K, committed 66432K, reserved 1114112K
  class space    used 6719K, committed 7360K, reserved 1048576K
}
Event: 51.957 GC heap after
{Heap after GC invocations=559 (full 5):
 PSYoungGen      total 46592K, used 3004K [0x00000000eab00000, 0x00000000ee580000, 0x0000000100000000)
  eden space 43520K, 0% used [0x00000000eab00000,0x00000000eab00000,0x00000000ed580000)
  from space 3072K, 97% used [0x00000000ee280000,0x00000000ee56f198,0x00000000ee580000)
  to   space 3584K, 0% used [0x00000000ede80000,0x00000000ede80000,0x00000000ee200000)
 ParOldGen       total 354816K, used 345558K [0x00000000c0000000, 0x00000000d5a80000, 0x00000000eab00000)
  object space 354816K, 97% used [0x00000000c0000000,0x00000000d5175880,0x00000000d5a80000)
 Metaspace       used 64936K, committed 66432K, reserved 1114112K
  class space    used 6719K, committed 7360K, reserved 1048576K
}
Event: 52.225 GC heap before
{Heap before GC invocations=560 (full 5):
 PSYoungGen      total 46592K, used 46210K [0x00000000eab00000, 0x00000000ee580000, 0x0000000100000000)
  eden space 43520K, 99% used [0x00000000eab00000,0x00000000ed531710,0x00000000ed580000)
  from space 3072K, 97% used [0x00000000ee280000,0x00000000ee56f198,0x00000000ee580000)
  to   space 3584K, 0% used [0x00000000ede80000,0x00000000ede80000,0x00000000ee200000)
 ParOldGen       total 354816K, used 345558K [0x00000000c0000000, 0x00000000d5a80000, 0x00000000eab00000)
  object space 354816K, 97% used [0x00000000c0000000,0x00000000d5175880,0x00000000d5a80000)
 Metaspace       used 64964K, committed 66496K, reserved 1114112K
  class space    used 6719K, committed 7360K, reserved 1048576K
}
Event: 52.234 GC heap after
{Heap after GC invocations=560 (full 5):
 PSYoungGen      total 46592K, used 3565K [0x00000000eab00000, 0x00000000ee300000, 0x0000000100000000)
  eden space 43008K, 0% used [0x00000000eab00000,0x00000000eab00000,0x00000000ed500000)
  from space 3584K, 99% used [0x00000000ede80000,0x00000000ee1fb618,0x00000000ee200000)
  to   space 1024K, 0% used [0x00000000ee200000,0x00000000ee200000,0x00000000ee300000)
 ParOldGen       total 354816K, used 346762K [0x00000000c0000000, 0x00000000d5a80000, 0x00000000eab00000)
  object space 354816K, 97% used [0x00000000c0000000,0x00000000d52a2a40,0x00000000d5a80000)
 Metaspace       used 64964K, committed 66496K, reserved 1114112K
  class space    used 6719K, committed 7360K, reserved 1048576K
}

Dll operation events (10 events):
Event: 0.017 Loaded shared library c:\Users\kuber\.vscode\extensions\redhat.java-1.40.0-win32-x64\jre\21.0.6-win32-x86_64\bin\java.dll
Event: 0.093 Loaded shared library c:\Users\kuber\.vscode\extensions\redhat.java-1.40.0-win32-x64\jre\21.0.6-win32-x86_64\bin\zip.dll
Event: 0.114 Loaded shared library C:\Users\kuber\.vscode\extensions\redhat.java-1.40.0-win32-x64\jre\21.0.6-win32-x86_64\bin\instrument.dll
Event: 0.119 Loaded shared library C:\Users\kuber\.vscode\extensions\redhat.java-1.40.0-win32-x64\jre\21.0.6-win32-x86_64\bin\net.dll
Event: 0.122 Loaded shared library C:\Users\kuber\.vscode\extensions\redhat.java-1.40.0-win32-x64\jre\21.0.6-win32-x86_64\bin\nio.dll
Event: 0.125 Loaded shared library C:\Users\kuber\.vscode\extensions\redhat.java-1.40.0-win32-x64\jre\21.0.6-win32-x86_64\bin\zip.dll
Event: 0.143 Loaded shared library C:\Users\kuber\.vscode\extensions\redhat.java-1.40.0-win32-x64\jre\21.0.6-win32-x86_64\bin\jimage.dll
Event: 0.212 Loaded shared library c:\Users\kuber\.vscode\extensions\redhat.java-1.40.0-win32-x64\jre\21.0.6-win32-x86_64\bin\verify.dll
Event: 1.410 Loaded shared library C:\Users\kuber\AppData\Roaming\Code\User\globalStorage\redhat.java\1.40.0\config_win\org.eclipse.equinox.launcher\org.eclipse.equinox.launcher.win32.win32.x86_64_1.2.1200.v20250212-0927\eclipse_11909.dll
Event: 4.319 Loaded shared library C:\Users\kuber\AppData\Local\Temp\jna-102399717\jna1861998878010128159.dll

Deoptimization events (20 events):
Event: 52.477 Thread 0x00000162746d63d0 DEOPT PACKING pc=0x000001625b8d0379 sp=0x0000004ec24fdee0
Event: 52.477 Thread 0x00000162746d63d0 DEOPT UNPACKING pc=0x0000016261fb4242 sp=0x0000004ec24fd3b0 mode 0
Event: 52.478 Thread 0x00000162746d63d0 DEOPT PACKING pc=0x000001625b8d02d9 sp=0x0000004ec24fdee0
Event: 52.478 Thread 0x00000162746d63d0 DEOPT UNPACKING pc=0x0000016261fb4242 sp=0x0000004ec24fd3b0 mode 0
Event: 52.479 Thread 0x00000162746d63d0 DEOPT PACKING pc=0x000001625b8d02d9 sp=0x0000004ec24fdee0
Event: 52.479 Thread 0x00000162746d63d0 DEOPT UNPACKING pc=0x0000016261fb4242 sp=0x0000004ec24fd3b0 mode 0
Event: 52.479 Thread 0x00000162746d63d0 DEOPT PACKING pc=0x000001625b8d02d9 sp=0x0000004ec24fdee0
Event: 52.479 Thread 0x00000162746d63d0 DEOPT UNPACKING pc=0x0000016261fb4242 sp=0x0000004ec24fd3b0 mode 0
Event: 52.480 Thread 0x00000162746d63d0 DEOPT PACKING pc=0x000001625b8d02d9 sp=0x0000004ec24fdee0
Event: 52.480 Thread 0x00000162746d63d0 DEOPT UNPACKING pc=0x0000016261fb4242 sp=0x0000004ec24fd3b0 mode 0
Event: 52.483 Thread 0x00000162746d63d0 DEOPT PACKING pc=0x000001625b8d02d9 sp=0x0000004ec24fdee0
Event: 52.483 Thread 0x00000162746d63d0 DEOPT UNPACKING pc=0x0000016261fb4242 sp=0x0000004ec24fd3b0 mode 0
Event: 52.483 Thread 0x00000162746d63d0 DEOPT PACKING pc=0x000001625b8d02d9 sp=0x0000004ec24fdee0
Event: 52.484 Thread 0x00000162746d63d0 DEOPT UNPACKING pc=0x0000016261fb4242 sp=0x0000004ec24fd3b0 mode 0
Event: 52.484 Thread 0x00000162746d63d0 DEOPT PACKING pc=0x000001625b5f72bc sp=0x0000004ec24fdeb0
Event: 52.484 Thread 0x00000162746d63d0 DEOPT UNPACKING pc=0x0000016261fb4242 sp=0x0000004ec24fd3b0 mode 0
Event: 52.484 Thread 0x00000162746d63d0 DEOPT PACKING pc=0x000001625b8d02d9 sp=0x0000004ec24fdee0
Event: 52.484 Thread 0x00000162746d63d0 DEOPT UNPACKING pc=0x0000016261fb4242 sp=0x0000004ec24fd3b0 mode 0
Event: 52.510 Thread 0x00000162746d63d0 DEOPT PACKING pc=0x000001625b88c29a sp=0x0000004ec24fd3b0
Event: 52.510 Thread 0x00000162746d63d0 DEOPT UNPACKING pc=0x0000016261fb4242 sp=0x0000004ec24fc958 mode 0

Classes loaded (20 events):
Event: 20.719 Loading class java/util/concurrent/CompletableFuture$Signaller
Event: 20.720 Loading class java/util/concurrent/CompletableFuture$Signaller done
Event: 21.319 Loading class java/util/Hashtable$KeySet
Event: 21.321 Loading class java/util/Hashtable$KeySet done
Event: 25.316 Loading class java/util/HashMap$EntrySpliterator
Event: 25.325 Loading class java/util/HashMap$EntrySpliterator done
Event: 31.296 Loading class sun/nio/cs/ISO_8859_1$Encoder
Event: 31.297 Loading class sun/nio/cs/ISO_8859_1$Encoder done
Event: 31.297 Loading class sun/nio/cs/Surrogate$Parser
Event: 31.298 Loading class sun/nio/cs/Surrogate$Parser done
Event: 31.298 Loading class sun/nio/cs/Surrogate
Event: 31.299 Loading class sun/nio/cs/Surrogate done
Event: 47.912 Loading class java/util/concurrent/CompletableFuture$UniApply
Event: 47.929 Loading class java/util/concurrent/CompletableFuture$UniApply done
Event: 47.938 Loading class java/util/concurrent/CompletableFuture$UniExceptionally
Event: 47.945 Loading class java/util/concurrent/CompletableFuture$UniExceptionally done
Event: 49.939 Loading class java/util/stream/ReduceOps$2
Event: 49.942 Loading class java/util/stream/ReduceOps$2 done
Event: 49.943 Loading class java/util/stream/ReduceOps$2ReducingSink
Event: 49.945 Loading class java/util/stream/ReduceOps$2ReducingSink done

Classes unloaded (11 events):
Event: 6.466 Thread 0x000001626bbd2860 Unloading class 0x0000016201194400 'java/lang/invoke/LambdaForm$MH+0x0000016201194400'
Event: 6.466 Thread 0x000001626bbd2860 Unloading class 0x0000016201194000 'java/lang/invoke/LambdaForm$MH+0x0000016201194000'
Event: 6.466 Thread 0x000001626bbd2860 Unloading class 0x0000016201193c00 'java/lang/invoke/LambdaForm$MH+0x0000016201193c00'
Event: 6.466 Thread 0x000001626bbd2860 Unloading class 0x0000016201193800 'java/lang/invoke/LambdaForm$MH+0x0000016201193800'
Event: 6.466 Thread 0x000001626bbd2860 Unloading class 0x0000016201193400 'java/lang/invoke/LambdaForm$BMH+0x0000016201193400'
Event: 6.466 Thread 0x000001626bbd2860 Unloading class 0x0000016201193000 'java/lang/invoke/LambdaForm$DMH+0x0000016201193000'
Event: 6.466 Thread 0x000001626bbd2860 Unloading class 0x0000016201191c00 'java/lang/invoke/LambdaForm$DMH+0x0000016201191c00'
Event: 17.976 Thread 0x000001626bbd2860 Unloading class 0x0000016201668800 'java/lang/invoke/LambdaForm$DMH+0x0000016201668800'
Event: 17.977 Thread 0x000001626bbd2860 Unloading class 0x0000016201668400 'java/lang/invoke/LambdaForm$DMH+0x0000016201668400'
Event: 17.977 Thread 0x000001626bbd2860 Unloading class 0x0000016201660800 'java/lang/invoke/LambdaForm$DMH+0x0000016201660800'
Event: 17.977 Thread 0x000001626bbd2860 Unloading class 0x0000016201660c00 'java/lang/invoke/LambdaForm$DMH+0x0000016201660c00'

Classes redefined (0 events):
No events

Internal exceptions (20 events):
Event: 48.252 Thread 0x00000162741d5960 Exception <a 'sun/nio/fs/WindowsException'{0x00000000ed43bc38}> (0x00000000ed43bc38) 
thrown [s\src\hotspot\share\prims\jni.cpp, line 520]
Event: 48.252 Thread 0x000001627308e540 Exception <a 'sun/nio/fs/WindowsException'{0x00000000ed43c7c0}> (0x00000000ed43c7c0) 
thrown [s\src\hotspot\share\prims\jni.cpp, line 520]
Event: 48.257 Thread 0x00000162746d63d0 Exception <a 'sun/nio/fs/WindowsException'{0x00000000ed3e7618}> (0x00000000ed3e7618) 
thrown [s\src\hotspot\share\prims\jni.cpp, line 520]
Event: 48.257 Thread 0x00000162746d63d0 Exception <a 'sun/nio/fs/WindowsException'{0x00000000ed3e7f18}> (0x00000000ed3e7f18) 
thrown [s\src\hotspot\share\prims\jni.cpp, line 520]
Event: 48.257 Thread 0x00000162746d63d0 Exception <a 'sun/nio/fs/WindowsException'{0x00000000ed3e8c68}> (0x00000000ed3e8c68) 
thrown [s\src\hotspot\share\prims\jni.cpp, line 520]
Event: 48.258 Thread 0x00000162746d63d0 Exception <a 'sun/nio/fs/WindowsException'{0x00000000ed3e9548}> (0x00000000ed3e9548) 
thrown [s\src\hotspot\share\prims\jni.cpp, line 520]
Event: 48.262 Thread 0x00000162746d63d0 Exception <a 'sun/nio/fs/WindowsException'{0x00000000ed3eadd8}> (0x00000000ed3eadd8) 
thrown [s\src\hotspot\share\prims\jni.cpp, line 520]
Event: 48.263 Thread 0x00000162746d63d0 Exception <a 'sun/nio/fs/WindowsException'{0x00000000ed3eb6b8}> (0x00000000ed3eb6b8) 
thrown [s\src\hotspot\share\prims\jni.cpp, line 520]
Event: 48.353 Thread 0x00000162746d63d0 Exception <a 'sun/nio/fs/WindowsException'{0x00000000ed408c88}> (0x00000000ed408c88) 
thrown [s\src\hotspot\share\prims\jni.cpp, line 520]
Event: 48.353 Thread 0x00000162746d63d0 Exception <a 'sun/nio/fs/WindowsException'{0x00000000ed409568}> (0x00000000ed409568) 
thrown [s\src\hotspot\share\prims\jni.cpp, line 520]
Event: 48.374 Thread 0x000001627308e540 Exception <a 'java/lang/NoSuchMethodError'{0x00000000ed4fb088}: 'java.lang.Object java.lang.invoke.Invokers$Holder.linkToTargetMethod(java.lang.Object, java.lang.Object, int, int, java.lang.Object)'> (0x00000000ed4fb088) 
thrown [s\src\hotspot\share\interpreter\linkResolver.cpp, line 773]
Event: 48.374 Thread 0x00000162741d5960 Exception <a 'java/lang/NoSuchMethodError'{0x00000000ed4f8078}: 'java.lang.Object java.lang.invoke.Invokers$Holder.linkToTargetMethod(java.lang.Object, java.lang.Object, int, int, java.lang.Object)'> (0x00000000ed4f8078) 
thrown [s\src\hotspot\share\interpreter\linkResolver.cpp, line 773]
Event: 48.391 Thread 0x00000162741d5960 Exception <a 'java/lang/NoSuchMethodError'{0x00000000ed664028}: method resolution failed> (0x00000000ed664028) 
thrown [s\src\hotspot\share\prims\methodHandles.cpp, line 1144]
Event: 48.391 Thread 0x000001627308e540 Exception <a 'java/lang/NoSuchMethodError'{0x00000000ed60da78}: method resolution failed> (0x00000000ed60da78) 
thrown [s\src\hotspot\share\prims\methodHandles.cpp, line 1144]
Event: 48.829 Thread 0x00000162746d2f50 Exception <a 'java/lang/IncompatibleClassChangeError'{0x00000000eb075dd8}: Found class java.lang.Object, but interface was expected> (0x00000000eb075dd8) 
thrown [s\src\hotspot\share\interpreter\linkResolver.cpp, line 840]
Event: 50.342 Thread 0x00000162746d63d0 Implicit null exception at 0x0000016262985a5a to 0x0000016262985ab3
Event: 52.247 Thread 0x00000162746d63d0 Exception <a 'sun/nio/fs/WindowsException'{0x00000000eac00710}> (0x00000000eac00710) 
thrown [s\src\hotspot\share\prims\jni.cpp, line 520]
Event: 52.251 Thread 0x00000162746d63d0 Exception <a 'sun/nio/fs/WindowsException'{0x00000000eac00ff0}> (0x00000000eac00ff0) 
thrown [s\src\hotspot\share\prims\jni.cpp, line 520]
Event: 52.459 Thread 0x00000162746d63d0 Exception <a 'sun/nio/fs/WindowsException'{0x00000000eb1d6e70}> (0x00000000eb1d6e70) 
thrown [s\src\hotspot\share\prims\jni.cpp, line 520]
Event: 52.459 Thread 0x00000162746d63d0 Exception <a 'sun/nio/fs/WindowsException'{0x00000000eb1d7750}> (0x00000000eb1d7750) 
thrown [s\src\hotspot\share\prims\jni.cpp, line 520]

ZGC Phase Switch (0 events):
No events

VM Operations (20 events):
Event: 50.193 Executing VM operation: HandshakeAllThreads (Deoptimize)
Event: 50.194 Executing VM operation: HandshakeAllThreads (Deoptimize) done
Event: 50.214 Executing VM operation: HandshakeAllThreads (Deoptimize)
Event: 50.224 Executing VM operation: HandshakeAllThreads (Deoptimize) done
Event: 50.488 Executing VM operation: ICBufferFull
Event: 50.488 Executing VM operation: ICBufferFull done
Event: 50.539 Executing VM operation: ParallelGCFailedAllocation (Allocation Failure)
Event: 50.554 Executing VM operation: ParallelGCFailedAllocation (Allocation Failure) done
Event: 50.945 Executing VM operation: ParallelGCFailedAllocation (Allocation Failure)
Event: 50.956 Executing VM operation: ParallelGCFailedAllocation (Allocation Failure) done
Event: 51.246 Executing VM operation: ParallelGCFailedAllocation (Allocation Failure)
Event: 51.254 Executing VM operation: ParallelGCFailedAllocation (Allocation Failure) done
Event: 51.511 Executing VM operation: HandshakeAllThreads (Deoptimize)
Event: 51.511 Executing VM operation: HandshakeAllThreads (Deoptimize) done
Event: 51.729 Executing VM operation: ParallelGCFailedAllocation (Allocation Failure)
Event: 51.742 Executing VM operation: ParallelGCFailedAllocation (Allocation Failure) done
Event: 51.950 Executing VM operation: ParallelGCFailedAllocation (Allocation Failure)
Event: 51.957 Executing VM operation: ParallelGCFailedAllocation (Allocation Failure) done
Event: 52.225 Executing VM operation: ParallelGCFailedAllocation (Allocation Failure)
Event: 52.234 Executing VM operation: ParallelGCFailedAllocation (Allocation Failure) done

Memory protections (0 events):
No events

Nmethod flushes (20 events):
Event: 43.330 Thread 0x000001626bbd2860 flushing  nmethod 0x000001625bcb0510
Event: 43.330 Thread 0x000001626bbd2860 flushing  nmethod 0x000001625bcdad10
Event: 43.330 Thread 0x000001626bbd2860 flushing  nmethod 0x000001625bcdcd10
Event: 43.330 Thread 0x000001626bbd2860 flushing  nmethod 0x000001625bcdd090
Event: 43.330 Thread 0x000001626bbd2860 flushing  nmethod 0x000001625bce7290
Event: 43.330 Thread 0x000001626bbd2860 flushing  nmethod 0x000001625bcf4390
Event: 43.330 Thread 0x000001626bbd2860 flushing  nmethod 0x000001625bd92990
Event: 43.331 Thread 0x000001626bbd2860 flushing  nmethod 0x000001625bda5c10
Event: 43.331 Thread 0x000001626bbd2860 flushing osr nmethod 0x000001625bdde390
Event: 43.331 Thread 0x000001626bbd2860 flushing  nmethod 0x000001625bdefe90
Event: 43.331 Thread 0x000001626bbd2860 flushing  nmethod 0x000001625be11010
Event: 43.331 Thread 0x000001626bbd2860 flushing  nmethod 0x000001625be46810
Event: 43.331 Thread 0x000001626bbd2860 flushing  nmethod 0x000001625be47310
Event: 43.331 Thread 0x000001626bbd2860 flushing  nmethod 0x000001625be95290
Event: 43.331 Thread 0x000001626bbd2860 flushing  nmethod 0x000001625bea7010
Event: 43.331 Thread 0x000001626bbd2860 flushing  nmethod 0x000001625beab090
Event: 43.331 Thread 0x000001626bbd2860 flushing  nmethod 0x000001625beb4b10
Event: 43.331 Thread 0x000001626bbd2860 flushing  nmethod 0x000001625beb6290
Event: 43.331 Thread 0x000001626bbd2860 flushing  nmethod 0x000001625beb9810
Event: 43.331 Thread 0x000001626bbd2860 flushing  nmethod 0x000001625beba510

Events (20 events):
Event: 19.698 Thread 0x000001627308e540 Thread added: 0x00000162746d2f50
Event: 19.698 Thread 0x000001627308e540 Thread added: 0x00000162746d35e0
Event: 19.698 Thread 0x000001627308e540 Thread added: 0x00000162746d5d40
Event: 19.699 Thread 0x000001627308e540 Thread added: 0x00000162746d1510
Event: 19.787 Thread 0x00000162746d5d40 Thread exited: 0x00000162746d5d40
Event: 19.787 Thread 0x00000162746d35e0 Thread exited: 0x00000162746d35e0
Event: 19.787 Thread 0x00000162746d1510 Thread exited: 0x00000162746d1510
Event: 19.787 Thread 0x00000162746d28c0 Thread exited: 0x00000162746d28c0
Event: 19.787 Thread 0x00000162746d2f50 Thread exited: 0x00000162746d2f50
Event: 21.485 Thread 0x000001627308b0c0 Thread added: 0x00000162746d3c70
Event: 26.488 Thread 0x00000162746d3c70 Thread exited: 0x00000162746d3c70
Event: 47.916 Thread 0x00000162741d17c0 Thread added: 0x00000162741d6d10
Event: 47.917 Thread 0x00000162741d17c0 Thread added: 0x00000162741d1e50
Event: 47.937 Thread 0x00000162741d6d10 Thread added: 0x00000162746d63d0
Event: 47.937 Thread 0x00000162741d1e50 Thread added: 0x00000162746d2f50
Event: 47.937 Thread 0x00000162741d52d0 Thread added: 0x00000162746d6a60
Event: 47.938 Thread 0x00000162746d2f50 Thread added: 0x00000162746d1510
Event: 47.939 Thread 0x00000162746d6a60 Thread added: 0x00000162746d2230
Event: 51.996 Thread 0x000001626bc09550 Thread added: 0x000001627e3d4830
Event: 52.289 Thread 0x000001626bc09550 Thread added: 0x00000162756a98d0


Dynamic libraries:
0x00007ff644640000 - 0x00007ff64464e000 	c:\Users\kuber\.vscode\extensions\redhat.java-1.40.0-win32-x64\jre\21.0.6-win32-x86_64\bin\java.exe
0x00007ffff2ff0000 - 0x00007ffff3207000 	C:\Windows\SYSTEM32\ntdll.dll
0x00007ffff2260000 - 0x00007ffff2324000 	C:\Windows\System32\KERNEL32.DLL
0x00007ffff0950000 - 0x00007ffff0d09000 	C:\Windows\System32\KERNELBASE.dll
0x00007ffff02f0000 - 0x00007ffff0401000 	C:\Windows\System32\ucrtbase.dll
0x00007fffd9690000 - 0x00007fffd96a8000 	c:\Users\kuber\.vscode\extensions\redhat.java-1.40.0-win32-x64\jre\21.0.6-win32-x86_64\bin\jli.dll
0x00007ffff1fd0000 - 0x00007ffff217e000 	C:\Windows\System32\USER32.dll
0x00007fffd9610000 - 0x00007fffd962e000 	c:\Users\kuber\.vscode\extensions\redhat.java-1.40.0-win32-x64\jre\21.0.6-win32-x86_64\bin\VCRUNTIME140.dll
0x00007ffff0780000 - 0x00007ffff07a6000 	C:\Windows\System32\win32u.dll
0x00007fffdeb00000 - 0x00007fffded92000 	C:\Windows\WinSxS\amd64_microsoft.windows.common-controls_6595b64144ccf1df_6.0.22621.4391_none_2715d37f73803e96\COMCTL32.dll
0x00007ffff2da0000 - 0x00007ffff2dc9000 	C:\Windows\System32\GDI32.dll
0x00007ffff1770000 - 0x00007ffff1817000 	C:\Windows\System32\msvcrt.dll
0x00007ffff0410000 - 0x00007ffff052b000 	C:\Windows\System32\gdi32full.dll
0x00007ffff06e0000 - 0x00007ffff077a000 	C:\Windows\System32\msvcp_win.dll
0x00007ffff2d50000 - 0x00007ffff2d81000 	C:\Windows\System32\IMM32.DLL
0x00007fffd9fc0000 - 0x00007fffd9fcc000 	c:\Users\kuber\.vscode\extensions\redhat.java-1.40.0-win32-x64\jre\21.0.6-win32-x86_64\bin\vcruntime140_1.dll
0x00007fffb6f00000 - 0x00007fffb6f8d000 	c:\Users\kuber\.vscode\extensions\redhat.java-1.40.0-win32-x64\jre\21.0.6-win32-x86_64\bin\msvcp140.dll
0x00007fff76260000 - 0x00007fff76ff0000 	c:\Users\kuber\.vscode\extensions\redhat.java-1.40.0-win32-x64\jre\21.0.6-win32-x86_64\bin\server\jvm.dll
0x00007ffff2180000 - 0x00007ffff2232000 	C:\Windows\System32\ADVAPI32.dll
0x00007ffff2440000 - 0x00007ffff24e7000 	C:\Windows\System32\sechost.dll
0x00007ffff0920000 - 0x00007ffff0948000 	C:\Windows\System32\bcrypt.dll
0x00007ffff1590000 - 0x00007ffff16a4000 	C:\Windows\System32\RPCRT4.dll
0x00007ffff1f40000 - 0x00007ffff1fb1000 	C:\Windows\System32\WS2_32.dll
0x00007fffeb000000 - 0x00007fffeb034000 	C:\Windows\SYSTEM32\WINMM.dll
0x00007fffe5e50000 - 0x00007fffe5e5a000 	C:\Windows\SYSTEM32\VERSION.dll
0x00007ffff01c0000 - 0x00007ffff020d000 	C:\Windows\SYSTEM32\POWRPROF.dll
0x00007ffff01a0000 - 0x00007ffff01b3000 	C:\Windows\SYSTEM32\UMPDC.dll
0x00007fffef2f0000 - 0x00007fffef308000 	C:\Windows\SYSTEM32\kernel.appcore.dll
0x00007fffd9660000 - 0x00007fffd966a000 	c:\Users\kuber\.vscode\extensions\redhat.java-1.40.0-win32-x64\jre\21.0.6-win32-x86_64\bin\jimage.dll
0x00007fffe4e70000 - 0x00007fffe50a2000 	C:\Windows\SYSTEM32\DBGHELP.DLL
0x00007ffff1820000 - 0x00007ffff1baf000 	C:\Windows\System32\combase.dll
0x00007ffff2ed0000 - 0x00007ffff2fa7000 	C:\Windows\System32\OLEAUT32.dll
0x00007fffe4e00000 - 0x00007fffe4e32000 	C:\Windows\SYSTEM32\dbgcore.DLL
0x00007ffff05f0000 - 0x00007ffff066b000 	C:\Windows\System32\bcryptPrimitives.dll
0x00007fffd9570000 - 0x00007fffd957f000 	c:\Users\kuber\.vscode\extensions\redhat.java-1.40.0-win32-x64\jre\21.0.6-win32-x86_64\bin\instrument.dll
0x00007fffd8540000 - 0x00007fffd855f000 	c:\Users\kuber\.vscode\extensions\redhat.java-1.40.0-win32-x64\jre\21.0.6-win32-x86_64\bin\java.dll
0x00007ffff0d10000 - 0x00007ffff1586000 	C:\Windows\System32\SHELL32.dll
0x00007fffee1e0000 - 0x00007fffeeae3000 	C:\Windows\SYSTEM32\windows.storage.dll
0x00007fffee0a0000 - 0x00007fffee1df000 	C:\Windows\SYSTEM32\wintypes.dll
0x00007ffff2dd0000 - 0x00007ffff2ec9000 	C:\Windows\System32\SHCORE.dll
0x00007ffff1710000 - 0x00007ffff176e000 	C:\Windows\System32\shlwapi.dll
0x00007ffff0220000 - 0x00007ffff024b000 	C:\Windows\SYSTEM32\profapi.dll
0x00007fffd8170000 - 0x00007fffd8188000 	c:\Users\kuber\.vscode\extensions\redhat.java-1.40.0-win32-x64\jre\21.0.6-win32-x86_64\bin\zip.dll
0x00007fffd9510000 - 0x00007fffd9520000 	C:\Users\kuber\.vscode\extensions\redhat.java-1.40.0-win32-x64\jre\21.0.6-win32-x86_64\bin\net.dll
0x00007fffeba50000 - 0x00007fffebb86000 	C:\Windows\SYSTEM32\WINHTTP.dll
0x00007fffef760000 - 0x00007fffef7c9000 	C:\Windows\system32\mswsock.dll
0x00007fffd4a70000 - 0x00007fffd4a86000 	C:\Users\kuber\.vscode\extensions\redhat.java-1.40.0-win32-x64\jre\21.0.6-win32-x86_64\bin\nio.dll
0x00007fffd9470000 - 0x00007fffd9480000 	c:\Users\kuber\.vscode\extensions\redhat.java-1.40.0-win32-x64\jre\21.0.6-win32-x86_64\bin\verify.dll
0x00007fffc04a0000 - 0x00007fffc04e5000 	C:\Users\kuber\AppData\Roaming\Code\User\globalStorage\redhat.java\1.40.0\config_win\org.eclipse.equinox.launcher\org.eclipse.equinox.launcher.win32.win32.x86_64_1.2.1200.v20250212-0927\eclipse_11909.dll
0x00007ffff1bb0000 - 0x00007ffff1d55000 	C:\Windows\System32\ole32.dll
0x00007fffefab0000 - 0x00007fffefacb000 	C:\Windows\SYSTEM32\CRYPTSP.dll
0x00007fffef250000 - 0x00007fffef285000 	C:\Windows\system32\rsaenh.dll
0x00007fffef800000 - 0x00007fffef828000 	C:\Windows\SYSTEM32\USERENV.dll
0x00007fffefa90000 - 0x00007fffefa9c000 	C:\Windows\SYSTEM32\CRYPTBASE.dll
0x00007fffeed50000 - 0x00007fffeed7d000 	C:\Windows\SYSTEM32\IPHLPAPI.DLL
0x00007ffff1fc0000 - 0x00007ffff1fc9000 	C:\Windows\System32\NSI.dll
0x00007fffb6b20000 - 0x00007fffb6b69000 	C:\Users\kuber\AppData\Local\Temp\jna-102399717\jna1861998878010128159.dll
0x00007ffff2d90000 - 0x00007ffff2d98000 	C:\Windows\System32\PSAPI.DLL
0x00007fffeb860000 - 0x00007fffeb879000 	C:\Windows\SYSTEM32\dhcpcsvc6.DLL
0x00007fffeb6a0000 - 0x00007fffeb6bf000 	C:\Windows\SYSTEM32\dhcpcsvc.DLL
0x00007fffef400000 - 0x00007fffef434000 	C:\Windows\SYSTEM32\ntmarta.dll

dbghelp: loaded successfully - version: 4.0.5 - missing functions: none
symbol engine: initialized successfully - sym options: 0x614 - pdb path: .;c:\Users\kuber\.vscode\extensions\redhat.java-1.40.0-win32-x64\jre\21.0.6-win32-x86_64\bin;C:\Windows\SYSTEM32;C:\Windows\WinSxS\amd64_microsoft.windows.common-controls_6595b64144ccf1df_6.0.22621.4391_none_2715d37f73803e96;c:\Users\kuber\.vscode\extensions\redhat.java-1.40.0-win32-x64\jre\21.0.6-win32-x86_64\bin\server;C:\Users\kuber\AppData\Roaming\Code\User\globalStorage\redhat.java\1.40.0\config_win\org.eclipse.equinox.launcher\org.eclipse.equinox.launcher.win32.win32.x86_64_1.2.1200.v20250212-0927;C:\Users\kuber\AppData\Local\Temp\jna-102399717

VM Arguments:
jvm_args: --add-modules=ALL-SYSTEM --add-opens=java.base/java.util=ALL-UNNAMED --add-opens=java.base/java.lang=ALL-UNNAMED --add-opens=java.base/sun.nio.fs=ALL-UNNAMED -Declipse.application=org.eclipse.jdt.ls.core.id1 -Dosgi.bundles.defaultStartLevel=4 -Declipse.product=org.eclipse.jdt.ls.core.product -Djava.import.generatesMetadataFilesAtProjectRoot=false -DDetectVMInstallationsJob.disabled=true -Dfile.encoding=utf8 -XX:+UseParallelGC -XX:GCTimeRatio=4 -XX:AdaptiveSizePolicyWeight=90 -Dsun.zip.disableMemoryMapping=true -Xmx1G -Xms100m -Xlog:disable -javaagent:c:\Users\kuber\.vscode\extensions\redhat.java-1.40.0-win32-x64\lombok\lombok-1.18.36.jar -XX:+HeapDumpOnOutOfMemoryError -XX:HeapDumpPath=c:\Users\kuber\AppData\Roaming\Code\User\workspaceStorage\0767b1f2905f8411273a4aa30b8beb70\redhat.java -Daether.dependencyCollector.impl=bf 
java_command: c:\Users\kuber\.vscode\extensions\redhat.java-1.40.0-win32-x64\server\plugins\org.eclipse.equinox.launcher_1.6.1000.v20250131-0606.jar -configuration c:\Users\kuber\AppData\Roaming\Code\User\globalStorage\redhat.java\1.40.0\config_win -data c:\Users\kuber\AppData\Roaming\Code\User\workspaceStorage\0767b1f2905f8411273a4aa30b8beb70\redhat.java\jdt_ws --pipe=\\.\pipe\lsp-36d9cd743a1c693bb6582bdf8019f76c-sock
java_class_path (initial): c:\Users\kuber\.vscode\extensions\redhat.java-1.40.0-win32-x64\server\plugins\org.eclipse.equinox.launcher_1.6.1000.v20250131-0606.jar
Launcher Type: SUN_STANDARD

[Global flags]
    uintx AdaptiveSizePolicyWeight                 = 90                                        {product} {command line}
     intx CICompilerCount                          = 4                                         {product} {ergonomic}
    uintx GCTimeRatio                              = 4                                         {product} {command line}
     bool HeapDumpOnOutOfMemoryError               = true                                   {manageable} {command line}
    ccstr HeapDumpPath                             = c:\Users\kuber\AppData\Roaming\Code\User\workspaceStorage\0767b1f2905f8411273a4aa30b8beb70\redhat.java         {manageable} {command line}
   size_t InitialHeapSize                          = 104857600                                 {product} {command line}
   size_t MaxHeapSize                              = 1073741824                                {product} {command line}
   size_t MaxNewSize                               = 357564416                                 {product} {ergonomic}
   size_t MinHeapDeltaBytes                        = 524288                                    {product} {ergonomic}
   size_t MinHeapSize                              = 104857600                                 {product} {command line}
   size_t NewSize                                  = 34603008                                  {product} {ergonomic}
    uintx NonNMethodCodeHeapSize                   = 5839372                                {pd product} {ergonomic}
    uintx NonProfiledCodeHeapSize                  = 122909434                              {pd product} {ergonomic}
   size_t OldSize                                  = 70254592                                  {product} {ergonomic}
    uintx ProfiledCodeHeapSize                     = 122909434                              {pd product} {ergonomic}
    uintx ReservedCodeCacheSize                    = 251658240                              {pd product} {ergonomic}
     bool SegmentedCodeCache                       = true                                      {product} {ergonomic}
   size_t SoftMaxHeapSize                          = 1073741824                             {manageable} {ergonomic}
     bool UseCompressedOops                        = true                           {product lp64_product} {ergonomic}
     bool UseLargePagesIndividualAllocation        = false                                  {pd product} {ergonomic}
     bool UseParallelGC                            = true                                      {product} {command line}

Logging:
Log output configuration:
 #0: stdout all=off uptime,level,tags foldmultilines=false
 #1: stderr all=off uptime,level,tags foldmultilines=false

Environment Variables:
PATH=C:\Program Files\Common Files\Oracle\Java\javapath;C:\Windows\system32;C:\Windows;C:\Windows\System32\Wbem;C:\Windows\System32\WindowsPowerShell\v1.0\;C:\Windows\System32\OpenSSH\;C:\Program Files\dotnet\;C:\Program Files\Git\cmd;C:\Program Files\nodejs\;C:\ProgramData\chocolatey\bin;C:\Program Files\MySQL\MySQL Shell 8.0\bin\;C:\Users\kuber\AppData\Local\Microsoft\WindowsApps;C:\Users\kuber\.dotnet\tools;C:\Users\kuber\AppData\Local\Programs\Microsoft VS Code\bin;C:\Users\kuber\AppData\Roaming\npm
USERNAME=kuber
OS=Windows_NT
PROCESSOR_IDENTIFIER=AMD64 Family 23 Model 104 Stepping 1, AuthenticAMD
TMP=C:\Users\kuber\AppData\Local\Temp
TEMP=C:\Users\kuber\AppData\Local\Temp




Periodic native trim disabled

---------------  S Y S T E M  ---------------

OS:
 Windows 11 , 64 bit Build 22621 (10.0.22621.4391)
OS uptime: 31 days 21:36 hours
Hyper-V role detected

CPU: total 8 (initial active 8) (8 cores per cpu, 2 threads per core) family 23 model 104 stepping 1 microcode 0x0, cx8, cmov, fxsr, ht, mmx, 3dnowpref, sse, sse2, sse3, ssse3, sse4a, sse4.1, sse4.2, popcnt, lzcnt, tsc, tscinvbit, avx, avx2, aes, clmul, bmi1, bmi2, adx, sha, fma, vzeroupper, clflush, clflushopt, hv, rdtscp, rdpid, f16c
Processor Information for the first 8 processors :
  Max Mhz: 2600, Current Mhz: 2600, Mhz Limit: 2600

Memory: 4k page, system-wide physical 3429M (845M free)
TotalPageFile size 14181M (AvailPageFile size 0M)
current process WorkingSet (physical memory assigned to process): 223M, peak: 460M
current process commit charge ("private bytes"): 661M, peak: 1025M

vm_info: OpenJDK 64-Bit Server VM (21.0.6+7-LTS) for windows-amd64 JRE (21.0.6+7-LTS), built on 2025-01-21T00:00:00Z by "admin" with MS VC++ 17.7 (VS2022)

END.
