#
# There is insufficient memory for the Java Runtime Environment to continue.
# Native memory allocation (malloc) failed to allocate 1712144 bytes for Chunk::new
# Possible reasons:
#   The system is out of physical RAM or swap space
#   The process is running with CompressedOops enabled, and the Java Heap may be blocking the growth of the native heap
# Possible solutions:
#   Reduce memory load on the system
#   Increase physical memory or swap space
#   Check if swap backing store is full
#   Decrease Java heap size (-Xmx/-Xms)
#   Decrease number of Java threads
#   Decrease Java thread stack sizes (-Xss)
#   Set larger code cache with -XX:ReservedCodeCacheSize=
#   JVM is running with Unscaled Compressed Oops mode in which the Java heap is
#     placed in the first 4GB address space. The Java Heap base address is the
#     maximum limit for the native heap growth. Please use -XX:HeapBaseMinAddress
#     to set the Java Heap base and to place the Java Heap above 4GB virtual address.
# This output file may be truncated or incomplete.
#
#  Out of Memory Error (arena.cpp:168), pid=20568, tid=14640
#
# JRE version: Java(TM) SE Runtime Environment (21.0.5+9) (build 21.0.5+9-LTS-239)
# Java VM: Java HotSpot(TM) 64-Bit Server VM (21.0.5+9-LTS-239, mixed mode, sharing, tiered, compressed oops, compressed class ptrs, g1 gc, windows-amd64)
# No core dump will be written. Minidumps are not enabled by default on client versions of Windows
#

---------------  S U M M A R Y ------------

Command Line: -agentlib:jdwp=transport=dt_socket,server=n,suspend=y,address=localhost:62031 -XX:+ShowCodeDetailsInExceptionMessages -Dspring.jmx.enabled=true -Dmanagement.endpoints.jmx.exposure.include=* -Dspring.application.admin.enabled=true -Dspring.boot.project.name=OnlineBanking -Djava.rmi.server.hostname=localhost -Dcom.sun.management.jmxremote.port=45556 -Dcom.sun.management.jmxremote.authenticate=false -Dcom.sun.management.jmxremote.ssl=false com.Banking.OnlineBanking.OnlineBankingApplication

Host: AMD Ryzen 3 5300U with Radeon Graphics         , 8 cores, 3G,  Windows 11 , 64 bit Build 22621 (10.0.22621.4391)
Time: Sun May  4 01:52:31 2025 India Standard Time elapsed time: 4.267622 seconds (0d 0h 0m 4s)

---------------  T H R E A D  ---------------

Current thread (0x000001e0f4c292a0):  JavaThread "C2 CompilerThread0" daemon [_thread_in_native, id=14640, stack(0x0000002296a00000,0x0000002296b00000) (1024K)]


Current CompileTask:
C2:   4267 2407       4       java.lang.invoke.MethodType::makeImpl (109 bytes)

Stack: [0x0000002296a00000,0x0000002296b00000]
Native frames: (J=compiled Java code, j=interpreted, Vv=VM code, C=native code)
V  [jvm.dll+0x6ca289]
V  [jvm.dll+0x854a51]
V  [jvm.dll+0x856f7e]
V  [jvm.dll+0x857653]
V  [jvm.dll+0x27dd26]
V  [jvm.dll+0xc4c2d]
V  [jvm.dll+0xc5163]
V  [jvm.dll+0x3b4d3c]
V  [jvm.dll+0x3814b5]
V  [jvm.dll+0x38092a]
V  [jvm.dll+0x246910]
V  [jvm.dll+0x245eef]
V  [jvm.dll+0x1c6d0e]
V  [jvm.dll+0x2554d9]
V  [jvm.dll+0x253a6a]
V  [jvm.dll+0x3ee136]
V  [jvm.dll+0x7fee9b]
V  [jvm.dll+0x6c896d]
C  [ucrtbase.dll+0x29333]
C  [KERNEL32.DLL+0x1259d]
C  [ntdll.dll+0x5af38]


---------------  P R O C E S S  ---------------

Threads class SMR info:
_java_thread_list=0x000001e0faa6c5d0, length=23, elements={
0x000001e0d99a01c0, 0x000001e0f4c0d680, 0x000001e0f4c0f5a0, 0x000001e0f4c14d00,
0x000001e0f4c15750, 0x000001e0f4c161a0, 0x000001e0f4c1ec00, 0x000001e0f4c292a0,
0x000001e0f4c29d30, 0x000001e0f9077ec0, 0x000001e0f91f5010, 0x000001e0f913d8a0,
0x000001e0f9140300, 0x000001e0f916ef00, 0x000001e0f9a1e610, 0x000001e0f9d39fd0,
0x000001e0f9d3b7c0, 0x000001e0f9d50a70, 0x000001e0f9d4b2e0, 0x000001e0faa6b010,
0x000001e0fa7d96f0, 0x000001e0fa813f10, 0x000001e0fac3e180
}

Java Threads: ( => current thread )
  0x000001e0d99a01c0 JavaThread "main"                              [_thread_blocked, id=9084, stack(0x0000002295c00000,0x0000002295d00000) (1024K)]
  0x000001e0f4c0d680 JavaThread "Reference Handler"          daemon [_thread_blocked, id=12880, stack(0x0000002296400000,0x0000002296500000) (1024K)]
  0x000001e0f4c0f5a0 JavaThread "Finalizer"                  daemon [_thread_blocked, id=6788, stack(0x0000002296500000,0x0000002296600000) (1024K)]
  0x000001e0f4c14d00 JavaThread "Signal Dispatcher"          daemon [_thread_blocked, id=20920, stack(0x0000002296600000,0x0000002296700000) (1024K)]
  0x000001e0f4c15750 JavaThread "Attach Listener"            daemon [_thread_blocked, id=17572, stack(0x0000002296700000,0x0000002296800000) (1024K)]
  0x000001e0f4c161a0 JavaThread "Service Thread"             daemon [_thread_blocked, id=10196, stack(0x0000002296800000,0x0000002296900000) (1024K)]
  0x000001e0f4c1ec00 JavaThread "Monitor Deflation Thread"   daemon [_thread_blocked, id=7564, stack(0x0000002296900000,0x0000002296a00000) (1024K)]
=>0x000001e0f4c292a0 JavaThread "C2 CompilerThread0"         daemon [_thread_in_native, id=14640, stack(0x0000002296a00000,0x0000002296b00000) (1024K)]
  0x000001e0f4c29d30 JavaThread "C1 CompilerThread0"         daemon [_thread_blocked, id=7260, stack(0x0000002296b00000,0x0000002296c00000) (1024K)]
  0x000001e0f9077ec0 JavaThread "Common-Cleaner"             daemon [_thread_blocked, id=11404, stack(0x0000002296c00000,0x0000002296d00000) (1024K)]
  0x000001e0f91f5010 JavaThread "JDWP Transport Listener: dt_socket" daemon [_thread_blocked, id=9776, stack(0x0000002296d00000,0x0000002296e00000) (1024K)]
  0x000001e0f913d8a0 JavaThread "JDWP Event Helper Thread"   daemon [_thread_blocked, id=14044, stack(0x0000002296e00000,0x0000002296f00000) (1024K)]
  0x000001e0f9140300 JavaThread "JDWP Command Reader"        daemon [_thread_in_native, id=10432, stack(0x0000002296f00000,0x0000002297000000) (1024K)]
  0x000001e0f916ef00 JavaThread "Notification Thread"        daemon [_thread_blocked, id=24672, stack(0x0000002297000000,0x0000002297100000) (1024K)]
  0x000001e0f9a1e610 JavaThread "RMI TCP Accept-0"           daemon [_thread_in_native, id=22956, stack(0x0000002297100000,0x0000002297200000) (1024K)]
  0x000001e0f9d39fd0 JavaThread "RMI TCP Accept-45556"       daemon [_thread_in_native, id=14544, stack(0x0000002297200000,0x0000002297300000) (1024K)]
  0x000001e0f9d3b7c0 JavaThread "RMI TCP Accept-0"           daemon [_thread_in_native, id=2732, stack(0x0000002297300000,0x0000002297400000) (1024K)]
  0x000001e0f9d50a70 JavaThread "Thread-0"                          [_thread_blocked, id=14892, stack(0x0000002297b00000,0x0000002297c00000) (1024K)]
  0x000001e0f9d4b2e0 JavaThread "restartedMain"                     [_thread_blocked, id=19016, stack(0x0000002297c00000,0x0000002297d00000) (1024K)]
  0x000001e0faa6b010 JavaThread "background-preinit"                [_thread_in_native, id=16528, stack(0x0000002297d00000,0x0000002297e00000) (1024K)]
  0x000001e0fa7d96f0 JavaThread "RMI TCP Connection(1)-127.0.0.1" daemon [_thread_in_native, id=5220, stack(0x0000002297e00000,0x0000002297f00000) (1024K)]
  0x000001e0fa813f10 JavaThread "RMI Scheduler(0)"           daemon [_thread_blocked, id=5144, stack(0x0000002297f00000,0x0000002298000000) (1024K)]
  0x000001e0fac3e180 JavaThread "RMI TCP Connection(2)-127.0.0.1" daemon [_thread_in_native, id=9520, stack(0x0000002298000000,0x0000002298100000) (1024K)]
Total: 23

Other Threads:
  0x000001e0f4bf6810 VMThread "VM Thread"                           [id=3340, stack(0x0000002296300000,0x0000002296400000) (1024K)]
  0x000001e0f4be5510 WatcherThread "VM Periodic Task Thread"        [id=20108, stack(0x0000002296200000,0x0000002296300000) (1024K)]
  0x000001e0d99db720 WorkerThread "GC Thread#0"                     [id=20724, stack(0x0000002295d00000,0x0000002295e00000) (1024K)]
  0x000001e0fa0cc9d0 WorkerThread "GC Thread#1"                     [id=1176, stack(0x0000002297400000,0x0000002297500000) (1024K)]
  0x000001e0fa0b7a20 WorkerThread "GC Thread#2"                     [id=5400, stack(0x0000002297500000,0x0000002297600000) (1024K)]
  0x000001e0f9df00e0 WorkerThread "GC Thread#3"                     [id=4960, stack(0x0000002297600000,0x0000002297700000) (1024K)]
  0x000001e0f9df0480 WorkerThread "GC Thread#4"                     [id=13792, stack(0x0000002297700000,0x0000002297800000) (1024K)]
  0x000001e0f9df0820 WorkerThread "GC Thread#5"                     [id=20884, stack(0x0000002297800000,0x0000002297900000) (1024K)]
  0x000001e0f9df0bc0 WorkerThread "GC Thread#6"                     [id=12460, stack(0x0000002297900000,0x0000002297a00000) (1024K)]
  0x000001e0f9df0f60 WorkerThread "GC Thread#7"                     [id=11544, stack(0x0000002297a00000,0x0000002297b00000) (1024K)]
  0x000001e0d99e3240 ConcurrentGCThread "G1 Main Marker"            [id=2948, stack(0x0000002295e00000,0x0000002295f00000) (1024K)]
  0x000001e0d99e4f00 WorkerThread "G1 Conc#0"                       [id=12548, stack(0x0000002295f00000,0x0000002296000000) (1024K)]
  0x000001e0d9a4e4f0 ConcurrentGCThread "G1 Refine#0"               [id=22908, stack(0x0000002296000000,0x0000002296100000) (1024K)]
  0x000001e0d7842640 ConcurrentGCThread "G1 Service"                [id=11924, stack(0x0000002296100000,0x0000002296200000) (1024K)]
Total: 14

Threads with active compile tasks:
C2 CompilerThread0     4295 2407       4       java.lang.invoke.MethodType::makeImpl (109 bytes)
Total: 1

VM state: not at safepoint (normal execution)

VM Mutex/Monitor currently owned by a thread: None

Heap address: 0x00000000ca600000, size: 858 MB, Compressed Oops mode: 32-bit

CDS archive(s) mapped at: [0x000001e080000000-0x000001e080c90000-0x000001e080c90000), size 13172736, SharedBaseAddress: 0x000001e080000000, ArchiveRelocationMode: 1.
Compressed class space mapped at: 0x000001e081000000-0x000001e0c1000000, reserved size: 1073741824
Narrow klass base: 0x000001e080000000, Narrow klass shift: 0, Narrow klass range: 0x100000000

GC Precious Log:
 CardTable entry size: 512
 Card Set container configuration: InlinePtr #cards 5 size 8 Array Of Cards #cards 12 size 40 Howl #buckets 4 coarsen threshold 1843 Howl Bitmap #cards 512 size 80 coarsen threshold 460 Card regions per heap region 1 cards per card region 2048
 CPUs: 8 total, 8 available
 Memory: 3429M
 Large Page Support: Disabled
 NUMA Support: Disabled
 Compressed Oops: Enabled (32-bit)
 Heap Region Size: 1M
 Heap Min Capacity: 8M
 Heap Initial Capacity: 54M
 Heap Max Capacity: 858M
 Pre-touch: Disabled
 Parallel Workers: 8
 Concurrent Workers: 2
 Concurrent Refinement Workers: 8
 Periodic GC: Disabled

Heap:
 garbage-first heap   total 55296K, used 32109K [0x00000000ca600000, 0x0000000100000000)
  region size 1024K, 25 young (25600K), 2 survivors (2048K)
 Metaspace       used 19031K, committed 19328K, reserved 1114112K
  class space    used 2228K, committed 2368K, reserved 1048576K

Heap Regions: E=young(eden), S=young(survivor), O=old, HS=humongous(starts), HC=humongous(continues), CS=collection set, F=free, TAMS=top-at-mark-start, PB=parsable bottom
|   0|0x00000000ca600000, 0x00000000ca700000, 0x00000000ca700000|100%|HS|  |TAMS 0x00000000ca600000| PB 0x00000000ca600000| Complete 
|   1|0x00000000ca700000, 0x00000000ca800000, 0x00000000ca800000|100%|HS|  |TAMS 0x00000000ca700000| PB 0x00000000ca700000| Complete 
|   2|0x00000000ca800000, 0x00000000ca900000, 0x00000000ca900000|100%| O|  |TAMS 0x00000000ca800000| PB 0x00000000ca800000| Untracked 
|   3|0x00000000ca900000, 0x00000000caa00000, 0x00000000caa00000|100%| O|  |TAMS 0x00000000ca900000| PB 0x00000000ca900000| Untracked 
|   4|0x00000000caa00000, 0x00000000cab00000, 0x00000000cab00000|100%| O|  |TAMS 0x00000000caa00000| PB 0x00000000caa00000| Untracked 
|   5|0x00000000cab00000, 0x00000000cac00000, 0x00000000cac00000|100%| O|  |TAMS 0x00000000cab00000| PB 0x00000000cab00000| Untracked 
|   6|0x00000000cac00000, 0x00000000cad00000, 0x00000000cad00000|100%| O|  |TAMS 0x00000000cac00000| PB 0x00000000cac00000| Untracked 
|   7|0x00000000cad00000, 0x00000000cae00000, 0x00000000cae00000|100%| O|  |TAMS 0x00000000cad00000| PB 0x00000000cad00000| Untracked 
|   8|0x00000000cae00000, 0x00000000caea4bd8, 0x00000000caf00000| 64%| O|  |TAMS 0x00000000cae00000| PB 0x00000000cae00000| Untracked 
|   9|0x00000000caf00000, 0x00000000caf00000, 0x00000000cb000000|  0%| F|  |TAMS 0x00000000caf00000| PB 0x00000000caf00000| Untracked 
|  10|0x00000000cb000000, 0x00000000cb000000, 0x00000000cb100000|  0%| F|  |TAMS 0x00000000cb000000| PB 0x00000000cb000000| Untracked 
|  11|0x00000000cb100000, 0x00000000cb100000, 0x00000000cb200000|  0%| F|  |TAMS 0x00000000cb100000| PB 0x00000000cb100000| Untracked 
|  12|0x00000000cb200000, 0x00000000cb200000, 0x00000000cb300000|  0%| F|  |TAMS 0x00000000cb200000| PB 0x00000000cb200000| Untracked 
|  13|0x00000000cb300000, 0x00000000cb300000, 0x00000000cb400000|  0%| F|  |TAMS 0x00000000cb300000| PB 0x00000000cb300000| Untracked 
|  14|0x00000000cb400000, 0x00000000cb400000, 0x00000000cb500000|  0%| F|  |TAMS 0x00000000cb400000| PB 0x00000000cb400000| Untracked 
|  15|0x00000000cb500000, 0x00000000cb500000, 0x00000000cb600000|  0%| F|  |TAMS 0x00000000cb500000| PB 0x00000000cb500000| Untracked 
|  16|0x00000000cb600000, 0x00000000cb600000, 0x00000000cb700000|  0%| F|  |TAMS 0x00000000cb600000| PB 0x00000000cb600000| Untracked 
|  17|0x00000000cb700000, 0x00000000cb700000, 0x00000000cb800000|  0%| F|  |TAMS 0x00000000cb700000| PB 0x00000000cb700000| Untracked 
|  18|0x00000000cb800000, 0x00000000cb800000, 0x00000000cb900000|  0%| F|  |TAMS 0x00000000cb800000| PB 0x00000000cb800000| Untracked 
|  19|0x00000000cb900000, 0x00000000cb900000, 0x00000000cba00000|  0%| F|  |TAMS 0x00000000cb900000| PB 0x00000000cb900000| Untracked 
|  20|0x00000000cba00000, 0x00000000cba00000, 0x00000000cbb00000|  0%| F|  |TAMS 0x00000000cba00000| PB 0x00000000cba00000| Untracked 
|  21|0x00000000cbb00000, 0x00000000cbb00000, 0x00000000cbc00000|  0%| F|  |TAMS 0x00000000cbb00000| PB 0x00000000cbb00000| Untracked 
|  22|0x00000000cbc00000, 0x00000000cbc00000, 0x00000000cbd00000|  0%| F|  |TAMS 0x00000000cbc00000| PB 0x00000000cbc00000| Untracked 
|  23|0x00000000cbd00000, 0x00000000cbd00000, 0x00000000cbe00000|  0%| F|  |TAMS 0x00000000cbd00000| PB 0x00000000cbd00000| Untracked 
|  24|0x00000000cbe00000, 0x00000000cbe00000, 0x00000000cbf00000|  0%| F|  |TAMS 0x00000000cbe00000| PB 0x00000000cbe00000| Untracked 
|  25|0x00000000cbf00000, 0x00000000cbf00000, 0x00000000cc000000|  0%| F|  |TAMS 0x00000000cbf00000| PB 0x00000000cbf00000| Untracked 
|  26|0x00000000cc000000, 0x00000000cc000000, 0x00000000cc100000|  0%| F|  |TAMS 0x00000000cc000000| PB 0x00000000cc000000| Untracked 
|  27|0x00000000cc100000, 0x00000000cc100000, 0x00000000cc200000|  0%| F|  |TAMS 0x00000000cc100000| PB 0x00000000cc100000| Untracked 
|  28|0x00000000cc200000, 0x00000000cc200000, 0x00000000cc300000|  0%| F|  |TAMS 0x00000000cc200000| PB 0x00000000cc200000| Untracked 
|  29|0x00000000cc300000, 0x00000000cc3e64a0, 0x00000000cc400000| 89%| E|  |TAMS 0x00000000cc300000| PB 0x00000000cc300000| Complete 
|  30|0x00000000cc400000, 0x00000000cc500000, 0x00000000cc500000|100%| E|  |TAMS 0x00000000cc400000| PB 0x00000000cc400000| Complete 
|  31|0x00000000cc500000, 0x00000000cc5b6880, 0x00000000cc600000| 71%| S|CS|TAMS 0x00000000cc500000| PB 0x00000000cc500000| Complete 
|  32|0x00000000cc600000, 0x00000000cc700000, 0x00000000cc700000|100%| S|CS|TAMS 0x00000000cc600000| PB 0x00000000cc600000| Complete 
|  33|0x00000000cc700000, 0x00000000cc800000, 0x00000000cc800000|100%| E|CS|TAMS 0x00000000cc700000| PB 0x00000000cc700000| Complete 
|  34|0x00000000cc800000, 0x00000000cc900000, 0x00000000cc900000|100%| E|CS|TAMS 0x00000000cc800000| PB 0x00000000cc800000| Complete 
|  35|0x00000000cc900000, 0x00000000cca00000, 0x00000000cca00000|100%| E|CS|TAMS 0x00000000cc900000| PB 0x00000000cc900000| Complete 
|  36|0x00000000cca00000, 0x00000000ccb00000, 0x00000000ccb00000|100%| E|CS|TAMS 0x00000000cca00000| PB 0x00000000cca00000| Complete 
|  37|0x00000000ccb00000, 0x00000000ccc00000, 0x00000000ccc00000|100%| E|CS|TAMS 0x00000000ccb00000| PB 0x00000000ccb00000| Complete 
|  38|0x00000000ccc00000, 0x00000000ccd00000, 0x00000000ccd00000|100%| E|CS|TAMS 0x00000000ccc00000| PB 0x00000000ccc00000| Complete 
|  39|0x00000000ccd00000, 0x00000000cce00000, 0x00000000cce00000|100%| E|CS|TAMS 0x00000000ccd00000| PB 0x00000000ccd00000| Complete 
|  40|0x00000000cce00000, 0x00000000ccf00000, 0x00000000ccf00000|100%| E|CS|TAMS 0x00000000cce00000| PB 0x00000000cce00000| Complete 
|  41|0x00000000ccf00000, 0x00000000cd000000, 0x00000000cd000000|100%| E|CS|TAMS 0x00000000ccf00000| PB 0x00000000ccf00000| Complete 
|  42|0x00000000cd000000, 0x00000000cd100000, 0x00000000cd100000|100%| E|CS|TAMS 0x00000000cd000000| PB 0x00000000cd000000| Complete 
|  43|0x00000000cd100000, 0x00000000cd200000, 0x00000000cd200000|100%| E|CS|TAMS 0x00000000cd100000| PB 0x00000000cd100000| Complete 
|  44|0x00000000cd200000, 0x00000000cd300000, 0x00000000cd300000|100%| E|CS|TAMS 0x00000000cd200000| PB 0x00000000cd200000| Complete 
|  45|0x00000000cd300000, 0x00000000cd400000, 0x00000000cd400000|100%| E|CS|TAMS 0x00000000cd300000| PB 0x00000000cd300000| Complete 
|  46|0x00000000cd400000, 0x00000000cd500000, 0x00000000cd500000|100%| E|CS|TAMS 0x00000000cd400000| PB 0x00000000cd400000| Complete 
|  47|0x00000000cd500000, 0x00000000cd600000, 0x00000000cd600000|100%| E|CS|TAMS 0x00000000cd500000| PB 0x00000000cd500000| Complete 
|  48|0x00000000cd600000, 0x00000000cd700000, 0x00000000cd700000|100%| E|CS|TAMS 0x00000000cd600000| PB 0x00000000cd600000| Complete 
|  49|0x00000000cd700000, 0x00000000cd800000, 0x00000000cd800000|100%| E|CS|TAMS 0x00000000cd700000| PB 0x00000000cd700000| Complete 
|  50|0x00000000cd800000, 0x00000000cd900000, 0x00000000cd900000|100%| E|CS|TAMS 0x00000000cd800000| PB 0x00000000cd800000| Complete 
|  51|0x00000000cd900000, 0x00000000cda00000, 0x00000000cda00000|100%| E|CS|TAMS 0x00000000cd900000| PB 0x00000000cd900000| Complete 
|  52|0x00000000cda00000, 0x00000000cdb00000, 0x00000000cdb00000|100%| E|CS|TAMS 0x00000000cda00000| PB 0x00000000cda00000| Complete 
|  53|0x00000000cdb00000, 0x00000000cdc00000, 0x00000000cdc00000|100%| E|CS|TAMS 0x00000000cdb00000| PB 0x00000000cdb00000| Complete 

Card table byte_map: [0x000001e0f12f0000,0x000001e0f14a0000] _byte_map_base: 0x000001e0f0c9d000

Marking Bits: (CMBitMap*) 0x000001e0d99dbe20
 Bits: [0x000001e0f14a0000, 0x000001e0f2208000)

Polling page: 0x000001e0d9150000

Metaspace:

Usage:
  Non-class:     16.42 MB used.
      Class:      2.18 MB used.
       Both:     18.60 MB used.

Virtual space:
  Non-class space:       64.00 MB reserved,      16.62 MB ( 26%) committed,  1 nodes.
      Class space:        1.00 GB reserved,       2.31 MB ( <1%) committed,  1 nodes.
             Both:        1.06 GB reserved,      18.94 MB (  2%) committed. 

Chunk freelists:
   Non-Class:  14.67 MB
       Class:  13.56 MB
        Both:  28.23 MB

MaxMetaspaceSize: unlimited
CompressedClassSpaceSize: 1.00 GB
Initial GC threshold: 21.00 MB
Current GC threshold: 21.00 MB
CDS: on
 - commit_granule_bytes: 65536.
 - commit_granule_words: 8192.
 - virtual_space_node_default_size: 8388608.
 - enlarge_chunks_in_place: 1.
 - use_allocation_guard: 0.


Internal statistics:

num_allocs_failed_limit: 0.
num_arena_births: 372.
num_arena_deaths: 0.
num_vsnodes_births: 2.
num_vsnodes_deaths: 0.
num_space_committed: 303.
num_space_uncommitted: 0.
num_chunks_returned_to_freelist: 0.
num_chunks_taken_from_freelist: 869.
num_chunk_merges: 0.
num_chunk_splits: 592.
num_chunks_enlarged: 425.
num_inconsistent_stats: 0.

CodeHeap 'non-profiled nmethods': size=120000Kb used=941Kb max_used=941Kb free=119058Kb
 bounds [0x000001e0e98e0000, 0x000001e0e9b50000, 0x000001e0f0e10000]
CodeHeap 'profiled nmethods': size=120000Kb used=4812Kb max_used=4812Kb free=115187Kb
 bounds [0x000001e0e1e10000, 0x000001e0e22d0000, 0x000001e0e9340000]
CodeHeap 'non-nmethods': size=5760Kb used=1507Kb max_used=1512Kb free=4252Kb
 bounds [0x000001e0e9340000, 0x000001e0e95b0000, 0x000001e0e98e0000]
 total_blobs=3027 nmethods=2494 adapters=437
 compilation: enabled
              stopped_count=0, restarted_count=0
 full_count=0

Compilation events (20 events):
Event: 4.155 Thread 0x000001e0f4c29d30 2489       3       java.lang.Byte::toUnsignedInt (6 bytes)
Event: 4.155 Thread 0x000001e0f4c29d30 nmethod 2489 0x000001e0e22bc290 code [0x000001e0e22bc420, 0x000001e0e22bc518]
Event: 4.156 Thread 0x000001e0f4c29d30 2490       3       java.util.zip.ZipUtils::get32S (17 bytes)
Event: 4.156 Thread 0x000001e0f4c29d30 nmethod 2490 0x000001e0e22bc590 code [0x000001e0e22bc740, 0x000001e0e22bc9a0]
Event: 4.158 Thread 0x000001e0f4c29d30 2491       3       java.util.zip.ZipEntry::setExtra0 (493 bytes)
Event: 4.161 Thread 0x000001e0f4c29d30 nmethod 2491 0x000001e0e22bcb10 code [0x000001e0e22bcec0, 0x000001e0e22bec10]
Event: 4.257 Thread 0x000001e0f4c29d30 2492       3       java.util.Arrays::asList (9 bytes)
Event: 4.258 Thread 0x000001e0f4c29d30 nmethod 2492 0x000001e0e22bf690 code [0x000001e0e22bf880, 0x000001e0e22bfd10]
Event: 4.258 Thread 0x000001e0f4c29d30 2494       3       java.security.AccessController::doPrivileged (9 bytes)
Event: 4.258 Thread 0x000001e0f4c29d30 nmethod 2494 0x000001e0e22bff10 code [0x000001e0e22c00e0, 0x000001e0e22c0428]
Event: 4.258 Thread 0x000001e0f4c29d30 2493       3       java.util.Arrays$ArrayList::<init> (16 bytes)
Event: 4.259 Thread 0x000001e0f4c29d30 nmethod 2493 0x000001e0e22c0590 code [0x000001e0e22c0760, 0x000001e0e22c0b50]
Event: 4.259 Thread 0x000001e0f4c29d30 2495       3       jdk.internal.loader.AbstractClassLoaderValue::<init> (5 bytes)
Event: 4.259 Thread 0x000001e0f4c29d30 nmethod 2495 0x000001e0e22c0d10 code [0x000001e0e22c0ea0, 0x000001e0e22c1008]
Event: 4.259 Thread 0x000001e0f4c29d30 2496       3       jdk.internal.loader.AbstractClassLoaderValue::sub (10 bytes)
Event: 4.259 Thread 0x000001e0f4c29d30 nmethod 2496 0x000001e0e22c1090 code [0x000001e0e22c1240, 0x000001e0e22c1578]
Event: 4.259 Thread 0x000001e0f4c29d30 2497       3       jdk.internal.loader.AbstractClassLoaderValue$Sub::<init> (15 bytes)
Event: 4.259 Thread 0x000001e0f4c29d30 nmethod 2497 0x000001e0e22c1690 code [0x000001e0e22c1840, 0x000001e0e22c1ac0]
Event: 4.259 Thread 0x000001e0f4c29d30 2498       3       org.springframework.util.ClassUtils::resolvePrimitiveIfNecessary (37 bytes)
Event: 4.260 Thread 0x000001e0f4c29d30 nmethod 2498 0x000001e0e22c1b90 code [0x000001e0e22c1d80, 0x000001e0e22c21e8]

GC Heap History (4 events):
Event: 2.382 GC heap before
{Heap before GC invocations=0 (full 0):
 garbage-first heap   total 55296K, used 25600K [0x00000000ca600000, 0x0000000100000000)
  region size 1024K, 23 young (23552K), 0 survivors (0K)
 Metaspace       used 8254K, committed 8512K, reserved 1114112K
  class space    used 869K, committed 960K, reserved 1048576K
}
Event: 2.399 GC heap after
{Heap after GC invocations=1 (full 0):
 garbage-first heap   total 55296K, used 8740K [0x00000000ca600000, 0x0000000100000000)
  region size 1024K, 3 young (3072K), 3 survivors (3072K)
 Metaspace       used 8254K, committed 8512K, reserved 1114112K
  class space    used 869K, committed 960K, reserved 1048576K
}
Event: 3.718 GC heap before
{Heap before GC invocations=1 (full 0):
 garbage-first heap   total 55296K, used 29220K [0x00000000ca600000, 0x0000000100000000)
  region size 1024K, 24 young (24576K), 3 survivors (3072K)
 Metaspace       used 12780K, committed 13056K, reserved 1114112K
  class space    used 1494K, committed 1600K, reserved 1048576K
}
Event: 3.724 GC heap after
{Heap after GC invocations=2 (full 0):
 garbage-first heap   total 55296K, used 10605K [0x00000000ca600000, 0x0000000100000000)
  region size 1024K, 2 young (2048K), 2 survivors (2048K)
 Metaspace       used 12780K, committed 13056K, reserved 1114112K
  class space    used 1494K, committed 1600K, reserved 1048576K
}

Dll operation events (9 events):
Event: 0.045 Loaded shared library C:\Program Files\Java\jdk-21\bin\java.dll
Event: 0.150 Loaded shared library C:\Program Files\Java\jdk-21\bin\jsvml.dll
Event: 1.090 Loaded shared library C:\Program Files\Java\jdk-21\bin\jimage.dll
Event: 1.102 Loaded shared library C:\Program Files\Java\jdk-21\bin\net.dll
Event: 1.105 Loaded shared library C:\Program Files\Java\jdk-21\bin\nio.dll
Event: 1.110 Loaded shared library C:\Program Files\Java\jdk-21\bin\zip.dll
Event: 1.202 Loaded shared library C:\Program Files\Java\jdk-21\bin\management.dll
Event: 1.235 Loaded shared library C:\Program Files\Java\jdk-21\bin\management_ext.dll
Event: 1.861 Loaded shared library C:\Program Files\Java\jdk-21\bin\extnet.dll

Deoptimization events (20 events):
Event: 4.105 Thread 0x000001e0f9d4b2e0 DEOPT PACKING pc=0x000001e0e99c3a84 sp=0x0000002297cfd500
Event: 4.105 Thread 0x000001e0f9d4b2e0 DEOPT UNPACKING pc=0x000001e0e93946a2 sp=0x0000002297cfd480 mode 2
Event: 4.127 Thread 0x000001e0f9d4b2e0 DEOPT PACKING pc=0x000001e0e2073751 sp=0x0000002297cfd010
Event: 4.127 Thread 0x000001e0f9d4b2e0 DEOPT UNPACKING pc=0x000001e0e9394e42 sp=0x0000002297cfc468 mode 1
Event: 4.127 Thread 0x000001e0f9d4b2e0 DEOPT PACKING pc=0x000001e0e206b264 sp=0x0000002297cfd0a0
Event: 4.127 Thread 0x000001e0f9d4b2e0 DEOPT UNPACKING pc=0x000001e0e9394e42 sp=0x0000002297cfc548 mode 1
Event: 4.127 Thread 0x000001e0f9d4b2e0 DEOPT PACKING pc=0x000001e0e210e4ec sp=0x0000002297cfdb20
Event: 4.127 Thread 0x000001e0f9d4b2e0 DEOPT UNPACKING pc=0x000001e0e9394e42 sp=0x0000002297cfcfe8 mode 1
Event: 4.127 Thread 0x000001e0f9d4b2e0 DEOPT PACKING pc=0x000001e0e2026a6c sp=0x0000002297cfdbb0
Event: 4.127 Thread 0x000001e0f9d4b2e0 DEOPT UNPACKING pc=0x000001e0e9394e42 sp=0x0000002297cfd088 mode 1
Event: 4.152 Thread 0x000001e0f9d4b2e0 DEOPT PACKING pc=0x000001e0e2229098 sp=0x0000002297cfdbc0
Event: 4.152 Thread 0x000001e0f9d4b2e0 DEOPT UNPACKING pc=0x000001e0e9394e42 sp=0x0000002297cfd058 mode 0
Event: 4.255 Thread 0x000001e0f9d4b2e0 Uncommon trap: trap_request=0xffffff45 fr.pc=0x000001e0e99607b4 relative=0x0000000000000774
Event: 4.255 Thread 0x000001e0f9d4b2e0 Uncommon trap: reason=unstable_if action=reinterpret pc=0x000001e0e99607b4 method=java.util.ArrayList.grow(I)[Ljava/lang/Object; @ 17 c2
Event: 4.255 Thread 0x000001e0f9d4b2e0 DEOPT PACKING pc=0x000001e0e99607b4 sp=0x0000002297cfe570
Event: 4.255 Thread 0x000001e0f9d4b2e0 DEOPT UNPACKING pc=0x000001e0e93946a2 sp=0x0000002297cfe448 mode 2
Event: 4.260 Thread 0x000001e0fac3e180 Uncommon trap: trap_request=0xffffffc6 fr.pc=0x000001e0e9973fbc relative=0x000000000000027c
Event: 4.260 Thread 0x000001e0fac3e180 Uncommon trap: reason=bimorphic_or_optimized_type_check action=maybe_recompile pc=0x000001e0e9973fbc method=java.util.concurrent.locks.AbstractQueuedSynchronizer.release(I)Z @ 2 c2
Event: 4.260 Thread 0x000001e0fac3e180 DEOPT PACKING pc=0x000001e0e9973fbc sp=0x00000022980ff470
Event: 4.260 Thread 0x000001e0fac3e180 DEOPT UNPACKING pc=0x000001e0e93946a2 sp=0x00000022980ff448 mode 2

Classes loaded (20 events):
Event: 4.057 Loading class java/rmi/server/RMIClassLoader$2
Event: 4.057 Loading class java/rmi/server/RMIClassLoaderSpi
Event: 4.057 Loading class java/rmi/server/RMIClassLoaderSpi done
Event: 4.057 Loading class java/rmi/server/RMIClassLoader$2 done
Event: 4.057 Loading class java/rmi/server/RMIClassLoader$1
Event: 4.057 Loading class java/rmi/server/RMIClassLoader$1 done
Event: 4.058 Loading class sun/rmi/server/LoaderHandler
Event: 4.059 Loading class sun/rmi/server/LoaderHandler done
Event: 4.061 Loading class sun/rmi/transport/DGCAckHandler
Event: 4.061 Loading class sun/rmi/transport/DGCAckHandler done
Event: 4.062 Loading class sun/rmi/transport/DGCAckHandler$1
Event: 4.062 Loading class sun/rmi/transport/DGCAckHandler$1 done
Event: 4.062 Loading class java/util/concurrent/ScheduledThreadPoolExecutor$ScheduledFutureTask
Event: 4.062 Loading class java/util/concurrent/FutureTask
Event: 4.063 Loading class java/util/concurrent/FutureTask done
Event: 4.063 Loading class java/util/concurrent/ScheduledThreadPoolExecutor$ScheduledFutureTask done
Event: 4.063 Loading class java/util/concurrent/FutureTask$WaitNode
Event: 4.064 Loading class java/util/concurrent/FutureTask$WaitNode done
Event: 4.064 Loading class java/util/concurrent/Executors$RunnableAdapter
Event: 4.064 Loading class java/util/concurrent/Executors$RunnableAdapter done

Classes unloaded (0 events):
No events

Classes redefined (0 events):
No events

Internal exceptions (20 events):
Event: 3.418 Thread 0x000001e0f9d4b2e0 Exception <a 'java/lang/NoSuchMethodError'{0x00000000ccb074b0}: 'java.lang.Object java.lang.invoke.DirectMethodHandle$Holder.newInvokeSpecial(java.lang.Object, java.lang.Object, java.lang.Object, int, java.lang.Object)'> (0x00000000ccb074b0) 
thrown [s\open\src\hotspot\share\interpreter\linkResolver.cpp, line 773]
Event: 3.418 Thread 0x000001e0f9d4b2e0 Exception <a 'java/lang/NoSuchMethodError'{0x00000000ccb0e988}: 'java.lang.Object java.lang.invoke.Invokers$Holder.linkToTargetMethod(java.lang.Object, java.lang.Object, int, java.lang.Object, java.lang.Object)'> (0x00000000ccb0e988) 
thrown [s\open\src\hotspot\share\interpreter\linkResolver.cpp, line 773]
Event: 3.420 Thread 0x000001e0f9d4b2e0 Exception <a 'java/lang/NoSuchMethodError'{0x00000000ccb1c9b8}: 'java.lang.Object java.lang.invoke.DirectMethodHandle$Holder.newInvokeSpecial(java.lang.Object, int, java.lang.Object)'> (0x00000000ccb1c9b8) 
thrown [s\open\src\hotspot\share\interpreter\linkResolver.cpp, line 773]
Event: 3.421 Thread 0x000001e0f9d4b2e0 Exception <a 'java/lang/NoSuchMethodError'{0x00000000ccb20678}: 'int java.lang.invoke.DirectMethodHandle$Holder.invokeSpecialIFC(java.lang.Object, java.lang.Object, java.lang.Object, java.lang.Object)'> (0x00000000ccb20678) 
thrown [s\open\src\hotspot\share\interpreter\linkResolver.cpp, line 773]
Event: 3.520 Thread 0x000001e0f9d4b2e0 Exception <a 'java/lang/NoSuchMethodError'{0x00000000ccae75f0}: 'void java.lang.invoke.DirectMethodHandle$Holder.invokeInterface(java.lang.Object, java.lang.Object, java.lang.Object)'> (0x00000000ccae75f0) 
thrown [s\open\src\hotspot\share\interpreter\linkResolver.cpp, line 773]
Event: 3.567 Thread 0x000001e0f9d4b2e0 Exception <a 'java/lang/NoSuchMethodError'{0x00000000cc98f630}: 'void java.lang.invoke.DirectMethodHandle$Holder.invokeStaticInit(java.lang.Object, java.lang.Object, java.lang.Object)'> (0x00000000cc98f630) 
thrown [s\open\src\hotspot\share\interpreter\linkResolver.cpp, line 773]
Event: 3.575 Thread 0x000001e0f9d4b2e0 Exception <a 'java/lang/NoSuchMethodError'{0x00000000cc9ce008}: 'java.lang.Object java.lang.invoke.DirectMethodHandle$Holder.invokeVirtual(java.lang.Object, java.lang.Object, java.lang.Object)'> (0x00000000cc9ce008) 
thrown [s\open\src\hotspot\share\interpreter\linkResolver.cpp, line 773]
Event: 3.605 Thread 0x000001e0f9d4b2e0 Exception <a 'java/lang/NoSuchMethodError'{0x00000000cc83c298}: 'void java.lang.invoke.DirectMethodHandle$Holder.invokeVirtual(java.lang.Object, java.lang.Object, java.lang.Object, java.lang.Object)'> (0x00000000cc83c298) 
thrown [s\open\src\hotspot\share\interpreter\linkResolver.cpp, line 773]
Event: 3.729 Thread 0x000001e0faa6b010 Exception <a 'java/lang/NoClassDefFoundError'{0x00000000cdb94e78}: jakarta/validation/Validation> (0x00000000cdb94e78) 
thrown [s\open\src\hotspot\share\classfile\systemDictionary.cpp, line 301]
Event: 3.743 Thread 0x000001e0f9d4b2e0 Exception <a 'java/lang/NoSuchMethodError'{0x00000000cdb37000}: 'java.lang.reflect.Field[] java.lang.Class.getDeclaredFields(java.lang.Class)'> (0x00000000cdb37000) 
thrown [s\open\src\hotspot\share\interpreter\linkResolver.cpp, line 773]
Event: 3.744 Thread 0x000001e0f9d4b2e0 Exception <a 'java/lang/NoSuchMethodError'{0x00000000cdb3b8d0}: 'java.lang.Object java.lang.invoke.DirectMethodHandle$Holder.invokeStatic(java.lang.Object, java.lang.Object, int)'> (0x00000000cdb3b8d0) 
thrown [s\open\src\hotspot\share\interpreter\linkResolver.cpp, line 773]
Event: 3.747 Thread 0x000001e0f9d4b2e0 Exception <a 'java/lang/NoSuchMethodError'{0x00000000cdb46a80}: 'void java.lang.invoke.DelegatingMethodHandle$Holder.delegate(java.lang.Object, java.lang.Object, int, java.lang.Object)'> (0x00000000cdb46a80) 
thrown [s\open\src\hotspot\share\interpreter\linkResolver.cpp, line 773]
Event: 3.773 Thread 0x000001e0f9d4b2e0 Exception <a 'java/lang/NoSuchMethodError'{0x00000000cdae07e0}: 'void java.lang.invoke.DirectMethodHandle$Holder.invokeVirtual(java.lang.Object, java.lang.Object, int)'> (0x00000000cdae07e0) 
thrown [s\open\src\hotspot\share\interpreter\linkResolver.cpp, line 773]
Event: 3.775 Thread 0x000001e0f9d4b2e0 Exception <a 'java/lang/NoSuchMethodError'{0x00000000cdae4c50}: 'int java.lang.invoke.DirectMethodHandle$Holder.invokeSpecial(java.lang.Object, java.lang.Object, java.lang.Object, int)'> (0x00000000cdae4c50) 
thrown [s\open\src\hotspot\share\interpreter\linkResolver.cpp, line 773]
Event: 3.777 Thread 0x000001e0f9d4b2e0 Exception <a 'java/lang/NoSuchMethodError'{0x00000000cdaf6d78}: 'java.lang.Object java.lang.invoke.DirectMethodHandle$Holder.invokeStatic(java.lang.Object, java.lang.Object, java.lang.Object, java.lang.Object, int)'> (0x00000000cdaf6d78) 
thrown [s\open\src\hotspot\share\interpreter\linkResolver.cpp, line 773]
Event: 3.779 Thread 0x000001e0f9d4b2e0 Exception <a 'java/lang/NoSuchMethodError'{0x00000000cd922fb8}: 'void java.lang.invoke.DelegatingMethodHandle$Holder.reinvoke_L(java.lang.Object, java.lang.Object, int)'> (0x00000000cd922fb8) 
thrown [s\open\src\hotspot\share\interpreter\linkResolver.cpp, line 773]
Event: 3.784 Thread 0x000001e0f9d4b2e0 Exception <a 'java/lang/IncompatibleClassChangeError'{0x00000000cd986c38}: Found class java.lang.Object, but interface was expected> (0x00000000cd986c38) 
thrown [s\open\src\hotspot\share\interpreter\linkResolver.cpp, line 840]
Event: 3.794 Thread 0x000001e0f9d4b2e0 Exception <a 'java/lang/NoSuchMethodError'{0x00000000cd9a2b48}: 'java.lang.Object java.lang.invoke.DirectMethodHandle$Holder.invokeStaticInit(java.lang.Object, int)'> (0x00000000cd9a2b48) 
thrown [s\open\src\hotspot\share\interpreter\linkResolver.cpp, line 773]
Event: 3.796 Thread 0x000001e0f9d4b2e0 Exception <a 'java/lang/NoSuchMethodError'{0x00000000cd9c3fe8}: 'java.lang.Object java.lang.invoke.DirectMethodHandle$Holder.invokeStatic(java.lang.Object, int, java.lang.Object)'> (0x00000000cd9c3fe8) 
thrown [s\open\src\hotspot\share\interpreter\linkResolver.cpp, line 773]
Event: 3.797 Thread 0x000001e0f9d4b2e0 Exception <a 'java/lang/NoSuchMethodError'{0x00000000cd9c7648}: 'java.lang.Object java.lang.invoke.DirectMethodHandle$Holder.invokeStaticInit(java.lang.Object, int, java.lang.Object)'> (0x00000000cd9c7648) 
thrown [s\open\src\hotspot\share\interpreter\linkResolver.cpp, line 773]

ZGC Phase Switch (0 events):
No events

VM Operations (20 events):
Event: 2.018 Executing VM operation: HandshakeAllThreads (Deoptimize)
Event: 2.018 Executing VM operation: HandshakeAllThreads (Deoptimize) done
Event: 2.280 Executing VM operation: ICBufferFull
Event: 2.281 Executing VM operation: ICBufferFull done
Event: 2.381 Executing VM operation: G1CollectForAllocation (G1 Evacuation Pause)
Event: 2.399 Executing VM operation: G1CollectForAllocation (G1 Evacuation Pause) done
Event: 2.855 Executing VM operation: HandshakeAllThreads (Deoptimize)
Event: 2.855 Executing VM operation: HandshakeAllThreads (Deoptimize) done
Event: 3.371 Executing VM operation: HandshakeAllThreads (Deoptimize)
Event: 3.371 Executing VM operation: HandshakeAllThreads (Deoptimize) done
Event: 3.563 Executing VM operation: ICBufferFull
Event: 3.564 Executing VM operation: ICBufferFull done
Event: 3.700 Executing VM operation: HandshakeAllThreads (Deoptimize)
Event: 3.700 Executing VM operation: HandshakeAllThreads (Deoptimize) done
Event: 3.701 Executing VM operation: HandshakeAllThreads (Deoptimize)
Event: 3.701 Executing VM operation: HandshakeAllThreads (Deoptimize) done
Event: 3.717 Executing VM operation: G1CollectForAllocation (G1 Evacuation Pause)
Event: 3.724 Executing VM operation: G1CollectForAllocation (G1 Evacuation Pause) done
Event: 4.261 Executing VM operation: HandshakeAllThreads (Deoptimize)
Event: 4.262 Executing VM operation: HandshakeAllThreads (Deoptimize) done

Events (20 events):
Event: 0.144 Thread 0x000001e0f4c14d00 Thread added: 0x000001e0f4c14d00
Event: 0.144 Thread 0x000001e0f4c15750 Thread added: 0x000001e0f4c15750
Event: 0.144 Thread 0x000001e0f4c161a0 Thread added: 0x000001e0f4c161a0
Event: 0.144 Thread 0x000001e0f4c1ec00 Thread added: 0x000001e0f4c1ec00
Event: 0.145 Thread 0x000001e0f4c292a0 Thread added: 0x000001e0f4c292a0
Event: 0.145 Thread 0x000001e0f4c29d30 Thread added: 0x000001e0f4c29d30
Event: 0.215 Thread 0x000001e0f9077ec0 Thread added: 0x000001e0f9077ec0
Event: 0.276 Thread 0x000001e0f91f5010 Thread added: 0x000001e0f91f5010
Event: 0.277 Thread 0x000001e0f913d8a0 Thread added: 0x000001e0f913d8a0
Event: 0.277 Thread 0x000001e0f9140300 Thread added: 0x000001e0f9140300
Event: 1.077 Thread 0x000001e0f916ef00 Thread added: 0x000001e0f916ef00
Event: 1.866 Thread 0x000001e0f9a1e610 Thread added: 0x000001e0f9a1e610
Event: 1.891 Thread 0x000001e0f9d39fd0 Thread added: 0x000001e0f9d39fd0
Event: 1.934 Thread 0x000001e0f9d3b7c0 Thread added: 0x000001e0f9d3b7c0
Event: 2.677 Thread 0x000001e0f9d50a70 Thread added: 0x000001e0f9d50a70
Event: 2.684 Thread 0x000001e0f9d4b2e0 Thread added: 0x000001e0f9d4b2e0
Event: 3.716 Thread 0x000001e0faa6b010 Thread added: 0x000001e0faa6b010
Event: 4.014 Thread 0x000001e0fa7d96f0 Thread added: 0x000001e0fa7d96f0
Event: 4.065 Thread 0x000001e0fa813f10 Thread added: 0x000001e0fa813f10
Event: 4.260 Thread 0x000001e0fac3e180 Thread added: 0x000001e0fac3e180


Dynamic libraries:
0x00007ff641a70000 - 0x00007ff641a80000 	C:\Program Files\Java\jdk-21\bin\java.exe
0x00007ffd3c7f0000 - 0x00007ffd3ca07000 	C:\Windows\SYSTEM32\ntdll.dll
0x00007ffd3b540000 - 0x00007ffd3b604000 	C:\Windows\System32\KERNEL32.DLL
0x00007ffd39ab0000 - 0x00007ffd39e6a000 	C:\Windows\System32\KERNELBASE.dll
0x00007ffd3a250000 - 0x00007ffd3a361000 	C:\Windows\System32\ucrtbase.dll
0x00007ffd2c3e0000 - 0x00007ffd2c3fb000 	C:\Program Files\Java\jdk-21\bin\VCRUNTIME140.dll
0x00007ffcfe9b0000 - 0x00007ffcfe9c9000 	C:\Program Files\Java\jdk-21\bin\jli.dll
0x00007ffd3a880000 - 0x00007ffd3a932000 	C:\Windows\System32\ADVAPI32.dll
0x00007ffd3c6b0000 - 0x00007ffd3c757000 	C:\Windows\System32\msvcrt.dll
0x00007ffd3a6f0000 - 0x00007ffd3a797000 	C:\Windows\System32\sechost.dll
0x00007ffd3a0b0000 - 0x00007ffd3a0d8000 	C:\Windows\System32\bcrypt.dll
0x00007ffd3a940000 - 0x00007ffd3aa54000 	C:\Windows\System32\RPCRT4.dll
0x00007ffd3b370000 - 0x00007ffd3b51e000 	C:\Windows\System32\USER32.dll
0x00007ffd3a220000 - 0x00007ffd3a246000 	C:\Windows\System32\win32u.dll
0x00007ffd3af90000 - 0x00007ffd3afb9000 	C:\Windows\System32\GDI32.dll
0x00007ffd26510000 - 0x00007ffd267a2000 	C:\Windows\WinSxS\amd64_microsoft.windows.common-controls_6595b64144ccf1df_6.0.22621.4541_none_2710d1c57384c085\COMCTL32.dll
0x00007ffd39ef0000 - 0x00007ffd3a00b000 	C:\Windows\System32\gdi32full.dll
0x00007ffd3a010000 - 0x00007ffd3a0aa000 	C:\Windows\System32\msvcp_win.dll
0x00007ffd30650000 - 0x00007ffd3065a000 	C:\Windows\SYSTEM32\VERSION.dll
0x00007ffd3b780000 - 0x00007ffd3b7b1000 	C:\Windows\System32\IMM32.DLL
0x00007ffd35d90000 - 0x00007ffd35d9c000 	C:\Program Files\Java\jdk-21\bin\vcruntime140_1.dll
0x00007ffcf7440000 - 0x00007ffcf74ce000 	C:\Program Files\Java\jdk-21\bin\msvcp140.dll
0x00007ffcf3b30000 - 0x00007ffcf4848000 	C:\Program Files\Java\jdk-21\bin\server\jvm.dll
0x00007ffd3b680000 - 0x00007ffd3b6f1000 	C:\Windows\System32\WS2_32.dll
0x00007ffd39980000 - 0x00007ffd399cd000 	C:\Windows\SYSTEM32\POWRPROF.dll
0x00007ffd35cd0000 - 0x00007ffd35d04000 	C:\Windows\SYSTEM32\WINMM.dll
0x00007ffd39960000 - 0x00007ffd39973000 	C:\Windows\SYSTEM32\UMPDC.dll
0x00007ffd38ab0000 - 0x00007ffd38ac8000 	C:\Windows\SYSTEM32\kernel.appcore.dll
0x00007ffd2e740000 - 0x00007ffd2e74a000 	C:\Program Files\Java\jdk-21\bin\jimage.dll
0x00007ffd2bde0000 - 0x00007ffd2c012000 	C:\Windows\SYSTEM32\DBGHELP.DLL
0x00007ffd3afd0000 - 0x00007ffd3b361000 	C:\Windows\System32\combase.dll
0x00007ffd3a7a0000 - 0x00007ffd3a877000 	C:\Windows\System32\OLEAUT32.dll
0x00007ffd2c190000 - 0x00007ffd2c1c2000 	C:\Windows\SYSTEM32\dbgcore.DLL
0x00007ffd39e70000 - 0x00007ffd39eeb000 	C:\Windows\System32\bcryptPrimitives.dll
0x00007ffcf5940000 - 0x00007ffcf597c000 	C:\Program Files\Java\jdk-21\bin\jdwp.dll
0x00007ffd0c570000 - 0x00007ffd0c58f000 	C:\Program Files\Java\jdk-21\bin\java.dll
0x00007ffd3baa0000 - 0x00007ffd3c319000 	C:\Windows\System32\SHELL32.dll
0x00007ffd379a0000 - 0x00007ffd382a9000 	C:\Windows\SYSTEM32\windows.storage.dll
0x00007ffd37860000 - 0x00007ffd3799f000 	C:\Windows\SYSTEM32\wintypes.dll
0x00007ffd3a5e0000 - 0x00007ffd3a6da000 	C:\Windows\System32\SHCORE.dll
0x00007ffd3ba40000 - 0x00007ffd3ba9e000 	C:\Windows\System32\shlwapi.dll
0x00007ffd399e0000 - 0x00007ffd39a0b000 	C:\Windows\SYSTEM32\profapi.dll
0x00007ffcfaaf0000 - 0x00007ffcfabc7000 	C:\Program Files\Java\jdk-21\bin\jsvml.dll
0x00007ffd10ea0000 - 0x00007ffd10eac000 	C:\Program Files\Java\jdk-21\bin\dt_socket.dll
0x00007ffd38510000 - 0x00007ffd3853d000 	C:\Windows\SYSTEM32\IPHLPAPI.DLL
0x00007ffd38f20000 - 0x00007ffd38f89000 	C:\Windows\system32\mswsock.dll
0x00007ffd38580000 - 0x00007ffd38682000 	C:\Windows\SYSTEM32\DNSAPI.dll
0x00007ffd3afc0000 - 0x00007ffd3afc9000 	C:\Windows\System32\NSI.dll
0x00007ffd322b0000 - 0x00007ffd322ba000 	C:\Windows\System32\rasadhlp.dll
0x00007ffd32ea0000 - 0x00007ffd32f23000 	C:\Windows\System32\fwpuclnt.dll
0x00007ffd2d2e0000 - 0x00007ffd2d2f0000 	C:\Program Files\Java\jdk-21\bin\net.dll
0x00007ffd35730000 - 0x00007ffd35866000 	C:\Windows\SYSTEM32\WINHTTP.dll
0x00007ffd087a0000 - 0x00007ffd087b6000 	C:\Program Files\Java\jdk-21\bin\nio.dll
0x00007ffd07990000 - 0x00007ffd079a8000 	C:\Program Files\Java\jdk-21\bin\zip.dll
0x00007ffd2c730000 - 0x00007ffd2c73a000 	C:\Program Files\Java\jdk-21\bin\management.dll
0x00007ffd2c5a0000 - 0x00007ffd2c5ab000 	C:\Program Files\Java\jdk-21\bin\management_ext.dll
0x00007ffd3c4e0000 - 0x00007ffd3c4e8000 	C:\Windows\System32\PSAPI.DLL
0x00007ffd25330000 - 0x00007ffd25347000 	C:\Windows\system32\napinsp.dll
0x00007ffd251e0000 - 0x00007ffd251fb000 	C:\Windows\system32\pnrpnsp.dll
0x00007ffd251c0000 - 0x00007ffd251d1000 	C:\Windows\System32\winrnr.dll
0x00007ffd251a0000 - 0x00007ffd251b5000 	C:\Windows\system32\wshbth.dll
0x00007ffd25170000 - 0x00007ffd25197000 	C:\Windows\system32\nlansp_c.dll
0x00007ffd39270000 - 0x00007ffd3928b000 	C:\Windows\SYSTEM32\CRYPTSP.dll
0x00007ffd38a10000 - 0x00007ffd38a45000 	C:\Windows\system32\rsaenh.dll
0x00007ffd38fc0000 - 0x00007ffd38fe8000 	C:\Windows\SYSTEM32\USERENV.dll
0x00007ffd39250000 - 0x00007ffd3925c000 	C:\Windows\SYSTEM32\CRYPTBASE.dll
0x00007ffd23be0000 - 0x00007ffd23be9000 	C:\Program Files\Java\jdk-21\bin\extnet.dll

dbghelp: loaded successfully - version: 4.0.5 - missing functions: none
symbol engine: initialized successfully - sym options: 0x614 - pdb path: .;C:\Program Files\Java\jdk-21\bin;C:\Windows\SYSTEM32;C:\Windows\WinSxS\amd64_microsoft.windows.common-controls_6595b64144ccf1df_6.0.22621.4541_none_2710d1c57384c085;C:\Program Files\Java\jdk-21\bin\server

VM Arguments:
jvm_args: -agentlib:jdwp=transport=dt_socket,server=n,suspend=y,address=localhost:62031 -XX:+ShowCodeDetailsInExceptionMessages -Dspring.jmx.enabled=true -Dmanagement.endpoints.jmx.exposure.include=* -Dspring.application.admin.enabled=true -Dspring.boot.project.name=OnlineBanking -Djava.rmi.server.hostname=localhost -Dcom.sun.management.jmxremote.port=45556 -Dcom.sun.management.jmxremote.authenticate=false -Dcom.sun.management.jmxremote.ssl=false 
java_command: com.Banking.OnlineBanking.OnlineBankingApplication
java_class_path (initial): D:\Siddhant\coding\banking\SimplifiedBanking\target\classes;C:\Users\kuber\.m2\repository\org\springframework\boot\spring-boot-starter-actuator\3.4.0\spring-boot-starter-actuator-3.4.0.jar;C:\Users\kuber\.m2\repository\org\springframework\boot\spring-boot-starter\3.4.0\spring-boot-starter-3.4.0.jar;C:\Users\kuber\.m2\repository\org\springframework\boot\spring-boot-starter-logging\3.4.0\spring-boot-starter-logging-3.4.0.jar;C:\Users\kuber\.m2\repository\ch\qos\logback\logback-classic\1.5.12\logback-classic-1.5.12.jar;C:\Users\kuber\.m2\repository\ch\qos\logback\logback-core\1.5.12\logback-core-1.5.12.jar;C:\Users\kuber\.m2\repository\org\apache\logging\log4j\log4j-to-slf4j\2.24.1\log4j-to-slf4j-2.24.1.jar;C:\Users\kuber\.m2\repository\org\apache\logging\log4j\log4j-api\2.24.1\log4j-api-2.24.1.jar;C:\Users\kuber\.m2\repository\org\slf4j\jul-to-slf4j\2.0.16\jul-to-slf4j-2.0.16.jar;C:\Users\kuber\.m2\repository\jakarta\annotation\jakarta.annotation-api\2.1.1\jakarta.annotation-api-2.1.1.jar;C:\Users\kuber\.m2\repository\org\yaml\snakeyaml\2.3\snakeyaml-2.3.jar;C:\Users\kuber\.m2\repository\org\springframework\boot\spring-boot-actuator-autoconfigure\3.4.0\spring-boot-actuator-autoconfigure-3.4.0.jar;C:\Users\kuber\.m2\repository\org\springframework\boot\spring-boot-actuator\3.4.0\spring-boot-actuator-3.4.0.jar;C:\Users\kuber\.m2\repository\com\fasterxml\jackson\core\jackson-databind\2.18.1\jackson-databind-2.18.1.jar;C:\Users\kuber\.m2\repository\com\fasterxml\jackson\core\jackson-annotations\2.18.1\jackson-annotations-2.18.1.jar;C:\Users\kuber\.m2\repository\com\fasterxml\jackson\core\jackson-core\2.18.1\jackson-core-2.18.1.jar;C:\Users\kuber\.m2\repository\com\fasterxml\jackson\datatype\jackson-datatype-jsr310\2.18.1\jackson-datatype-jsr310-2.18.1.jar;C:\Users\kuber\.m2\repository\io\micrometer\micrometer-observation\1.14.1\micrometer-observation-1.14.1.jar;C:\Users\kuber\.m2\repository\io\micrometer\micrometer-commons\1.14.1\micrometer-commons-1.14.1.jar;C:\Users\kuber\.m2\repository\io\micrometer\micrometer-jakarta9\1.14.1\micrometer-jakarta9-1.14.1.jar;C:\Users\kuber\.m2\repository\io\micrometer\micrometer-core\1.14.1\micrometer-core-1.14.1.jar;C:\Users\kuber\.m2\repository\org\hdrhistogram\HdrHistogram\2.2.2\HdrHistogram-2.2.2.jar;C:\Users\kuber\.m2\repository\org\latencyutils\LatencyUtils\2.0.3\LatencyUtils-2.0.3.jar;C:\Users\kuber\.m2\repository\org\springframework\boot\spring-boot-starter-mail\3.4.0\spring-boot-starter-mail-3.4.0.jar;C:\Users\kuber\.m2\repository\org\springframework\spring-context-support\6.2.0\spring-context-support-6.2.0.jar;C:\Users\kuber\.m2\repository\org\eclipse\angus\jakarta.mail\2.0.3\jakarta.mail-2.0.3.jar;C:\Users\kuber\.m2\repository\jakarta\activation\jakarta.activation-api\2.1.3\jakarta.activation-api-2.1.3.jar;C:\Users\kuber\.m2\repository\org\eclipse\angus\angus-activation\2.0.2\angus-activation-2.0.2.jar;C:\Users\kuber\.m2\repository\org\springframework\boot\spring-boot-starter-data-jpa\3.4.0\spring-boot-starter-data-jpa-3.4.0.jar;C:\Users\kuber\.m2\repository\org\springframework\boot\spring-boot-starter-jdbc\3.4.0\spring-boot-starter-jdbc-3.4.0.jar;C:\Users\kuber\.m2\repository\com\zaxxer\HikariCP\5.1.0\HikariCP-5.1.0.jar;C:\Users\kuber\.m2\repository\org\springframework\spring-jdbc\6.2.0\spring-jdbc-6.2.0.jar;C:\Users\kuber\.m2\repository\org\hibernate\orm\hibernate-core\6.6.2.Final\hibernate-core-6.6.2.Final.jar;C:\Users\kuber\.m2\repository\jakarta\persistence\jakarta.persistence-api\3.1.0\jakarta.persistence-api-3.1.0.jar;C:\Users\kuber\.m2\repository\jakarta\transaction\jakarta.transaction-api\2.0.1\jakarta.transaction-api-2.0.1.jar;C:\Users\kuber\.m2\repository\org\jboss\logging\jboss-logging\3.6.1.Final\jboss-logging-3.6.1.Final.jar;C:\Users\kuber\.m2\repository\org\hibernate\common\hibernate-commons-annotations\7.0.3.Final\hibernate-commons-annotations-7.0.3.Final.jar;C:\Users\kuber\.m2\repository\io\smallrye\jandex\3.2.0\jandex-3.2.0.jar;C:\Users\kuber\.m2\repository\com\fasterxml\classmate\1.7.0\classmate-1.7.0.jar;C:\Users\kuber\.m2\repository\net\bytebuddy\byte-buddy\1.15.10\byte-buddy-1.15.10.jar;C:\Users\kuber\.m2\repository\org\glassfish\jaxb\jaxb-runtime\4.0.5\jaxb-runtime-4.0.5.jar;C:\Users\kuber\.m2\repository\org\glassfish\jaxb\jaxb-core\4.0.5\jaxb-core-4.0.5.jar;C:\Users\kuber\.m2\repository\org\glassfish\jaxb\txw2\4.0.5\txw2-4.0.5.jar;C:\Users\kuber\.m2\repository\com\sun\istack\istack-commons-runtime\4.1.2\istack-commons-runtime-4.1.2.jar;C:\Users\kuber\.m2\repository\jakarta\inject\jakarta.inject-api\2.0.1\jakarta.inject-api-2.0.1.jar;C:\Users\kuber\.m2\repository\org\antlr\antlr4-runtime\4.13.0\antlr4-runtime-4.13.0.jar;C:\Users\kuber\.m2\repository\org\springframework\data\spring-data-jpa\3.4.0\spring-data-jpa-3.4.0.jar;C:\Users\kuber\.m2\repository\org\springframework\data\spring-data-commons\3.4.0\spring-data-commons-3.4.0.jar;C:\Users\kuber\.m2\repository\org\springframework\spring-orm\6.2.0\spring-orm-6.2.0.jar;C:\Users\kuber\.m2\repository\org\springframework\spring-tx\6.2.0\spring-tx-6.2.0.jar;C:\Users\kuber\.m2\repository\org\slf4j\slf4j-api\2.0.16\slf4j-api-2.0.16.jar;C:\Users\kuber\.m2\repository\org\springframework\spring-aspects\6.2.0\spring-aspects-6.2.0.jar;C:\Users\kuber\.m2\repository\org\aspectj\aspectjweaver\1.9.22.1\aspectjweaver-1.9.22.1.jar;C:\Users\kuber\.m2\repository\org\springframework\boot\spring-boot-starter-thymeleaf\3.4.0\spring-boot-starter-thymeleaf-3.4.0.jar;C:\Users\kuber\.m2\repository\org\thymeleaf\thymeleaf-spring6\3.1.2.RELEASE\thymeleaf-spring6-3.1.2.RELEASE.jar;C:\Users\kuber\.m2\repository\org\thymeleaf\thymeleaf\3.1.2.RELEASE\thymeleaf-3.1.2.RELEASE.jar;C:\Users\kuber\.m2\repository\org\attoparser\attoparser\2.0.7.RELEASE\attoparser-2.0.7.RELEASE.jar;C:\Users\kuber\.m2\repository\org\unbescape\unbescape\1.1.6.RELEASE\unbescape-1.1.6.RELEASE.jar;C:\Users\kuber\.m2\repository\org\springframework\boot\spring-boot-starter-web\3.4.0\spring-boot-starter-web-3.4.0.jar;C:\Users\kuber\.m2\repository\org\springframework\boot\spring-boot-starter-json\3.4.0\spring-boot-starter-json-3.4.0.jar;C:\Users\kuber\.m2\repository\com\fasterxml\jackson\datatype\jackson-datatype-jdk8\2.18.1\jackson-datatype-jdk8-2.18.1.jar;C:\Users\kuber\.m2\repository\com\fasterxml\jackson\module\jackson-module-parameter-names\2.18.1\jackson-module-parameter-names-2.18.1.jar;C:\Users\kuber\.m2\repository\org\springframework\boot\spring-boot-starter-tomcat\3.4.0\spring-boot-starter-tomcat-3.4.0.jar;C:\Users\kuber\.m2\repository\org\apache\tomcat\embed\tomcat-embed-core\10.1.33\tomcat-embed-core-10.1.33.jar;C:\Users\kuber\.m2\repository\org\apache\tomcat\embed\tomcat-embed-el\10.1.33\tomcat-embed-el-10.1.33.jar;C:\Users\kuber\.m2\repository\org\apache\tomcat\embed\tomcat-embed-websocket\10.1.33\tomcat-embed-websocket-10.1.33.jar;C:\Users\kuber\.m2\repository\org\springframework\spring-web\6.2.0\spring-web-6.2.0.jar;C:\Users\kuber\.m2\repository\org\springframework\spring-webmvc\6.2.0\spring-webmvc-6.2.0.jar;C:\Users\kuber\.m2\repository\org\springframework\boot\spring-boot-devtools\3.4.0\spring-boot-devtools-3.4.0.jar;C:\Users\kuber\.m2\repository\org\springframework\boot\spring-boot\3.4.0\spring-boot-3.4.0.jar;C:\Users\kuber\.m2\repository\org\springframework\boot\spring-boot-autoconfigure\3.4.0\spring-boot-autoconfigure-3.4.0.jar;C:\Users\kuber\.m2\repository\com\mysql\mysql-connector-j\9.1.0\mysql-connector-j-9.1.0.jar;C:\Users\kuber\.m2\repository\jakarta\xml\bind\jakarta.xml.bind-api\4.0.2\jakarta.xml.bind-api-4.0.2.jar;C:\Users\kuber\.m2\repository\org\springframework\spring-core\6.2.0\spring-core-6.2.0.jar;C:\Users\kuber\.m2\repository\org\springframework\spring-jcl\6.2.0\spring-jcl-6.2.0.jar;C:\Users\kuber\.m2\repository\org\springframework\security\spring-security-core\6.4.1\spring-security-core-6.4.1.jar;C:\Users\kuber\.m2\repository\org\springframework\security\spring-security-crypto\6.4.1\spring-security-crypto-6.4.1.jar;C:\Users\kuber\.m2\repository\org\springframework\spring-aop\6.2.0\spring-aop-6.2.0.jar;C:\Users\kuber\.m2\repository\org\springframework\spring-beans\6.2.0\spring-beans-6.2.0.jar;C:\Users\kuber\.m2\repository\org\springframework\spring-context\6.2.0\spring-context-6.2.0.jar;C:\Users\kuber\.m2\repository\org\springframework\spring-expression\6.2.0\spring-expression-6.2.0.jar
Launcher Type: SUN_STANDARD

[Global flags]
     intx CICompilerCount                          = 4                                         {product} {ergonomic}
     uint ConcGCThreads                            = 2                                         {product} {ergonomic}
     uint G1ConcRefinementThreads                  = 8                                         {product} {ergonomic}
   size_t G1HeapRegionSize                         = 1048576                                   {product} {ergonomic}
    uintx GCDrainStackTargetSize                   = 64                                        {product} {ergonomic}
   size_t InitialHeapSize                          = 56623104                                  {product} {ergonomic}
     bool ManagementServer                         = true                                      {product} {command line}
   size_t MarkStackSize                            = 4194304                                   {product} {ergonomic}
   size_t MaxHeapSize                              = 899678208                                 {product} {ergonomic}
   size_t MaxNewSize                               = 538968064                                 {product} {ergonomic}
   size_t MinHeapDeltaBytes                        = 1048576                                   {product} {ergonomic}
   size_t MinHeapSize                              = 8388608                                   {product} {ergonomic}
    uintx NonNMethodCodeHeapSize                   = 5839372                                {pd product} {ergonomic}
    uintx NonProfiledCodeHeapSize                  = 122909434                              {pd product} {ergonomic}
    uintx ProfiledCodeHeapSize                     = 122909434                              {pd product} {ergonomic}
    uintx ReservedCodeCacheSize                    = 251658240                              {pd product} {ergonomic}
     bool SegmentedCodeCache                       = true                                      {product} {ergonomic}
     bool ShowCodeDetailsInExceptionMessages       = true                                   {manageable} {command line}
   size_t SoftMaxHeapSize                          = 899678208                              {manageable} {ergonomic}
     bool UseCompressedOops                        = true                           {product lp64_product} {ergonomic}
     bool UseG1GC                                  = true                                      {product} {ergonomic}
     bool UseLargePagesIndividualAllocation        = false                                  {pd product} {ergonomic}

Logging:
Log output configuration:
 #0: stdout all=warning uptime,level,tags foldmultilines=false
 #1: stderr all=off uptime,level,tags foldmultilines=false

Environment Variables:
PATH=C:\Program Files\Common Files\Oracle\Java\javapath;C:\Windows\system32;C:\Windows;C:\Windows\System32\Wbem;C:\Windows\System32\WindowsPowerShell\v1.0\;C:\Windows\System32\OpenSSH\;C:\Program Files\dotnet\;C:\Program Files\Git\cmd;C:\Program Files\nodejs\;C:\ProgramData\chocolatey\bin;C:\Program Files\MySQL\MySQL Shell 8.0\bin\;C:\Users\kuber\AppData\Local\Microsoft\WindowsApps;C:\Users\kuber\.dotnet\tools;C:\Users\kuber\AppData\Local\Programs\Microsoft VS Code\bin;C:\Users\kuber\AppData\Roaming\npm
USERNAME=kuber
LANG=en_US.UTF-8
OS=Windows_NT
PROCESSOR_IDENTIFIER=AMD64 Family 23 Model 104 Stepping 1, AuthenticAMD
TMP=C:\Users\kuber\AppData\Local\Temp
TEMP=C:\Users\kuber\AppData\Local\Temp




Periodic native trim disabled

---------------  S Y S T E M  ---------------

OS:
 Windows 11 , 64 bit Build 22621 (10.0.22621.4391)
OS uptime: 13 days 10:29 hours
Hyper-V role detected

CPU: total 8 (initial active 8) (8 cores per cpu, 2 threads per core) family 23 model 104 stepping 1 microcode 0x0, cx8, cmov, fxsr, ht, mmx, 3dnowpref, sse, sse2, sse3, ssse3, sse4a, sse4.1, sse4.2, popcnt, lzcnt, tsc, tscinvbit, avx, avx2, aes, clmul, bmi1, bmi2, adx, sha, fma, vzeroupper, clflush, clflushopt, hv, rdtscp, rdpid, f16c
Processor Information for all 8 processors :
  Max Mhz: 2600, Current Mhz: 2600, Mhz Limit: 2600

Memory: 4k page, system-wide physical 3429M (149M free)
TotalPageFile size 14181M (AvailPageFile size 9M)
current process WorkingSet (physical memory assigned to process): 123M, peak: 123M
current process commit charge ("private bytes"): 181M, peak: 182M

vm_info: Java HotSpot(TM) 64-Bit Server VM (21.0.5+9-LTS-239) for windows-amd64 JRE (21.0.5+9-LTS-239), built on 2024-09-30T05:17:38Z by "mach5one" with MS VC++ 17.6 (VS2022)

END.
