#
# There is insufficient memory for the Java Runtime Environment to continue.
# Native memory allocation (malloc) failed to allocate 2097152 bytes for AllocateHeap
# Possible reasons:
#   The system is out of physical RAM or swap space
#   The process is running with CompressedOops enabled, and the Java Heap may be blocking the growth of the native heap
# Possible solutions:
#   Reduce memory load on the system
#   Increase physical memory or swap space
#   Check if swap backing store is full
#   Decrease Java heap size (-Xmx/-Xms)
#   Decrease number of Java threads
#   Decrease Java thread stack sizes (-Xss)
#   Set larger code cache with -XX:ReservedCodeCacheSize=
#   JVM is running with Unscaled Compressed Oops mode in which the Java heap is
#     placed in the first 4GB address space. The Java Heap base address is the
#     maximum limit for the native heap growth. Please use -XX:HeapBaseMinAddress
#     to set the Java Heap base and to place the Java Heap above 4GB virtual address.
# This output file may be truncated or incomplete.
#
#  Out of Memory Error (allocation.cpp:44), pid=4596, tid=19324
#
# JRE version: Java(TM) SE Runtime Environment (21.0.5+9) (build 21.0.5+9-LTS-239)
# Java VM: Java HotSpot(TM) 64-Bit Server VM (21.0.5+9-LTS-239, mixed mode, sharing, tiered, compressed oops, compressed class ptrs, g1 gc, windows-amd64)
# No core dump will be written. Minidumps are not enabled by default on client versions of Windows
#

---------------  S U M M A R Y ------------

Command Line: -agentlib:jdwp=transport=dt_socket,server=n,suspend=y,address=localhost:61847 -XX:+ShowCodeDetailsInExceptionMessages -Dspring.jmx.enabled=true -Dmanagement.endpoints.jmx.exposure.include=* -Dspring.application.admin.enabled=true -Dspring.boot.project.name=OnlineBanking -Djava.rmi.server.hostname=localhost -Dcom.sun.management.jmxremote.port=45556 -Dcom.sun.management.jmxremote.authenticate=false -Dcom.sun.management.jmxremote.ssl=false com.Banking.OnlineBanking.OnlineBankingApplication

Host: AMD Ryzen 3 5300U with Radeon Graphics         , 8 cores, 3G,  Windows 11 , 64 bit Build 22621 (10.0.22621.4391)
Time: Sun May  4 01:52:15 2025 India Standard Time elapsed time: 191.735489 seconds (0d 0h 3m 11s)

---------------  T H R E A D  ---------------

Current thread (0x0000012c7e6105c0):  VMThread "VM Thread"          [id=19324, stack(0x0000002a3a900000,0x0000002a3aa00000) (1024K)]

Stack: [0x0000002a3a900000,0x0000002a3aa00000]
Native frames: (J=compiled Java code, j=interpreted, Vv=VM code, C=native code)
V  [jvm.dll+0x6ca289]
V  [jvm.dll+0x854a51]
V  [jvm.dll+0x856f7e]
V  [jvm.dll+0x857653]
V  [jvm.dll+0x27dd26]
V  [jvm.dll+0xbf7d7]
V  [jvm.dll+0x34404e]
V  [jvm.dll+0x33e99e]
V  [jvm.dll+0x327418]
V  [jvm.dll+0x36a274]
V  [jvm.dll+0x85d420]
V  [jvm.dll+0x85e7a4]
V  [jvm.dll+0x85ece0]
V  [jvm.dll+0x85ef83]
V  [jvm.dll+0x7fee9b]
V  [jvm.dll+0x6c896d]
C  [ucrtbase.dll+0x29333]
C  [KERNEL32.DLL+0x1259d]
C  [ntdll.dll+0x5af38]

VM_Operation (0x0000002a39fff490): G1CollectFull, mode: safepoint, requested by thread 0x0000012c5e2d7630


---------------  P R O C E S S  ---------------

Threads class SMR info:
_java_thread_list=0x0000012c628cbcb0, length=23, elements={
0x0000012c7e625da0, 0x0000012c7e627fc0, 0x0000012c7e62b810, 0x0000012c7e62e270,
0x0000012c7e62ecc0, 0x0000012c7e62f710, 0x0000012c7e6324a0, 0x0000012c7e63e6a0,
0x0000012c7e6ce500, 0x0000012c1762a970, 0x0000012c176bada0, 0x0000012c1773a160,
0x0000012c1773a7e0, 0x0000012c5d28d4e0, 0x0000012c5d436a00, 0x0000012c5d484720,
0x0000012c5e2d7cc0, 0x0000012c5e2d8350, 0x0000012c5e2d89e0, 0x0000012c5e580c40,
0x0000012c5eb7fb80, 0x0000012c5e581ff0, 0x0000012c5e2d7630
}

Java Threads: ( => current thread )
  0x0000012c7e625da0 JavaThread "Reference Handler"          daemon [_thread_blocked, id=23640, stack(0x0000002a3aa00000,0x0000002a3ab00000) (1024K)]
  0x0000012c7e627fc0 JavaThread "Finalizer"                  daemon [_thread_blocked, id=5052, stack(0x0000002a3ab00000,0x0000002a3ac00000) (1024K)]
  0x0000012c7e62b810 JavaThread "Signal Dispatcher"          daemon [_thread_blocked, id=14680, stack(0x0000002a3ac00000,0x0000002a3ad00000) (1024K)]
  0x0000012c7e62e270 JavaThread "Attach Listener"            daemon [_thread_blocked, id=6096, stack(0x0000002a3ad00000,0x0000002a3ae00000) (1024K)]
  0x0000012c7e62ecc0 JavaThread "Service Thread"             daemon [_thread_blocked, id=7104, stack(0x0000002a3ae00000,0x0000002a3af00000) (1024K)]
  0x0000012c7e62f710 JavaThread "Monitor Deflation Thread"   daemon [_thread_blocked, id=24064, stack(0x0000002a3af00000,0x0000002a3b000000) (1024K)]
  0x0000012c7e6324a0 JavaThread "C2 CompilerThread0"         daemon [_thread_blocked, id=24524, stack(0x0000002a3b000000,0x0000002a3b100000) (1024K)]
  0x0000012c7e63e6a0 JavaThread "C1 CompilerThread0"         daemon [_thread_blocked, id=19568, stack(0x0000002a3b100000,0x0000002a3b200000) (1024K)]
  0x0000012c7e6ce500 JavaThread "Common-Cleaner"             daemon [_thread_blocked, id=4152, stack(0x0000002a3b200000,0x0000002a3b300000) (1024K)]
  0x0000012c1762a970 JavaThread "JDWP Transport Listener: dt_socket" daemon [_thread_blocked, id=9564, stack(0x0000002a3b300000,0x0000002a3b400000) (1024K)]
  0x0000012c176bada0 JavaThread "JDWP Event Helper Thread"   daemon [_thread_blocked, id=24816, stack(0x0000002a3b400000,0x0000002a3b500000) (1024K)]
  0x0000012c1773a160 JavaThread "JDWP Command Reader"        daemon [_thread_in_native, id=19328, stack(0x0000002a3b500000,0x0000002a3b600000) (1024K)]
  0x0000012c1773a7e0 JavaThread "Notification Thread"        daemon [_thread_blocked, id=8188, stack(0x0000002a3b600000,0x0000002a3b700000) (1024K)]
  0x0000012c5d28d4e0 JavaThread "RMI TCP Accept-0"           daemon [_thread_in_native, id=23596, stack(0x0000002a3b700000,0x0000002a3b800000) (1024K)]
  0x0000012c5d436a00 JavaThread "RMI TCP Accept-45556"       daemon [_thread_in_native, id=21708, stack(0x0000002a3b800000,0x0000002a3b900000) (1024K)]
  0x0000012c5d484720 JavaThread "RMI TCP Accept-0"           daemon [_thread_in_native, id=17320, stack(0x0000002a3b900000,0x0000002a3ba00000) (1024K)]
  0x0000012c5e2d7cc0 JavaThread "RMI Scheduler(0)"           daemon [_thread_blocked, id=22064, stack(0x0000002a3c500000,0x0000002a3c600000) (1024K)]
  0x0000012c5e2d8350 JavaThread "RMI TCP Connection(2)-127.0.0.1" daemon [_thread_in_native, id=19224, stack(0x0000002a3c600000,0x0000002a3c700000) (1024K)]
  0x0000012c5e2d89e0 JavaThread "JMX server connection timeout 44" daemon [_thread_blocked, id=4848, stack(0x0000002a3c300000,0x0000002a3c400000) (1024K)]
  0x0000012c5e580c40 JavaThread "mysql-cj-abandoned-connection-cleanup" daemon [_thread_blocked, id=3136, stack(0x0000002a3cb00000,0x0000002a3cc00000) (1024K)]
  0x0000012c5eb7fb80 JavaThread "Live Reload Server"         daemon [_thread_in_native, id=10900, stack(0x0000002a3dd00000,0x0000002a3de00000) (1024K)]
  0x0000012c5e581ff0 JavaThread "DestroyJavaVM"                     [_thread_blocked, id=22828, stack(0x0000002a3a200000,0x0000002a3a300000) (1024K)]
  0x0000012c5e2d7630 JavaThread "Thread-5"                          [_thread_blocked, id=15988, stack(0x0000002a39f00000,0x0000002a3a000000) (1024K)]
Total: 23

Other Threads:
=>0x0000012c7e6105c0 VMThread "VM Thread"                           [id=19324, stack(0x0000002a3a900000,0x0000002a3aa00000) (1024K)]
  0x0000012c7e5fd610 WatcherThread "VM Periodic Task Thread"        [id=19520, stack(0x0000002a3a800000,0x0000002a3a900000) (1024K)]
  0x0000012c7a7d9830 WorkerThread "GC Thread#0"                     [id=6268, stack(0x0000002a3a300000,0x0000002a3a400000) (1024K)]
  0x0000012c5d7abdd0 WorkerThread "GC Thread#1"                     [id=9296, stack(0x0000002a3ba00000,0x0000002a3bb00000) (1024K)]
  0x0000012c5db882c0 WorkerThread "GC Thread#2"                     [id=14460, stack(0x0000002a3bb00000,0x0000002a3bc00000) (1024K)]
  0x0000012c5dab5d50 WorkerThread "GC Thread#3"                     [id=13768, stack(0x0000002a3bc00000,0x0000002a3bd00000) (1024K)]
  0x0000012c5db43770 WorkerThread "GC Thread#4"                     [id=20504, stack(0x0000002a3bd00000,0x0000002a3be00000) (1024K)]
  0x0000012c5daf5dc0 WorkerThread "GC Thread#5"                     [id=8876, stack(0x0000002a3be00000,0x0000002a3bf00000) (1024K)]
  0x0000012c5d93c340 WorkerThread "GC Thread#6"                     [id=6016, stack(0x0000002a3bf00000,0x0000002a3c000000) (1024K)]
  0x0000012c5d93c6e0 WorkerThread "GC Thread#7"                     [id=10776, stack(0x0000002a3c000000,0x0000002a3c100000) (1024K)]
  0x0000012c7a7e1500 ConcurrentGCThread "G1 Main Marker"            [id=24336, stack(0x0000002a3a400000,0x0000002a3a500000) (1024K)]
  0x0000012c7a7e2000 WorkerThread "G1 Conc#0"                       [id=14880, stack(0x0000002a3a500000,0x0000002a3a600000) (1024K)]
  0x0000012c5e4c63b0 WorkerThread "G1 Conc#1"                       [id=7652, stack(0x0000002a3c700000,0x0000002a3c800000) (1024K)]
  0x0000012c7a847fb0 ConcurrentGCThread "G1 Refine#0"               [id=21348, stack(0x0000002a3a600000,0x0000002a3a700000) (1024K)]
  0x0000012c7a8497a0 ConcurrentGCThread "G1 Service"                [id=1012, stack(0x0000002a3a700000,0x0000002a3a800000) (1024K)]
Total: 15

Threads with active compile tasks:
C1 CompilerThread0   191785 9452  s    3       org.apache.catalina.util.LifecycleBase::setStateInternal (144 bytes)
Total: 1

VM state: at safepoint (normal execution)

VM Mutex/Monitor currently owned by a thread:  ([mutex/lock_event])
[0x00007ffcf476be98] Threads_lock - owner thread: 0x0000012c7e6105c0
[0x00007ffcf476bf98] Heap_lock - owner thread: 0x0000012c5e2d7630

Heap address: 0x00000000ca600000, size: 858 MB, Compressed Oops mode: 32-bit

CDS archive(s) mapped at: [0x0000012c18000000-0x0000012c18c90000-0x0000012c18c90000), size 13172736, SharedBaseAddress: 0x0000012c18000000, ArchiveRelocationMode: 1.
Compressed class space mapped at: 0x0000012c19000000-0x0000012c59000000, reserved size: 1073741824
Narrow klass base: 0x0000012c18000000, Narrow klass shift: 0, Narrow klass range: 0x100000000

GC Precious Log:
 CardTable entry size: 512
 Card Set container configuration: InlinePtr #cards 5 size 8 Array Of Cards #cards 12 size 40 Howl #buckets 4 coarsen threshold 1843 Howl Bitmap #cards 512 size 80 coarsen threshold 460 Card regions per heap region 1 cards per card region 2048
 CPUs: 8 total, 8 available
 Memory: 3429M
 Large Page Support: Disabled
 NUMA Support: Disabled
 Compressed Oops: Enabled (32-bit)
 Heap Region Size: 1M
 Heap Min Capacity: 8M
 Heap Initial Capacity: 54M
 Heap Max Capacity: 858M
 Pre-touch: Disabled
 Parallel Workers: 8
 Concurrent Workers: 2
 Concurrent Refinement Workers: 8
 Periodic GC: Disabled

Heap:
 garbage-first heap   total 73728K, used 45633K [0x00000000ca600000, 0x0000000100000000)
  region size 1024K, 8 young (8192K), 4 survivors (4096K)
 Metaspace       used 84311K, committed 85248K, reserved 1179648K
  class space    used 10958K, committed 11392K, reserved 1048576K

Heap Regions: E=young(eden), S=young(survivor), O=old, HS=humongous(starts), HC=humongous(continues), CS=collection set, F=free, TAMS=top-at-mark-start, PB=parsable bottom
|   0|0x00000000ca600000, 0x00000000ca700000, 0x00000000ca700000|100%|HS|  |TAMS 0x00000000ca600000| PB 0x00000000ca600000| Complete 
|   1|0x00000000ca700000, 0x00000000ca800000, 0x00000000ca800000|100%|HS|  |TAMS 0x00000000ca700000| PB 0x00000000ca700000| Complete 
|   2|0x00000000ca800000, 0x00000000ca900000, 0x00000000ca900000|100%| O|  |TAMS 0x00000000ca800000| PB 0x00000000ca800000| Untracked 
|   3|0x00000000ca900000, 0x00000000caa00000, 0x00000000caa00000|100%| O|  |TAMS 0x00000000ca900000| PB 0x00000000ca900000| Untracked 
|   4|0x00000000caa00000, 0x00000000cab00000, 0x00000000cab00000|100%| O|  |TAMS 0x00000000caa00000| PB 0x00000000caa00000| Untracked 
|   5|0x00000000cab00000, 0x00000000cac00000, 0x00000000cac00000|100%| O|  |TAMS 0x00000000cab00000| PB 0x00000000cab00000| Untracked 
|   6|0x00000000cac00000, 0x00000000cad00000, 0x00000000cad00000|100%| O|  |TAMS 0x00000000cac00000| PB 0x00000000cac00000| Untracked 
|   7|0x00000000cad00000, 0x00000000cae00000, 0x00000000cae00000|100%| O|  |TAMS 0x00000000cad00000| PB 0x00000000cad00000| Untracked 
|   8|0x00000000cae00000, 0x00000000caf00000, 0x00000000caf00000|100%| O|  |TAMS 0x00000000cae00000| PB 0x00000000cae00000| Untracked 
|   9|0x00000000caf00000, 0x00000000cb000000, 0x00000000cb000000|100%| O|  |TAMS 0x00000000caf00000| PB 0x00000000caf00000| Untracked 
|  10|0x00000000cb000000, 0x00000000cb100000, 0x00000000cb100000|100%| O|  |TAMS 0x00000000cb000000| PB 0x00000000cb000000| Untracked 
|  11|0x00000000cb100000, 0x00000000cb200000, 0x00000000cb200000|100%| O|  |TAMS 0x00000000cb100000| PB 0x00000000cb100000| Untracked 
|  12|0x00000000cb200000, 0x00000000cb300000, 0x00000000cb300000|100%| O|  |TAMS 0x00000000cb200000| PB 0x00000000cb200000| Untracked 
|  13|0x00000000cb300000, 0x00000000cb400000, 0x00000000cb400000|100%| O|  |TAMS 0x00000000cb300000| PB 0x00000000cb300000| Untracked 
|  14|0x00000000cb400000, 0x00000000cb500000, 0x00000000cb500000|100%| O|  |TAMS 0x00000000cb400000| PB 0x00000000cb400000| Untracked 
|  15|0x00000000cb500000, 0x00000000cb600000, 0x00000000cb600000|100%| O|  |TAMS 0x00000000cb500000| PB 0x00000000cb500000| Untracked 
|  16|0x00000000cb600000, 0x00000000cb700000, 0x00000000cb700000|100%| O|  |TAMS 0x00000000cb600000| PB 0x00000000cb600000| Untracked 
|  17|0x00000000cb700000, 0x00000000cb800000, 0x00000000cb800000|100%| O|  |TAMS 0x00000000cb700000| PB 0x00000000cb700000| Untracked 
|  18|0x00000000cb800000, 0x00000000cb900000, 0x00000000cb900000|100%| O|  |TAMS 0x00000000cb800000| PB 0x00000000cb800000| Untracked 
|  19|0x00000000cb900000, 0x00000000cba00000, 0x00000000cba00000|100%| O|  |TAMS 0x00000000cb900000| PB 0x00000000cb900000| Untracked 
|  20|0x00000000cba00000, 0x00000000cba90790, 0x00000000cbb00000| 56%| O|  |TAMS 0x00000000cba00000| PB 0x00000000cba00000| Untracked 
|  21|0x00000000cbb00000, 0x00000000cbc00000, 0x00000000cbc00000|100%| O|  |TAMS 0x00000000cbb00000| PB 0x00000000cbb00000| Untracked 
|  22|0x00000000cbc00000, 0x00000000cbd00000, 0x00000000cbd00000|100%| O|  |TAMS 0x00000000cbc00000| PB 0x00000000cbc00000| Untracked 
|  23|0x00000000cbd00000, 0x00000000cbe00000, 0x00000000cbe00000|100%| O|Cm|TAMS 0x00000000cbd00000| PB 0x00000000cbd00000| Complete 
|  24|0x00000000cbe00000, 0x00000000cbf00000, 0x00000000cbf00000|100%| O|  |TAMS 0x00000000cbe00000| PB 0x00000000cbe00000| Untracked 
|  25|0x00000000cbf00000, 0x00000000cc000000, 0x00000000cc000000|100%| O|  |TAMS 0x00000000cbf00000| PB 0x00000000cbf00000| Untracked 
|  26|0x00000000cc000000, 0x00000000cc100000, 0x00000000cc100000|100%| O|  |TAMS 0x00000000cc000000| PB 0x00000000cc000000| Untracked 
|  27|0x00000000cc100000, 0x00000000cc200000, 0x00000000cc200000|100%| O|  |TAMS 0x00000000cc100000| PB 0x00000000cc100000| Untracked 
|  28|0x00000000cc200000, 0x00000000cc300000, 0x00000000cc300000|100%| O|  |TAMS 0x00000000cc200000| PB 0x00000000cc200000| Untracked 
|  29|0x00000000cc300000, 0x00000000cc400000, 0x00000000cc400000|100%| O|  |TAMS 0x00000000cc300000| PB 0x00000000cc300000| Untracked 
|  30|0x00000000cc400000, 0x00000000cc400000, 0x00000000cc500000|  0%| F|  |TAMS 0x00000000cc400000| PB 0x00000000cc400000| Untracked 
|  31|0x00000000cc500000, 0x00000000cc600000, 0x00000000cc600000|100%| O|  |TAMS 0x00000000cc500000| PB 0x00000000cc500000| Untracked 
|  32|0x00000000cc600000, 0x00000000cc700000, 0x00000000cc700000|100%| O|  |TAMS 0x00000000cc600000| PB 0x00000000cc600000| Untracked 
|  33|0x00000000cc700000, 0x00000000cc800000, 0x00000000cc800000|100%| O|  |TAMS 0x00000000cc700000| PB 0x00000000cc700000| Untracked 
|  34|0x00000000cc800000, 0x00000000cc900000, 0x00000000cc900000|100%| O|  |TAMS 0x00000000cc800000| PB 0x00000000cc800000| Untracked 
|  35|0x00000000cc900000, 0x00000000cca00000, 0x00000000cca00000|100%| O|  |TAMS 0x00000000cc900000| PB 0x00000000cc900000| Untracked 
|  36|0x00000000cca00000, 0x00000000ccb00000, 0x00000000ccb00000|100%| O|Cm|TAMS 0x00000000cca00000| PB 0x00000000cca00000| Complete 
|  37|0x00000000ccb00000, 0x00000000ccc00000, 0x00000000ccc00000|100%| O|Cm|TAMS 0x00000000ccb00000| PB 0x00000000ccb00000| Complete 
|  38|0x00000000ccc00000, 0x00000000ccd00000, 0x00000000ccd00000|100%| O|  |TAMS 0x00000000ccc00000| PB 0x00000000ccc00000| Untracked 
|  39|0x00000000ccd00000, 0x00000000ccd00000, 0x00000000cce00000|  0%| F|  |TAMS 0x00000000ccd00000| PB 0x00000000ccd00000| Untracked 
|  40|0x00000000cce00000, 0x00000000ccf00000, 0x00000000ccf00000|100%| S|CS|TAMS 0x00000000cce00000| PB 0x00000000cce00000| Complete 
|  41|0x00000000ccf00000, 0x00000000ccf00000, 0x00000000cd000000|  0%| F|  |TAMS 0x00000000ccf00000| PB 0x00000000ccf00000| Untracked 
|  42|0x00000000cd000000, 0x00000000cd000000, 0x00000000cd100000|  0%| F|  |TAMS 0x00000000cd000000| PB 0x00000000cd000000| Untracked 
|  43|0x00000000cd100000, 0x00000000cd100000, 0x00000000cd200000|  0%| F|  |TAMS 0x00000000cd100000| PB 0x00000000cd100000| Untracked 
|  44|0x00000000cd200000, 0x00000000cd300000, 0x00000000cd300000|100%| S|CS|TAMS 0x00000000cd200000| PB 0x00000000cd200000| Complete 
|  45|0x00000000cd300000, 0x00000000cd400000, 0x00000000cd400000|100%| S|CS|TAMS 0x00000000cd300000| PB 0x00000000cd300000| Complete 
|  46|0x00000000cd400000, 0x00000000cd500000, 0x00000000cd500000|100%| S|CS|TAMS 0x00000000cd400000| PB 0x00000000cd400000| Complete 
|  47|0x00000000cd500000, 0x00000000cd500000, 0x00000000cd600000|  0%| F|  |TAMS 0x00000000cd500000| PB 0x00000000cd500000| Untracked 
|  48|0x00000000cd600000, 0x00000000cd600000, 0x00000000cd700000|  0%| F|  |TAMS 0x00000000cd600000| PB 0x00000000cd600000| Untracked 
|  49|0x00000000cd700000, 0x00000000cd700000, 0x00000000cd800000|  0%| F|  |TAMS 0x00000000cd700000| PB 0x00000000cd700000| Untracked 
|  50|0x00000000cd800000, 0x00000000cd800000, 0x00000000cd900000|  0%| F|  |TAMS 0x00000000cd800000| PB 0x00000000cd800000| Untracked 
|  51|0x00000000cd900000, 0x00000000cd900000, 0x00000000cda00000|  0%| F|  |TAMS 0x00000000cd900000| PB 0x00000000cd900000| Untracked 
|  52|0x00000000cda00000, 0x00000000cda00000, 0x00000000cdb00000|  0%| F|  |TAMS 0x00000000cda00000| PB 0x00000000cda00000| Untracked 
|  53|0x00000000cdb00000, 0x00000000cdb00000, 0x00000000cdc00000|  0%| F|  |TAMS 0x00000000cdb00000| PB 0x00000000cdb00000| Untracked 
|  54|0x00000000cdc00000, 0x00000000cdc00000, 0x00000000cdd00000|  0%| F|  |TAMS 0x00000000cdc00000| PB 0x00000000cdc00000| Untracked 
|  55|0x00000000cdd00000, 0x00000000cdd00000, 0x00000000cde00000|  0%| F|  |TAMS 0x00000000cdd00000| PB 0x00000000cdd00000| Untracked 
|  56|0x00000000cde00000, 0x00000000cde00000, 0x00000000cdf00000|  0%| F|  |TAMS 0x00000000cde00000| PB 0x00000000cde00000| Untracked 
|  57|0x00000000cdf00000, 0x00000000cdf00000, 0x00000000ce000000|  0%| F|  |TAMS 0x00000000cdf00000| PB 0x00000000cdf00000| Untracked 
|  58|0x00000000ce000000, 0x00000000ce000000, 0x00000000ce100000|  0%| F|  |TAMS 0x00000000ce000000| PB 0x00000000ce000000| Untracked 
|  59|0x00000000ce100000, 0x00000000ce100000, 0x00000000ce200000|  0%| F|  |TAMS 0x00000000ce100000| PB 0x00000000ce100000| Untracked 
|  60|0x00000000ce200000, 0x00000000ce200000, 0x00000000ce300000|  0%| F|  |TAMS 0x00000000ce200000| PB 0x00000000ce200000| Untracked 
|  61|0x00000000ce300000, 0x00000000ce300000, 0x00000000ce400000|  0%| F|  |TAMS 0x00000000ce300000| PB 0x00000000ce300000| Untracked 
|  62|0x00000000ce400000, 0x00000000ce400000, 0x00000000ce500000|  0%| F|  |TAMS 0x00000000ce400000| PB 0x00000000ce400000| Untracked 
|  63|0x00000000ce500000, 0x00000000ce500000, 0x00000000ce600000|  0%| F|  |TAMS 0x00000000ce500000| PB 0x00000000ce500000| Untracked 
|  64|0x00000000ce600000, 0x00000000ce600000, 0x00000000ce700000|  0%| F|  |TAMS 0x00000000ce600000| PB 0x00000000ce600000| Untracked 
|  65|0x00000000ce700000, 0x00000000ce700000, 0x00000000ce800000|  0%| F|  |TAMS 0x00000000ce700000| PB 0x00000000ce700000| Untracked 
|  66|0x00000000ce800000, 0x00000000ce800000, 0x00000000ce900000|  0%| F|  |TAMS 0x00000000ce800000| PB 0x00000000ce800000| Untracked 
|  67|0x00000000ce900000, 0x00000000ce900000, 0x00000000cea00000|  0%| F|  |TAMS 0x00000000ce900000| PB 0x00000000ce900000| Untracked 
|  68|0x00000000cea00000, 0x00000000ceb00000, 0x00000000ceb00000|100%| E|CS|TAMS 0x00000000cea00000| PB 0x00000000cea00000| Complete 
|  69|0x00000000ceb00000, 0x00000000cebcded0, 0x00000000cec00000| 80%| E|  |TAMS 0x00000000ceb00000| PB 0x00000000ceb00000| Complete 
|  70|0x00000000cec00000, 0x00000000ced00000, 0x00000000ced00000|100%| E|CS|TAMS 0x00000000cec00000| PB 0x00000000cec00000| Complete 
|  71|0x00000000ced00000, 0x00000000cee00000, 0x00000000cee00000|100%| E|CS|TAMS 0x00000000ced00000| PB 0x00000000ced00000| Complete 

Card table byte_map: [0x0000012c7ad30000,0x0000012c7aee0000] _byte_map_base: 0x0000012c7a6dd000

Marking Bits: (CMBitMap*) 0x0000012c7a7d9f30
 Bits: [0x0000012c7aee0000, 0x0000012c7bc48000)

Polling page: 0x0000012c78720000

Metaspace:

Usage:
  Non-class:     71.63 MB used.
      Class:     10.70 MB used.
       Both:     82.34 MB used.

Virtual space:
  Non-class space:      128.00 MB reserved,      72.12 MB ( 56%) committed,  2 nodes.
      Class space:        1.00 GB reserved,      11.12 MB (  1%) committed,  1 nodes.
             Both:        1.12 GB reserved,      83.25 MB (  7%) committed. 

Chunk freelists:
   Non-Class:  7.91 MB
       Class:  4.93 MB
        Both:  12.84 MB

MaxMetaspaceSize: unlimited
CompressedClassSpaceSize: 1.00 GB
Initial GC threshold: 21.00 MB
Current GC threshold: 138.25 MB
CDS: on
 - commit_granule_bytes: 65536.
 - commit_granule_words: 8192.
 - virtual_space_node_default_size: 8388608.
 - enlarge_chunks_in_place: 1.
 - use_allocation_guard: 0.


Internal statistics:

num_allocs_failed_limit: 8.
num_arena_births: 1364.
num_arena_deaths: 0.
num_vsnodes_births: 3.
num_vsnodes_deaths: 0.
num_space_committed: 1332.
num_space_uncommitted: 0.
num_chunks_returned_to_freelist: 8.
num_chunks_taken_from_freelist: 4382.
num_chunk_merges: 3.
num_chunk_splits: 3050.
num_chunks_enlarged: 2308.
num_inconsistent_stats: 0.

CodeHeap 'non-profiled nmethods': size=120000Kb used=5000Kb max_used=5152Kb free=114999Kb
 bounds [0x0000012c0fe90000, 0x0000012c103a0000, 0x0000012c173c0000]
CodeHeap 'profiled nmethods': size=120000Kb used=14799Kb max_used=15183Kb free=105200Kb
 bounds [0x0000012c083c0000, 0x0000012c092a0000, 0x0000012c0f8f0000]
CodeHeap 'non-nmethods': size=5760Kb used=1855Kb max_used=1918Kb free=3904Kb
 bounds [0x0000012c0f8f0000, 0x0000012c0fb60000, 0x0000012c0fe90000]
 total_blobs=8696 nmethods=7899 adapters=701
 compilation: enabled
              stopped_count=0, restarted_count=0
 full_count=0

Compilation events (20 events):
Event: 191.671 Thread 0x0000012c7e63e6a0 nmethod 9442 0x0000012c090b2690 code [0x0000012c090b28a0, 0x0000012c090b2f80]
Event: 191.671 Thread 0x0000012c7e63e6a0 9443       3       io.micrometer.core.instrument.AbstractMeter::equals (6 bytes)
Event: 191.671 Thread 0x0000012c7e63e6a0 nmethod 9443 0x0000012c08929910 code [0x0000012c08929ac0, 0x0000012c08929c10]
Event: 191.672 Thread 0x0000012c7e63e6a0 9444       3       io.micrometer.core.instrument.util.MeterEquivalence::equals (57 bytes)
Event: 191.672 Thread 0x0000012c7e63e6a0 nmethod 9444 0x0000012c08a16b10 code [0x0000012c08a16d20, 0x0000012c08a17418]
Event: 191.675 Thread 0x0000012c7e63e6a0 9445   !   3       java.util.concurrent.ConcurrentHashMap::clear (176 bytes)
Event: 191.676 Thread 0x0000012c7e63e6a0 nmethod 9445 0x0000012c08d18f10 code [0x0000012c08d19140, 0x0000012c08d19ac8]
Event: 191.678 Thread 0x0000012c7e6324a0 9446       4       java.lang.invoke.TypeConvertingMethodAdapter::descriptorToName (36 bytes)
Event: 191.688 Thread 0x0000012c7e6324a0 nmethod 9446 0x0000012c10216410 code [0x0000012c10216600, 0x0000012c10216dd0]
Event: 191.689 Thread 0x0000012c7e63e6a0 9447       3       org.apache.catalina.util.LifecycleBase::fireLifecycleEvent (56 bytes)
Event: 191.690 Thread 0x0000012c7e63e6a0 nmethod 9447 0x0000012c083ca690 code [0x0000012c083ca8c0, 0x0000012c083cb188]
Event: 191.690 Thread 0x0000012c7e63e6a0 9448       3       org.apache.catalina.LifecycleEvent::<init> (16 bytes)
Event: 191.691 Thread 0x0000012c7e63e6a0 nmethod 9448 0x0000012c0875f210 code [0x0000012c0875f3e0, 0x0000012c0875f7d0]
Event: 191.700 Thread 0x0000012c7e63e6a0 9449       3       java.util.Collections::reverse (125 bytes)
Event: 191.701 Thread 0x0000012c7e63e6a0 nmethod 9449 0x0000012c08d93790 code [0x0000012c08d939e0, 0x0000012c08d944a8]
Event: 191.703 Thread 0x0000012c7e63e6a0 9450       3       java.io.ObjectOutputStream::writeNull (10 bytes)
Event: 191.704 Thread 0x0000012c7e63e6a0 nmethod 9450 0x0000012c089fe510 code [0x0000012c089fe6c0, 0x0000012c089fe810]
Event: 191.722 Thread 0x0000012c7e63e6a0 9451       3       org.apache.juli.logging.DirectJDKLog::isDebugEnabled (11 bytes)
Event: 191.723 Thread 0x0000012c7e63e6a0 nmethod 9451 0x0000012c0899ed10 code [0x0000012c0899eec0, 0x0000012c0899f168]
Event: 191.723 Thread 0x0000012c7e63e6a0 9452  s    3       org.apache.catalina.util.LifecycleBase::setStateInternal (144 bytes)

GC Heap History (20 events):
Event: 14.392 GC heap after
{Heap after GC invocations=20 (full 0):
 garbage-first heap   total 61440K, used 31344K [0x00000000ca600000, 0x0000000100000000)
  region size 1024K, 2 young (2048K), 2 survivors (2048K)
 Metaspace       used 68110K, committed 68864K, reserved 1114112K
  class space    used 8809K, committed 9152K, reserved 1048576K
}
Event: 15.261 GC heap before
{Heap before GC invocations=21 (full 0):
 garbage-first heap   total 61440K, used 55920K [0x00000000ca600000, 0x0000000100000000)
  region size 1024K, 26 young (26624K), 2 survivors (2048K)
 Metaspace       used 68963K, committed 69696K, reserved 1114112K
  class space    used 8976K, committed 9280K, reserved 1048576K
}
Event: 15.267 GC heap after
{Heap after GC invocations=22 (full 0):
 garbage-first heap   total 61440K, used 32727K [0x00000000ca600000, 0x0000000100000000)
  region size 1024K, 4 young (4096K), 4 survivors (4096K)
 Metaspace       used 68963K, committed 69696K, reserved 1114112K
  class space    used 8976K, committed 9280K, reserved 1048576K
}
Event: 15.740 GC heap before
{Heap before GC invocations=22 (full 0):
 garbage-first heap   total 61440K, used 53207K [0x00000000ca600000, 0x0000000100000000)
  region size 1024K, 24 young (24576K), 4 survivors (4096K)
 Metaspace       used 70238K, committed 70976K, reserved 1114112K
  class space    used 9124K, committed 9472K, reserved 1048576K
}
Event: 15.746 GC heap after
{Heap after GC invocations=23 (full 0):
 garbage-first heap   total 61440K, used 34298K [0x00000000ca600000, 0x0000000100000000)
  region size 1024K, 2 young (2048K), 2 survivors (2048K)
 Metaspace       used 70238K, committed 70976K, reserved 1114112K
  class space    used 9124K, committed 9472K, reserved 1048576K
}
Event: 16.411 GC heap before
{Heap before GC invocations=23 (full 0):
 garbage-first heap   total 61440K, used 55802K [0x00000000ca600000, 0x0000000100000000)
  region size 1024K, 23 young (23552K), 2 survivors (2048K)
 Metaspace       used 73702K, committed 74560K, reserved 1114112K
  class space    used 9589K, committed 9984K, reserved 1048576K
}
Event: 16.416 GC heap after
{Heap after GC invocations=24 (full 0):
 garbage-first heap   total 61440K, used 35701K [0x00000000ca600000, 0x0000000100000000)
  region size 1024K, 2 young (2048K), 2 survivors (2048K)
 Metaspace       used 73702K, committed 74560K, reserved 1114112K
  class space    used 9589K, committed 9984K, reserved 1048576K
}
Event: 17.484 GC heap before
{Heap before GC invocations=25 (full 0):
 garbage-first heap   total 63488K, used 54133K [0x00000000ca600000, 0x0000000100000000)
  region size 1024K, 20 young (20480K), 2 survivors (2048K)
 Metaspace       used 75256K, committed 75968K, reserved 1179648K
  class space    used 9804K, committed 10112K, reserved 1048576K
}
Event: 17.491 GC heap after
{Heap after GC invocations=26 (full 0):
 garbage-first heap   total 63488K, used 37419K [0x00000000ca600000, 0x0000000100000000)
  region size 1024K, 3 young (3072K), 3 survivors (3072K)
 Metaspace       used 75256K, committed 75968K, reserved 1179648K
  class space    used 9804K, committed 10112K, reserved 1048576K
}
Event: 17.747 GC heap before
{Heap before GC invocations=26 (full 0):
 garbage-first heap   total 63488K, used 54827K [0x00000000ca600000, 0x0000000100000000)
  region size 1024K, 21 young (21504K), 3 survivors (3072K)
 Metaspace       used 76669K, committed 77504K, reserved 1179648K
  class space    used 10008K, committed 10432K, reserved 1048576K
}
Event: 17.756 GC heap after
{Heap after GC invocations=27 (full 0):
 garbage-first heap   total 63488K, used 37857K [0x00000000ca600000, 0x0000000100000000)
  region size 1024K, 2 young (2048K), 2 survivors (2048K)
 Metaspace       used 76669K, committed 77504K, reserved 1179648K
  class space    used 10008K, committed 10432K, reserved 1048576K
}
Event: 18.192 GC heap before
{Heap before GC invocations=27 (full 0):
 garbage-first heap   total 63488K, used 56289K [0x00000000ca600000, 0x0000000100000000)
  region size 1024K, 20 young (20480K), 2 survivors (2048K)
 Metaspace       used 77739K, committed 78592K, reserved 1179648K
  class space    used 10142K, committed 10560K, reserved 1048576K
}
Event: 18.195 GC heap after
{Heap after GC invocations=28 (full 0):
 garbage-first heap   total 63488K, used 38856K [0x00000000ca600000, 0x0000000100000000)
  region size 1024K, 3 young (3072K), 3 survivors (3072K)
 Metaspace       used 77739K, committed 78592K, reserved 1179648K
  class space    used 10142K, committed 10560K, reserved 1048576K
}
Event: 18.587 GC heap before
{Heap before GC invocations=29 (full 0):
 garbage-first heap   total 70656K, used 55240K [0x00000000ca600000, 0x0000000100000000)
  region size 1024K, 19 young (19456K), 3 survivors (3072K)
 Metaspace       used 78941K, committed 79808K, reserved 1179648K
  class space    used 10303K, committed 10688K, reserved 1048576K
}
Event: 18.592 GC heap after
{Heap after GC invocations=30 (full 0):
 garbage-first heap   total 70656K, used 40089K [0x00000000ca600000, 0x0000000100000000)
  region size 1024K, 3 young (3072K), 3 survivors (3072K)
 Metaspace       used 78941K, committed 79808K, reserved 1179648K
  class space    used 10303K, committed 10688K, reserved 1048576K
}
Event: 35.029 GC heap before
{Heap before GC invocations=30 (full 0):
 garbage-first heap   total 70656K, used 61593K [0x00000000ca600000, 0x0000000100000000)
  region size 1024K, 25 young (25600K), 3 survivors (3072K)
 Metaspace       used 80834K, committed 81728K, reserved 1179648K
  class space    used 10530K, committed 10944K, reserved 1048576K
}
Event: 35.058 GC heap after
{Heap after GC invocations=31 (full 0):
 garbage-first heap   total 70656K, used 40009K [0x00000000ca600000, 0x0000000100000000)
  region size 1024K, 3 young (3072K), 3 survivors (3072K)
 Metaspace       used 80834K, committed 81728K, reserved 1179648K
  class space    used 10530K, committed 10944K, reserved 1048576K
}
Event: 191.017 GC heap before
{Heap before GC invocations=31 (full 0):
 garbage-first heap   total 70656K, used 61513K [0x00000000ca600000, 0x0000000100000000)
  region size 1024K, 25 young (25600K), 3 survivors (3072K)
 Metaspace       used 84024K, committed 84928K, reserved 1179648K
  class space    used 10912K, committed 11328K, reserved 1048576K
}
Event: 191.052 GC heap after
{Heap after GC invocations=32 (full 0):
 garbage-first heap   total 70656K, used 42561K [0x00000000ca600000, 0x0000000100000000)
  region size 1024K, 4 young (4096K), 4 survivors (4096K)
 Metaspace       used 84024K, committed 84928K, reserved 1179648K
  class space    used 10912K, committed 11328K, reserved 1048576K
}
Event: 191.723 GC heap before
{Heap before GC invocations=33 (full 0):
 garbage-first heap   total 73728K, used 45633K [0x00000000ca600000, 0x0000000100000000)
  region size 1024K, 8 young (8192K), 4 survivors (4096K)
 Metaspace       used 84311K, committed 85248K, reserved 1179648K
  class space    used 10958K, committed 11392K, reserved 1048576K
}

Dll operation events (11 events):
Event: 0.020 Loaded shared library C:\Program Files\Java\jdk-21\bin\java.dll
Event: 0.068 Loaded shared library C:\Program Files\Java\jdk-21\bin\jsvml.dll
Event: 2.124 Loaded shared library C:\Program Files\Java\jdk-21\bin\jimage.dll
Event: 2.142 Loaded shared library C:\Program Files\Java\jdk-21\bin\net.dll
Event: 2.144 Loaded shared library C:\Program Files\Java\jdk-21\bin\nio.dll
Event: 2.150 Loaded shared library C:\Program Files\Java\jdk-21\bin\zip.dll
Event: 2.328 Loaded shared library C:\Program Files\Java\jdk-21\bin\management.dll
Event: 2.367 Loaded shared library C:\Program Files\Java\jdk-21\bin\management_ext.dll
Event: 2.799 Loaded shared library C:\Program Files\Java\jdk-21\bin\extnet.dll
Event: 4.767 Loaded shared library C:\Program Files\Java\jdk-21\bin\sunmscapi.dll
Event: 10.375 Loaded shared library C:\Program Files\Java\jdk-21\bin\verify.dll

Deoptimization events (20 events):
Event: 191.716 Thread 0x0000012c5e2d7630 DEOPT PACKING pc=0x0000012c08e14e04 sp=0x0000002a39ffcc20
Event: 191.716 Thread 0x0000012c5e2d7630 DEOPT UNPACKING pc=0x0000012c0f944e42 sp=0x0000002a39ffc1d0 mode 1
Event: 191.716 Thread 0x0000012c5e2d7630 DEOPT PACKING pc=0x0000012c085a31a4 sp=0x0000002a39ffcd90
Event: 191.716 Thread 0x0000012c5e2d7630 DEOPT UNPACKING pc=0x0000012c0f944e42 sp=0x0000002a39ffc330 mode 1
Event: 191.717 Thread 0x0000012c5e2d7630 DEOPT PACKING pc=0x0000012c088c34a1 sp=0x0000002a39ffc760
Event: 191.717 Thread 0x0000012c5e2d7630 DEOPT UNPACKING pc=0x0000012c0f944e42 sp=0x0000002a39ffbc48 mode 1
Event: 191.717 Thread 0x0000012c5e2d7630 DEOPT PACKING pc=0x0000012c08e14e04 sp=0x0000002a39ffc800
Event: 191.717 Thread 0x0000012c5e2d7630 DEOPT UNPACKING pc=0x0000012c0f944e42 sp=0x0000002a39ffbdb0 mode 1
Event: 191.717 Thread 0x0000012c5e2d7630 DEOPT PACKING pc=0x0000012c085a31a4 sp=0x0000002a39ffc970
Event: 191.717 Thread 0x0000012c5e2d7630 DEOPT UNPACKING pc=0x0000012c0f944e42 sp=0x0000002a39ffbf10 mode 1
Event: 191.718 Thread 0x0000012c5e2d7630 DEOPT PACKING pc=0x0000012c088c34a1 sp=0x0000002a39ffcb00
Event: 191.718 Thread 0x0000012c5e2d7630 DEOPT UNPACKING pc=0x0000012c0f944e42 sp=0x0000002a39ffbfe8 mode 1
Event: 191.718 Thread 0x0000012c5e2d7630 DEOPT PACKING pc=0x0000012c08e14e04 sp=0x0000002a39ffcba0
Event: 191.718 Thread 0x0000012c5e2d7630 DEOPT UNPACKING pc=0x0000012c0f944e42 sp=0x0000002a39ffc150 mode 1
Event: 191.718 Thread 0x0000012c5e2d7630 DEOPT PACKING pc=0x0000012c085a31a4 sp=0x0000002a39ffcd10
Event: 191.718 Thread 0x0000012c5e2d7630 DEOPT UNPACKING pc=0x0000012c0f944e42 sp=0x0000002a39ffc2b0 mode 1
Event: 191.721 Thread 0x0000012c5e5833a0 DEOPT PACKING pc=0x0000012c09262794 sp=0x0000002a3c8fee30
Event: 191.721 Thread 0x0000012c5e5833a0 DEOPT UNPACKING pc=0x0000012c0f944e42 sp=0x0000002a3c8fe358 mode 1
Event: 191.722 Thread 0x0000012c5e5812d0 DEOPT PACKING pc=0x0000012c09230afc sp=0x0000002a3caff180
Event: 191.722 Thread 0x0000012c5e5812d0 DEOPT UNPACKING pc=0x0000012c0f944e42 sp=0x0000002a3cafe648 mode 1

Classes loaded (20 events):
Event: 36.417 Loading class java/lang/Throwable$WrappedPrintWriter
Event: 36.418 Loading class java/lang/Throwable$WrappedPrintWriter done
Event: 175.737 Loading class java/util/concurrent/locks/AbstractQueuedSynchronizer$SharedNode
Event: 175.755 Loading class java/util/concurrent/locks/AbstractQueuedSynchronizer$SharedNode done
Event: 191.252 Loading class jdk/internal/reflect/AccessorUtils
Event: 191.254 Loading class jdk/internal/reflect/AccessorUtils done
Event: 191.327 Loading class jdk/internal/loader/BootLoader$PackageHelper
Event: 191.328 Loading class jdk/internal/loader/BootLoader$PackageHelper done
Event: 191.488 Loading class javax/management/NotificationBroadcasterSupport$WildcardListenerInfo
Event: 191.492 Loading class javax/management/NotificationBroadcasterSupport$WildcardListenerInfo done
Event: 191.596 Loading class sun/security/ssl/Alert
Event: 191.605 Loading class sun/security/ssl/Alert done
Event: 191.607 Loading class sun/security/ssl/Alert$AlertConsumer
Event: 191.613 Loading class sun/security/ssl/Alert$AlertConsumer done
Event: 191.613 Loading class sun/security/ssl/Alert$Level
Event: 191.615 Loading class sun/security/ssl/Alert$Level done
Event: 191.620 Loading class sun/net/ConnectionResetException
Event: 191.621 Loading class sun/net/ConnectionResetException done
Event: 191.704 Loading class java/io/FileOutputStream$1
Event: 191.704 Loading class java/io/FileOutputStream$1 done

Classes unloaded (0 events):
No events

Classes redefined (0 events):
No events

Internal exceptions (20 events):
Event: 18.708 Thread 0x0000012c5e2d8350 Exception <a 'java/lang/ClassNotFoundException'{0x00000000ce28ccf8}: org/springframework/context/support/LiveBeansView> (0x00000000ce28ccf8) 
thrown [s\open\src\hotspot\share\classfile\systemDictionary.cpp, line 312]
Event: 18.708 Thread 0x0000012c5e2d8350 Exception <a 'java/lang/ClassNotFoundException'{0x00000000ce28d0b8}: org/springframework/boot/actuate/endpoint/jmx/EndpointMBean> (0x00000000ce28d0b8) 
thrown [s\open\src\hotspot\share\classfile\systemDictionary.cpp, line 312]
Event: 18.708 Thread 0x0000012c5e2d8350 Exception <a 'java/lang/ClassNotFoundException'{0x00000000ce28d478}: org/springframework/boot/actuate/endpoint/jmx/DataEndpointMBean> (0x00000000ce28d478) 
thrown [s\open\src\hotspot\share\classfile\systemDictionary.cpp, line 312]
Event: 18.708 Thread 0x0000012c5e2d8350 Exception <a 'java/lang/ClassNotFoundException'{0x00000000ce28d830}: org/springframework/context/support/LiveBeansView> (0x00000000ce28d830) 
thrown [s\open\src\hotspot\share\classfile\systemDictionary.cpp, line 312]
Event: 18.708 Thread 0x0000012c5e2d8350 Exception <a 'java/lang/ClassNotFoundException'{0x00000000ce28dbf0}: org/springframework/boot/actuate/endpoint/jmx/EndpointMBean> (0x00000000ce28dbf0) 
thrown [s\open\src\hotspot\share\classfile\systemDictionary.cpp, line 312]
Event: 18.708 Thread 0x0000012c5e2d8350 Exception <a 'java/lang/ClassNotFoundException'{0x00000000ce28dfb0}: org/springframework/boot/actuate/endpoint/jmx/DataEndpointMBean> (0x00000000ce28dfb0) 
thrown [s\open\src\hotspot\share\classfile\systemDictionary.cpp, line 312]
Event: 18.708 Thread 0x0000012c5e2d8350 Exception <a 'java/lang/ClassNotFoundException'{0x00000000ce28e368}: org/springframework/context/support/LiveBeansView> (0x00000000ce28e368) 
thrown [s\open\src\hotspot\share\classfile\systemDictionary.cpp, line 312]
Event: 18.717 Thread 0x0000012c5e2d8350 Exception <a 'java/lang/NoSuchMethodError'{0x00000000ce2af488}: 'double java.lang.invoke.DirectMethodHandle$Holder.invokeInterface(java.lang.Object, java.lang.Object)'> (0x00000000ce2af488) 
thrown [s\open\src\hotspot\share\interpreter\linkResolver.cpp, line 773]
Event: 33.227 Thread 0x0000012c5eb7e140 Exception <a 'java/lang/NoSuchMethodError'{0x00000000cdfbf038}: 'java.lang.Object java.lang.invoke.DirectMethodHandle$Holder.invokeSpecial(java.lang.Object, java.lang.Object, java.lang.Object, java.lang.Object, java.lang.Object, long)'> (0x00000000cdfbf038) 
thrown [s\open\src\hotspot\share\interpreter\linkResolver.cpp, line 773]
Event: 33.230 Thread 0x0000012c5eb7e140 Exception <a 'java/lang/NoSuchMethodError'{0x00000000cdfc2a50}: 'java.lang.Object java.lang.invoke.Invokers$Holder.linkToTargetMethod(java.lang.Object, java.lang.Object, java.lang.Object, long, java.lang.Object)'> (0x00000000cdfc2a50) 
thrown [s\open\src\hotspot\share\interpreter\linkResolver.cpp, line 773]
Event: 36.290 Thread 0x0000012c5eb7acc0 Exception <a 'java/lang/NoSuchMethodError'{0x00000000ce0ad2b8}: 'java.lang.Object java.lang.invoke.DirectMethodHandle$Holder.invokeStatic(java.lang.Object, int, int)'> (0x00000000ce0ad2b8) 
thrown [s\open\src\hotspot\share\interpreter\linkResolver.cpp, line 773]
Event: 128.694 Thread 0x0000012c5e2d8350 Exception <a 'java/lang/NoSuchMethodError'{0x00000000cd90a4c0}: 'double java.lang.invoke.DirectMethodHandle$Holder.invokeSpecialIFC(java.lang.Object, java.lang.Object)'> (0x00000000cd90a4c0) 
thrown [s\open\src\hotspot\share\interpreter\linkResolver.cpp, line 773]
Event: 190.573 Thread 0x0000012c5eb7ee60 Exception <a 'java/lang/NullPointerException'{0x00000000cdde2168}> (0x00000000cdde2168) 
thrown [s\open\src\hotspot\share\interpreter\linkResolver.cpp, line 1372]
Event: 190.969 Thread 0x0000012c5eb7ee60 Exception <a 'java/lang/IncompatibleClassChangeError'{0x00000000cd5a9b48}: Found class java.lang.Object, but interface was expected> (0x00000000cd5a9b48) 
thrown [s\open\src\hotspot\share\interpreter\linkResolver.cpp, line 840]
Event: 191.243 Thread 0x0000012c5eb7ee60 Exception <a 'java/lang/NoSuchMethodError'{0x00000000ced1afa0}: 'void java.lang.invoke.DirectMethodHandle$Holder.invokeVirtual(java.lang.Object, java.lang.Object, java.lang.Object, java.lang.Object, java.lang.Object)'> (0x00000000ced1afa0) 
thrown [s\open\src\hotspot\share\interpreter\linkResolver.cpp, line 773]
Event: 191.252 Thread 0x0000012c5eb7ee60 Exception <a 'java/lang/NullPointerException'{0x00000000ced31e88}> (0x00000000ced31e88) 
thrown [s\open\src\hotspot\share\interpreter\linkResolver.cpp, line 1372]
Event: 191.330 Thread 0x0000012c5eb7ee60 Implicit null exception at 0x0000012c10184254 to 0x0000012c10184355
Event: 191.617 Thread 0x0000012c5eb7acc0 Exception <a 'java/io/IOException'{0x00000000ceb455e8}> (0x00000000ceb455e8) 
thrown [s\open\src\hotspot\share\prims\jni.cpp, line 520]
Event: 191.619 Thread 0x0000012c5eb7acc0 Exception <a 'java/io/IOException'{0x00000000ceb469a8}> (0x00000000ceb469a8) 
thrown [s\open\src\hotspot\share\prims\jni.cpp, line 520]
Event: 191.722 Thread 0x0000012c5e5812d0 Exception <a 'java/lang/InterruptedException'{0x00000000cebc07f8}: sleep interrupted> (0x00000000cebc07f8) 
thrown [s\open\src\hotspot\share\prims\jvm.cpp, line 3074]

ZGC Phase Switch (0 events):
No events

VM Operations (20 events):
Event: 189.880 Executing VM operation: get/set locals done
Event: 189.880 Executing VM operation: get/set locals
Event: 189.881 Executing VM operation: get/set locals done
Event: 189.881 Executing VM operation: get/set locals
Event: 189.881 Executing VM operation: get/set locals done
Event: 189.881 Executing VM operation: get/set locals
Event: 189.881 Executing VM operation: get/set locals done
Event: 189.881 Executing VM operation: get/set locals
Event: 189.881 Executing VM operation: get/set locals done
Event: 189.882 Executing VM operation: get/set locals
Event: 189.882 Executing VM operation: get/set locals done
Event: 190.882 Executing VM operation: Cleanup
Event: 190.883 Executing VM operation: Cleanup done
Event: 191.017 Executing VM operation: G1CollectForAllocation (G1 Evacuation Pause)
Event: 191.053 Executing VM operation: G1CollectForAllocation (G1 Evacuation Pause) done
Event: 191.152 Executing VM operation: G1PauseRemark
Event: 191.188 Executing VM operation: G1PauseRemark done
Event: 191.212 Executing VM operation: G1PauseCleanup
Event: 191.212 Executing VM operation: G1PauseCleanup done
Event: 191.723 Executing VM operation: G1CollectFull (System.gc())

Events (20 events):
Event: 191.184 Thread 0x0000012c7e6105c0 flushing nmethod 0x0000012c08d97310
Event: 191.184 Thread 0x0000012c7e6105c0 flushing nmethod 0x0000012c08e0ee10
Event: 191.445 Thread 0x0000012c5eb80210 Thread exited: 0x0000012c5eb80210
Event: 191.455 Thread 0x0000012c5eb7d420 Thread exited: 0x0000012c5eb7d420
Event: 191.456 Thread 0x0000012c5eb7c700 Thread exited: 0x0000012c5eb7c700
Event: 191.456 Thread 0x0000012c5eb7c070 Thread exited: 0x0000012c5eb7c070
Event: 191.457 Thread 0x0000012c5eb7e140 Thread exited: 0x0000012c5eb7e140
Event: 191.457 Thread 0x0000012c5eb7a630 Thread exited: 0x0000012c5eb7a630
Event: 191.458 Thread 0x0000012c5eb78bf0 Thread exited: 0x0000012c5eb78bf0
Event: 191.458 Thread 0x0000012c5eb79fa0 Thread exited: 0x0000012c5eb79fa0
Event: 191.459 Thread 0x0000012c5eb7acc0 Thread exited: 0x0000012c5eb7acc0
Event: 191.460 Thread 0x0000012c5eb7cd90 Thread exited: 0x0000012c5eb7cd90
Event: 191.463 Thread 0x0000012c5eb7dab0 Thread exited: 0x0000012c5eb7dab0
Event: 191.470 Thread 0x0000012c5eb7ee60 Thread exited: 0x0000012c5eb7ee60
Event: 191.584 Thread 0x0000012c5eb7acc0 Thread added: 0x0000012c5eb7acc0
Event: 191.587 Thread 0x0000012c5e581960 Thread exited: 0x0000012c5e581960
Event: 191.667 Thread 0x0000012c5eb7acc0 Thread exited: 0x0000012c5eb7acc0
Event: 191.721 Thread 0x0000012c5e5833a0 Thread exited: 0x0000012c5e5833a0
Event: 191.721 Thread 0x0000012c5e583a30 Thread exited: 0x0000012c5e583a30
Event: 191.722 Thread 0x0000012c5e5812d0 Thread exited: 0x0000012c5e5812d0


Dynamic libraries:
0x00007ff723880000 - 0x00007ff723890000 	C:\Program Files\Java\jdk-21\bin\java.exe
0x00007ffd3c7f0000 - 0x00007ffd3ca07000 	C:\Windows\SYSTEM32\ntdll.dll
0x00007ffd3b540000 - 0x00007ffd3b604000 	C:\Windows\System32\KERNEL32.DLL
0x00007ffd39ab0000 - 0x00007ffd39e6a000 	C:\Windows\System32\KERNELBASE.dll
0x00007ffd3a250000 - 0x00007ffd3a361000 	C:\Windows\System32\ucrtbase.dll
0x00007ffd2c3e0000 - 0x00007ffd2c3fb000 	C:\Program Files\Java\jdk-21\bin\VCRUNTIME140.dll
0x00007ffce6830000 - 0x00007ffce6849000 	C:\Program Files\Java\jdk-21\bin\jli.dll
0x00007ffd3a880000 - 0x00007ffd3a932000 	C:\Windows\System32\ADVAPI32.dll
0x00007ffd3c6b0000 - 0x00007ffd3c757000 	C:\Windows\System32\msvcrt.dll
0x00007ffd3a6f0000 - 0x00007ffd3a797000 	C:\Windows\System32\sechost.dll
0x00007ffd3a0b0000 - 0x00007ffd3a0d8000 	C:\Windows\System32\bcrypt.dll
0x00007ffd3a940000 - 0x00007ffd3aa54000 	C:\Windows\System32\RPCRT4.dll
0x00007ffd3b370000 - 0x00007ffd3b51e000 	C:\Windows\System32\USER32.dll
0x00007ffd3a220000 - 0x00007ffd3a246000 	C:\Windows\System32\win32u.dll
0x00007ffd3af90000 - 0x00007ffd3afb9000 	C:\Windows\System32\GDI32.dll
0x00007ffd26510000 - 0x00007ffd267a2000 	C:\Windows\WinSxS\amd64_microsoft.windows.common-controls_6595b64144ccf1df_6.0.22621.4541_none_2710d1c57384c085\COMCTL32.dll
0x00007ffd39ef0000 - 0x00007ffd3a00b000 	C:\Windows\System32\gdi32full.dll
0x00007ffd3a010000 - 0x00007ffd3a0aa000 	C:\Windows\System32\msvcp_win.dll
0x00007ffd30650000 - 0x00007ffd3065a000 	C:\Windows\SYSTEM32\VERSION.dll
0x00007ffd3b780000 - 0x00007ffd3b7b1000 	C:\Windows\System32\IMM32.DLL
0x00007ffd35d90000 - 0x00007ffd35d9c000 	C:\Program Files\Java\jdk-21\bin\vcruntime140_1.dll
0x00007ffcf7440000 - 0x00007ffcf74ce000 	C:\Program Files\Java\jdk-21\bin\msvcp140.dll
0x00007ffcf3b30000 - 0x00007ffcf4848000 	C:\Program Files\Java\jdk-21\bin\server\jvm.dll
0x00007ffd3b680000 - 0x00007ffd3b6f1000 	C:\Windows\System32\WS2_32.dll
0x00007ffd35cd0000 - 0x00007ffd35d04000 	C:\Windows\SYSTEM32\WINMM.dll
0x00007ffd39980000 - 0x00007ffd399cd000 	C:\Windows\SYSTEM32\POWRPROF.dll
0x00007ffd39960000 - 0x00007ffd39973000 	C:\Windows\SYSTEM32\UMPDC.dll
0x00007ffd38ab0000 - 0x00007ffd38ac8000 	C:\Windows\SYSTEM32\kernel.appcore.dll
0x00007ffd2e740000 - 0x00007ffd2e74a000 	C:\Program Files\Java\jdk-21\bin\jimage.dll
0x00007ffd2bde0000 - 0x00007ffd2c012000 	C:\Windows\SYSTEM32\DBGHELP.DLL
0x00007ffd3afd0000 - 0x00007ffd3b361000 	C:\Windows\System32\combase.dll
0x00007ffd3a7a0000 - 0x00007ffd3a877000 	C:\Windows\System32\OLEAUT32.dll
0x00007ffd2c190000 - 0x00007ffd2c1c2000 	C:\Windows\SYSTEM32\dbgcore.DLL
0x00007ffd39e70000 - 0x00007ffd39eeb000 	C:\Windows\System32\bcryptPrimitives.dll
0x00007ffcb0100000 - 0x00007ffcb013c000 	C:\Program Files\Java\jdk-21\bin\jdwp.dll
0x00007ffd0c570000 - 0x00007ffd0c58f000 	C:\Program Files\Java\jdk-21\bin\java.dll
0x00007ffd3baa0000 - 0x00007ffd3c319000 	C:\Windows\System32\SHELL32.dll
0x00007ffd379a0000 - 0x00007ffd382a9000 	C:\Windows\SYSTEM32\windows.storage.dll
0x00007ffd37860000 - 0x00007ffd3799f000 	C:\Windows\SYSTEM32\wintypes.dll
0x00007ffd3a5e0000 - 0x00007ffd3a6da000 	C:\Windows\System32\SHCORE.dll
0x00007ffd3ba40000 - 0x00007ffd3ba9e000 	C:\Windows\System32\shlwapi.dll
0x00007ffd399e0000 - 0x00007ffd39a0b000 	C:\Windows\SYSTEM32\profapi.dll
0x00007ffcfaaf0000 - 0x00007ffcfabc7000 	C:\Program Files\Java\jdk-21\bin\jsvml.dll
0x00007ffd23850000 - 0x00007ffd2385c000 	C:\Program Files\Java\jdk-21\bin\dt_socket.dll
0x00007ffd38510000 - 0x00007ffd3853d000 	C:\Windows\SYSTEM32\IPHLPAPI.DLL
0x00007ffd38f20000 - 0x00007ffd38f89000 	C:\Windows\system32\mswsock.dll
0x00007ffd38580000 - 0x00007ffd38682000 	C:\Windows\SYSTEM32\DNSAPI.dll
0x00007ffd3afc0000 - 0x00007ffd3afc9000 	C:\Windows\System32\NSI.dll
0x00007ffd322b0000 - 0x00007ffd322ba000 	C:\Windows\System32\rasadhlp.dll
0x00007ffd32ea0000 - 0x00007ffd32f23000 	C:\Windows\System32\fwpuclnt.dll
0x00007ffd2d2e0000 - 0x00007ffd2d2f0000 	C:\Program Files\Java\jdk-21\bin\net.dll
0x00007ffd35730000 - 0x00007ffd35866000 	C:\Windows\SYSTEM32\WINHTTP.dll
0x00007ffd087a0000 - 0x00007ffd087b6000 	C:\Program Files\Java\jdk-21\bin\nio.dll
0x00007ffd07990000 - 0x00007ffd079a8000 	C:\Program Files\Java\jdk-21\bin\zip.dll
0x00007ffd2c730000 - 0x00007ffd2c73a000 	C:\Program Files\Java\jdk-21\bin\management.dll
0x00007ffd2c5a0000 - 0x00007ffd2c5ab000 	C:\Program Files\Java\jdk-21\bin\management_ext.dll
0x00007ffd3c4e0000 - 0x00007ffd3c4e8000 	C:\Windows\System32\PSAPI.DLL
0x00007ffd25330000 - 0x00007ffd25347000 	C:\Windows\system32\napinsp.dll
0x00007ffd251e0000 - 0x00007ffd251fb000 	C:\Windows\system32\pnrpnsp.dll
0x00007ffd251c0000 - 0x00007ffd251d1000 	C:\Windows\System32\winrnr.dll
0x00007ffd251a0000 - 0x00007ffd251b5000 	C:\Windows\system32\wshbth.dll
0x00007ffd25170000 - 0x00007ffd25197000 	C:\Windows\system32\nlansp_c.dll
0x00007ffd39270000 - 0x00007ffd3928b000 	C:\Windows\SYSTEM32\CRYPTSP.dll
0x00007ffd38a10000 - 0x00007ffd38a45000 	C:\Windows\system32\rsaenh.dll
0x00007ffd38fc0000 - 0x00007ffd38fe8000 	C:\Windows\SYSTEM32\USERENV.dll
0x00007ffd39250000 - 0x00007ffd3925c000 	C:\Windows\SYSTEM32\CRYPTBASE.dll
0x00007ffd23be0000 - 0x00007ffd23be9000 	C:\Program Files\Java\jdk-21\bin\extnet.dll
0x00007ffd10ea0000 - 0x00007ffd10eae000 	C:\Program Files\Java\jdk-21\bin\sunmscapi.dll
0x00007ffd3a370000 - 0x00007ffd3a4d6000 	C:\Windows\System32\CRYPT32.dll
0x00007ffd39380000 - 0x00007ffd393ad000 	C:\Windows\SYSTEM32\ncrypt.dll
0x00007ffd39340000 - 0x00007ffd39377000 	C:\Windows\SYSTEM32\NTASN1.dll
0x00007ffd2c710000 - 0x00007ffd2c720000 	C:\Program Files\Java\jdk-21\bin\verify.dll
0x00007ffd2de30000 - 0x00007ffd2de38000 	C:\Windows\system32\wshunix.dll

dbghelp: loaded successfully - version: 4.0.5 - missing functions: none
symbol engine: initialized successfully - sym options: 0x614 - pdb path: .;C:\Program Files\Java\jdk-21\bin;C:\Windows\SYSTEM32;C:\Windows\WinSxS\amd64_microsoft.windows.common-controls_6595b64144ccf1df_6.0.22621.4541_none_2710d1c57384c085;C:\Program Files\Java\jdk-21\bin\server

VM Arguments:
jvm_args: -agentlib:jdwp=transport=dt_socket,server=n,suspend=y,address=localhost:61847 -XX:+ShowCodeDetailsInExceptionMessages -Dspring.jmx.enabled=true -Dmanagement.endpoints.jmx.exposure.include=* -Dspring.application.admin.enabled=true -Dspring.boot.project.name=OnlineBanking -Djava.rmi.server.hostname=localhost -Dcom.sun.management.jmxremote.port=45556 -Dcom.sun.management.jmxremote.authenticate=false -Dcom.sun.management.jmxremote.ssl=false 
java_command: com.Banking.OnlineBanking.OnlineBankingApplication
java_class_path (initial): D:\Siddhant\coding\banking\SimplifiedBanking\target\classes;C:\Users\kuber\.m2\repository\org\springframework\boot\spring-boot-starter-actuator\3.4.0\spring-boot-starter-actuator-3.4.0.jar;C:\Users\kuber\.m2\repository\org\springframework\boot\spring-boot-starter\3.4.0\spring-boot-starter-3.4.0.jar;C:\Users\kuber\.m2\repository\org\springframework\boot\spring-boot-starter-logging\3.4.0\spring-boot-starter-logging-3.4.0.jar;C:\Users\kuber\.m2\repository\ch\qos\logback\logback-classic\1.5.12\logback-classic-1.5.12.jar;C:\Users\kuber\.m2\repository\ch\qos\logback\logback-core\1.5.12\logback-core-1.5.12.jar;C:\Users\kuber\.m2\repository\org\apache\logging\log4j\log4j-to-slf4j\2.24.1\log4j-to-slf4j-2.24.1.jar;C:\Users\kuber\.m2\repository\org\apache\logging\log4j\log4j-api\2.24.1\log4j-api-2.24.1.jar;C:\Users\kuber\.m2\repository\org\slf4j\jul-to-slf4j\2.0.16\jul-to-slf4j-2.0.16.jar;C:\Users\kuber\.m2\repository\jakarta\annotation\jakarta.annotation-api\2.1.1\jakarta.annotation-api-2.1.1.jar;C:\Users\kuber\.m2\repository\org\yaml\snakeyaml\2.3\snakeyaml-2.3.jar;C:\Users\kuber\.m2\repository\org\springframework\boot\spring-boot-actuator-autoconfigure\3.4.0\spring-boot-actuator-autoconfigure-3.4.0.jar;C:\Users\kuber\.m2\repository\org\springframework\boot\spring-boot-actuator\3.4.0\spring-boot-actuator-3.4.0.jar;C:\Users\kuber\.m2\repository\com\fasterxml\jackson\core\jackson-databind\2.18.1\jackson-databind-2.18.1.jar;C:\Users\kuber\.m2\repository\com\fasterxml\jackson\core\jackson-annotations\2.18.1\jackson-annotations-2.18.1.jar;C:\Users\kuber\.m2\repository\com\fasterxml\jackson\core\jackson-core\2.18.1\jackson-core-2.18.1.jar;C:\Users\kuber\.m2\repository\com\fasterxml\jackson\datatype\jackson-datatype-jsr310\2.18.1\jackson-datatype-jsr310-2.18.1.jar;C:\Users\kuber\.m2\repository\io\micrometer\micrometer-observation\1.14.1\micrometer-observation-1.14.1.jar;C:\Users\kuber\.m2\repository\io\micrometer\micrometer-commons\1.14.1\micrometer-commons-1.14.1.jar;C:\Users\kuber\.m2\repository\io\micrometer\micrometer-jakarta9\1.14.1\micrometer-jakarta9-1.14.1.jar;C:\Users\kuber\.m2\repository\io\micrometer\micrometer-core\1.14.1\micrometer-core-1.14.1.jar;C:\Users\kuber\.m2\repository\org\hdrhistogram\HdrHistogram\2.2.2\HdrHistogram-2.2.2.jar;C:\Users\kuber\.m2\repository\org\latencyutils\LatencyUtils\2.0.3\LatencyUtils-2.0.3.jar;C:\Users\kuber\.m2\repository\org\springframework\boot\spring-boot-starter-mail\3.4.0\spring-boot-starter-mail-3.4.0.jar;C:\Users\kuber\.m2\repository\org\springframework\spring-context-support\6.2.0\spring-context-support-6.2.0.jar;C:\Users\kuber\.m2\repository\org\eclipse\angus\jakarta.mail\2.0.3\jakarta.mail-2.0.3.jar;C:\Users\kuber\.m2\repository\jakarta\activation\jakarta.activation-api\2.1.3\jakarta.activation-api-2.1.3.jar;C:\Users\kuber\.m2\repository\org\eclipse\angus\angus-activation\2.0.2\angus-activation-2.0.2.jar;C:\Users\kuber\.m2\repository\org\springframework\boot\spring-boot-starter-data-jpa\3.4.0\spring-boot-starter-data-jpa-3.4.0.jar;C:\Users\kuber\.m2\repository\org\springframework\boot\spring-boot-starter-jdbc\3.4.0\spring-boot-starter-jdbc-3.4.0.jar;C:\Users\kuber\.m2\repository\com\zaxxer\HikariCP\5.1.0\HikariCP-5.1.0.jar;C:\Users\kuber\.m2\repository\org\springframework\spring-jdbc\6.2.0\spring-jdbc-6.2.0.jar;C:\Users\kuber\.m2\repository\org\hibernate\orm\hibernate-core\6.6.2.Final\hibernate-core-6.6.2.Final.jar;C:\Users\kuber\.m2\repository\jakarta\persistence\jakarta.persistence-api\3.1.0\jakarta.persistence-api-3.1.0.jar;C:\Users\kuber\.m2\repository\jakarta\transaction\jakarta.transaction-api\2.0.1\jakarta.transaction-api-2.0.1.jar;C:\Users\kuber\.m2\repository\org\jboss\logging\jboss-logging\3.6.1.Final\jboss-logging-3.6.1.Final.jar;C:\Users\kuber\.m2\repository\org\hibernate\common\hibernate-commons-annotations\7.0.3.Final\hibernate-commons-annotations-7.0.3.Final.jar;C:\Users\kuber\.m2\repository\io\smallrye\jandex\3.2.0\jandex-3.2.0.jar;C:\Users\kuber\.m2\repository\com\fasterxml\classmate\1.7.0\classmate-1.7.0.jar;C:\Users\kuber\.m2\repository\net\bytebuddy\byte-buddy\1.15.10\byte-buddy-1.15.10.jar;C:\Users\kuber\.m2\repository\org\glassfish\jaxb\jaxb-runtime\4.0.5\jaxb-runtime-4.0.5.jar;C:\Users\kuber\.m2\repository\org\glassfish\jaxb\jaxb-core\4.0.5\jaxb-core-4.0.5.jar;C:\Users\kuber\.m2\repository\org\glassfish\jaxb\txw2\4.0.5\txw2-4.0.5.jar;C:\Users\kuber\.m2\repository\com\sun\istack\istack-commons-runtime\4.1.2\istack-commons-runtime-4.1.2.jar;C:\Users\kuber\.m2\repository\jakarta\inject\jakarta.inject-api\2.0.1\jakarta.inject-api-2.0.1.jar;C:\Users\kuber\.m2\repository\org\antlr\antlr4-runtime\4.13.0\antlr4-runtime-4.13.0.jar;C:\Users\kuber\.m2\repository\org\springframework\data\spring-data-jpa\3.4.0\spring-data-jpa-3.4.0.jar;C:\Users\kuber\.m2\repository\org\springframework\data\spring-data-commons\3.4.0\spring-data-commons-3.4.0.jar;C:\Users\kuber\.m2\repository\org\springframework\spring-orm\6.2.0\spring-orm-6.2.0.jar;C:\Users\kuber\.m2\repository\org\springframework\spring-tx\6.2.0\spring-tx-6.2.0.jar;C:\Users\kuber\.m2\repository\org\slf4j\slf4j-api\2.0.16\slf4j-api-2.0.16.jar;C:\Users\kuber\.m2\repository\org\springframework\spring-aspects\6.2.0\spring-aspects-6.2.0.jar;C:\Users\kuber\.m2\repository\org\aspectj\aspectjweaver\1.9.22.1\aspectjweaver-1.9.22.1.jar;C:\Users\kuber\.m2\repository\org\springframework\boot\spring-boot-starter-thymeleaf\3.4.0\spring-boot-starter-thymeleaf-3.4.0.jar;C:\Users\kuber\.m2\repository\org\thymeleaf\thymeleaf-spring6\3.1.2.RELEASE\thymeleaf-spring6-3.1.2.RELEASE.jar;C:\Users\kuber\.m2\repository\org\thymeleaf\thymeleaf\3.1.2.RELEASE\thymeleaf-3.1.2.RELEASE.jar;C:\Users\kuber\.m2\repository\org\attoparser\attoparser\2.0.7.RELEASE\attoparser-2.0.7.RELEASE.jar;C:\Users\kuber\.m2\repository\org\unbescape\unbescape\1.1.6.RELEASE\unbescape-1.1.6.RELEASE.jar;C:\Users\kuber\.m2\repository\org\springframework\boot\spring-boot-starter-web\3.4.0\spring-boot-starter-web-3.4.0.jar;C:\Users\kuber\.m2\repository\org\springframework\boot\spring-boot-starter-json\3.4.0\spring-boot-starter-json-3.4.0.jar;C:\Users\kuber\.m2\repository\com\fasterxml\jackson\datatype\jackson-datatype-jdk8\2.18.1\jackson-datatype-jdk8-2.18.1.jar;C:\Users\kuber\.m2\repository\com\fasterxml\jackson\module\jackson-module-parameter-names\2.18.1\jackson-module-parameter-names-2.18.1.jar;C:\Users\kuber\.m2\repository\org\springframework\boot\spring-boot-starter-tomcat\3.4.0\spring-boot-starter-tomcat-3.4.0.jar;C:\Users\kuber\.m2\repository\org\apache\tomcat\embed\tomcat-embed-core\10.1.33\tomcat-embed-core-10.1.33.jar;C:\Users\kuber\.m2\repository\org\apache\tomcat\embed\tomcat-embed-el\10.1.33\tomcat-embed-el-10.1.33.jar;C:\Users\kuber\.m2\repository\org\apache\tomcat\embed\tomcat-embed-websocket\10.1.33\tomcat-embed-websocket-10.1.33.jar;C:\Users\kuber\.m2\repository\org\springframework\spring-web\6.2.0\spring-web-6.2.0.jar;C:\Users\kuber\.m2\repository\org\springframework\spring-webmvc\6.2.0\spring-webmvc-6.2.0.jar;C:\Users\kuber\.m2\repository\org\springframework\boot\spring-boot-devtools\3.4.0\spring-boot-devtools-3.4.0.jar;C:\Users\kuber\.m2\repository\org\springframework\boot\spring-boot\3.4.0\spring-boot-3.4.0.jar;C:\Users\kuber\.m2\repository\org\springframework\boot\spring-boot-autoconfigure\3.4.0\spring-boot-autoconfigure-3.4.0.jar;C:\Users\kuber\.m2\repository\com\mysql\mysql-connector-j\9.1.0\mysql-connector-j-9.1.0.jar;C:\Users\kuber\.m2\repository\jakarta\xml\bind\jakarta.xml.bind-api\4.0.2\jakarta.xml.bind-api-4.0.2.jar;C:\Users\kuber\.m2\repository\org\springframework\spring-core\6.2.0\spring-core-6.2.0.jar;C:\Users\kuber\.m2\repository\org\springframework\spring-jcl\6.2.0\spring-jcl-6.2.0.jar;C:\Users\kuber\.m2\repository\org\springframework\security\spring-security-core\6.4.1\spring-security-core-6.4.1.jar;C:\Users\kuber\.m2\repository\org\springframework\security\spring-security-crypto\6.4.1\spring-security-crypto-6.4.1.jar;C:\Users\kuber\.m2\repository\org\springframework\spring-aop\6.2.0\spring-aop-6.2.0.jar;C:\Users\kuber\.m2\repository\org\springframework\spring-beans\6.2.0\spring-beans-6.2.0.jar;C:\Users\kuber\.m2\repository\org\springframework\spring-context\6.2.0\spring-context-6.2.0.jar;C:\Users\kuber\.m2\repository\org\springframework\spring-expression\6.2.0\spring-expression-6.2.0.jar
Launcher Type: SUN_STANDARD

[Global flags]
     intx CICompilerCount                          = 4                                         {product} {ergonomic}
     uint ConcGCThreads                            = 2                                         {product} {ergonomic}
     uint G1ConcRefinementThreads                  = 8                                         {product} {ergonomic}
   size_t G1HeapRegionSize                         = 1048576                                   {product} {ergonomic}
    uintx GCDrainStackTargetSize                   = 64                                        {product} {ergonomic}
   size_t InitialHeapSize                          = 56623104                                  {product} {ergonomic}
     bool ManagementServer                         = true                                      {product} {command line}
   size_t MarkStackSize                            = 4194304                                   {product} {ergonomic}
   size_t MaxHeapSize                              = 899678208                                 {product} {ergonomic}
   size_t MaxNewSize                               = 538968064                                 {product} {ergonomic}
   size_t MinHeapDeltaBytes                        = 1048576                                   {product} {ergonomic}
   size_t MinHeapSize                              = 8388608                                   {product} {ergonomic}
    uintx NonNMethodCodeHeapSize                   = 5839372                                {pd product} {ergonomic}
    uintx NonProfiledCodeHeapSize                  = 122909434                              {pd product} {ergonomic}
    uintx ProfiledCodeHeapSize                     = 122909434                              {pd product} {ergonomic}
    uintx ReservedCodeCacheSize                    = 251658240                              {pd product} {ergonomic}
     bool SegmentedCodeCache                       = true                                      {product} {ergonomic}
     bool ShowCodeDetailsInExceptionMessages       = true                                   {manageable} {command line}
   size_t SoftMaxHeapSize                          = 899678208                              {manageable} {ergonomic}
     bool UseCompressedOops                        = true                           {product lp64_product} {ergonomic}
     bool UseG1GC                                  = true                                      {product} {ergonomic}
     bool UseLargePagesIndividualAllocation        = false                                  {pd product} {ergonomic}

Logging:
Log output configuration:
 #0: stdout all=warning uptime,level,tags foldmultilines=false
 #1: stderr all=off uptime,level,tags foldmultilines=false

Environment Variables:
PATH=C:\Program Files\Common Files\Oracle\Java\javapath;C:\Windows\system32;C:\Windows;C:\Windows\System32\Wbem;C:\Windows\System32\WindowsPowerShell\v1.0\;C:\Windows\System32\OpenSSH\;C:\Program Files\dotnet\;C:\Program Files\Git\cmd;C:\Program Files\nodejs\;C:\ProgramData\chocolatey\bin;C:\Program Files\MySQL\MySQL Shell 8.0\bin\;C:\Users\kuber\AppData\Local\Microsoft\WindowsApps;C:\Users\kuber\.dotnet\tools;C:\Users\kuber\AppData\Local\Programs\Microsoft VS Code\bin;C:\Users\kuber\AppData\Roaming\npm
USERNAME=kuber
LANG=en_US.UTF-8
OS=Windows_NT
PROCESSOR_IDENTIFIER=AMD64 Family 23 Model 104 Stepping 1, AuthenticAMD
TMP=C:\Users\kuber\AppData\Local\Temp
TEMP=C:\Users\kuber\AppData\Local\Temp




Periodic native trim disabled

---------------  S Y S T E M  ---------------

OS:
 Windows 11 , 64 bit Build 22621 (10.0.22621.4391)
OS uptime: 13 days 10:29 hours
Hyper-V role detected

CPU: total 8 (initial active 8) (8 cores per cpu, 2 threads per core) family 23 model 104 stepping 1 microcode 0x0, cx8, cmov, fxsr, ht, mmx, 3dnowpref, sse, sse2, sse3, ssse3, sse4a, sse4.1, sse4.2, popcnt, lzcnt, tsc, tscinvbit, avx, avx2, aes, clmul, bmi1, bmi2, adx, sha, fma, vzeroupper, clflush, clflushopt, hv, rdtscp, rdpid, f16c
Processor Information for processor 0
  Max Mhz: 2600, Current Mhz: 2080, Mhz Limit: 2600
Processor Information for processor 1
  Max Mhz: 2600, Current Mhz: 2600, Mhz Limit: 2600
Processor Information for processor 2
  Max Mhz: 2600, Current Mhz: 2600, Mhz Limit: 2600
Processor Information for processor 3
  Max Mhz: 2600, Current Mhz: 2080, Mhz Limit: 2600
Processor Information for processor 4
  Max Mhz: 2600, Current Mhz: 2600, Mhz Limit: 2600
Processor Information for processor 5
  Max Mhz: 2600, Current Mhz: 2600, Mhz Limit: 2600
Processor Information for processor 6
  Max Mhz: 2600, Current Mhz: 2600, Mhz Limit: 2600
Processor Information for processor 7
  Max Mhz: 2600, Current Mhz: 2600, Mhz Limit: 2600

Memory: 4k page, system-wide physical 3429M (217M free)
TotalPageFile size 14181M (AvailPageFile size 5M)
current process WorkingSet (physical memory assigned to process): 181M, peak: 251M
current process commit charge ("private bytes"): 337M, peak: 354M

vm_info: Java HotSpot(TM) 64-Bit Server VM (21.0.5+9-LTS-239) for windows-amd64 JRE (21.0.5+9-LTS-239), built on 2024-09-30T05:17:38Z by "mach5one" with MS VC++ 17.6 (VS2022)

END.
