#
# There is insufficient memory for the Java Runtime Environment to continue.
# Native memory allocation (mmap) failed to map 11534336 bytes for G1 virtual space
# Possible reasons:
#   The system is out of physical RAM or swap space
#   The process is running with CompressedOops enabled, and the Java Heap may be blocking the growth of the native heap
# Possible solutions:
#   Reduce memory load on the system
#   Increase physical memory or swap space
#   Check if swap backing store is full
#   Decrease Java heap size (-Xmx/-Xms)
#   Decrease number of Java threads
#   Decrease Java thread stack sizes (-Xss)
#   Set larger code cache with -XX:ReservedCodeCacheSize=
#   JVM is running with Unscaled Compressed Oops mode in which the Java heap is
#     placed in the first 4GB address space. The Java Heap base address is the
#     maximum limit for the native heap growth. Please use -XX:HeapBaseMinAddress
#     to set the Java Heap base and to place the Java Heap above 4GB virtual address.
# This output file may be truncated or incomplete.
#
#  Out of Memory Error (os_windows.cpp:3600), pid=24672, tid=22900
#
# JRE version: Java(TM) SE Runtime Environment (21.0.5+9) (build 21.0.5+9-LTS-239)
# Java VM: Java HotSpot(TM) 64-Bit Server VM (21.0.5+9-LTS-239, mixed mode, sharing, tiered, compressed oops, compressed class ptrs, g1 gc, windows-amd64)
# No core dump will be written. Minidumps are not enabled by default on client versions of Windows
#

---------------  S U M M A R Y ------------

Command Line: -Dclassworlds.conf=C:\Users\kuber\.m2\wrapper\dists\apache-maven-3.9.9\977a63e90f436cd6ade95b4c0e10c20c\bin\m2.conf -Dmaven.home=C:\Users\kuber\.m2\wrapper\dists\apache-maven-3.9.9\977a63e90f436cd6ade95b4c0e10c20c -Dlibrary.jansi.path=C:\Users\kuber\.m2\wrapper\dists\apache-maven-3.9.9\977a63e90f436cd6ade95b4c0e10c20c\lib\jansi-native -Dmaven.multiModuleProjectDirectory=d:\Siddhant\coding\banking\OnlineBanking org.codehaus.plexus.classworlds.launcher.Launcher package -f d:\Siddhant\coding\banking\OnlineBanking\pom.xml

Host: AMD Ryzen 3 5300U with Radeon Graphics         , 8 cores, 3G,  Windows 11 , 64 bit Build 22621 (10.0.22621.4391)
Time: Wed Mar 12 13:01:09 2025 India Standard Time elapsed time: 3.971131 seconds (0d 0h 0m 3s)

---------------  T H R E A D  ---------------

Current thread (0x000001b7edd36f50):  VMThread "VM Thread"          [id=22900, stack(0x00000094d0200000,0x00000094d0300000) (1024K)]

Stack: [0x00000094d0200000,0x00000094d0300000]
Native frames: (J=compiled Java code, j=interpreted, Vv=VM code, C=native code)
V  [jvm.dll+0x6ca289]
V  [jvm.dll+0x854a51]
V  [jvm.dll+0x856f7e]
V  [jvm.dll+0x857653]
V  [jvm.dll+0x27dd26]
V  [jvm.dll+0x6c6a25]
V  [jvm.dll+0x6bb5aa]
V  [jvm.dll+0x35359a]
V  [jvm.dll+0x35b1f6]
V  [jvm.dll+0x3adade]
V  [jvm.dll+0x3add88]
V  [jvm.dll+0x3278fc]
V  [jvm.dll+0x327987]
V  [jvm.dll+0x36c26c]
V  [jvm.dll+0x36aabe]
V  [jvm.dll+0x3270c1]
V  [jvm.dll+0x36a1da]
V  [jvm.dll+0x85d420]
V  [jvm.dll+0x85e7a4]
V  [jvm.dll+0x85ece0]
V  [jvm.dll+0x85ef83]
V  [jvm.dll+0x7fee9b]
V  [jvm.dll+0x6c896d]
C  [ucrtbase.dll+0x29333]
C  [KERNEL32.DLL+0x1259d]
C  [ntdll.dll+0x5af38]

VM_Operation (0x00000094cfbf9f00): G1CollectForAllocation, mode: safepoint, requested by thread 0x000001b7d092bd50


---------------  P R O C E S S  ---------------

Threads class SMR info:
_java_thread_list=0x000001b7f2f3d740, length=12, elements={
0x000001b7d092bd50, 0x000001b7edd4e7e0, 0x000001b7edd4f6f0, 0x000001b7edd532c0,
0x000001b7edd53d10, 0x000001b7edd54760, 0x000001b7edd551b0, 0x000001b7edd5a0c0,
0x000001b7edd57c10, 0x000001b7f20b4690, 0x000001b7f20b8cf0, 0x000001b7f2dca010
}

Java Threads: ( => current thread )
  0x000001b7d092bd50 JavaThread "main"                              [_thread_blocked, id=22724, stack(0x00000094cfb00000,0x00000094cfc00000) (1024K)]
  0x000001b7edd4e7e0 JavaThread "Reference Handler"          daemon [_thread_blocked, id=23872, stack(0x00000094d0300000,0x00000094d0400000) (1024K)]
  0x000001b7edd4f6f0 JavaThread "Finalizer"                  daemon [_thread_blocked, id=26348, stack(0x00000094d0400000,0x00000094d0500000) (1024K)]
  0x000001b7edd532c0 JavaThread "Signal Dispatcher"          daemon [_thread_blocked, id=16072, stack(0x00000094d0500000,0x00000094d0600000) (1024K)]
  0x000001b7edd53d10 JavaThread "Attach Listener"            daemon [_thread_blocked, id=23952, stack(0x00000094d0600000,0x00000094d0700000) (1024K)]
  0x000001b7edd54760 JavaThread "Service Thread"             daemon [_thread_blocked, id=17524, stack(0x00000094d0700000,0x00000094d0800000) (1024K)]
  0x000001b7edd551b0 JavaThread "Monitor Deflation Thread"   daemon [_thread_blocked, id=20340, stack(0x00000094d0800000,0x00000094d0900000) (1024K)]
  0x000001b7edd5a0c0 JavaThread "C2 CompilerThread0"         daemon [_thread_blocked, id=1492, stack(0x00000094d0900000,0x00000094d0a00000) (1024K)]
  0x000001b7edd57c10 JavaThread "C1 CompilerThread0"         daemon [_thread_blocked, id=6192, stack(0x00000094d0a00000,0x00000094d0b00000) (1024K)]
  0x000001b7f20b4690 JavaThread "Notification Thread"        daemon [_thread_blocked, id=4972, stack(0x00000094d0b00000,0x00000094d0c00000) (1024K)]
  0x000001b7f20b8cf0 JavaThread "Common-Cleaner"             daemon [_thread_blocked, id=20768, stack(0x00000094d0c00000,0x00000094d0d00000) (1024K)]
  0x000001b7f2dca010 JavaThread "Thread-1"                   daemon [_thread_blocked, id=6724, stack(0x00000094d1400000,0x00000094d1500000) (1024K)]
Total: 12

Other Threads:
=>0x000001b7edd36f50 VMThread "VM Thread"                           [id=22900, stack(0x00000094d0200000,0x00000094d0300000) (1024K)]
  0x000001b7edd23220 WatcherThread "VM Periodic Task Thread"        [id=8188, stack(0x00000094d0100000,0x00000094d0200000) (1024K)]
  0x000001b7d2b09ad0 WorkerThread "GC Thread#0"                     [id=16772, stack(0x00000094cfc00000,0x00000094cfd00000) (1024K)]
  0x000001b7f2742060 WorkerThread "GC Thread#1"                     [id=24144, stack(0x00000094d0d00000,0x00000094d0e00000) (1024K)]
  0x000001b7f2b733b0 WorkerThread "GC Thread#2"                     [id=16824, stack(0x00000094d0e00000,0x00000094d0f00000) (1024K)]
  0x000001b7f2bd98d0 WorkerThread "GC Thread#3"                     [id=13856, stack(0x00000094d0f00000,0x00000094d1000000) (1024K)]
  0x000001b7f2cbe990 WorkerThread "GC Thread#4"                     [id=9224, stack(0x00000094d1000000,0x00000094d1100000) (1024K)]
  0x000001b7f2cbed30 WorkerThread "GC Thread#5"                     [id=20596, stack(0x00000094d1100000,0x00000094d1200000) (1024K)]
  0x000001b7f2cbf0d0 WorkerThread "GC Thread#6"                     [id=12112, stack(0x00000094d1200000,0x00000094d1300000) (1024K)]
  0x000001b7f2cc80e0 WorkerThread "GC Thread#7"                     [id=6436, stack(0x00000094d1300000,0x00000094d1400000) (1024K)]
  0x000001b7d2b11e00 ConcurrentGCThread "G1 Main Marker"            [id=3404, stack(0x00000094cfd00000,0x00000094cfe00000) (1024K)]
  0x000001b7d2b12900 WorkerThread "G1 Conc#0"                       [id=10336, stack(0x00000094cfe00000,0x00000094cff00000) (1024K)]
  0x000001b7d2b95b70 ConcurrentGCThread "G1 Refine#0"               [id=21916, stack(0x00000094cff00000,0x00000094d0000000) (1024K)]
  0x000001b7edc007d0 ConcurrentGCThread "G1 Service"                [id=20472, stack(0x00000094d0000000,0x00000094d0100000) (1024K)]
Total: 14

Threads with active compile tasks:
C2 CompilerThread0     3998 4494       4       java.io.WinNTFileSystem::normalize (224 bytes)
Total: 1

VM state: at safepoint (normal execution)

VM Mutex/Monitor currently owned by a thread:  ([mutex/lock_event])
[0x00007fff6344be98] Threads_lock - owner thread: 0x000001b7edd36f50
[0x00007fff6344bf98] Heap_lock - owner thread: 0x000001b7d092bd50

Heap address: 0x00000000ca600000, size: 858 MB, Compressed Oops mode: 32-bit

CDS archive(s) mapped at: [0x000001b780000000-0x000001b780c90000-0x000001b780c90000), size 13172736, SharedBaseAddress: 0x000001b780000000, ArchiveRelocationMode: 1.
Compressed class space mapped at: 0x000001b781000000-0x000001b7c1000000, reserved size: 1073741824
Narrow klass base: 0x000001b780000000, Narrow klass shift: 0, Narrow klass range: 0x100000000

GC Precious Log:
 CardTable entry size: 512
 Card Set container configuration: InlinePtr #cards 5 size 8 Array Of Cards #cards 12 size 40 Howl #buckets 4 coarsen threshold 1843 Howl Bitmap #cards 512 size 80 coarsen threshold 460 Card regions per heap region 1 cards per card region 2048
 CPUs: 8 total, 8 available
 Memory: 3429M
 Large Page Support: Disabled
 NUMA Support: Disabled
 Compressed Oops: Enabled (32-bit)
 Heap Region Size: 1M
 Heap Min Capacity: 8M
 Heap Initial Capacity: 54M
 Heap Max Capacity: 858M
 Pre-touch: Disabled
 Parallel Workers: 8
 Concurrent Workers: 2
 Concurrent Refinement Workers: 8
 Periodic GC: Disabled

Heap:
 garbage-first heap   total 55296K, used 15933K [0x00000000ca600000, 0x0000000100000000)
  region size 1024K, 3 young (3072K), 3 survivors (3072K)
 Metaspace       used 16779K, committed 17024K, reserved 1114112K
  class space    used 1892K, committed 1984K, reserved 1048576K

Heap Regions: E=young(eden), S=young(survivor), O=old, HS=humongous(starts), HC=humongous(continues), CS=collection set, F=free, TAMS=top-at-mark-start, PB=parsable bottom
|   0|0x00000000ca600000, 0x00000000ca700000, 0x00000000ca700000|100%| O|  |TAMS 0x00000000ca600000| PB 0x00000000ca600000| Untracked 
|   1|0x00000000ca700000, 0x00000000ca800000, 0x00000000ca800000|100%| O|  |TAMS 0x00000000ca700000| PB 0x00000000ca700000| Untracked 
|   2|0x00000000ca800000, 0x00000000ca900000, 0x00000000ca900000|100%| O|  |TAMS 0x00000000ca800000| PB 0x00000000ca800000| Untracked 
|   3|0x00000000ca900000, 0x00000000caa00000, 0x00000000caa00000|100%| O|  |TAMS 0x00000000ca900000| PB 0x00000000ca900000| Untracked 
|   4|0x00000000caa00000, 0x00000000cab00000, 0x00000000cab00000|100%| O|  |TAMS 0x00000000caa00000| PB 0x00000000caa00000| Untracked 
|   5|0x00000000cab00000, 0x00000000cac00000, 0x00000000cac00000|100%| O|  |TAMS 0x00000000cab00000| PB 0x00000000cab00000| Untracked 
|   6|0x00000000cac00000, 0x00000000cad00000, 0x00000000cad00000|100%| O|  |TAMS 0x00000000cac00000| PB 0x00000000cac00000| Untracked 
|   7|0x00000000cad00000, 0x00000000cae00000, 0x00000000cae00000|100%| O|  |TAMS 0x00000000cad00000| PB 0x00000000cad00000| Untracked 
|   8|0x00000000cae00000, 0x00000000caf00000, 0x00000000caf00000|100%| O|  |TAMS 0x00000000cae00000| PB 0x00000000cae00000| Untracked 
|   9|0x00000000caf00000, 0x00000000cb000000, 0x00000000cb000000|100%| O|  |TAMS 0x00000000caf00000| PB 0x00000000caf00000| Untracked 
|  10|0x00000000cb000000, 0x00000000cb100000, 0x00000000cb100000|100%| O|  |TAMS 0x00000000cb000000| PB 0x00000000cb000000| Untracked 
|  11|0x00000000cb100000, 0x00000000cb200000, 0x00000000cb200000|100%| O|  |TAMS 0x00000000cb100000| PB 0x00000000cb100000| Untracked 
|  12|0x00000000cb200000, 0x00000000cb29fcb0, 0x00000000cb300000| 62%| O|  |TAMS 0x00000000cb200000| PB 0x00000000cb200000| Untracked 
|  13|0x00000000cb300000, 0x00000000cb300000, 0x00000000cb400000|  0%| F|  |TAMS 0x00000000cb300000| PB 0x00000000cb300000| Untracked 
|  14|0x00000000cb400000, 0x00000000cb400000, 0x00000000cb500000|  0%| F|  |TAMS 0x00000000cb400000| PB 0x00000000cb400000| Untracked 
|  15|0x00000000cb500000, 0x00000000cb500000, 0x00000000cb600000|  0%| F|  |TAMS 0x00000000cb500000| PB 0x00000000cb500000| Untracked 
|  16|0x00000000cb600000, 0x00000000cb600000, 0x00000000cb700000|  0%| F|  |TAMS 0x00000000cb600000| PB 0x00000000cb600000| Untracked 
|  17|0x00000000cb700000, 0x00000000cb700000, 0x00000000cb800000|  0%| F|  |TAMS 0x00000000cb700000| PB 0x00000000cb700000| Untracked 
|  18|0x00000000cb800000, 0x00000000cb800000, 0x00000000cb900000|  0%| F|  |TAMS 0x00000000cb800000| PB 0x00000000cb800000| Untracked 
|  19|0x00000000cb900000, 0x00000000cb900000, 0x00000000cba00000|  0%| F|  |TAMS 0x00000000cb900000| PB 0x00000000cb900000| Untracked 
|  20|0x00000000cba00000, 0x00000000cba00000, 0x00000000cbb00000|  0%| F|  |TAMS 0x00000000cba00000| PB 0x00000000cba00000| Untracked 
|  21|0x00000000cbb00000, 0x00000000cbb00000, 0x00000000cbc00000|  0%| F|  |TAMS 0x00000000cbb00000| PB 0x00000000cbb00000| Untracked 
|  22|0x00000000cbc00000, 0x00000000cbc00000, 0x00000000cbd00000|  0%| F|  |TAMS 0x00000000cbc00000| PB 0x00000000cbc00000| Untracked 
|  23|0x00000000cbd00000, 0x00000000cbdefac0, 0x00000000cbe00000| 93%| S|CS|TAMS 0x00000000cbd00000| PB 0x00000000cbd00000| Complete 
|  24|0x00000000cbe00000, 0x00000000cbf00000, 0x00000000cbf00000|100%| S|CS|TAMS 0x00000000cbe00000| PB 0x00000000cbe00000| Complete 
|  25|0x00000000cbf00000, 0x00000000cc000000, 0x00000000cc000000|100%| S|CS|TAMS 0x00000000cbf00000| PB 0x00000000cbf00000| Complete 
|  26|0x00000000cc000000, 0x00000000cc000000, 0x00000000cc100000|  0%| F|  |TAMS 0x00000000cc000000| PB 0x00000000cc000000| Untracked 
|  27|0x00000000cc100000, 0x00000000cc100000, 0x00000000cc200000|  0%| F|  |TAMS 0x00000000cc100000| PB 0x00000000cc100000| Untracked 
|  28|0x00000000cc200000, 0x00000000cc200000, 0x00000000cc300000|  0%| F|  |TAMS 0x00000000cc200000| PB 0x00000000cc200000| Untracked 
|  29|0x00000000cc300000, 0x00000000cc300000, 0x00000000cc400000|  0%| F|  |TAMS 0x00000000cc300000| PB 0x00000000cc300000| Untracked 
|  30|0x00000000cc400000, 0x00000000cc400000, 0x00000000cc500000|  0%| F|  |TAMS 0x00000000cc400000| PB 0x00000000cc400000| Untracked 
|  31|0x00000000cc500000, 0x00000000cc500000, 0x00000000cc600000|  0%| F|  |TAMS 0x00000000cc500000| PB 0x00000000cc500000| Untracked 
|  32|0x00000000cc600000, 0x00000000cc600000, 0x00000000cc700000|  0%| F|  |TAMS 0x00000000cc600000| PB 0x00000000cc600000| Untracked 
|  33|0x00000000cc700000, 0x00000000cc700000, 0x00000000cc800000|  0%| F|  |TAMS 0x00000000cc700000| PB 0x00000000cc700000| Untracked 
|  34|0x00000000cc800000, 0x00000000cc800000, 0x00000000cc900000|  0%| F|  |TAMS 0x00000000cc800000| PB 0x00000000cc800000| Untracked 
|  35|0x00000000cc900000, 0x00000000cc900000, 0x00000000cca00000|  0%| F|  |TAMS 0x00000000cc900000| PB 0x00000000cc900000| Untracked 
|  36|0x00000000cca00000, 0x00000000cca00000, 0x00000000ccb00000|  0%| F|  |TAMS 0x00000000cca00000| PB 0x00000000cca00000| Untracked 
|  37|0x00000000ccb00000, 0x00000000ccb00000, 0x00000000ccc00000|  0%| F|  |TAMS 0x00000000ccb00000| PB 0x00000000ccb00000| Untracked 
|  38|0x00000000ccc00000, 0x00000000ccc00000, 0x00000000ccd00000|  0%| F|  |TAMS 0x00000000ccc00000| PB 0x00000000ccc00000| Untracked 
|  39|0x00000000ccd00000, 0x00000000ccd00000, 0x00000000cce00000|  0%| F|  |TAMS 0x00000000ccd00000| PB 0x00000000ccd00000| Untracked 
|  40|0x00000000cce00000, 0x00000000cce00000, 0x00000000ccf00000|  0%| F|  |TAMS 0x00000000cce00000| PB 0x00000000cce00000| Untracked 
|  41|0x00000000ccf00000, 0x00000000ccf00000, 0x00000000cd000000|  0%| F|  |TAMS 0x00000000ccf00000| PB 0x00000000ccf00000| Untracked 
|  42|0x00000000cd000000, 0x00000000cd000000, 0x00000000cd100000|  0%| F|  |TAMS 0x00000000cd000000| PB 0x00000000cd000000| Untracked 
|  43|0x00000000cd100000, 0x00000000cd100000, 0x00000000cd200000|  0%| F|  |TAMS 0x00000000cd100000| PB 0x00000000cd100000| Untracked 
|  44|0x00000000cd200000, 0x00000000cd200000, 0x00000000cd300000|  0%| F|  |TAMS 0x00000000cd200000| PB 0x00000000cd200000| Untracked 
|  45|0x00000000cd300000, 0x00000000cd300000, 0x00000000cd400000|  0%| F|  |TAMS 0x00000000cd300000| PB 0x00000000cd300000| Untracked 
|  46|0x00000000cd400000, 0x00000000cd400000, 0x00000000cd500000|  0%| F|  |TAMS 0x00000000cd400000| PB 0x00000000cd400000| Untracked 
|  47|0x00000000cd500000, 0x00000000cd500000, 0x00000000cd600000|  0%| F|  |TAMS 0x00000000cd500000| PB 0x00000000cd500000| Untracked 
|  48|0x00000000cd600000, 0x00000000cd600000, 0x00000000cd700000|  0%| F|  |TAMS 0x00000000cd600000| PB 0x00000000cd600000| Untracked 
|  49|0x00000000cd700000, 0x00000000cd700000, 0x00000000cd800000|  0%| F|  |TAMS 0x00000000cd700000| PB 0x00000000cd700000| Untracked 
|  50|0x00000000cd800000, 0x00000000cd800000, 0x00000000cd900000|  0%| F|  |TAMS 0x00000000cd800000| PB 0x00000000cd800000| Untracked 
|  51|0x00000000cd900000, 0x00000000cd900000, 0x00000000cda00000|  0%| F|  |TAMS 0x00000000cd900000| PB 0x00000000cd900000| Untracked 
|  52|0x00000000cda00000, 0x00000000cda00000, 0x00000000cdb00000|  0%| F|  |TAMS 0x00000000cda00000| PB 0x00000000cda00000| Untracked 
|  53|0x00000000cdb00000, 0x00000000cdb00000, 0x00000000cdc00000|  0%| F|  |TAMS 0x00000000cdb00000| PB 0x00000000cdb00000| Untracked 

Card table byte_map: [0x000001b7ea440000,0x000001b7ea5f0000] _byte_map_base: 0x000001b7e9ded000

Marking Bits: (CMBitMap*) 0x000001b7d2b0a9e0
 Bits: [0x000001b7ea5f0000, 0x000001b7eb358000)

Polling page: 0x000001b7d0a70000

Metaspace:

Usage:
  Non-class:     14.54 MB used.
      Class:      1.85 MB used.
       Both:     16.39 MB used.

Virtual space:
  Non-class space:       64.00 MB reserved,      14.69 MB ( 23%) committed,  1 nodes.
      Class space:        1.00 GB reserved,       1.94 MB ( <1%) committed,  1 nodes.
             Both:        1.06 GB reserved,      16.62 MB (  2%) committed. 

Chunk freelists:
   Non-Class:  1.14 MB
       Class:  13.88 MB
        Both:  15.02 MB

MaxMetaspaceSize: unlimited
CompressedClassSpaceSize: 1.00 GB
Initial GC threshold: 21.00 MB
Current GC threshold: 21.00 MB
CDS: on
 - commit_granule_bytes: 65536.
 - commit_granule_words: 8192.
 - virtual_space_node_default_size: 8388608.
 - enlarge_chunks_in_place: 1.
 - use_allocation_guard: 0.


Internal statistics:

num_allocs_failed_limit: 0.
num_arena_births: 184.
num_arena_deaths: 0.
num_vsnodes_births: 2.
num_vsnodes_deaths: 0.
num_space_committed: 266.
num_space_uncommitted: 0.
num_chunks_returned_to_freelist: 0.
num_chunks_taken_from_freelist: 750.
num_chunk_merges: 0.
num_chunk_splits: 520.
num_chunks_enlarged: 429.
num_inconsistent_stats: 0.

CodeHeap 'non-profiled nmethods': size=120000Kb used=1998Kb max_used=1998Kb free=118001Kb
 bounds [0x000001b7e2a30000, 0x000001b7e2ca0000, 0x000001b7e9f60000]
CodeHeap 'profiled nmethods': size=120000Kb used=9337Kb max_used=9337Kb free=110662Kb
 bounds [0x000001b7daf60000, 0x000001b7db880000, 0x000001b7e2490000]
CodeHeap 'non-nmethods': size=5760Kb used=1399Kb max_used=1451Kb free=4360Kb
 bounds [0x000001b7e2490000, 0x000001b7e2700000, 0x000001b7e2a30000]
 total_blobs=4995 nmethods=4502 adapters=397
 compilation: enabled
              stopped_count=0, restarted_count=0
 full_count=0

Compilation events (20 events):
Event: 3.951 Thread 0x000001b7edd57c10 4501       3       com.google.inject.internal.BindingBuilder::to (43 bytes)
Event: 3.952 Thread 0x000001b7edd57c10 nmethod 4501 0x000001b7db875490 code [0x000001b7db8756e0, 0x000001b7db876508]
Event: 3.952 Thread 0x000001b7edd57c10 4503       3       org.eclipse.sisu.space.asm.ClassReader::readField (667 bytes)
Event: 3.954 Thread 0x000001b7edd57c10 nmethod 4503 0x000001b7db876910 code [0x000001b7db876e80, 0x000001b7db8794b0]
Event: 3.954 Thread 0x000001b7edd57c10 4504       3       org.eclipse.sisu.space.asm.ClassVisitor::visitField (24 bytes)
Event: 3.954 Thread 0x000001b7edd57c10 nmethod 4504 0x000001b7db87a690 code [0x000001b7db87a840, 0x000001b7db87aa80]
Event: 3.954 Thread 0x000001b7edd57c10 4505       3       sun.reflect.annotation.TypeAnnotation$LocationInfo::filter (68 bytes)
Event: 3.955 Thread 0x000001b7edd5a0c0 nmethod 4426 0x000001b7e2c1f110 code [0x000001b7e2c1f5c0, 0x000001b7e2c21df8]
Event: 3.955 Thread 0x000001b7edd57c10 nmethod 4505 0x000001b7db87ab90 code [0x000001b7db87adc0, 0x000001b7db87b770]
Event: 3.955 Thread 0x000001b7edd57c10 4506       3       java.lang.Class::arrayContentsEq (70 bytes)
Event: 3.955 Thread 0x000001b7edd5a0c0 4483       4       java.lang.String::lastIndexOf (12 bytes)
Event: 3.955 Thread 0x000001b7edd57c10 nmethod 4506 0x000001b7db87bb10 code [0x000001b7db87bce0, 0x000001b7db87c130]
Event: 3.955 Thread 0x000001b7edd57c10 4502       3       com.google.inject.internal.LinkedBindingImpl::<init> (14 bytes)
Event: 3.955 Thread 0x000001b7edd57c10 nmethod 4502 0x000001b7db87c290 code [0x000001b7db87c440, 0x000001b7db87c7d0]
Event: 3.955 Thread 0x000001b7edd57c10 4507   !   3       org.eclipse.sisu.wire.DependencyAnalyzer::analyzeImplementation (131 bytes)
Event: 3.956 Thread 0x000001b7edd57c10 nmethod 4507 0x000001b7db87c910 code [0x000001b7db87cc00, 0x000001b7db87dc28]
Event: 3.956 Thread 0x000001b7edd5a0c0 nmethod 4483 0x000001b7e2c23590 code [0x000001b7e2c23720, 0x000001b7e2c23888]
Event: 3.956 Thread 0x000001b7edd5a0c0 4494       4       java.io.WinNTFileSystem::normalize (224 bytes)
Event: 3.957 Thread 0x000001b7edd57c10 4508       3       com.google.inject.internal.Scoping$1::applyTo (1 bytes)
Event: 3.957 Thread 0x000001b7edd57c10 nmethod 4508 0x000001b7db87e210 code [0x000001b7db87e3a0, 0x000001b7db87e4a8]

GC Heap History (11 events):
Event: 0.849 GC heap before
{Heap before GC invocations=0 (full 0):
 garbage-first heap   total 55296K, used 23552K [0x00000000ca600000, 0x0000000100000000)
  region size 1024K, 23 young (23552K), 0 survivors (0K)
 Metaspace       used 5686K, committed 5888K, reserved 1114112K
  class space    used 659K, committed 768K, reserved 1048576K
}
Event: 0.856 GC heap after
{Heap after GC invocations=1 (full 0):
 garbage-first heap   total 55296K, used 3759K [0x00000000ca600000, 0x0000000100000000)
  region size 1024K, 3 young (3072K), 3 survivors (3072K)
 Metaspace       used 5686K, committed 5888K, reserved 1114112K
  class space    used 659K, committed 768K, reserved 1048576K
}
Event: 1.363 GC heap before
{Heap before GC invocations=1 (full 0):
 garbage-first heap   total 55296K, used 30383K [0x00000000ca600000, 0x0000000100000000)
  region size 1024K, 29 young (29696K), 3 survivors (3072K)
 Metaspace       used 9167K, committed 9344K, reserved 1114112K
  class space    used 1071K, committed 1152K, reserved 1048576K
}
Event: 1.370 GC heap after
{Heap after GC invocations=2 (full 0):
 garbage-first heap   total 55296K, used 5332K [0x00000000ca600000, 0x0000000100000000)
  region size 1024K, 2 young (2048K), 2 survivors (2048K)
 Metaspace       used 9167K, committed 9344K, reserved 1114112K
  class space    used 1071K, committed 1152K, reserved 1048576K
}
Event: 2.229 GC heap before
{Heap before GC invocations=2 (full 0):
 garbage-first heap   total 55296K, used 36052K [0x00000000ca600000, 0x0000000100000000)
  region size 1024K, 32 young (32768K), 2 survivors (2048K)
 Metaspace       used 15026K, committed 15296K, reserved 1114112K
  class space    used 1781K, committed 1920K, reserved 1048576K
}
Event: 2.238 GC heap after
{Heap after GC invocations=3 (full 0):
 garbage-first heap   total 55296K, used 9044K [0x00000000ca600000, 0x0000000100000000)
  region size 1024K, 4 young (4096K), 4 survivors (4096K)
 Metaspace       used 15026K, committed 15296K, reserved 1114112K
  class space    used 1781K, committed 1920K, reserved 1048576K
}
Event: 2.788 GC heap before
{Heap before GC invocations=3 (full 0):
 garbage-first heap   total 55296K, used 37716K [0x00000000ca600000, 0x0000000100000000)
  region size 1024K, 32 young (32768K), 4 survivors (4096K)
 Metaspace       used 15824K, committed 16128K, reserved 1114112K
  class space    used 1839K, committed 1984K, reserved 1048576K
}
Event: 2.801 GC heap after
{Heap after GC invocations=4 (full 0):
 garbage-first heap   total 55296K, used 12886K [0x00000000ca600000, 0x0000000100000000)
  region size 1024K, 4 young (4096K), 4 survivors (4096K)
 Metaspace       used 15824K, committed 16128K, reserved 1114112K
  class space    used 1839K, committed 1984K, reserved 1048576K
}
Event: 3.316 GC heap before
{Heap before GC invocations=4 (full 0):
 garbage-first heap   total 55296K, used 41558K [0x00000000ca600000, 0x0000000100000000)
  region size 1024K, 32 young (32768K), 4 survivors (4096K)
 Metaspace       used 16165K, committed 16448K, reserved 1114112K
  class space    used 1853K, committed 1984K, reserved 1048576K
}
Event: 3.324 GC heap after
{Heap after GC invocations=5 (full 0):
 garbage-first heap   total 55296K, used 15326K [0x00000000ca600000, 0x0000000100000000)
  region size 1024K, 3 young (3072K), 3 survivors (3072K)
 Metaspace       used 16165K, committed 16448K, reserved 1114112K
  class space    used 1853K, committed 1984K, reserved 1048576K
}
Event: 3.960 GC heap before
{Heap before GC invocations=5 (full 0):
 garbage-first heap   total 55296K, used 43998K [0x00000000ca600000, 0x0000000100000000)
  region size 1024K, 31 young (31744K), 3 survivors (3072K)
 Metaspace       used 16779K, committed 17024K, reserved 1114112K
  class space    used 1892K, committed 1984K, reserved 1048576K
}

Dll operation events (8 events):
Event: 0.009 Loaded shared library C:\Program Files\Java\jdk-21\bin\java.dll
Event: 0.042 Loaded shared library C:\Program Files\Java\jdk-21\bin\jsvml.dll
Event: 0.063 Loaded shared library C:\Program Files\Java\jdk-21\bin\net.dll
Event: 0.067 Loaded shared library C:\Program Files\Java\jdk-21\bin\nio.dll
Event: 0.072 Loaded shared library C:\Program Files\Java\jdk-21\bin\zip.dll
Event: 0.286 Loaded shared library C:\Program Files\Java\jdk-21\bin\jimage.dll
Event: 0.290 Loaded shared library C:\Users\kuber\.m2\wrapper\dists\apache-maven-3.9.9\977a63e90f436cd6ade95b4c0e10c20c\lib\jansi-native\Windows\x86_64\jansi.dll
Event: 0.309 Loaded shared library C:\Program Files\Java\jdk-21\bin\verify.dll

Deoptimization events (20 events):
Event: 3.915 Thread 0x000001b7d092bd50 DEOPT PACKING pc=0x000001b7e2b65744 sp=0x00000094cfbfd610
Event: 3.915 Thread 0x000001b7d092bd50 DEOPT UNPACKING pc=0x000001b7e24e46a2 sp=0x00000094cfbfd4c8 mode 2
Event: 3.921 Thread 0x000001b7d092bd50 Uncommon trap: trap_request=0xffffff45 fr.pc=0x000001b7e2a78048 relative=0x0000000000000088
Event: 3.921 Thread 0x000001b7d092bd50 Uncommon trap: reason=unstable_if action=reinterpret pc=0x000001b7e2a78048 method=sun.net.www.ParseUtil.firstEncodeIndex(Ljava/lang/String;)I @ 51 c2
Event: 3.921 Thread 0x000001b7d092bd50 DEOPT PACKING pc=0x000001b7e2a78048 sp=0x00000094cfbfd410
Event: 3.921 Thread 0x000001b7d092bd50 DEOPT UNPACKING pc=0x000001b7e24e46a2 sp=0x00000094cfbfd398 mode 2
Event: 3.938 Thread 0x000001b7d092bd50 Uncommon trap: trap_request=0xffffff45 fr.pc=0x000001b7e2b27740 relative=0x00000000000039c0
Event: 3.938 Thread 0x000001b7d092bd50 Uncommon trap: reason=unstable_if action=reinterpret pc=0x000001b7e2b27740 method=sun.net.www.protocol.jar.Handler.parseURL(Ljava/net/URL;Ljava/lang/String;II)V @ 116 c2
Event: 3.938 Thread 0x000001b7d092bd50 DEOPT PACKING pc=0x000001b7e2b27740 sp=0x00000094cfbfd0c0
Event: 3.938 Thread 0x000001b7d092bd50 DEOPT UNPACKING pc=0x000001b7e24e46a2 sp=0x00000094cfbfcfa8 mode 2
Event: 3.940 Thread 0x000001b7d092bd50 DEOPT PACKING pc=0x000001b7dafbce21 sp=0x00000094cfbfcdc0
Event: 3.940 Thread 0x000001b7d092bd50 DEOPT UNPACKING pc=0x000001b7e24e4e42 sp=0x00000094cfbfc2c0 mode 0
Event: 3.954 Thread 0x000001b7d092bd50 Uncommon trap: trap_request=0xffffffc6 fr.pc=0x000001b7e2b1b430 relative=0x0000000000000090
Event: 3.954 Thread 0x000001b7d092bd50 Uncommon trap: reason=bimorphic_or_optimized_type_check action=maybe_recompile pc=0x000001b7e2b1b430 method=com.google.inject.internal.LinkedBindingImpl.acceptTargetVisitor(Lcom/google/inject/spi/BindingTargetVisitor;)Ljava/lang/Object; @ 2 c2
Event: 3.954 Thread 0x000001b7d092bd50 DEOPT PACKING pc=0x000001b7e2b1b430 sp=0x00000094cfbfd580
Event: 3.954 Thread 0x000001b7d092bd50 DEOPT UNPACKING pc=0x000001b7e24e46a2 sp=0x00000094cfbfd508 mode 2
Event: 3.954 Thread 0x000001b7d092bd50 Uncommon trap: trap_request=0xffffffc6 fr.pc=0x000001b7e2b1b430 relative=0x0000000000000090
Event: 3.954 Thread 0x000001b7d092bd50 Uncommon trap: reason=bimorphic_or_optimized_type_check action=maybe_recompile pc=0x000001b7e2b1b430 method=com.google.inject.internal.LinkedBindingImpl.acceptTargetVisitor(Lcom/google/inject/spi/BindingTargetVisitor;)Ljava/lang/Object; @ 2 c2
Event: 3.954 Thread 0x000001b7d092bd50 DEOPT PACKING pc=0x000001b7e2b1b430 sp=0x00000094cfbfd580
Event: 3.954 Thread 0x000001b7d092bd50 DEOPT UNPACKING pc=0x000001b7e24e46a2 sp=0x00000094cfbfd508 mode 2

Classes loaded (20 events):
Event: 2.619 Loading class java/util/stream/MatchOps
Event: 2.619 Loading class java/util/stream/MatchOps done
Event: 2.619 Loading class java/util/stream/MatchOps$MatchOp
Event: 2.619 Loading class java/util/stream/MatchOps$MatchOp done
Event: 2.619 Loading class java/util/stream/MatchOps$BooleanTerminalSink
Event: 2.619 Loading class java/util/stream/MatchOps$BooleanTerminalSink done
Event: 2.619 Loading class java/util/stream/MatchOps$1MatchSink
Event: 2.619 Loading class java/util/stream/MatchOps$1MatchSink done
Event: 3.617 Loading class sun/nio/cs/ISO_8859_1$Decoder
Event: 3.617 Loading class sun/nio/cs/ISO_8859_1$Decoder done
Event: 3.957 Loading class org/w3c/dom/Node
Event: 3.957 Loading class org/w3c/dom/Node done
Event: 3.958 Loading class javax/xml/parsers/ParserConfigurationException
Event: 3.958 Loading class javax/xml/parsers/ParserConfigurationException done
Event: 3.958 Loading class org/xml/sax/SAXException
Event: 3.958 Loading class org/xml/sax/SAXException done
Event: 3.958 Loading class org/w3c/dom/Document
Event: 3.959 Loading class org/w3c/dom/Document done
Event: 3.959 Loading class org/w3c/dom/Element
Event: 3.959 Loading class org/w3c/dom/Element done

Classes unloaded (0 events):
No events

Classes redefined (0 events):
No events

Internal exceptions (20 events):
Event: 1.577 Thread 0x000001b7d092bd50 Exception <a 'java/lang/NoSuchMethodError'{0x00000000cd3e0d68}: 'java.lang.Object java.lang.invoke.DirectMethodHandle$Holder.invokeSpecial(java.lang.Object, java.lang.Object, java.lang.Object, int, java.lang.Object)'> (0x00000000cd3e0d68) 
thrown [s\open\src\hotspot\share\interpreter\linkResolver.cpp, line 773]
Event: 1.578 Thread 0x000001b7d092bd50 Exception <a 'java/lang/NoSuchMethodError'{0x00000000cd3e8ea8}: 'int java.lang.invoke.DirectMethodHandle$Holder.invokeSpecial(java.lang.Object, java.lang.Object, java.lang.Object, int)'> (0x00000000cd3e8ea8) 
thrown [s\open\src\hotspot\share\interpreter\linkResolver.cpp, line 773]
Event: 1.582 Thread 0x000001b7d092bd50 Implicit null exception at 0x000001b7e2ac9fba to 0x000001b7e2aca1b4
Event: 1.585 Thread 0x000001b7d092bd50 Exception <a 'java/lang/NoSuchMethodError'{0x00000000cd20e050}: 'java.lang.Object java.lang.invoke.Invokers$Holder.invokeExact_MT(java.lang.Object, int, java.lang.Object)'> (0x00000000cd20e050) 
thrown [s\open\src\hotspot\share\interpreter\linkResolver.cpp, line 773]
Event: 1.810 Thread 0x000001b7d092bd50 Exception <a 'java/lang/NoSuchMethodError'{0x00000000cca0b3e0}: 'void java.lang.invoke.Invokers$Holder.invokeExact_MT(java.lang.Object, java.lang.Object, java.lang.Object, java.lang.Object)'> (0x00000000cca0b3e0) 
thrown [s\open\src\hotspot\share\interpreter\linkResolver.cpp, line 773]
Event: 1.829 Thread 0x000001b7d092bd50 Exception <a 'java/lang/NoClassDefFoundError'{0x00000000cca98bc8}: com/google/inject/servlet/ServletModuleTargetVisitor> (0x00000000cca98bc8) 
thrown [s\open\src\hotspot\share\classfile\systemDictionary.cpp, line 301]
Event: 1.900 Thread 0x000001b7d092bd50 Exception <a 'java/lang/NoSuchMethodError'{0x00000000cc85c020}: 'void java.lang.invoke.DirectMethodHandle$Holder.invokeVirtual(java.lang.Object, java.lang.Object)'> (0x00000000cc85c020) 
thrown [s\open\src\hotspot\share\interpreter\linkResolver.cpp, line 773]
Event: 1.939 Thread 0x000001b7d092bd50 Exception <a 'java/lang/NoSuchMethodError'{0x00000000cc8db7b8}: 'java.lang.Object java.lang.invoke.DirectMethodHandle$Holder.invokeStaticInit(java.lang.Object, int, int, int, int)'> (0x00000000cc8db7b8) 
thrown [s\open\src\hotspot\share\interpreter\linkResolver.cpp, line 773]
Event: 2.069 Thread 0x000001b7d092bd50 Implicit null exception at 0x000001b7e2a601a4 to 0x000001b7e2a607fc
Event: 2.069 Thread 0x000001b7d092bd50 Implicit null exception at 0x000001b7e2a6e3a0 to 0x000001b7e2a6e9ec
Event: 2.116 Thread 0x000001b7d092bd50 Exception <a 'java/lang/NoSuchMethodError'{0x00000000cc245030}: 'void java.lang.invoke.DirectMethodHandle$Holder.invokeSpecial(java.lang.Object, java.lang.Object, java.lang.Object, java.lang.Object, java.lang.Object)'> (0x00000000cc245030) 
thrown [s\open\src\hotspot\share\interpreter\linkResolver.cpp, line 773]
Event: 2.118 Thread 0x000001b7d092bd50 Exception <a 'java/lang/NoSuchMethodError'{0x00000000cc25af80}: 'void java.lang.invoke.DirectMethodHandle$Holder.invokeSpecial(java.lang.Object, java.lang.Object, java.lang.Object, java.lang.Object, java.lang.Object, java.lang.Object)'> (0x00000000cc25af80) 
thrown [s\open\src\hotspot\share\interpreter\linkResolver.cpp, line 773]
Event: 2.132 Thread 0x000001b7d092bd50 Exception <a 'java/lang/NoSuchMethodError'{0x00000000cc151130}: 'java.lang.Object java.lang.invoke.DirectMethodHandle$Holder.invokeVirtual(java.lang.Object, java.lang.Object, java.lang.Object)'> (0x00000000cc151130) 
thrown [s\open\src\hotspot\share\interpreter\linkResolver.cpp, line 773]
Event: 2.178 Thread 0x000001b7d092bd50 Exception <a 'java/lang/NoSuchMethodError'{0x00000000cbf258a0}: 'void java.lang.invoke.DirectMethodHandle$Holder.invokeVirtual(java.lang.Object, java.lang.Object, int)'> (0x00000000cbf258a0) 
thrown [s\open\src\hotspot\share\interpreter\linkResolver.cpp, line 773]
Event: 2.178 Thread 0x000001b7d092bd50 Exception <a 'java/lang/NoSuchMethodError'{0x00000000cbf29650}: 'void java.lang.invoke.DirectMethodHandle$Holder.invokeSpecial(java.lang.Object, java.lang.Object, java.lang.Object, int)'> (0x00000000cbf29650) 
thrown [s\open\src\hotspot\share\interpreter\linkResolver.cpp, line 773]
Event: 2.179 Thread 0x000001b7d092bd50 Exception <a 'java/lang/NoSuchMethodError'{0x00000000cbf2cd20}: 'void java.lang.invoke.DelegatingMethodHandle$Holder.reinvoke_L(java.lang.Object, java.lang.Object, int)'> (0x00000000cbf2cd20) 
thrown [s\open\src\hotspot\share\interpreter\linkResolver.cpp, line 773]
Event: 2.784 Thread 0x000001b7d092bd50 Exception <a 'java/lang/NoSuchMethodError'{0x00000000cc0cd8a8}: 'int java.lang.invoke.DirectMethodHandle$Holder.invokeSpecialIFC(java.lang.Object, java.lang.Object, java.lang.Object, java.lang.Object)'> (0x00000000cc0cd8a8) 
thrown [s\open\src\hotspot\share\interpreter\linkResolver.cpp, line 773]
Event: 3.657 Thread 0x000001b7d092bd50 Implicit null exception at 0x000001b7e2bfe598 to 0x000001b7e2bfe774
Event: 3.657 Thread 0x000001b7d092bd50 Implicit null exception at 0x000001b7e2abc7bd to 0x000001b7e2abc841
Event: 3.785 Thread 0x000001b7d092bd50 Exception <a 'java/lang/NoSuchMethodError'{0x00000000cc8106e8}: 'java.lang.Object java.lang.invoke.DirectMethodHandle$Holder.newInvokeSpecial(java.lang.Object, java.lang.Object, java.lang.Object, java.lang.Object, java.lang.Object, java.lang.Object, java.lang.Object)'> (0x00000000cc8106e8) 
thrown [s\open\src\hotspot\share\interpreter\linkResolver.cpp, line 773]

ZGC Phase Switch (0 events):
No events

VM Operations (20 events):
Event: 1.956 Executing VM operation: HandshakeAllThreads (Deoptimize) done
Event: 1.967 Executing VM operation: ICBufferFull
Event: 1.967 Executing VM operation: ICBufferFull done
Event: 1.987 Executing VM operation: HandshakeAllThreads (Deoptimize)
Event: 1.987 Executing VM operation: HandshakeAllThreads (Deoptimize) done
Event: 2.035 Executing VM operation: HandshakeAllThreads (Deoptimize)
Event: 2.035 Executing VM operation: HandshakeAllThreads (Deoptimize) done
Event: 2.229 Executing VM operation: G1CollectForAllocation (G1 Evacuation Pause)
Event: 2.238 Executing VM operation: G1CollectForAllocation (G1 Evacuation Pause) done
Event: 2.666 Executing VM operation: ICBufferFull
Event: 2.666 Executing VM operation: ICBufferFull done
Event: 2.788 Executing VM operation: G1CollectForAllocation (G1 Evacuation Pause)
Event: 2.801 Executing VM operation: G1CollectForAllocation (G1 Evacuation Pause) done
Event: 3.177 Executing VM operation: ICBufferFull
Event: 3.178 Executing VM operation: ICBufferFull done
Event: 3.316 Executing VM operation: G1CollectForAllocation (G1 Evacuation Pause)
Event: 3.324 Executing VM operation: G1CollectForAllocation (G1 Evacuation Pause) done
Event: 3.902 Executing VM operation: ICBufferFull
Event: 3.902 Executing VM operation: ICBufferFull done
Event: 3.960 Executing VM operation: G1CollectForAllocation (G1 Evacuation Pause)

Events (14 events):
Event: 0.027 Thread 0x000001b7d092bd50 Thread added: 0x000001b7d092bd50
Event: 0.040 Thread 0x000001b7edd4e7e0 Thread added: 0x000001b7edd4e7e0
Event: 0.040 Thread 0x000001b7edd4f6f0 Thread added: 0x000001b7edd4f6f0
Event: 0.040 Thread 0x000001b7edd532c0 Thread added: 0x000001b7edd532c0
Event: 0.040 Thread 0x000001b7edd53d10 Thread added: 0x000001b7edd53d10
Event: 0.040 Thread 0x000001b7edd54760 Thread added: 0x000001b7edd54760
Event: 0.040 Thread 0x000001b7edd551b0 Thread added: 0x000001b7edd551b0
Event: 0.040 Thread 0x000001b7edd5a0c0 Thread added: 0x000001b7edd5a0c0
Event: 0.040 Thread 0x000001b7edd57c10 Thread added: 0x000001b7edd57c10
Event: 0.055 Thread 0x000001b7f20b4690 Thread added: 0x000001b7f20b4690
Event: 0.058 Thread 0x000001b7f20b8cf0 Thread added: 0x000001b7f20b8cf0
Event: 0.284 Thread 0x000001b7f240b3d0 Thread added: 0x000001b7f240b3d0
Event: 0.313 Thread 0x000001b7f240b3d0 Thread exited: 0x000001b7f240b3d0
Event: 2.003 Thread 0x000001b7f2dca010 Thread added: 0x000001b7f2dca010


Dynamic libraries:
0x00007ff6812a0000 - 0x00007ff6812b0000 	C:\Program Files\Java\jdk-21\bin\java.exe
0x00007ffff2ff0000 - 0x00007ffff3207000 	C:\Windows\SYSTEM32\ntdll.dll
0x00007ffff2260000 - 0x00007ffff2324000 	C:\Windows\System32\KERNEL32.DLL
0x00007ffff0950000 - 0x00007ffff0d09000 	C:\Windows\System32\KERNELBASE.dll
0x00007ffff02f0000 - 0x00007ffff0401000 	C:\Windows\System32\ucrtbase.dll
0x00007fffe7a00000 - 0x00007fffe7a1b000 	C:\Program Files\Java\jdk-21\bin\VCRUNTIME140.dll
0x00007fffd4250000 - 0x00007fffd4269000 	C:\Program Files\Java\jdk-21\bin\jli.dll
0x00007ffff2180000 - 0x00007ffff2232000 	C:\Windows\System32\ADVAPI32.dll
0x00007ffff1770000 - 0x00007ffff1817000 	C:\Windows\System32\msvcrt.dll
0x00007ffff2440000 - 0x00007ffff24e7000 	C:\Windows\System32\sechost.dll
0x00007ffff0920000 - 0x00007ffff0948000 	C:\Windows\System32\bcrypt.dll
0x00007ffff1590000 - 0x00007ffff16a4000 	C:\Windows\System32\RPCRT4.dll
0x00007ffff1fd0000 - 0x00007ffff217e000 	C:\Windows\System32\USER32.dll
0x00007ffff0780000 - 0x00007ffff07a6000 	C:\Windows\System32\win32u.dll
0x00007ffff2da0000 - 0x00007ffff2dc9000 	C:\Windows\System32\GDI32.dll
0x00007fffdeb00000 - 0x00007fffded92000 	C:\Windows\WinSxS\amd64_microsoft.windows.common-controls_6595b64144ccf1df_6.0.22621.4391_none_2715d37f73803e96\COMCTL32.dll
0x00007ffff0410000 - 0x00007ffff052b000 	C:\Windows\System32\gdi32full.dll
0x00007ffff06e0000 - 0x00007ffff077a000 	C:\Windows\System32\msvcp_win.dll
0x00007fffe5e50000 - 0x00007fffe5e5a000 	C:\Windows\SYSTEM32\VERSION.dll
0x00007ffff2d50000 - 0x00007ffff2d81000 	C:\Windows\System32\IMM32.DLL
0x00007fffe8f30000 - 0x00007fffe8f3c000 	C:\Program Files\Java\jdk-21\bin\vcruntime140_1.dll
0x00007fffb92c0000 - 0x00007fffb934e000 	C:\Program Files\Java\jdk-21\bin\msvcp140.dll
0x00007fff62810000 - 0x00007fff63528000 	C:\Program Files\Java\jdk-21\bin\server\jvm.dll
0x00007ffff1f40000 - 0x00007ffff1fb1000 	C:\Windows\System32\WS2_32.dll
0x00007fffeb000000 - 0x00007fffeb034000 	C:\Windows\SYSTEM32\WINMM.dll
0x00007ffff01c0000 - 0x00007ffff020d000 	C:\Windows\SYSTEM32\POWRPROF.dll
0x00007ffff01a0000 - 0x00007ffff01b3000 	C:\Windows\SYSTEM32\UMPDC.dll
0x00007fffef2f0000 - 0x00007fffef308000 	C:\Windows\SYSTEM32\kernel.appcore.dll
0x00007fffe7b10000 - 0x00007fffe7b1a000 	C:\Program Files\Java\jdk-21\bin\jimage.dll
0x00007fffe4e70000 - 0x00007fffe50a2000 	C:\Windows\SYSTEM32\DBGHELP.DLL
0x00007ffff1820000 - 0x00007ffff1baf000 	C:\Windows\System32\combase.dll
0x00007ffff2ed0000 - 0x00007ffff2fa7000 	C:\Windows\System32\OLEAUT32.dll
0x00007fffe4e00000 - 0x00007fffe4e32000 	C:\Windows\SYSTEM32\dbgcore.DLL
0x00007ffff05f0000 - 0x00007ffff066b000 	C:\Windows\System32\bcryptPrimitives.dll
0x00007fffe7910000 - 0x00007fffe792f000 	C:\Program Files\Java\jdk-21\bin\java.dll
0x00007ffff0d10000 - 0x00007ffff1586000 	C:\Windows\System32\SHELL32.dll
0x00007fffee1e0000 - 0x00007fffeeae3000 	C:\Windows\SYSTEM32\windows.storage.dll
0x00007fffee0a0000 - 0x00007fffee1df000 	C:\Windows\SYSTEM32\wintypes.dll
0x00007ffff2dd0000 - 0x00007ffff2ec9000 	C:\Windows\System32\SHCORE.dll
0x00007ffff1710000 - 0x00007ffff176e000 	C:\Windows\System32\shlwapi.dll
0x00007ffff0220000 - 0x00007ffff024b000 	C:\Windows\SYSTEM32\profapi.dll
0x00007fffb5d30000 - 0x00007fffb5e07000 	C:\Program Files\Java\jdk-21\bin\jsvml.dll
0x00007fffe78a0000 - 0x00007fffe78b0000 	C:\Program Files\Java\jdk-21\bin\net.dll
0x00007fffeba50000 - 0x00007fffebb86000 	C:\Windows\SYSTEM32\WINHTTP.dll
0x00007fffef760000 - 0x00007fffef7c9000 	C:\Windows\system32\mswsock.dll
0x00007fffdce40000 - 0x00007fffdce56000 	C:\Program Files\Java\jdk-21\bin\nio.dll
0x00007fffdc350000 - 0x00007fffdc368000 	C:\Program Files\Java\jdk-21\bin\zip.dll
0x00007fffd4220000 - 0x00007fffd4244000 	C:\Users\kuber\.m2\wrapper\dists\apache-maven-3.9.9\977a63e90f436cd6ade95b4c0e10c20c\lib\jansi-native\Windows\x86_64\jansi.dll
0x00007fffdb4d0000 - 0x00007fffdb4e0000 	C:\Program Files\Java\jdk-21\bin\verify.dll

dbghelp: loaded successfully - version: 4.0.5 - missing functions: none
symbol engine: initialized successfully - sym options: 0x614 - pdb path: .;C:\Program Files\Java\jdk-21\bin;C:\Windows\SYSTEM32;C:\Windows\WinSxS\amd64_microsoft.windows.common-controls_6595b64144ccf1df_6.0.22621.4391_none_2715d37f73803e96;C:\Program Files\Java\jdk-21\bin\server;C:\Users\kuber\.m2\wrapper\dists\apache-maven-3.9.9\977a63e90f436cd6ade95b4c0e10c20c\lib\jansi-native\Windows\x86_64

VM Arguments:
jvm_args: -Dclassworlds.conf=C:\Users\kuber\.m2\wrapper\dists\apache-maven-3.9.9\977a63e90f436cd6ade95b4c0e10c20c\bin\m2.conf -Dmaven.home=C:\Users\kuber\.m2\wrapper\dists\apache-maven-3.9.9\977a63e90f436cd6ade95b4c0e10c20c -Dlibrary.jansi.path=C:\Users\kuber\.m2\wrapper\dists\apache-maven-3.9.9\977a63e90f436cd6ade95b4c0e10c20c\lib\jansi-native -Dmaven.multiModuleProjectDirectory=d:\Siddhant\coding\banking\OnlineBanking 
java_command: org.codehaus.plexus.classworlds.launcher.Launcher package -f d:\Siddhant\coding\banking\OnlineBanking\pom.xml
java_class_path (initial): C:\Users\kuber\.m2\wrapper\dists\apache-maven-3.9.9\977a63e90f436cd6ade95b4c0e10c20c\boot\plexus-classworlds-2.8.0.jar
Launcher Type: SUN_STANDARD

[Global flags]
     intx CICompilerCount                          = 4                                         {product} {ergonomic}
     uint ConcGCThreads                            = 2                                         {product} {ergonomic}
     uint G1ConcRefinementThreads                  = 8                                         {product} {ergonomic}
   size_t G1HeapRegionSize                         = 1048576                                   {product} {ergonomic}
    uintx GCDrainStackTargetSize                   = 64                                        {product} {ergonomic}
   size_t InitialHeapSize                          = 56623104                                  {product} {ergonomic}
   size_t MarkStackSize                            = 4194304                                   {product} {ergonomic}
   size_t MaxHeapSize                              = 899678208                                 {product} {ergonomic}
   size_t MaxNewSize                               = 538968064                                 {product} {ergonomic}
   size_t MinHeapDeltaBytes                        = 1048576                                   {product} {ergonomic}
   size_t MinHeapSize                              = 8388608                                   {product} {ergonomic}
    uintx NonNMethodCodeHeapSize                   = 5839372                                {pd product} {ergonomic}
    uintx NonProfiledCodeHeapSize                  = 122909434                              {pd product} {ergonomic}
    uintx ProfiledCodeHeapSize                     = 122909434                              {pd product} {ergonomic}
    uintx ReservedCodeCacheSize                    = 251658240                              {pd product} {ergonomic}
     bool SegmentedCodeCache                       = true                                      {product} {ergonomic}
   size_t SoftMaxHeapSize                          = 899678208                              {manageable} {ergonomic}
     bool UseCompressedOops                        = true                           {product lp64_product} {ergonomic}
     bool UseG1GC                                  = true                                      {product} {ergonomic}
     bool UseLargePagesIndividualAllocation        = false                                  {pd product} {ergonomic}

Logging:
Log output configuration:
 #0: stdout all=warning uptime,level,tags foldmultilines=false
 #1: stderr all=off uptime,level,tags foldmultilines=false

Environment Variables:
PATH=C:\Program Files\Common Files\Oracle\Java\javapath;C:\Windows\system32;C:\Windows;C:\Windows\System32\Wbem;C:\Windows\System32\WindowsPowerShell\v1.0\;C:\Windows\System32\OpenSSH\;C:\Program Files\dotnet\;C:\Program Files\Git\cmd;C:\Program Files\nodejs\;C:\ProgramData\chocolatey\bin;C:\Program Files\MySQL\MySQL Shell 8.0\bin\;C:\Users\kuber\AppData\Local\Microsoft\WindowsApps;C:\Users\kuber\.dotnet\tools;C:\Users\kuber\AppData\Local\Programs\Microsoft VS Code\bin;C:\Users\kuber\AppData\Roaming\npm
USERNAME=kuber
LANG=en_US.UTF-8
OS=Windows_NT
PROCESSOR_IDENTIFIER=AMD64 Family 23 Model 104 Stepping 1, AuthenticAMD
TMP=C:\Users\kuber\AppData\Local\Temp
TEMP=C:\Users\kuber\AppData\Local\Temp




Periodic native trim disabled

---------------  S Y S T E M  ---------------

OS:
 Windows 11 , 64 bit Build 22621 (10.0.22621.4391)
OS uptime: 31 days 21:56 hours
Hyper-V role detected

CPU: total 8 (initial active 8) (8 cores per cpu, 2 threads per core) family 23 model 104 stepping 1 microcode 0x0, cx8, cmov, fxsr, ht, mmx, 3dnowpref, sse, sse2, sse3, ssse3, sse4a, sse4.1, sse4.2, popcnt, lzcnt, tsc, tscinvbit, avx, avx2, aes, clmul, bmi1, bmi2, adx, sha, fma, vzeroupper, clflush, clflushopt, hv, rdtscp, rdpid, f16c
Processor Information for all 8 processors :
  Max Mhz: 2600, Current Mhz: 2600, Mhz Limit: 2600

Memory: 4k page, system-wide physical 3429M (225M free)
TotalPageFile size 14181M (AvailPageFile size 8M)
current process WorkingSet (physical memory assigned to process): 140M, peak: 143M
current process commit charge ("private bytes"): 184M, peak: 195M

vm_info: Java HotSpot(TM) 64-Bit Server VM (21.0.5+9-LTS-239) for windows-amd64 JRE (21.0.5+9-LTS-239), built on 2024-09-30T05:17:38Z by "mach5one" with MS VC++ 17.6 (VS2022)

END.
