#
# There is insufficient memory for the Java Runtime Environment to continue.
# Native memory allocation (malloc) failed to allocate 1501936 bytes. Error detail: Chunk::new
# Possible reasons:
#   The system is out of physical RAM or swap space
#   This process is running with CompressedOops enabled, and the Java Heap may be blocking the growth of the native heap
# Possible solutions:
#   Reduce memory load on the system
#   Increase physical memory or swap space
#   Check if swap backing store is full
#   Decrease Java heap size (-Xmx/-Xms)
#   Decrease number of Java threads
#   Decrease Java thread stack sizes (-Xss)
#   Set larger code cache with -XX:ReservedCodeCacheSize=
#   JVM is running with Unscaled Compressed Oops mode in which the Java heap is
#     placed in the first 4GB address space. The Java Heap base address is the
#     maximum limit for the native heap growth. Please use -XX:HeapBaseMinAddress
#     to set the Java Heap base and to place the Java Heap above 4GB virtual address.
# This output file may be truncated or incomplete.
#
#  Out of Memory Error (arena.cpp:168), pid=2020, tid=18560
#
# JRE version: OpenJDK Runtime Environment Temurin-21.0.6+7 (21.0.6+7) (build 21.0.6+7-LTS)
# Java VM: OpenJDK 64-Bit Server VM Temurin-21.0.6+7 (21.0.6+7-LTS, mixed mode, sharing, tiered, compressed oops, compressed class ptrs, parallel gc, windows-amd64)
# No core dump will be written. Minidumps are not enabled by default on client versions of Windows
#

---------------  S U M M A R Y ------------

Command Line: --add-modules=ALL-SYSTEM --add-opens=java.base/java.util=ALL-UNNAMED --add-opens=java.base/java.lang=ALL-UNNAMED --add-opens=java.base/sun.nio.fs=ALL-UNNAMED -Declipse.application=org.eclipse.jdt.ls.core.id1 -Dosgi.bundles.defaultStartLevel=4 -Declipse.product=org.eclipse.jdt.ls.core.product -Djava.import.generatesMetadataFilesAtProjectRoot=false -DDetectVMInstallationsJob.disabled=true -Dfile.encoding=utf8 -XX:+UseParallelGC -XX:GCTimeRatio=4 -XX:AdaptiveSizePolicyWeight=90 -Dsun.zip.disableMemoryMapping=true -Xmx1G -Xms100m -Xlog:disable -javaagent:c:\Users\kuber\.vscode\extensions\redhat.java-1.41.1-win32-x64\lombok\lombok-1.18.36.jar -XX:+HeapDumpOnOutOfMemoryError -XX:HeapDumpPath=c:\Users\kuber\AppData\Roaming\Code\User\workspaceStorage\c74d92d515f22b8c6e61e373af8e4289\redhat.java -Daether.dependencyCollector.impl=bf c:\Users\kuber\.vscode\extensions\redhat.java-1.41.1-win32-x64\server\plugins\org.eclipse.equinox.launcher_1.7.0.v20250331-1702.jar -configuration c:\Users\kuber\AppData\Roaming\Code\User\globalStorage\redhat.java\1.41.1\config_win -data c:\Users\kuber\AppData\Roaming\Code\User\workspaceStorage\c74d92d515f22b8c6e61e373af8e4289\redhat.java\jdt_ws --pipe=\\.\pipe\lsp-fef76f396283b5ae52618133046d941d-sock

Host: AMD Ryzen 3 5300U with Radeon Graphics         , 8 cores, 3G,  Windows 11 , 64 bit Build 22621 (10.0.22621.4391)
Time: Thu Apr 24 02:49:21 2025 India Standard Time elapsed time: 46.563961 seconds (0d 0h 0m 46s)

---------------  T H R E A D  ---------------

Current thread (0x0000021e5a3bb570):  JavaThread "C2 CompilerThread0" daemon [_thread_in_native, id=18560, stack(0x000000926e600000,0x000000926e700000) (1024K)]


Current CompileTask:
C2:46564 8747   !   4       org.eclipse.jdt.internal.compiler.classfmt.ClassFileReader::<init> (2135 bytes)

Stack: [0x000000926e600000,0x000000926e700000]
Native frames: (J=compiled Java code, j=interpreted, Vv=VM code, C=native code)
V  [jvm.dll+0x6cdee9]
V  [jvm.dll+0x8a83d1]
V  [jvm.dll+0x8aa8fe]
V  [jvm.dll+0x8aafe3]
V  [jvm.dll+0x27f706]
V  [jvm.dll+0xc500d]
V  [jvm.dll+0xc5543]
V  [jvm.dll+0x3b6752]
V  [jvm.dll+0x1dfe13]
V  [jvm.dll+0x247b42]
V  [jvm.dll+0x246fcf]
V  [jvm.dll+0x1c75ee]
V  [jvm.dll+0x25685a]
V  [jvm.dll+0x254dfa]
V  [jvm.dll+0x3f0256]
V  [jvm.dll+0x851f8b]
V  [jvm.dll+0x6cc5ed]
C  [ucrtbase.dll+0x29333]
C  [KERNEL32.DLL+0x1259d]
C  [ntdll.dll+0x5af38]


---------------  P R O C E S S  ---------------

Threads class SMR info:
_java_thread_list=0x0000021e65a9a870, length=56, elements={
0x0000021e45ffcb60, 0x0000021e5a3ae3a0, 0x0000021e5a3afb00, 0x0000021e5a3b1da0,
0x0000021e5a3b2cb0, 0x0000021e5a3b45b0, 0x0000021e5a3ba6a0, 0x0000021e5a3bb570,
0x0000021e5a3cbe50, 0x0000021e46068b30, 0x0000021e6030bfd0, 0x0000021e60be4a10,
0x0000021e60bad210, 0x0000021e60807240, 0x0000021e607d8720, 0x0000021e60e36ed0,
0x0000021e610f3120, 0x0000021e60c7b160, 0x0000021e60c7aad0, 0x0000021e60c7cba0,
0x0000021e60c7a440, 0x0000021e60c7be80, 0x0000021e60c79db0, 0x0000021e60c7b7f0,
0x0000021e60c7c510, 0x0000021e62f7e820, 0x0000021e62f808f0, 0x0000021e62f80f80,
0x0000021e62f81610, 0x0000021e62f7f540, 0x0000021e62f81ca0, 0x0000021e62f83050,
0x0000021e62f7cde0, 0x0000021e62f80260, 0x0000021e62f82330, 0x0000021e62f7c0c0,
0x0000021e62f7d470, 0x0000021e62f836e0, 0x0000021e62f7c750, 0x0000021e647682c0,
0x0000021e64766880, 0x0000021e64768950, 0x0000021e64767c30, 0x0000021e64765b60,
0x0000021e647661f0, 0x0000021e64766f10, 0x0000021e62f7eeb0, 0x0000021e6098b200,
0x0000021e6098cc40, 0x0000021e60987d80, 0x0000021e60989130, 0x0000021e6098b890,
0x0000021e6098bf20, 0x0000021e63e1f2d0, 0x0000021e60989e50, 0x0000021e6098d2d0
}

Java Threads: ( => current thread )
  0x0000021e45ffcb60 JavaThread "main"                              [_thread_blocked, id=19436, stack(0x000000926dc00000,0x000000926dd00000) (1024K)]
  0x0000021e5a3ae3a0 JavaThread "Reference Handler"          daemon [_thread_blocked, id=2180, stack(0x000000926e000000,0x000000926e100000) (1024K)]
  0x0000021e5a3afb00 JavaThread "Finalizer"                  daemon [_thread_blocked, id=10380, stack(0x000000926e100000,0x000000926e200000) (1024K)]
  0x0000021e5a3b1da0 JavaThread "Signal Dispatcher"          daemon [_thread_blocked, id=15996, stack(0x000000926e200000,0x000000926e300000) (1024K)]
  0x0000021e5a3b2cb0 JavaThread "Attach Listener"            daemon [_thread_blocked, id=21984, stack(0x000000926e300000,0x000000926e400000) (1024K)]
  0x0000021e5a3b45b0 JavaThread "Service Thread"             daemon [_thread_blocked, id=15848, stack(0x000000926e400000,0x000000926e500000) (1024K)]
  0x0000021e5a3ba6a0 JavaThread "Monitor Deflation Thread"   daemon [_thread_blocked, id=17028, stack(0x000000926e500000,0x000000926e600000) (1024K)]
=>0x0000021e5a3bb570 JavaThread "C2 CompilerThread0"         daemon [_thread_in_native, id=18560, stack(0x000000926e600000,0x000000926e700000) (1024K)]
  0x0000021e5a3cbe50 JavaThread "C1 CompilerThread0"         daemon [_thread_blocked, id=9756, stack(0x000000926e700000,0x000000926e800000) (1024K)]
  0x0000021e46068b30 JavaThread "Common-Cleaner"             daemon [_thread_blocked, id=4948, stack(0x000000926e800000,0x000000926e900000) (1024K)]
  0x0000021e6030bfd0 JavaThread "Notification Thread"        daemon [_thread_blocked, id=20884, stack(0x000000926e900000,0x000000926ea00000) (1024K)]
  0x0000021e60be4a10 JavaThread "Active Thread: Equinox Container: 9f4ae6f2-936c-4a4e-bdeb-30d4f7feac38"        [_thread_blocked, id=7600, stack(0x000000926f000000,0x000000926f100000) (1024K)]
  0x0000021e60bad210 JavaThread "Refresh Thread: Equinox Container: 9f4ae6f2-936c-4a4e-bdeb-30d4f7feac38" daemon [_thread_blocked, id=14216, stack(0x000000926f100000,0x000000926f200000) (1024K)]
  0x0000021e60807240 JavaThread "Framework Event Dispatcher: Equinox Container: 9f4ae6f2-936c-4a4e-bdeb-30d4f7feac38" daemon [_thread_blocked, id=10856, stack(0x000000926f300000,0x000000926f400000) (1024K)]
  0x0000021e607d8720 JavaThread "Start Level: Equinox Container: 9f4ae6f2-936c-4a4e-bdeb-30d4f7feac38" daemon [_thread_blocked, id=4476, stack(0x000000926f400000,0x000000926f500000) (1024K)]
  0x0000021e60e36ed0 JavaThread "Bundle File Closer"         daemon [_thread_blocked, id=13264, stack(0x000000926f500000,0x000000926f600000) (1024K)]
  0x0000021e610f3120 JavaThread "SCR Component Actor"        daemon [_thread_blocked, id=6784, stack(0x000000926f600000,0x000000926f700000) (1024K)]
  0x0000021e60c7b160 JavaThread "Worker-JM"                         [_thread_blocked, id=15588, stack(0x000000926f800000,0x000000926f900000) (1024K)]
  0x0000021e60c7aad0 JavaThread "JNA Cleaner"                daemon [_thread_blocked, id=284, stack(0x000000926f900000,0x000000926fa00000) (1024K)]
  0x0000021e60c7cba0 JavaThread "Worker-0"                          [_thread_blocked, id=10208, stack(0x000000926fa00000,0x000000926fb00000) (1024K)]
  0x0000021e60c7a440 JavaThread "Worker-1"                          [_thread_blocked, id=4104, stack(0x000000926fb00000,0x000000926fc00000) (1024K)]
  0x0000021e60c7be80 JavaThread "Worker-2: Building"                [_thread_in_Java, id=12100, stack(0x000000926fc00000,0x000000926fd00000) (1024K)]
  0x0000021e60c79db0 JavaThread "Java indexing"              daemon [_thread_in_native, id=2652, stack(0x000000926f700000,0x000000926f800000) (1024K)]
  0x0000021e60c7b7f0 JavaThread "Worker-3: Java indexing... "        [_thread_blocked, id=13632, stack(0x0000009270100000,0x0000009270200000) (1024K)]
  0x0000021e60c7c510 JavaThread "Worker-4"                          [_thread_blocked, id=9392, stack(0x0000009270200000,0x0000009270300000) (1024K)]
  0x0000021e62f7e820 JavaThread "Thread-2"                   daemon [_thread_in_native, id=15200, stack(0x0000009270300000,0x0000009270400000) (1024K)]
  0x0000021e62f808f0 JavaThread "Thread-3"                   daemon [_thread_in_native, id=12604, stack(0x0000009270400000,0x0000009270500000) (1024K)]
  0x0000021e62f80f80 JavaThread "Thread-4"                   daemon [_thread_in_native, id=12164, stack(0x0000009270500000,0x0000009270600000) (1024K)]
  0x0000021e62f81610 JavaThread "Thread-5"                   daemon [_thread_in_native, id=17332, stack(0x0000009270600000,0x0000009270700000) (1024K)]
  0x0000021e62f7f540 JavaThread "Thread-6"                   daemon [_thread_in_native, id=8188, stack(0x0000009270700000,0x0000009270800000) (1024K)]
  0x0000021e62f81ca0 JavaThread "Thread-7"                   daemon [_thread_in_native, id=6168, stack(0x0000009270800000,0x0000009270900000) (1024K)]
  0x0000021e62f83050 JavaThread "Thread-8"                   daemon [_thread_in_native, id=4896, stack(0x0000009270900000,0x0000009270a00000) (1024K)]
  0x0000021e62f7cde0 JavaThread "Thread-9"                   daemon [_thread_in_native, id=9736, stack(0x0000009270a00000,0x0000009270b00000) (1024K)]
  0x0000021e62f80260 JavaThread "Thread-10"                  daemon [_thread_in_native, id=12696, stack(0x0000009270b00000,0x0000009270c00000) (1024K)]
  0x0000021e62f82330 JavaThread "pool-2-thread-1"                   [_thread_blocked, id=9012, stack(0x0000009270c00000,0x0000009270d00000) (1024K)]
  0x0000021e62f7c0c0 JavaThread "WorkspaceEventsHandler"            [_thread_blocked, id=13952, stack(0x0000009270d00000,0x0000009270e00000) (1024K)]
  0x0000021e62f7d470 JavaThread "pool-1-thread-1"                   [_thread_blocked, id=18628, stack(0x0000009270e00000,0x0000009270f00000) (1024K)]
  0x0000021e62f836e0 JavaThread "Worker-5"                          [_thread_blocked, id=10988, stack(0x0000009271000000,0x0000009271100000) (1024K)]
  0x0000021e62f7c750 JavaThread "Worker-6"                          [_thread_blocked, id=6524, stack(0x0000009271200000,0x0000009271300000) (1024K)]
  0x0000021e647682c0 JavaThread "LocalFile Deleter"          daemon [_thread_blocked, id=21344, stack(0x000000926da00000,0x000000926db00000) (1024K)]
  0x0000021e64766880 JavaThread "LocalFile Deleter"          daemon [_thread_blocked, id=20224, stack(0x000000926fd00000,0x000000926fe00000) (1024K)]
  0x0000021e64768950 JavaThread "LocalFile Deleter"          daemon [_thread_blocked, id=4868, stack(0x0000009270000000,0x0000009270100000) (1024K)]
  0x0000021e64767c30 JavaThread "LocalFile Deleter"          daemon [_thread_blocked, id=4600, stack(0x0000009271100000,0x0000009271200000) (1024K)]
  0x0000021e64765b60 JavaThread "LocalFile Deleter"          daemon [_thread_blocked, id=12828, stack(0x0000009271300000,0x0000009271400000) (1024K)]
  0x0000021e647661f0 JavaThread "LocalFile Deleter"          daemon [_thread_blocked, id=14572, stack(0x0000009271400000,0x0000009271500000) (1024K)]
  0x0000021e64766f10 JavaThread "LocalFile Deleter"          daemon [_thread_blocked, id=19964, stack(0x0000009271500000,0x0000009271600000) (1024K)]
  0x0000021e62f7eeb0 JavaThread "LocalFile Deleter"          daemon [_thread_blocked, id=12404, stack(0x0000009271600000,0x0000009271700000) (1024K)]
  0x0000021e6098b200 JavaThread "Compiler Source File Reader" daemon [_thread_blocked, id=21556, stack(0x0000009271700000,0x0000009271800000) (1024K)]
  0x0000021e6098cc40 JavaThread "Compiler Source File Reader" daemon [_thread_blocked, id=11176, stack(0x0000009271800000,0x0000009271900000) (1024K)]
  0x0000021e60987d80 JavaThread "Compiler Source File Reader" daemon [_thread_blocked, id=9132, stack(0x0000009271900000,0x0000009271a00000) (1024K)]
  0x0000021e60989130 JavaThread "Compiler Source File Reader" daemon [_thread_blocked, id=19836, stack(0x0000009271a00000,0x0000009271b00000) (1024K)]
  0x0000021e6098b890 JavaThread "Compiler Source File Reader" daemon [_thread_blocked, id=20220, stack(0x0000009271b00000,0x0000009271c00000) (1024K)]
  0x0000021e6098bf20 JavaThread "Compiler Source File Reader" daemon [_thread_blocked, id=7328, stack(0x0000009271c00000,0x0000009271d00000) (1024K)]
  0x0000021e63e1f2d0 JavaThread "C2 CompilerThread1"         daemon [_thread_in_native, id=10340, stack(0x0000009271d00000,0x0000009271e00000) (1024K)]
  0x0000021e60989e50 JavaThread "Compiler Processing Task"   daemon [_thread_in_vm, id=6032, stack(0x0000009271e00000,0x0000009271f00000) (1024K)]
  0x0000021e6098d2d0 JavaThread "Compiler Class File Writer" daemon [_thread_blocked, id=13148, stack(0x0000009271f00000,0x0000009272000000) (1024K)]
Total: 56

Other Threads:
  0x0000021e5a392930 VMThread "VM Thread"                           [id=1944, stack(0x000000926df00000,0x000000926e000000) (1024K)]
  0x0000021e5a2cca00 WatcherThread "VM Periodic Task Thread"        [id=11044, stack(0x000000926de00000,0x000000926df00000) (1024K)]
  0x0000021e4601b7e0 WorkerThread "GC Thread#0"                     [id=12032, stack(0x000000926dd00000,0x000000926de00000) (1024K)]
  0x0000021e607850a0 WorkerThread "GC Thread#1"                     [id=5236, stack(0x000000926ea00000,0x000000926eb00000) (1024K)]
  0x0000021e60785840 WorkerThread "GC Thread#2"                     [id=2788, stack(0x000000926eb00000,0x000000926ec00000) (1024K)]
  0x0000021e608224e0 WorkerThread "GC Thread#3"                     [id=13620, stack(0x000000926ec00000,0x000000926ed00000) (1024K)]
  0x0000021e60822880 WorkerThread "GC Thread#4"                     [id=1704, stack(0x000000926ed00000,0x000000926ee00000) (1024K)]
  0x0000021e60822c20 WorkerThread "GC Thread#5"                     [id=12316, stack(0x000000926ee00000,0x000000926ef00000) (1024K)]
  0x0000021e60822fc0 WorkerThread "GC Thread#6"                     [id=20976, stack(0x000000926ef00000,0x000000926f000000) (1024K)]
  0x0000021e60a4de00 WorkerThread "GC Thread#7"                     [id=17844, stack(0x000000926f200000,0x000000926f300000) (1024K)]
Total: 10

Threads with active compile tasks:
C2 CompilerThread0  46607 8747   !   4       org.eclipse.jdt.internal.compiler.classfmt.ClassFileReader::<init> (2135 bytes)
C1 CompilerThread0  46607 9094   !   3       org.eclipse.jdt.internal.compiler.parser.Scanner::$SWITCH_TABLE$org$eclipse$jdt$internal$compiler$parser$TerminalToken (2080 bytes)
C2 CompilerThread1  46607 8695   !   4       org.eclipse.jdt.internal.core.search.indexing.BinaryIndexer::indexDocument (1204 bytes)
Total: 3

VM state: not at safepoint (normal execution)

VM Mutex/Monitor currently owned by a thread: None

Heap address: 0x00000000c0000000, size: 1024 MB, Compressed Oops mode: 32-bit

CDS archive(s) mapped at: [0x0000021e00000000-0x0000021e00ba0000-0x0000021e00ba0000), size 12189696, SharedBaseAddress: 0x0000021e00000000, ArchiveRelocationMode: 1.
Compressed class space mapped at: 0x0000021e01000000-0x0000021e41000000, reserved size: 1073741824
Narrow klass base: 0x0000021e00000000, Narrow klass shift: 0, Narrow klass range: 0x100000000

GC Precious Log:
 CardTable entry size: 512
 CPUs: 8 total, 8 available
 Memory: 3429M
 Large Page Support: Disabled
 NUMA Support: Disabled
 Compressed Oops: Enabled (32-bit)
 Alignments: Space 512K, Generation 512K, Heap 2M
 Heap Min Capacity: 100M
 Heap Initial Capacity: 100M
 Heap Max Capacity: 1G
 Pre-touch: Disabled
 Parallel Workers: 8

Heap:
 PSYoungGen      total 4608K, used 2904K [0x00000000eab00000, 0x00000000eb080000, 0x0000000100000000)
  eden space 3584K, 65% used [0x00000000eab00000,0x00000000ead4f568,0x00000000eae80000)
  from space 1024K, 52% used [0x00000000eaf00000,0x00000000eaf86c08,0x00000000eb000000)
  to   space 512K, 0% used [0x00000000eb000000,0x00000000eb000000,0x00000000eb080000)
 ParOldGen       total 406528K, used 187075K [0x00000000c0000000, 0x00000000d8d00000, 0x00000000eab00000)
  object space 406528K, 46% used [0x00000000c0000000,0x00000000cb6b0de0,0x00000000d8d00000)
 Metaspace       used 60601K, committed 62016K, reserved 1114112K
  class space    used 6359K, committed 6976K, reserved 1048576K

Card table byte_map: [0x0000021e459a0000,0x0000021e45bb0000] _byte_map_base: 0x0000021e453a0000

Marking Bits: (ParMarkBitMap*) 0x00007ffc97873260
 Begin Bits: [0x0000021e581f0000, 0x0000021e591f0000)
 End Bits:   [0x0000021e591f0000, 0x0000021e5a1f0000)

Polling page: 0x0000021e43fd0000

Metaspace:

Usage:
  Non-class:     52.97 MB used.
      Class:      6.21 MB used.
       Both:     59.18 MB used.

Virtual space:
  Non-class space:       64.00 MB reserved,      53.75 MB ( 84%) committed,  1 nodes.
      Class space:        1.00 GB reserved,       6.81 MB ( <1%) committed,  1 nodes.
             Both:        1.06 GB reserved,      60.56 MB (  6%) committed. 

Chunk freelists:
   Non-Class:  9.47 MB
       Class:  9.17 MB
        Both:  18.64 MB

MaxMetaspaceSize: unlimited
CompressedClassSpaceSize: 1.00 GB
Initial GC threshold: 21.00 MB
Current GC threshold: 97.31 MB
CDS: on
 - commit_granule_bytes: 65536.
 - commit_granule_words: 8192.
 - virtual_space_node_default_size: 8388608.
 - enlarge_chunks_in_place: 1.
 - use_allocation_guard: 0.


Internal statistics:

num_allocs_failed_limit: 9.
num_arena_births: 1066.
num_arena_deaths: 14.
num_vsnodes_births: 2.
num_vsnodes_deaths: 0.
num_space_committed: 969.
num_space_uncommitted: 0.
num_chunks_returned_to_freelist: 23.
num_chunks_taken_from_freelist: 3709.
num_chunk_merges: 15.
num_chunk_splits: 2270.
num_chunks_enlarged: 1239.
num_inconsistent_stats: 0.

CodeHeap 'non-profiled nmethods': size=120000Kb used=5977Kb max_used=6118Kb free=114022Kb
 bounds [0x0000021e50cc0000, 0x0000021e512c0000, 0x0000021e581f0000]
CodeHeap 'profiled nmethods': size=120000Kb used=18175Kb max_used=18202Kb free=101824Kb
 bounds [0x0000021e491f0000, 0x0000021e4a400000, 0x0000021e50720000]
CodeHeap 'non-nmethods': size=5760Kb used=1451Kb max_used=1502Kb free=4308Kb
 bounds [0x0000021e50720000, 0x0000021e50990000, 0x0000021e50cc0000]
 total_blobs=9016 nmethods=8254 adapters=668
 compilation: enabled
              stopped_count=0, restarted_count=0
 full_count=0

Compilation events (20 events):
Event: 46.539 Thread 0x0000021e5a3cbe50 9064       2       org.eclipse.jdt.internal.compiler.lookup.ReferenceBinding::computeId (3060 bytes)
Event: 46.549 Thread 0x0000021e5a3cbe50 nmethod 9064 0x0000021e49b9bb10 code [0x0000021e49b9c700, 0x0000021e49b9fd60]
Event: 46.549 Thread 0x0000021e5a3cbe50 9069       3       org.eclipse.jdt.internal.compiler.lookup.SplitPackageBinding::getIncarnation (44 bytes)
Event: 46.549 Thread 0x0000021e5a3cbe50 nmethod 9069 0x0000021e49a8b210 code [0x0000021e49a8b400, 0x0000021e49a8b988]
Event: 46.549 Thread 0x0000021e5a3cbe50 9071       3       org.eclipse.jdt.internal.compiler.lookup.BinaryTypeBinding::createAnnotations (59 bytes)
Event: 46.550 Thread 0x0000021e5a3cbe50 nmethod 9071 0x0000021e49a8a910 code [0x0000021e49a8aae0, 0x0000021e49a8afd8]
Event: 46.550 Thread 0x0000021e5a3cbe50 9068   !   3       org.eclipse.jdt.internal.compiler.lookup.TypeSystem::getUnannotatedType (267 bytes)
Event: 46.550 Thread 0x0000021e5a3cbe50 nmethod 9068 0x0000021e49a88a10 code [0x0000021e49a88cc0, 0x0000021e49a89f38]
Event: 46.551 Thread 0x0000021e5a3cbe50 9073       3       org.eclipse.jdt.internal.compiler.util.CharArray::equals (26 bytes)
Event: 46.551 Thread 0x0000021e5a3cbe50 nmethod 9073 0x0000021e499a9090 code [0x0000021e499a9260, 0x0000021e499a95e8]
Event: 46.551 Thread 0x0000021e5a3cbe50 9070       2       org.eclipse.jdt.internal.compiler.lookup.BinaryTypeBinding::scanMethodForNullAnnotation (962 bytes)
Event: 46.554 Thread 0x0000021e5a3cbe50 nmethod 9070 0x0000021e49b92c90 code [0x0000021e49b93120, 0x0000021e49b94cc8]
Event: 46.554 Thread 0x0000021e5a3cbe50 9065       2       org.eclipse.jdt.internal.compiler.util.HashtableOfType::getput (126 bytes)
Event: 46.555 Thread 0x0000021e5a3cbe50 nmethod 9065 0x0000021e49bc3f10 code [0x0000021e49bc4100, 0x0000021e49bc4618]
Event: 46.555 Thread 0x0000021e5a3cbe50 9066       2       org.eclipse.jdt.internal.compiler.lookup.SplitPackageBinding::getPackage0 (109 bytes)
Event: 46.556 Thread 0x0000021e5a3cbe50 nmethod 9066 0x0000021e49bc3190 code [0x0000021e49bc3400, 0x0000021e49bc3aa8]
Event: 46.556 Thread 0x0000021e5a3cbe50 9067       2       org.eclipse.jdt.internal.compiler.classfmt.ClassFileReader::enrichWithExternalAnnotationsFor (2 bytes)
Event: 46.556 Thread 0x0000021e5a3cbe50 nmethod 9067 0x0000021e49b92910 code [0x0000021e49b92aa0, 0x0000021e49b92ba8]
Event: 46.556 Thread 0x0000021e5a3cbe50 9072       1       org.eclipse.jdt.internal.compiler.lookup.ParameterizedTypeBinding::actualType (5 bytes)
Event: 46.556 Thread 0x0000021e5a3cbe50 nmethod 9072 0x0000021e50d1d310 code [0x0000021e50d1d4a0, 0x0000021e50d1d568]

GC Heap History (20 events):
Event: 46.095 GC heap before
{Heap before GC invocations=256 (full 3):
 PSYoungGen      total 5120K, used 5074K [0x00000000eab00000, 0x00000000eb200000, 0x0000000100000000)
  eden space 4608K, 99% used [0x00000000eab00000,0x00000000eaf7c9f8,0x00000000eaf80000)
  from space 512K, 93% used [0x00000000eb180000,0x00000000eb1f8000,0x00000000eb200000)
  to   space 512K, 0% used [0x00000000eb100000,0x00000000eb100000,0x00000000eb180000)
 ParOldGen       total 406528K, used 180267K [0x00000000c0000000, 0x00000000d8d00000, 0x00000000eab00000)
  object space 406528K, 44% used [0x00000000c0000000,0x00000000cb00ac48,0x00000000d8d00000)
 Metaspace       used 59252K, committed 60544K, reserved 1114112K
  class space    used 6227K, committed 6784K, reserved 1048576K
}
Event: 46.097 GC heap after
{Heap after GC invocations=256 (full 3):
 PSYoungGen      total 5120K, used 507K [0x00000000eab00000, 0x00000000eb200000, 0x0000000100000000)
  eden space 4608K, 0% used [0x00000000eab00000,0x00000000eab00000,0x00000000eaf80000)
  from space 512K, 99% used [0x00000000eb100000,0x00000000eb17ec08,0x00000000eb180000)
  to   space 512K, 0% used [0x00000000eb180000,0x00000000eb180000,0x00000000eb200000)
 ParOldGen       total 406528K, used 180635K [0x00000000c0000000, 0x00000000d8d00000, 0x00000000eab00000)
  object space 406528K, 44% used [0x00000000c0000000,0x00000000cb066c48,0x00000000d8d00000)
 Metaspace       used 59252K, committed 60544K, reserved 1114112K
  class space    used 6227K, committed 6784K, reserved 1048576K
}
Event: 46.160 GC heap before
{Heap before GC invocations=257 (full 3):
 PSYoungGen      total 5120K, used 5115K [0x00000000eab00000, 0x00000000eb200000, 0x0000000100000000)
  eden space 4608K, 100% used [0x00000000eab00000,0x00000000eaf80000,0x00000000eaf80000)
  from space 512K, 99% used [0x00000000eb100000,0x00000000eb17ec08,0x00000000eb180000)
  to   space 512K, 0% used [0x00000000eb180000,0x00000000eb180000,0x00000000eb200000)
 ParOldGen       total 406528K, used 180635K [0x00000000c0000000, 0x00000000d8d00000, 0x00000000eab00000)
  object space 406528K, 44% used [0x00000000c0000000,0x00000000cb066c48,0x00000000d8d00000)
 Metaspace       used 59569K, committed 60928K, reserved 1114112K
  class space    used 6248K, committed 6848K, reserved 1048576K
}
Event: 46.163 GC heap after
{Heap after GC invocations=257 (full 3):
 PSYoungGen      total 5120K, used 512K [0x00000000eab00000, 0x00000000eb200000, 0x0000000100000000)
  eden space 4608K, 0% used [0x00000000eab00000,0x00000000eab00000,0x00000000eaf80000)
  from space 512K, 100% used [0x00000000eb180000,0x00000000eb200000,0x00000000eb200000)
  to   space 1024K, 0% used [0x00000000eb000000,0x00000000eb000000,0x00000000eb100000)
 ParOldGen       total 406528K, used 181046K [0x00000000c0000000, 0x00000000d8d00000, 0x00000000eab00000)
  object space 406528K, 44% used [0x00000000c0000000,0x00000000cb0cd850,0x00000000d8d00000)
 Metaspace       used 59569K, committed 60928K, reserved 1114112K
  class space    used 6248K, committed 6848K, reserved 1048576K
}
Event: 46.195 GC heap before
{Heap before GC invocations=258 (full 3):
 PSYoungGen      total 5120K, used 5117K [0x00000000eab00000, 0x00000000eb200000, 0x0000000100000000)
  eden space 4608K, 99% used [0x00000000eab00000,0x00000000eaf7f448,0x00000000eaf80000)
  from space 512K, 100% used [0x00000000eb180000,0x00000000eb200000,0x00000000eb200000)
  to   space 1024K, 0% used [0x00000000eb000000,0x00000000eb000000,0x00000000eb100000)
 ParOldGen       total 406528K, used 181046K [0x00000000c0000000, 0x00000000d8d00000, 0x00000000eab00000)
  object space 406528K, 44% used [0x00000000c0000000,0x00000000cb0cd850,0x00000000d8d00000)
 Metaspace       used 59594K, committed 60928K, reserved 1114112K
  class space    used 6254K, committed 6848K, reserved 1048576K
}
Event: 46.197 GC heap after
{Heap after GC invocations=258 (full 3):
 PSYoungGen      total 5632K, used 768K [0x00000000eab00000, 0x00000000eb200000, 0x0000000100000000)
  eden space 4608K, 0% used [0x00000000eab00000,0x00000000eab00000,0x00000000eaf80000)
  from space 1024K, 75% used [0x00000000eb000000,0x00000000eb0c0000,0x00000000eb100000)
  to   space 1024K, 0% used [0x00000000eb100000,0x00000000eb100000,0x00000000eb200000)
 ParOldGen       total 406528K, used 181382K [0x00000000c0000000, 0x00000000d8d00000, 0x00000000eab00000)
  object space 406528K, 44% used [0x00000000c0000000,0x00000000cb121850,0x00000000d8d00000)
 Metaspace       used 59594K, committed 60928K, reserved 1114112K
  class space    used 6254K, committed 6848K, reserved 1048576K
}
Event: 46.246 GC heap before
{Heap before GC invocations=259 (full 3):
 PSYoungGen      total 5632K, used 5376K [0x00000000eab00000, 0x00000000eb200000, 0x0000000100000000)
  eden space 4608K, 100% used [0x00000000eab00000,0x00000000eaf80000,0x00000000eaf80000)
  from space 1024K, 75% used [0x00000000eb000000,0x00000000eb0c0000,0x00000000eb100000)
  to   space 1024K, 0% used [0x00000000eb100000,0x00000000eb100000,0x00000000eb200000)
 ParOldGen       total 406528K, used 181382K [0x00000000c0000000, 0x00000000d8d00000, 0x00000000eab00000)
  object space 406528K, 44% used [0x00000000c0000000,0x00000000cb121850,0x00000000d8d00000)
 Metaspace       used 59682K, committed 60992K, reserved 1114112K
  class space    used 6266K, committed 6848K, reserved 1048576K
}
Event: 46.248 GC heap after
{Heap after GC invocations=259 (full 3):
 PSYoungGen      total 5632K, used 795K [0x00000000eab00000, 0x00000000eb200000, 0x0000000100000000)
  eden space 4608K, 0% used [0x00000000eab00000,0x00000000eab00000,0x00000000eaf80000)
  from space 1024K, 77% used [0x00000000eb100000,0x00000000eb1c6c08,0x00000000eb200000)
  to   space 1024K, 0% used [0x00000000eb000000,0x00000000eb000000,0x00000000eb100000)
 ParOldGen       total 406528K, used 182038K [0x00000000c0000000, 0x00000000d8d00000, 0x00000000eab00000)
  object space 406528K, 44% used [0x00000000c0000000,0x00000000cb1c5850,0x00000000d8d00000)
 Metaspace       used 59682K, committed 60992K, reserved 1114112K
  class space    used 6266K, committed 6848K, reserved 1048576K
}
Event: 46.281 GC heap before
{Heap before GC invocations=260 (full 3):
 PSYoungGen      total 5632K, used 5401K [0x00000000eab00000, 0x00000000eb200000, 0x0000000100000000)
  eden space 4608K, 99% used [0x00000000eab00000,0x00000000eaf7fa80,0x00000000eaf80000)
  from space 1024K, 77% used [0x00000000eb100000,0x00000000eb1c6c08,0x00000000eb200000)
  to   space 1024K, 0% used [0x00000000eb000000,0x00000000eb000000,0x00000000eb100000)
 ParOldGen       total 406528K, used 182038K [0x00000000c0000000, 0x00000000d8d00000, 0x00000000eab00000)
  object space 406528K, 44% used [0x00000000c0000000,0x00000000cb1c5850,0x00000000d8d00000)
 Metaspace       used 59744K, committed 61056K, reserved 1114112K
  class space    used 6272K, committed 6848K, reserved 1048576K
}
Event: 46.284 GC heap after
{Heap after GC invocations=260 (full 3):
 PSYoungGen      total 5632K, used 694K [0x00000000eab00000, 0x00000000eb180000, 0x0000000100000000)
  eden space 4608K, 0% used [0x00000000eab00000,0x00000000eab00000,0x00000000eaf80000)
  from space 1024K, 67% used [0x00000000eb000000,0x00000000eb0ad808,0x00000000eb100000)
  to   space 512K, 0% used [0x00000000eb100000,0x00000000eb100000,0x00000000eb180000)
 ParOldGen       total 406528K, used 182686K [0x00000000c0000000, 0x00000000d8d00000, 0x00000000eab00000)
  object space 406528K, 44% used [0x00000000c0000000,0x00000000cb267850,0x00000000d8d00000)
 Metaspace       used 59744K, committed 61056K, reserved 1114112K
  class space    used 6272K, committed 6848K, reserved 1048576K
}
Event: 46.314 GC heap before
{Heap before GC invocations=261 (full 3):
 PSYoungGen      total 5632K, used 5302K [0x00000000eab00000, 0x00000000eb180000, 0x0000000100000000)
  eden space 4608K, 100% used [0x00000000eab00000,0x00000000eaf80000,0x00000000eaf80000)
  from space 1024K, 67% used [0x00000000eb000000,0x00000000eb0ad808,0x00000000eb100000)
  to   space 512K, 0% used [0x00000000eb100000,0x00000000eb100000,0x00000000eb180000)
 ParOldGen       total 406528K, used 182687K [0x00000000c0000000, 0x00000000d8d00000, 0x00000000eab00000)
  object space 406528K, 44% used [0x00000000c0000000,0x00000000cb267c20,0x00000000d8d00000)
 Metaspace       used 59786K, committed 61120K, reserved 1114112K
  class space    used 6273K, committed 6848K, reserved 1048576K
}
Event: 46.318 GC heap after
{Heap after GC invocations=261 (full 3):
 PSYoungGen      total 5120K, used 512K [0x00000000eab00000, 0x00000000eb280000, 0x0000000100000000)
  eden space 4608K, 0% used [0x00000000eab00000,0x00000000eab00000,0x00000000eaf80000)
  from space 512K, 100% used [0x00000000eb100000,0x00000000eb180000,0x00000000eb180000)
  to   space 1536K, 0% used [0x00000000eaf80000,0x00000000eaf80000,0x00000000eb100000)
 ParOldGen       total 406528K, used 183413K [0x00000000c0000000, 0x00000000d8d00000, 0x00000000eab00000)
  object space 406528K, 45% used [0x00000000c0000000,0x00000000cb31d428,0x00000000d8d00000)
 Metaspace       used 59786K, committed 61120K, reserved 1114112K
  class space    used 6273K, committed 6848K, reserved 1048576K
}
Event: 46.353 GC heap before
{Heap before GC invocations=262 (full 3):
 PSYoungGen      total 5120K, used 5120K [0x00000000eab00000, 0x00000000eb280000, 0x0000000100000000)
  eden space 4608K, 100% used [0x00000000eab00000,0x00000000eaf80000,0x00000000eaf80000)
  from space 512K, 100% used [0x00000000eb100000,0x00000000eb180000,0x00000000eb180000)
  to   space 1536K, 0% used [0x00000000eaf80000,0x00000000eaf80000,0x00000000eb100000)
 ParOldGen       total 406528K, used 183416K [0x00000000c0000000, 0x00000000d8d00000, 0x00000000eab00000)
  object space 406528K, 45% used [0x00000000c0000000,0x00000000cb31e320,0x00000000d8d00000)
 Metaspace       used 59845K, committed 61184K, reserved 1114112K
  class space    used 6278K, committed 6848K, reserved 1048576K
}
Event: 46.359 GC heap after
{Heap after GC invocations=262 (full 3):
 PSYoungGen      total 5632K, used 576K [0x00000000eab00000, 0x00000000eb180000, 0x0000000100000000)
  eden space 4608K, 0% used [0x00000000eab00000,0x00000000eab00000,0x00000000eaf80000)
  from space 1024K, 56% used [0x00000000eaf80000,0x00000000eb010000,0x00000000eb080000)
  to   space 1024K, 0% used [0x00000000eb080000,0x00000000eb080000,0x00000000eb180000)
 ParOldGen       total 406528K, used 183944K [0x00000000c0000000, 0x00000000d8d00000, 0x00000000eab00000)
  object space 406528K, 45% used [0x00000000c0000000,0x00000000cb3a2320,0x00000000d8d00000)
 Metaspace       used 59845K, committed 61184K, reserved 1114112K
  class space    used 6278K, committed 6848K, reserved 1048576K
}
Event: 46.387 GC heap before
{Heap before GC invocations=263 (full 3):
 PSYoungGen      total 5632K, used 5184K [0x00000000eab00000, 0x00000000eb180000, 0x0000000100000000)
  eden space 4608K, 100% used [0x00000000eab00000,0x00000000eaf80000,0x00000000eaf80000)
  from space 1024K, 56% used [0x00000000eaf80000,0x00000000eb010000,0x00000000eb080000)
  to   space 1024K, 0% used [0x00000000eb080000,0x00000000eb080000,0x00000000eb180000)
 ParOldGen       total 406528K, used 183944K [0x00000000c0000000, 0x00000000d8d00000, 0x00000000eab00000)
  object space 406528K, 45% used [0x00000000c0000000,0x00000000cb3a2320,0x00000000d8d00000)
 Metaspace       used 59897K, committed 61184K, reserved 1114112K
  class space    used 6280K, committed 6848K, reserved 1048576K
}
Event: 46.391 GC heap after
{Heap after GC invocations=263 (full 3):
 PSYoungGen      total 5632K, used 768K [0x00000000eab00000, 0x00000000eb180000, 0x0000000100000000)
  eden space 4608K, 0% used [0x00000000eab00000,0x00000000eab00000,0x00000000eaf80000)
  from space 1024K, 75% used [0x00000000eb080000,0x00000000eb140000,0x00000000eb180000)
  to   space 1024K, 0% used [0x00000000eaf80000,0x00000000eaf80000,0x00000000eb080000)
 ParOldGen       total 406528K, used 184416K [0x00000000c0000000, 0x00000000d8d00000, 0x00000000eab00000)
  object space 406528K, 45% used [0x00000000c0000000,0x00000000cb418320,0x00000000d8d00000)
 Metaspace       used 59897K, committed 61184K, reserved 1114112K
  class space    used 6280K, committed 6848K, reserved 1048576K
}
Event: 46.425 GC heap before
{Heap before GC invocations=264 (full 3):
 PSYoungGen      total 5632K, used 5327K [0x00000000eab00000, 0x00000000eb180000, 0x0000000100000000)
  eden space 4608K, 98% used [0x00000000eab00000,0x00000000eaf73fb8,0x00000000eaf80000)
  from space 1024K, 75% used [0x00000000eb080000,0x00000000eb140000,0x00000000eb180000)
  to   space 1024K, 0% used [0x00000000eaf80000,0x00000000eaf80000,0x00000000eb080000)
 ParOldGen       total 406528K, used 184416K [0x00000000c0000000, 0x00000000d8d00000, 0x00000000eab00000)
  object space 406528K, 45% used [0x00000000c0000000,0x00000000cb418320,0x00000000d8d00000)
 Metaspace       used 59970K, committed 61312K, reserved 1114112K
  class space    used 6286K, committed 6848K, reserved 1048576K
}
Event: 46.429 GC heap after
{Heap after GC invocations=264 (full 3):
 PSYoungGen      total 5632K, used 780K [0x00000000eab00000, 0x00000000eb180000, 0x0000000100000000)
  eden space 4608K, 0% used [0x00000000eab00000,0x00000000eab00000,0x00000000eaf80000)
  from space 1024K, 76% used [0x00000000eaf80000,0x00000000eb043008,0x00000000eb080000)
  to   space 1024K, 0% used [0x00000000eb080000,0x00000000eb080000,0x00000000eb180000)
 ParOldGen       total 406528K, used 185095K [0x00000000c0000000, 0x00000000d8d00000, 0x00000000eab00000)
  object space 406528K, 45% used [0x00000000c0000000,0x00000000cb4c1db8,0x00000000d8d00000)
 Metaspace       used 59970K, committed 61312K, reserved 1114112K
  class space    used 6286K, committed 6848K, reserved 1048576K
}
Event: 46.482 GC heap before
{Heap before GC invocations=265 (full 3):
 PSYoungGen      total 5632K, used 5383K [0x00000000eab00000, 0x00000000eb180000, 0x0000000100000000)
  eden space 4608K, 99% used [0x00000000eab00000,0x00000000eaf7efb0,0x00000000eaf80000)
  from space 1024K, 76% used [0x00000000eaf80000,0x00000000eb043008,0x00000000eb080000)
  to   space 1024K, 0% used [0x00000000eb080000,0x00000000eb080000,0x00000000eb180000)
 ParOldGen       total 406528K, used 185095K [0x00000000c0000000, 0x00000000d8d00000, 0x00000000eab00000)
  object space 406528K, 45% used [0x00000000c0000000,0x00000000cb4c1db8,0x00000000d8d00000)
 Metaspace       used 60114K, committed 61504K, reserved 1114112K
  class space    used 6297K, committed 6912K, reserved 1048576K
}
Event: 46.487 GC heap after
{Heap after GC invocations=265 (full 3):
 PSYoungGen      total 4608K, used 992K [0x00000000eab00000, 0x00000000eb380000, 0x0000000100000000)
  eden space 3584K, 0% used [0x00000000eab00000,0x00000000eab00000,0x00000000eae80000)
  from space 1024K, 96% used [0x00000000eb080000,0x00000000eb178020,0x00000000eb180000)
  to   space 2048K, 0% used [0x00000000eae80000,0x00000000eae80000,0x00000000eb080000)
 ParOldGen       total 406528K, used 185907K [0x00000000c0000000, 0x00000000d8d00000, 0x00000000eab00000)
  object space 406528K, 45% used [0x00000000c0000000,0x00000000cb58cdc0,0x00000000d8d00000)
 Metaspace       used 60114K, committed 61504K, reserved 1114112K
  class space    used 6297K, committed 6912K, reserved 1048576K
}

Dll operation events (12 events):
Event: 0.028 Loaded shared library c:\Users\kuber\.vscode\extensions\redhat.java-1.41.1-win32-x64\jre\21.0.6-win32-x86_64\bin\java.dll
Event: 0.274 Loaded shared library c:\Users\kuber\.vscode\extensions\redhat.java-1.41.1-win32-x64\jre\21.0.6-win32-x86_64\bin\zip.dll
Event: 0.360 Loaded shared library C:\Users\kuber\.vscode\extensions\redhat.java-1.41.1-win32-x64\jre\21.0.6-win32-x86_64\bin\instrument.dll
Event: 0.371 Loaded shared library C:\Users\kuber\.vscode\extensions\redhat.java-1.41.1-win32-x64\jre\21.0.6-win32-x86_64\bin\net.dll
Event: 0.380 Loaded shared library C:\Users\kuber\.vscode\extensions\redhat.java-1.41.1-win32-x64\jre\21.0.6-win32-x86_64\bin\nio.dll
Event: 0.387 Loaded shared library C:\Users\kuber\.vscode\extensions\redhat.java-1.41.1-win32-x64\jre\21.0.6-win32-x86_64\bin\zip.dll
Event: 0.430 Loaded shared library C:\Users\kuber\.vscode\extensions\redhat.java-1.41.1-win32-x64\jre\21.0.6-win32-x86_64\bin\jimage.dll
Event: 0.656 Loaded shared library c:\Users\kuber\.vscode\extensions\redhat.java-1.41.1-win32-x64\jre\21.0.6-win32-x86_64\bin\verify.dll
Event: 4.008 Loaded shared library C:\Users\kuber\AppData\Roaming\Code\User\globalStorage\redhat.java\1.41.1\config_win\org.eclipse.equinox.launcher\org.eclipse.equinox.launcher.win32.win32.x86_64_1.2.1300.v20250331-1702\eclipse_11911.dll
Event: 10.058 Loaded shared library C:\Users\kuber\AppData\Local\Temp\jna-102399717\jna14016812166959236490.dll
Event: 24.300 Loaded shared library C:\Users\kuber\.vscode\extensions\redhat.java-1.41.1-win32-x64\jre\21.0.6-win32-x86_64\bin\sunmscapi.dll
Event: 26.618 Loaded shared library C:\Users\kuber\.vscode\extensions\redhat.java-1.41.1-win32-x64\jre\21.0.6-win32-x86_64\bin\extnet.dll

Deoptimization events (20 events):
Event: 46.376 Thread 0x0000021e60c7be80 DEOPT PACKING pc=0x0000021e5125c264 sp=0x000000926fcfca50
Event: 46.376 Thread 0x0000021e60c7be80 DEOPT UNPACKING pc=0x0000021e50773aa2 sp=0x000000926fcfc940 mode 2
Event: 46.385 Thread 0x0000021e60c7be80 DEOPT PACKING pc=0x0000021e4985f8c5 sp=0x000000926fcfd220
Event: 46.385 Thread 0x0000021e60c7be80 DEOPT UNPACKING pc=0x0000021e50774242 sp=0x000000926fcfc6a8 mode 0
Event: 46.437 Thread 0x0000021e60989e50 Uncommon trap: trap_request=0xffffffde fr.pc=0x0000021e51258fd0 relative=0x00000000000006b0
Event: 46.437 Thread 0x0000021e60989e50 Uncommon trap: reason=class_check action=maybe_recompile pc=0x0000021e51258fd0 method=java.util.HashMap.putVal(ILjava/lang/Object;Ljava/lang/Object;ZZ)Ljava/lang/Object; @ 203 c2
Event: 46.437 Thread 0x0000021e60989e50 DEOPT PACKING pc=0x0000021e51258fd0 sp=0x0000009271efd980
Event: 46.437 Thread 0x0000021e60989e50 DEOPT UNPACKING pc=0x0000021e50773aa2 sp=0x0000009271efd8f0 mode 2
Event: 46.458 Thread 0x0000021e60c79db0 DEOPT PACKING pc=0x0000021e4939cb6b sp=0x000000926f7fe9b0
Event: 46.458 Thread 0x0000021e60c79db0 DEOPT UNPACKING pc=0x0000021e50774242 sp=0x000000926f7fde50 mode 0
Event: 46.461 Thread 0x0000021e60c79db0 DEOPT PACKING pc=0x0000021e4a21e547 sp=0x000000926f7fea70
Event: 46.461 Thread 0x0000021e60c79db0 DEOPT UNPACKING pc=0x0000021e50774242 sp=0x000000926f7fdf50 mode 0
Event: 46.504 Thread 0x0000021e60c79db0 Uncommon trap: trap_request=0xffffff45 fr.pc=0x0000021e5128b1d8 relative=0x0000000000001858
Event: 46.504 Thread 0x0000021e60c79db0 Uncommon trap: reason=unstable_if action=reinterpret pc=0x0000021e5128b1d8 method=org.eclipse.jdt.internal.core.index.DiskIndex.writeStreamChars(Ljava/io/OutputStream;[C)V @ 100 c2
Event: 46.504 Thread 0x0000021e60c79db0 DEOPT PACKING pc=0x0000021e5128b1d8 sp=0x000000926f7fea30
Event: 46.504 Thread 0x0000021e60c79db0 DEOPT UNPACKING pc=0x0000021e50773aa2 sp=0x000000926f7fe960 mode 2
Event: 46.513 Thread 0x0000021e60c79db0 DEOPT PACKING pc=0x0000021e495a09cc sp=0x000000926f7fe9f0
Event: 46.513 Thread 0x0000021e60c79db0 DEOPT UNPACKING pc=0x0000021e50774242 sp=0x000000926f7fdef0 mode 0
Event: 46.514 Thread 0x0000021e60c79db0 DEOPT PACKING pc=0x0000021e495a09cc sp=0x000000926f7fe9f0
Event: 46.514 Thread 0x0000021e60c79db0 DEOPT UNPACKING pc=0x0000021e50774242 sp=0x000000926f7fdef0 mode 0

Classes loaded (20 events):
Event: 37.474 Loading class sun/security/ssl/Alert$AlertConsumer
Event: 37.475 Loading class sun/security/ssl/Alert$AlertConsumer done
Event: 37.475 Loading class sun/security/ssl/Alert$Level
Event: 37.475 Loading class sun/security/ssl/Alert$Level done
Event: 43.316 Loading class java/util/concurrent/ForkJoinTask$AdaptedCallable
Event: 43.318 Loading class java/util/concurrent/ForkJoinTask$AdaptedCallable done
Event: 43.581 Loading class java/util/concurrent/locks/ReentrantReadWriteLock$Sync$HoldCounter
Event: 43.581 Loading class java/util/concurrent/locks/ReentrantReadWriteLock$Sync$HoldCounter done
Event: 45.027 Loading class java/util/regex/Pattern$Caret
Event: 45.029 Loading class java/util/regex/Pattern$Caret done
Event: 45.123 Loading class java/util/regex/Pattern$LazyLoop
Event: 45.124 Loading class java/util/regex/Pattern$LazyLoop done
Event: 46.188 Loading class java/util/stream/ReduceOps$4
Event: 46.191 Loading class java/util/stream/ReduceOps$4 done
Event: 46.194 Loading class java/util/stream/ReduceOps$4ReducingSink
Event: 46.194 Loading class java/util/stream/ReduceOps$4ReducingSink done
Event: 46.201 Loading class java/nio/file/Files$2
Event: 46.202 Loading class java/nio/file/Files$2 done
Event: 46.414 Loading class java/util/concurrent/ArrayBlockingQueue
Event: 46.415 Loading class java/util/concurrent/ArrayBlockingQueue done

Classes unloaded (7 events):
Event: 13.070 Thread 0x0000021e5a392930 Unloading class 0x0000021e01195c00 'java/lang/invoke/LambdaForm$MH+0x0000021e01195c00'
Event: 13.070 Thread 0x0000021e5a392930 Unloading class 0x0000021e01195800 'java/lang/invoke/LambdaForm$MH+0x0000021e01195800'
Event: 13.070 Thread 0x0000021e5a392930 Unloading class 0x0000021e01195400 'java/lang/invoke/LambdaForm$MH+0x0000021e01195400'
Event: 13.070 Thread 0x0000021e5a392930 Unloading class 0x0000021e01195000 'java/lang/invoke/LambdaForm$MH+0x0000021e01195000'
Event: 13.070 Thread 0x0000021e5a392930 Unloading class 0x0000021e01194c00 'java/lang/invoke/LambdaForm$BMH+0x0000021e01194c00'
Event: 13.070 Thread 0x0000021e5a392930 Unloading class 0x0000021e01194800 'java/lang/invoke/LambdaForm$DMH+0x0000021e01194800'
Event: 13.070 Thread 0x0000021e5a392930 Unloading class 0x0000021e01193400 'java/lang/invoke/LambdaForm$DMH+0x0000021e01193400'

Classes redefined (0 events):
No events

Internal exceptions (20 events):
Event: 43.331 Thread 0x0000021e64768950 Exception <a 'sun/nio/fs/WindowsException'{0x00000000eae0dbb0}> (0x00000000eae0dbb0) 
thrown [s\src\hotspot\share\prims\jni.cpp, line 520]
Event: 43.334 Thread 0x0000021e64767c30 Exception <a 'sun/nio/fs/WindowsException'{0x00000000eae08d70}> (0x00000000eae08d70) 
thrown [s\src\hotspot\share\prims\jni.cpp, line 520]
Event: 43.345 Thread 0x0000021e60c7be80 Exception <a 'sun/nio/fs/WindowsException'{0x00000000eadddf90}> (0x00000000eadddf90) 
thrown [s\src\hotspot\share\prims\jni.cpp, line 520]
Event: 43.346 Thread 0x0000021e647682c0 Exception <a 'sun/nio/fs/WindowsException'{0x00000000eae061a8}> (0x00000000eae061a8) 
thrown [s\src\hotspot\share\prims\jni.cpp, line 520]
Event: 43.351 Thread 0x0000021e60c7be80 Exception <a 'sun/nio/fs/WindowsException'{0x00000000eae4aac0}> (0x00000000eae4aac0) 
thrown [s\src\hotspot\share\prims\jni.cpp, line 520]
Event: 45.007 Thread 0x0000021e60c79db0 Exception <a 'sun/nio/fs/WindowsException'{0x00000000eab71750}> (0x00000000eab71750) 
thrown [s\src\hotspot\share\prims\jni.cpp, line 520]
Event: 45.070 Thread 0x0000021e60c79db0 Exception <a 'sun/nio/fs/WindowsException'{0x00000000ead4f018}> (0x00000000ead4f018) 
thrown [s\src\hotspot\share\prims\jni.cpp, line 520]
Event: 45.102 Thread 0x0000021e60c79db0 Exception <a 'sun/nio/fs/WindowsException'{0x00000000eae803d0}> (0x00000000eae803d0) 
thrown [s\src\hotspot\share\prims\jni.cpp, line 520]
Event: 45.135 Thread 0x0000021e60c79db0 Exception <a 'sun/nio/fs/WindowsException'{0x00000000eab42800}> (0x00000000eab42800) 
thrown [s\src\hotspot\share\prims\jni.cpp, line 520]
Event: 45.280 Thread 0x0000021e60c79db0 Exception <a 'sun/nio/fs/WindowsException'{0x00000000eab122f8}> (0x00000000eab122f8) 
thrown [s\src\hotspot\share\prims\jni.cpp, line 520]
Event: 45.410 Thread 0x0000021e60c7be80 Implicit null exception at 0x0000021e5119e86d to 0x0000021e5119e978
Event: 45.456 Thread 0x0000021e60c79db0 Exception <a 'sun/nio/fs/WindowsException'{0x00000000eac3e810}> (0x00000000eac3e810) 
thrown [s\src\hotspot\share\prims\jni.cpp, line 520]
Event: 45.500 Thread 0x0000021e60c79db0 Exception <a 'sun/nio/fs/WindowsException'{0x00000000eaba75b0}> (0x00000000eaba75b0) 
thrown [s\src\hotspot\share\prims\jni.cpp, line 520]
Event: 45.659 Thread 0x0000021e60c79db0 Exception <a 'sun/nio/fs/WindowsException'{0x00000000eaee2520}> (0x00000000eaee2520) 
thrown [s\src\hotspot\share\prims\jni.cpp, line 520]
Event: 45.973 Thread 0x0000021e60c79db0 Exception <a 'sun/nio/fs/WindowsException'{0x00000000eab00958}> (0x00000000eab00958) 
thrown [s\src\hotspot\share\prims\jni.cpp, line 520]
Event: 46.028 Thread 0x0000021e60c79db0 Exception <a 'sun/nio/fs/WindowsException'{0x00000000eac54d58}> (0x00000000eac54d58) 
thrown [s\src\hotspot\share\prims\jni.cpp, line 520]
Event: 46.156 Thread 0x0000021e60c79db0 Exception <a 'sun/nio/fs/WindowsException'{0x00000000eae68e50}> (0x00000000eae68e50) 
thrown [s\src\hotspot\share\prims\jni.cpp, line 520]
Event: 46.209 Thread 0x0000021e60c7be80 Exception <a 'java/lang/NoSuchMethodError'{0x00000000eabed678}: 'int java.lang.invoke.DirectMethodHandle$Holder.invokeSpecialIFC(java.lang.Object, java.lang.Object, java.lang.Object)'> (0x00000000eabed678) 
thrown [s\src\hotspot\share\interpreter\linkResolver.cpp, line 773]
Event: 46.545 Thread 0x0000021e60c79db0 Exception <a 'sun/nio/fs/WindowsException'{0x00000000eac427a0}> (0x00000000eac427a0) 
thrown [s\src\hotspot\share\prims\jni.cpp, line 520]
Event: 46.551 Thread 0x0000021e60989e50 Exception <a 'java/lang/NoSuchMethodError'{0x00000000ead3a7f0}: 'void java.lang.invoke.DirectMethodHandle$Holder.invokeStatic(java.lang.Object, int, java.lang.Object)'> (0x00000000ead3a7f0) 
thrown [s\src\hotspot\share\interpreter\linkResolver.cpp, line 773]

ZGC Phase Switch (0 events):
No events

VM Operations (20 events):
Event: 46.195 Executing VM operation: ParallelGCFailedAllocation (Allocation Failure)
Event: 46.197 Executing VM operation: ParallelGCFailedAllocation (Allocation Failure) done
Event: 46.246 Executing VM operation: ParallelGCFailedAllocation (Allocation Failure)
Event: 46.249 Executing VM operation: ParallelGCFailedAllocation (Allocation Failure) done
Event: 46.268 Executing VM operation: HandshakeAllThreads (Deoptimize)
Event: 46.268 Executing VM operation: HandshakeAllThreads (Deoptimize) done
Event: 46.281 Executing VM operation: ParallelGCFailedAllocation (Allocation Failure)
Event: 46.284 Executing VM operation: ParallelGCFailedAllocation (Allocation Failure) done
Event: 46.314 Executing VM operation: ParallelGCFailedAllocation (Allocation Failure)
Event: 46.314 Executing VM operation: ParallelGCFailedAllocation (Allocation Failure) done
Event: 46.314 Executing VM operation: ParallelGCSystemGC (GCLocker Initiated GC)
Event: 46.318 Executing VM operation: ParallelGCSystemGC (GCLocker Initiated GC) done
Event: 46.353 Executing VM operation: ParallelGCFailedAllocation (Allocation Failure)
Event: 46.359 Executing VM operation: ParallelGCFailedAllocation (Allocation Failure) done
Event: 46.387 Executing VM operation: ParallelGCFailedAllocation (Allocation Failure)
Event: 46.391 Executing VM operation: ParallelGCFailedAllocation (Allocation Failure) done
Event: 46.425 Executing VM operation: ParallelGCFailedAllocation (Allocation Failure)
Event: 46.429 Executing VM operation: ParallelGCFailedAllocation (Allocation Failure) done
Event: 46.481 Executing VM operation: ParallelGCFailedAllocation (Allocation Failure)
Event: 46.487 Executing VM operation: ParallelGCFailedAllocation (Allocation Failure) done

Memory protections (0 events):
No events

Nmethod flushes (20 events):
Event: 45.840 Thread 0x0000021e5a392930 flushing  nmethod 0x0000021e49b68910
Event: 45.840 Thread 0x0000021e5a392930 flushing  nmethod 0x0000021e49b6a310
Event: 45.840 Thread 0x0000021e5a392930 flushing osr nmethod 0x0000021e49b6a810
Event: 45.840 Thread 0x0000021e5a392930 flushing  nmethod 0x0000021e49b79f90
Event: 45.840 Thread 0x0000021e5a392930 flushing  nmethod 0x0000021e49b86f90
Event: 45.840 Thread 0x0000021e5a392930 flushing  nmethod 0x0000021e49b91e90
Event: 45.840 Thread 0x0000021e5a392930 flushing  nmethod 0x0000021e49b92910
Event: 45.840 Thread 0x0000021e5a392930 flushing  nmethod 0x0000021e49b9b710
Event: 45.840 Thread 0x0000021e5a392930 flushing  nmethod 0x0000021e49ba3c10
Event: 45.840 Thread 0x0000021e5a392930 flushing  nmethod 0x0000021e49bc1190
Event: 45.840 Thread 0x0000021e5a392930 flushing  nmethod 0x0000021e49bda610
Event: 45.840 Thread 0x0000021e5a392930 flushing  nmethod 0x0000021e49bdba90
Event: 45.840 Thread 0x0000021e5a392930 flushing  nmethod 0x0000021e49bdc090
Event: 45.840 Thread 0x0000021e5a392930 flushing  nmethod 0x0000021e49bdc910
Event: 45.840 Thread 0x0000021e5a392930 flushing  nmethod 0x0000021e49bdd010
Event: 45.840 Thread 0x0000021e5a392930 flushing  nmethod 0x0000021e49be0890
Event: 45.840 Thread 0x0000021e5a392930 flushing  nmethod 0x0000021e49becd10
Event: 45.840 Thread 0x0000021e5a392930 flushing  nmethod 0x0000021e49bfe410
Event: 45.840 Thread 0x0000021e5a392930 flushing  nmethod 0x0000021e49c07010
Event: 45.840 Thread 0x0000021e5a392930 flushing  nmethod 0x0000021e49c07510

Events (20 events):
Event: 27.523 Thread 0x0000021e62f836e0 Thread added: 0x0000021e62f7c750
Event: 30.763 Thread 0x0000021e60bb9840 Thread exited: 0x0000021e60bb9840
Event: 37.724 Thread 0x0000021e6182d1a0 Thread exited: 0x0000021e6182d1a0
Event: 42.479 Thread 0x0000021e62f7eeb0 Thread exited: 0x0000021e62f7eeb0
Event: 43.325 Thread 0x0000021e60c7be80 Thread added: 0x0000021e647682c0
Event: 43.328 Thread 0x0000021e647682c0 Thread added: 0x0000021e64766880
Event: 43.329 Thread 0x0000021e64766880 Thread added: 0x0000021e64768950
Event: 43.330 Thread 0x0000021e647682c0 Thread added: 0x0000021e64767c30
Event: 43.331 Thread 0x0000021e64767c30 Thread added: 0x0000021e64765b60
Event: 43.331 Thread 0x0000021e64768950 Thread added: 0x0000021e647661f0
Event: 43.335 Thread 0x0000021e64768950 Thread added: 0x0000021e64766f10
Event: 43.335 Thread 0x0000021e64767c30 Thread added: 0x0000021e62f7eeb0
Event: 43.533 Thread 0x0000021e60c7be80 Thread added: 0x0000021e6098b200
Event: 43.533 Thread 0x0000021e60c7be80 Thread added: 0x0000021e6098cc40
Event: 43.533 Thread 0x0000021e60c7be80 Thread added: 0x0000021e60987d80
Event: 43.533 Thread 0x0000021e60c7be80 Thread added: 0x0000021e60989130
Event: 43.534 Thread 0x0000021e60c7be80 Thread added: 0x0000021e6098b890
Event: 43.534 Thread 0x0000021e60c7be80 Thread added: 0x0000021e6098bf20
Event: 45.080 Thread 0x0000021e5a3cbe50 Thread added: 0x0000021e63e1f2d0
Event: 46.416 Thread 0x0000021e60c7be80 Thread added: 0x0000021e60989e50


Dynamic libraries:
0x00007ff6edbf0000 - 0x00007ff6edbfe000 	c:\Users\kuber\.vscode\extensions\redhat.java-1.41.1-win32-x64\jre\21.0.6-win32-x86_64\bin\java.exe
0x00007ffd3c7f0000 - 0x00007ffd3ca07000 	C:\Windows\SYSTEM32\ntdll.dll
0x00007ffd3b540000 - 0x00007ffd3b604000 	C:\Windows\System32\KERNEL32.DLL
0x00007ffd39ab0000 - 0x00007ffd39e6a000 	C:\Windows\System32\KERNELBASE.dll
0x00007ffd3a250000 - 0x00007ffd3a361000 	C:\Windows\System32\ucrtbase.dll
0x00007ffcfeb60000 - 0x00007ffcfeb78000 	c:\Users\kuber\.vscode\extensions\redhat.java-1.41.1-win32-x64\jre\21.0.6-win32-x86_64\bin\jli.dll
0x00007ffd3b370000 - 0x00007ffd3b51e000 	C:\Windows\System32\USER32.dll
0x00007ffd3a220000 - 0x00007ffd3a246000 	C:\Windows\System32\win32u.dll
0x00007ffd3af90000 - 0x00007ffd3afb9000 	C:\Windows\System32\GDI32.dll
0x00007ffcfe980000 - 0x00007ffcfe99e000 	c:\Users\kuber\.vscode\extensions\redhat.java-1.41.1-win32-x64\jre\21.0.6-win32-x86_64\bin\VCRUNTIME140.dll
0x00007ffd26510000 - 0x00007ffd267a2000 	C:\Windows\WinSxS\amd64_microsoft.windows.common-controls_6595b64144ccf1df_6.0.22621.4541_none_2710d1c57384c085\COMCTL32.dll
0x00007ffd39ef0000 - 0x00007ffd3a00b000 	C:\Windows\System32\gdi32full.dll
0x00007ffd3a010000 - 0x00007ffd3a0aa000 	C:\Windows\System32\msvcp_win.dll
0x00007ffd3c6b0000 - 0x00007ffd3c757000 	C:\Windows\System32\msvcrt.dll
0x00007ffd3b780000 - 0x00007ffd3b7b1000 	C:\Windows\System32\IMM32.DLL
0x00007ffd0bea0000 - 0x00007ffd0beac000 	c:\Users\kuber\.vscode\extensions\redhat.java-1.41.1-win32-x64\jre\21.0.6-win32-x86_64\bin\vcruntime140_1.dll
0x00007ffcba990000 - 0x00007ffcbaa1d000 	c:\Users\kuber\.vscode\extensions\redhat.java-1.41.1-win32-x64\jre\21.0.6-win32-x86_64\bin\msvcp140.dll
0x00007ffc96bc0000 - 0x00007ffc97950000 	c:\Users\kuber\.vscode\extensions\redhat.java-1.41.1-win32-x64\jre\21.0.6-win32-x86_64\bin\server\jvm.dll
0x00007ffd3a880000 - 0x00007ffd3a932000 	C:\Windows\System32\ADVAPI32.dll
0x00007ffd3a6f0000 - 0x00007ffd3a797000 	C:\Windows\System32\sechost.dll
0x00007ffd3a0b0000 - 0x00007ffd3a0d8000 	C:\Windows\System32\bcrypt.dll
0x00007ffd3a940000 - 0x00007ffd3aa54000 	C:\Windows\System32\RPCRT4.dll
0x00007ffd3b680000 - 0x00007ffd3b6f1000 	C:\Windows\System32\WS2_32.dll
0x00007ffd39980000 - 0x00007ffd399cd000 	C:\Windows\SYSTEM32\POWRPROF.dll
0x00007ffd35cd0000 - 0x00007ffd35d04000 	C:\Windows\SYSTEM32\WINMM.dll
0x00007ffd30650000 - 0x00007ffd3065a000 	C:\Windows\SYSTEM32\VERSION.dll
0x00007ffd39960000 - 0x00007ffd39973000 	C:\Windows\SYSTEM32\UMPDC.dll
0x00007ffd38ab0000 - 0x00007ffd38ac8000 	C:\Windows\SYSTEM32\kernel.appcore.dll
0x00007ffd0ab00000 - 0x00007ffd0ab0a000 	c:\Users\kuber\.vscode\extensions\redhat.java-1.41.1-win32-x64\jre\21.0.6-win32-x86_64\bin\jimage.dll
0x00007ffd2bde0000 - 0x00007ffd2c012000 	C:\Windows\SYSTEM32\DBGHELP.DLL
0x00007ffd3afd0000 - 0x00007ffd3b361000 	C:\Windows\System32\combase.dll
0x00007ffd3a7a0000 - 0x00007ffd3a877000 	C:\Windows\System32\OLEAUT32.dll
0x00007ffd2c190000 - 0x00007ffd2c1c2000 	C:\Windows\SYSTEM32\dbgcore.DLL
0x00007ffd39e70000 - 0x00007ffd39eeb000 	C:\Windows\System32\bcryptPrimitives.dll
0x00007ffd09460000 - 0x00007ffd0946f000 	c:\Users\kuber\.vscode\extensions\redhat.java-1.41.1-win32-x64\jre\21.0.6-win32-x86_64\bin\instrument.dll
0x00007ffcfe960000 - 0x00007ffcfe97f000 	c:\Users\kuber\.vscode\extensions\redhat.java-1.41.1-win32-x64\jre\21.0.6-win32-x86_64\bin\java.dll
0x00007ffd3baa0000 - 0x00007ffd3c319000 	C:\Windows\System32\SHELL32.dll
0x00007ffd379a0000 - 0x00007ffd382a9000 	C:\Windows\SYSTEM32\windows.storage.dll
0x00007ffd37860000 - 0x00007ffd3799f000 	C:\Windows\SYSTEM32\wintypes.dll
0x00007ffd3a5e0000 - 0x00007ffd3a6da000 	C:\Windows\System32\SHCORE.dll
0x00007ffd3ba40000 - 0x00007ffd3ba9e000 	C:\Windows\System32\shlwapi.dll
0x00007ffd399e0000 - 0x00007ffd39a0b000 	C:\Windows\SYSTEM32\profapi.dll
0x00007ffcfe160000 - 0x00007ffcfe178000 	c:\Users\kuber\.vscode\extensions\redhat.java-1.41.1-win32-x64\jre\21.0.6-win32-x86_64\bin\zip.dll
0x00007ffd09370000 - 0x00007ffd09380000 	C:\Users\kuber\.vscode\extensions\redhat.java-1.41.1-win32-x64\jre\21.0.6-win32-x86_64\bin\net.dll
0x00007ffd35730000 - 0x00007ffd35866000 	C:\Windows\SYSTEM32\WINHTTP.dll
0x00007ffd38f20000 - 0x00007ffd38f89000 	C:\Windows\system32\mswsock.dll
0x00007ffcfe140000 - 0x00007ffcfe156000 	C:\Users\kuber\.vscode\extensions\redhat.java-1.41.1-win32-x64\jre\21.0.6-win32-x86_64\bin\nio.dll
0x00007ffd08ce0000 - 0x00007ffd08cf0000 	c:\Users\kuber\.vscode\extensions\redhat.java-1.41.1-win32-x64\jre\21.0.6-win32-x86_64\bin\verify.dll
0x00007ffce6c60000 - 0x00007ffce6ca5000 	C:\Users\kuber\AppData\Roaming\Code\User\globalStorage\redhat.java\1.41.1\config_win\org.eclipse.equinox.launcher\org.eclipse.equinox.launcher.win32.win32.x86_64_1.2.1300.v20250331-1702\eclipse_11911.dll
0x00007ffd3c500000 - 0x00007ffd3c6a5000 	C:\Windows\System32\ole32.dll
0x00007ffd39270000 - 0x00007ffd3928b000 	C:\Windows\SYSTEM32\CRYPTSP.dll
0x00007ffd38a10000 - 0x00007ffd38a45000 	C:\Windows\system32\rsaenh.dll
0x00007ffd38fc0000 - 0x00007ffd38fe8000 	C:\Windows\SYSTEM32\USERENV.dll
0x00007ffd39250000 - 0x00007ffd3925c000 	C:\Windows\SYSTEM32\CRYPTBASE.dll
0x00007ffd38510000 - 0x00007ffd3853d000 	C:\Windows\SYSTEM32\IPHLPAPI.DLL
0x00007ffd3afc0000 - 0x00007ffd3afc9000 	C:\Windows\System32\NSI.dll
0x00007ffd0e670000 - 0x00007ffd0e6b9000 	C:\Users\kuber\AppData\Local\Temp\jna-102399717\jna14016812166959236490.dll
0x00007ffd3c4e0000 - 0x00007ffd3c4e8000 	C:\Windows\System32\PSAPI.DLL
0x00007ffd356f0000 - 0x00007ffd35709000 	C:\Windows\SYSTEM32\dhcpcsvc6.DLL
0x00007ffd356d0000 - 0x00007ffd356ef000 	C:\Windows\SYSTEM32\dhcpcsvc.DLL
0x00007ffd07b00000 - 0x00007ffd07b0e000 	C:\Users\kuber\.vscode\extensions\redhat.java-1.41.1-win32-x64\jre\21.0.6-win32-x86_64\bin\sunmscapi.dll
0x00007ffd3a370000 - 0x00007ffd3a4d6000 	C:\Windows\System32\CRYPT32.dll
0x00007ffd39380000 - 0x00007ffd393ad000 	C:\Windows\SYSTEM32\ncrypt.dll
0x00007ffd39340000 - 0x00007ffd39377000 	C:\Windows\SYSTEM32\NTASN1.dll
0x00007ffd38580000 - 0x00007ffd38682000 	C:\Windows\SYSTEM32\DNSAPI.dll
0x00007ffd322b0000 - 0x00007ffd322ba000 	C:\Windows\System32\rasadhlp.dll
0x00007ffd32ea0000 - 0x00007ffd32f23000 	C:\Windows\System32\fwpuclnt.dll
0x00007ffd2c060000 - 0x00007ffd2c069000 	C:\Users\kuber\.vscode\extensions\redhat.java-1.41.1-win32-x64\jre\21.0.6-win32-x86_64\bin\extnet.dll

dbghelp: loaded successfully - version: 4.0.5 - missing functions: none
symbol engine: initialized successfully - sym options: 0x614 - pdb path: .;c:\Users\kuber\.vscode\extensions\redhat.java-1.41.1-win32-x64\jre\21.0.6-win32-x86_64\bin;C:\Windows\SYSTEM32;C:\Windows\WinSxS\amd64_microsoft.windows.common-controls_6595b64144ccf1df_6.0.22621.4541_none_2710d1c57384c085;c:\Users\kuber\.vscode\extensions\redhat.java-1.41.1-win32-x64\jre\21.0.6-win32-x86_64\bin\server;C:\Users\kuber\AppData\Roaming\Code\User\globalStorage\redhat.java\1.41.1\config_win\org.eclipse.equinox.launcher\org.eclipse.equinox.launcher.win32.win32.x86_64_1.2.1300.v20250331-1702;C:\Users\kuber\AppData\Local\Temp\jna-102399717

VM Arguments:
jvm_args: --add-modules=ALL-SYSTEM --add-opens=java.base/java.util=ALL-UNNAMED --add-opens=java.base/java.lang=ALL-UNNAMED --add-opens=java.base/sun.nio.fs=ALL-UNNAMED -Declipse.application=org.eclipse.jdt.ls.core.id1 -Dosgi.bundles.defaultStartLevel=4 -Declipse.product=org.eclipse.jdt.ls.core.product -Djava.import.generatesMetadataFilesAtProjectRoot=false -DDetectVMInstallationsJob.disabled=true -Dfile.encoding=utf8 -XX:+UseParallelGC -XX:GCTimeRatio=4 -XX:AdaptiveSizePolicyWeight=90 -Dsun.zip.disableMemoryMapping=true -Xmx1G -Xms100m -Xlog:disable -javaagent:c:\Users\kuber\.vscode\extensions\redhat.java-1.41.1-win32-x64\lombok\lombok-1.18.36.jar -XX:+HeapDumpOnOutOfMemoryError -XX:HeapDumpPath=c:\Users\kuber\AppData\Roaming\Code\User\workspaceStorage\c74d92d515f22b8c6e61e373af8e4289\redhat.java -Daether.dependencyCollector.impl=bf 
java_command: c:\Users\kuber\.vscode\extensions\redhat.java-1.41.1-win32-x64\server\plugins\org.eclipse.equinox.launcher_1.7.0.v20250331-1702.jar -configuration c:\Users\kuber\AppData\Roaming\Code\User\globalStorage\redhat.java\1.41.1\config_win -data c:\Users\kuber\AppData\Roaming\Code\User\workspaceStorage\c74d92d515f22b8c6e61e373af8e4289\redhat.java\jdt_ws --pipe=\\.\pipe\lsp-fef76f396283b5ae52618133046d941d-sock
java_class_path (initial): c:\Users\kuber\.vscode\extensions\redhat.java-1.41.1-win32-x64\server\plugins\org.eclipse.equinox.launcher_1.7.0.v20250331-1702.jar
Launcher Type: SUN_STANDARD

[Global flags]
    uintx AdaptiveSizePolicyWeight                 = 90                                        {product} {command line}
     intx CICompilerCount                          = 4                                         {product} {ergonomic}
    uintx GCTimeRatio                              = 4                                         {product} {command line}
     bool HeapDumpOnOutOfMemoryError               = true                                   {manageable} {command line}
    ccstr HeapDumpPath                             = c:\Users\kuber\AppData\Roaming\Code\User\workspaceStorage\c74d92d515f22b8c6e61e373af8e4289\redhat.java         {manageable} {command line}
   size_t InitialHeapSize                          = 104857600                                 {product} {command line}
   size_t MaxHeapSize                              = 1073741824                                {product} {command line}
   size_t MaxNewSize                               = 357564416                                 {product} {ergonomic}
   size_t MinHeapDeltaBytes                        = 524288                                    {product} {ergonomic}
   size_t MinHeapSize                              = 104857600                                 {product} {command line}
   size_t NewSize                                  = 34603008                                  {product} {ergonomic}
    uintx NonNMethodCodeHeapSize                   = 5839372                                {pd product} {ergonomic}
    uintx NonProfiledCodeHeapSize                  = 122909434                              {pd product} {ergonomic}
   size_t OldSize                                  = 70254592                                  {product} {ergonomic}
    uintx ProfiledCodeHeapSize                     = 122909434                              {pd product} {ergonomic}
    uintx ReservedCodeCacheSize                    = 251658240                              {pd product} {ergonomic}
     bool SegmentedCodeCache                       = true                                      {product} {ergonomic}
   size_t SoftMaxHeapSize                          = 1073741824                             {manageable} {ergonomic}
     bool UseCompressedOops                        = true                           {product lp64_product} {ergonomic}
     bool UseLargePagesIndividualAllocation        = false                                  {pd product} {ergonomic}
     bool UseParallelGC                            = true                                      {product} {command line}

Logging:
Log output configuration:
 #0: stdout all=off uptime,level,tags foldmultilines=false
 #1: stderr all=off uptime,level,tags foldmultilines=false

Environment Variables:
PATH=C:\Program Files\Common Files\Oracle\Java\javapath;C:\Windows\system32;C:\Windows;C:\Windows\System32\Wbem;C:\Windows\System32\WindowsPowerShell\v1.0\;C:\Windows\System32\OpenSSH\;C:\Program Files\dotnet\;C:\Program Files\Git\cmd;C:\Program Files\nodejs\;C:\ProgramData\chocolatey\bin;C:\Program Files\MySQL\MySQL Shell 8.0\bin\;C:\Users\kuber\AppData\Local\Microsoft\WindowsApps;C:\Users\kuber\.dotnet\tools;C:\Users\kuber\AppData\Local\Programs\Microsoft VS Code\bin;C:\Users\kuber\AppData\Roaming\npm
USERNAME=kuber
OS=Windows_NT
PROCESSOR_IDENTIFIER=AMD64 Family 23 Model 104 Stepping 1, AuthenticAMD
TMP=C:\Users\kuber\AppData\Local\Temp
TEMP=C:\Users\kuber\AppData\Local\Temp




Periodic native trim disabled

---------------  S Y S T E M  ---------------

OS:
 Windows 11 , 64 bit Build 22621 (10.0.22621.4391)
OS uptime: 3 days 11:26 hours
Hyper-V role detected

CPU: total 8 (initial active 8) (8 cores per cpu, 2 threads per core) family 23 model 104 stepping 1 microcode 0x0, cx8, cmov, fxsr, ht, mmx, 3dnowpref, sse, sse2, sse3, ssse3, sse4a, sse4.1, sse4.2, popcnt, lzcnt, tsc, tscinvbit, avx, avx2, aes, clmul, bmi1, bmi2, adx, sha, fma, vzeroupper, clflush, clflushopt, hv, rdtscp, rdpid, f16c
Processor Information for processor 0
  Max Mhz: 2600, Current Mhz: 2600, Mhz Limit: 2600
Processor Information for processor 1
  Max Mhz: 2600, Current Mhz: 2600, Mhz Limit: 2600
Processor Information for processor 2
  Max Mhz: 2600, Current Mhz: 2600, Mhz Limit: 2600
Processor Information for processor 3
  Max Mhz: 2600, Current Mhz: 2080, Mhz Limit: 2600
Processor Information for processor 4
  Max Mhz: 2600, Current Mhz: 2600, Mhz Limit: 2600
Processor Information for processor 5
  Max Mhz: 2600, Current Mhz: 2600, Mhz Limit: 2600
Processor Information for processor 6
  Max Mhz: 2600, Current Mhz: 2080, Mhz Limit: 2600
Processor Information for processor 7
  Max Mhz: 2600, Current Mhz: 2600, Mhz Limit: 2600

Memory: 4k page, system-wide physical 3429M (311M free)
TotalPageFile size 14181M (AvailPageFile size 99M)
current process WorkingSet (physical memory assigned to process): 544M, peak: 547M
current process commit charge ("private bytes"): 669M, peak: 673M

vm_info: OpenJDK 64-Bit Server VM (21.0.6+7-LTS) for windows-amd64 JRE (21.0.6+7-LTS), built on 2025-01-21T00:00:00Z by "admin" with MS VC++ 17.7 (VS2022)

END.
