#
# There is insufficient memory for the Java Runtime Environment to continue.
# Native memory allocation (malloc) failed to allocate 1906976 bytes. Error detail: Chunk::new
# Possible reasons:
#   The system is out of physical RAM or swap space
#   This process is running with CompressedOops enabled, and the Java Heap may be blocking the growth of the native heap
# Possible solutions:
#   Reduce memory load on the system
#   Increase physical memory or swap space
#   Check if swap backing store is full
#   Decrease Java heap size (-Xmx/-Xms)
#   Decrease number of Java threads
#   Decrease Java thread stack sizes (-Xss)
#   Set larger code cache with -XX:ReservedCodeCacheSize=
#   JVM is running with Unscaled Compressed Oops mode in which the Java heap is
#     placed in the first 4GB address space. The Java Heap base address is the
#     maximum limit for the native heap growth. Please use -XX:HeapBaseMinAddress
#     to set the Java Heap base and to place the Java Heap above 4GB virtual address.
# This output file may be truncated or incomplete.
#
#  Out of Memory Error (arena.cpp:168), pid=1544, tid=17376
#
# JRE version: OpenJDK Runtime Environment Temurin-21.0.6+7 (21.0.6+7) (build 21.0.6+7-LTS)
# Java VM: OpenJDK 64-Bit Server VM Temurin-21.0.6+7 (21.0.6+7-LTS, mixed mode, sharing, tiered, compressed oops, compressed class ptrs, parallel gc, windows-amd64)
# No core dump will be written. Minidumps are not enabled by default on client versions of Windows
#

---------------  S U M M A R Y ------------

Command Line: --add-modules=ALL-SYSTEM --add-opens=java.base/java.util=ALL-UNNAMED --add-opens=java.base/java.lang=ALL-UNNAMED --add-opens=java.base/sun.nio.fs=ALL-UNNAMED -Declipse.application=org.eclipse.jdt.ls.core.id1 -Dosgi.bundles.defaultStartLevel=4 -Declipse.product=org.eclipse.jdt.ls.core.product -Djava.import.generatesMetadataFilesAtProjectRoot=false -DDetectVMInstallationsJob.disabled=true -Dfile.encoding=utf8 -XX:+UseParallelGC -XX:GCTimeRatio=4 -XX:AdaptiveSizePolicyWeight=90 -Dsun.zip.disableMemoryMapping=true -Xmx1G -Xms100m -Xlog:disable -javaagent:c:\Users\kuber\.vscode\extensions\redhat.java-1.40.0-win32-x64\lombok\lombok-1.18.36.jar -XX:+HeapDumpOnOutOfMemoryError -XX:HeapDumpPath=c:\Users\kuber\AppData\Roaming\Code\User\workspaceStorage\0767b1f2905f8411273a4aa30b8beb70\redhat.java -Daether.dependencyCollector.impl=bf c:\Users\kuber\.vscode\extensions\redhat.java-1.40.0-win32-x64\server\plugins\org.eclipse.equinox.launcher_1.6.1000.v20250131-0606.jar -configuration c:\Users\kuber\AppData\Roaming\Code\User\globalStorage\redhat.java\1.40.0\config_win -data c:\Users\kuber\AppData\Roaming\Code\User\workspaceStorage\0767b1f2905f8411273a4aa30b8beb70\redhat.java\jdt_ws --pipe=\\.\pipe\lsp-a7ae09fee1c1dd96516bb09138da0574-sock

Host: AMD Ryzen 3 5300U with Radeon Graphics         , 8 cores, 3G,  Windows 11 , 64 bit Build 22621 (10.0.22621.4391)
Time: Wed Mar 12 12:32:57 2025 India Standard Time elapsed time: 9.950293 seconds (0d 0h 0m 9s)

---------------  T H R E A D  ---------------

Current thread (0x0000020e3180f980):  JavaThread "C2 CompilerThread0" daemon [_thread_in_native, id=17376, stack(0x00000022f3800000,0x00000022f3900000) (1024K)]


Current CompileTask:
C2:9950 7163 %     4       org.eclipse.jdt.internal.core.search.indexing.BinaryIndexer::extractReferenceFromConstantPool @ 15 (358 bytes)

Stack: [0x00000022f3800000,0x00000022f3900000]
Native frames: (J=compiled Java code, j=interpreted, Vv=VM code, C=native code)
V  [jvm.dll+0x6cdee9]
V  [jvm.dll+0x8a83d1]
V  [jvm.dll+0x8aa8fe]
V  [jvm.dll+0x8aafe3]
V  [jvm.dll+0x27f706]
V  [jvm.dll+0xc500d]
V  [jvm.dll+0xc5543]
V  [jvm.dll+0x3b678c]
V  [jvm.dll+0x1e0009]
V  [jvm.dll+0x247b42]
V  [jvm.dll+0x246fcf]
V  [jvm.dll+0x1c75ee]
V  [jvm.dll+0x25685a]
V  [jvm.dll+0x254dfa]
V  [jvm.dll+0x3f0256]
V  [jvm.dll+0x851f8b]
V  [jvm.dll+0x6cc5ed]
C  [ucrtbase.dll+0x29333]
C  [KERNEL32.DLL+0x1259d]
C  [ntdll.dll+0x5af38]


---------------  P R O C E S S  ---------------

Threads class SMR info:
_java_thread_list=0x0000020e7ac7a8d0, length=54, elements={
0x0000020e1d44d0d0, 0x0000020e317fd230, 0x0000020e317fe5d0, 0x0000020e31802520,
0x0000020e31804d90, 0x0000020e31806f50, 0x0000020e3180a540, 0x0000020e3180f980,
0x0000020e31810200, 0x0000020e1d4b7e40, 0x0000020e7451c4f0, 0x0000020e74be5770,
0x0000020e74bc6410, 0x0000020e74cb74f0, 0x0000020e74bbda90, 0x0000020e74bba040,
0x0000020e79721680, 0x0000020e79450c50, 0x0000020e7944de60, 0x0000020e7944d7d0,
0x0000020e7944e4f0, 0x0000020e7944eb80, 0x0000020e7944f210, 0x0000020e7944f8a0,
0x0000020e7944ff30, 0x0000020e7a557990, 0x0000020e7a553160, 0x0000020e7a556c70,
0x0000020e7a557300, 0x0000020e7a5593d0, 0x0000020e7a5537f0, 0x0000020e7a558020,
0x0000020e7a5586b0, 0x0000020e7a5565e0, 0x0000020e7a5558c0, 0x0000020e7a553e80,
0x0000020e7a558d40, 0x0000020e7a55a780, 0x0000020e7a554ba0, 0x0000020e7a559a60,
0x0000020e7a554510, 0x0000020e7a555230, 0x0000020e7a555f50, 0x0000020e7c0d7410,
0x0000020e7c0d8130, 0x0000020e7c0d87c0, 0x0000020e7c0d7aa0, 0x0000020e7c0d8e50,
0x0000020e7c0d94e0, 0x0000020e7c0d2550, 0x0000020e7c0d66f0, 0x0000020e7c0d3f90,
0x0000020e7c0d6060, 0x0000020e7c0d5340
}

Java Threads: ( => current thread )
  0x0000020e1d44d0d0 JavaThread "main"                              [_thread_blocked, id=23532, stack(0x00000022f2d00000,0x00000022f2e00000) (1024K)]
  0x0000020e317fd230 JavaThread "Reference Handler"          daemon [_thread_blocked, id=14224, stack(0x00000022f3200000,0x00000022f3300000) (1024K)]
  0x0000020e317fe5d0 JavaThread "Finalizer"                  daemon [_thread_blocked, id=25264, stack(0x00000022f3300000,0x00000022f3400000) (1024K)]
  0x0000020e31802520 JavaThread "Signal Dispatcher"          daemon [_thread_blocked, id=13792, stack(0x00000022f3400000,0x00000022f3500000) (1024K)]
  0x0000020e31804d90 JavaThread "Attach Listener"            daemon [_thread_blocked, id=26540, stack(0x00000022f3500000,0x00000022f3600000) (1024K)]
  0x0000020e31806f50 JavaThread "Service Thread"             daemon [_thread_blocked, id=26556, stack(0x00000022f3600000,0x00000022f3700000) (1024K)]
  0x0000020e3180a540 JavaThread "Monitor Deflation Thread"   daemon [_thread_blocked, id=21868, stack(0x00000022f3700000,0x00000022f3800000) (1024K)]
=>0x0000020e3180f980 JavaThread "C2 CompilerThread0"         daemon [_thread_in_native, id=17376, stack(0x00000022f3800000,0x00000022f3900000) (1024K)]
  0x0000020e31810200 JavaThread "C1 CompilerThread0"         daemon [_thread_blocked, id=3404, stack(0x00000022f3900000,0x00000022f3a00000) (1024K)]
  0x0000020e1d4b7e40 JavaThread "Common-Cleaner"             daemon [_thread_blocked, id=19676, stack(0x00000022f3a00000,0x00000022f3b00000) (1024K)]
  0x0000020e7451c4f0 JavaThread "Notification Thread"        daemon [_thread_blocked, id=20028, stack(0x00000022f3b00000,0x00000022f3c00000) (1024K)]
  0x0000020e74be5770 JavaThread "Active Thread: Equinox Container: 8bc921e1-12f1-468e-8b98-36b305718d32"        [_thread_blocked, id=17192, stack(0x00000022f4200000,0x00000022f4300000) (1024K)]
  0x0000020e74bc6410 JavaThread "Refresh Thread: Equinox Container: 8bc921e1-12f1-468e-8b98-36b305718d32" daemon [_thread_blocked, id=21784, stack(0x00000022f4300000,0x00000022f4400000) (1024K)]
  0x0000020e74cb74f0 JavaThread "Framework Event Dispatcher: Equinox Container: 8bc921e1-12f1-468e-8b98-36b305718d32" daemon [_thread_blocked, id=5196, stack(0x00000022f4400000,0x00000022f4500000) (1024K)]
  0x0000020e74bbda90 JavaThread "Start Level: Equinox Container: 8bc921e1-12f1-468e-8b98-36b305718d32" daemon [_thread_blocked, id=17036, stack(0x00000022f4600000,0x00000022f4700000) (1024K)]
  0x0000020e74bba040 JavaThread "Bundle File Closer"         daemon [_thread_blocked, id=288, stack(0x00000022f4700000,0x00000022f4800000) (1024K)]
  0x0000020e79721680 JavaThread "SCR Component Actor"        daemon [_thread_blocked, id=9224, stack(0x00000022f4800000,0x00000022f4900000) (1024K)]
  0x0000020e79450c50 JavaThread "SCR Component Registry"     daemon [_thread_blocked, id=3612, stack(0x00000022f4900000,0x00000022f4a00000) (1024K)]
  0x0000020e7944de60 JavaThread "Worker-JM"                         [_thread_blocked, id=21448, stack(0x00000022f4a00000,0x00000022f4b00000) (1024K)]
  0x0000020e7944d7d0 JavaThread "JNA Cleaner"                daemon [_thread_blocked, id=7856, stack(0x00000022f4b00000,0x00000022f4c00000) (1024K)]
  0x0000020e7944e4f0 JavaThread "Worker-0"                          [_thread_blocked, id=7016, stack(0x00000022f4c00000,0x00000022f4d00000) (1024K)]
  0x0000020e7944eb80 JavaThread "Worker-1"                          [_thread_blocked, id=21332, stack(0x00000022f4d00000,0x00000022f4e00000) (1024K)]
  0x0000020e7944f210 JavaThread "Worker-2"                          [_thread_blocked, id=20012, stack(0x00000022f4e00000,0x00000022f4f00000) (1024K)]
  0x0000020e7944f8a0 JavaThread "Java indexing"              daemon [_thread_in_Java, id=25132, stack(0x00000022f4f00000,0x00000022f5000000) (1024K)]
  0x0000020e7944ff30 JavaThread "Worker-3: Java indexing... "        [_thread_blocked, id=20700, stack(0x00000022f5200000,0x00000022f5300000) (1024K)]
  0x0000020e7a557990 JavaThread "Worker-4"                          [_thread_blocked, id=19896, stack(0x00000022f5300000,0x00000022f5400000) (1024K)]
  0x0000020e7a553160 JavaThread "Thread-2"                   daemon [_thread_in_native, id=23732, stack(0x00000022f5400000,0x00000022f5500000) (1024K)]
  0x0000020e7a556c70 JavaThread "Thread-3"                   daemon [_thread_in_native, id=22992, stack(0x00000022f5500000,0x00000022f5600000) (1024K)]
  0x0000020e7a557300 JavaThread "Thread-4"                   daemon [_thread_in_native, id=25556, stack(0x00000022f5600000,0x00000022f5700000) (1024K)]
  0x0000020e7a5593d0 JavaThread "Thread-5"                   daemon [_thread_in_native, id=5236, stack(0x00000022f5700000,0x00000022f5800000) (1024K)]
  0x0000020e7a5537f0 JavaThread "Thread-6"                   daemon [_thread_in_native, id=3636, stack(0x00000022f5800000,0x00000022f5900000) (1024K)]
  0x0000020e7a558020 JavaThread "Thread-7"                   daemon [_thread_in_native, id=6184, stack(0x00000022f5900000,0x00000022f5a00000) (1024K)]
  0x0000020e7a5586b0 JavaThread "Thread-8"                   daemon [_thread_in_native, id=16436, stack(0x00000022f5a00000,0x00000022f5b00000) (1024K)]
  0x0000020e7a5565e0 JavaThread "Thread-9"                   daemon [_thread_in_native, id=15284, stack(0x00000022f5b00000,0x00000022f5c00000) (1024K)]
  0x0000020e7a5558c0 JavaThread "Thread-10"                  daemon [_thread_in_native, id=15176, stack(0x00000022f5c00000,0x00000022f5d00000) (1024K)]
  0x0000020e7a553e80 JavaThread "pool-2-thread-1"                   [_thread_blocked, id=24116, stack(0x00000022f5d00000,0x00000022f5e00000) (1024K)]
  0x0000020e7a558d40 JavaThread "WorkspaceEventsHandler"            [_thread_blocked, id=23416, stack(0x00000022f5e00000,0x00000022f5f00000) (1024K)]
  0x0000020e7a55a780 JavaThread "pool-1-thread-1"                   [_thread_blocked, id=24452, stack(0x00000022f5f00000,0x00000022f6000000) (1024K)]
  0x0000020e7a554ba0 JavaThread "Worker-5"                          [_thread_blocked, id=25940, stack(0x00000022f6000000,0x00000022f6100000) (1024K)]
  0x0000020e7a559a60 JavaThread "Worker-6: Building"                [_thread_in_native, id=5240, stack(0x00000022f6100000,0x00000022f6200000) (1024K)]
  0x0000020e7a554510 JavaThread "LocalFile Deleter"          daemon [_thread_blocked, id=7500, stack(0x00000022f6200000,0x00000022f6300000) (1024K)]
  0x0000020e7a555230 JavaThread "LocalFile Deleter"          daemon [_thread_blocked, id=15900, stack(0x00000022f6300000,0x00000022f6400000) (1024K)]
  0x0000020e7a555f50 JavaThread "LocalFile Deleter"          daemon [_thread_blocked, id=16296, stack(0x00000022f6400000,0x00000022f6500000) (1024K)]
  0x0000020e7c0d7410 JavaThread "LocalFile Deleter"          daemon [_thread_blocked, id=4500, stack(0x00000022f6500000,0x00000022f6600000) (1024K)]
  0x0000020e7c0d8130 JavaThread "LocalFile Deleter"          daemon [_thread_blocked, id=6776, stack(0x00000022f6600000,0x00000022f6700000) (1024K)]
  0x0000020e7c0d87c0 JavaThread "LocalFile Deleter"          daemon [_thread_blocked, id=13580, stack(0x00000022f6700000,0x00000022f6800000) (1024K)]
  0x0000020e7c0d7aa0 JavaThread "LocalFile Deleter"          daemon [_thread_blocked, id=9252, stack(0x00000022f6800000,0x00000022f6900000) (1024K)]
  0x0000020e7c0d8e50 JavaThread "LocalFile Deleter"          daemon [_thread_blocked, id=17664, stack(0x00000022f6900000,0x00000022f6a00000) (1024K)]
  0x0000020e7c0d94e0 JavaThread "Compiler Source File Reader" daemon [_thread_blocked, id=12564, stack(0x00000022f6a00000,0x00000022f6b00000) (1024K)]
  0x0000020e7c0d2550 JavaThread "Compiler Source File Reader" daemon [_thread_blocked, id=20052, stack(0x00000022f6b00000,0x00000022f6c00000) (1024K)]
  0x0000020e7c0d66f0 JavaThread "Compiler Source File Reader" daemon [_thread_blocked, id=10040, stack(0x00000022f6c00000,0x00000022f6d00000) (1024K)]
  0x0000020e7c0d3f90 JavaThread "Compiler Source File Reader" daemon [_thread_blocked, id=24808, stack(0x00000022f6d00000,0x00000022f6e00000) (1024K)]
  0x0000020e7c0d6060 JavaThread "Compiler Source File Reader" daemon [_thread_blocked, id=17668, stack(0x00000022f6e00000,0x00000022f6f00000) (1024K)]
  0x0000020e7c0d5340 JavaThread "Compiler Source File Reader" daemon [_thread_blocked, id=5244, stack(0x00000022f6f00000,0x00000022f7000000) (1024K)]
Total: 54

Other Threads:
  0x0000020e317e2610 VMThread "VM Thread"                           [id=13772, stack(0x00000022f3000000,0x00000022f3100000) (1024K)]
  0x0000020e3171ca00 WatcherThread "VM Periodic Task Thread"        [id=7724, stack(0x00000022f2f00000,0x00000022f3000000) (1024K)]
  0x0000020e1d46bff0 WorkerThread "GC Thread#0"                     [id=5204, stack(0x00000022f2e00000,0x00000022f2f00000) (1024K)]
  0x0000020e74c85690 WorkerThread "GC Thread#1"                     [id=18316, stack(0x00000022f3c00000,0x00000022f3d00000) (1024K)]
  0x0000020e74b995b0 WorkerThread "GC Thread#2"                     [id=11196, stack(0x00000022f3d00000,0x00000022f3e00000) (1024K)]
  0x0000020e74b99950 WorkerThread "GC Thread#3"                     [id=24560, stack(0x00000022f3e00000,0x00000022f3f00000) (1024K)]
  0x0000020e74b99cf0 WorkerThread "GC Thread#4"                     [id=11364, stack(0x00000022f3f00000,0x00000022f4000000) (1024K)]
  0x0000020e74b9a090 WorkerThread "GC Thread#5"                     [id=21836, stack(0x00000022f4000000,0x00000022f4100000) (1024K)]
  0x0000020e74b9a430 WorkerThread "GC Thread#6"                     [id=23948, stack(0x00000022f4100000,0x00000022f4200000) (1024K)]
  0x0000020e793342d0 WorkerThread "GC Thread#7"                     [id=18992, stack(0x00000022f4500000,0x00000022f4600000) (1024K)]
Total: 10

Threads with active compile tasks:
C2 CompilerThread0  9979 7163 %     4       org.eclipse.jdt.internal.core.search.indexing.BinaryIndexer::extractReferenceFromConstantPool @ 15 (358 bytes)
Total: 1

VM state: not at safepoint (normal execution)

VM Mutex/Monitor currently owned by a thread: None

Heap address: 0x00000000c0000000, size: 1024 MB, Compressed Oops mode: 32-bit

CDS archive(s) mapped at: [0x0000020e32000000-0x0000020e32ba0000-0x0000020e32ba0000), size 12189696, SharedBaseAddress: 0x0000020e32000000, ArchiveRelocationMode: 1.
Compressed class space mapped at: 0x0000020e33000000-0x0000020e73000000, reserved size: 1073741824
Narrow klass base: 0x0000020e32000000, Narrow klass shift: 0, Narrow klass range: 0x100000000

GC Precious Log:
 CardTable entry size: 512
 CPUs: 8 total, 8 available
 Memory: 3429M
 Large Page Support: Disabled
 NUMA Support: Disabled
 Compressed Oops: Enabled (32-bit)
 Alignments: Space 512K, Generation 512K, Heap 2M
 Heap Min Capacity: 100M
 Heap Initial Capacity: 100M
 Heap Max Capacity: 1G
 Pre-touch: Disabled
 Parallel Workers: 8

Heap:
 PSYoungGen      total 17408K, used 6305K [0x00000000eab00000, 0x00000000ec780000, 0x0000000100000000)
  eden space 15360K, 27% used [0x00000000eab00000,0x00000000eaf2c7c8,0x00000000eba00000)
  from space 2048K, 99% used [0x00000000ebf80000,0x00000000ec17bd08,0x00000000ec180000)
  to   space 5632K, 0% used [0x00000000eba00000,0x00000000eba00000,0x00000000ebf80000)
 ParOldGen       total 68608K, used 61427K [0x00000000c0000000, 0x00000000c4300000, 0x00000000eab00000)
  object space 68608K, 89% used [0x00000000c0000000,0x00000000c3bfcc20,0x00000000c4300000)
 Metaspace       used 50727K, committed 51968K, reserved 1114112K
  class space    used 5419K, committed 6016K, reserved 1048576K

Card table byte_map: [0x0000020e1cdf0000,0x0000020e1d000000] _byte_map_base: 0x0000020e1c7f0000

Marking Bits: (ParMarkBitMap*) 0x00007fff76f13260
 Begin Bits: [0x0000020e2f640000, 0x0000020e30640000)
 End Bits:   [0x0000020e30640000, 0x0000020e31640000)

Polling page: 0x0000020e1b300000

Metaspace:

Usage:
  Non-class:     44.25 MB used.
      Class:      5.29 MB used.
       Both:     49.54 MB used.

Virtual space:
  Non-class space:       64.00 MB reserved,      44.88 MB ( 70%) committed,  1 nodes.
      Class space:        1.00 GB reserved,       5.88 MB ( <1%) committed,  1 nodes.
             Both:        1.06 GB reserved,      50.75 MB (  5%) committed. 

Chunk freelists:
   Non-Class:  2.95 MB
       Class:  10.12 MB
        Both:  13.08 MB

MaxMetaspaceSize: unlimited
CompressedClassSpaceSize: 1.00 GB
Initial GC threshold: 21.00 MB
Current GC threshold: 58.38 MB
CDS: on
 - commit_granule_bytes: 65536.
 - commit_granule_words: 8192.
 - virtual_space_node_default_size: 8388608.
 - enlarge_chunks_in_place: 1.
 - use_allocation_guard: 0.


Internal statistics:

num_allocs_failed_limit: 6.
num_arena_births: 1010.
num_arena_deaths: 14.
num_vsnodes_births: 2.
num_vsnodes_deaths: 0.
num_space_committed: 812.
num_space_uncommitted: 0.
num_chunks_returned_to_freelist: 20.
num_chunks_taken_from_freelist: 3409.
num_chunk_merges: 12.
num_chunk_splits: 2056.
num_chunks_enlarged: 1103.
num_inconsistent_stats: 0.

CodeHeap 'non-profiled nmethods': size=120000Kb used=2163Kb max_used=2163Kb free=117836Kb
 bounds [0x0000020e28110000, 0x0000020e28380000, 0x0000020e2f640000]
CodeHeap 'profiled nmethods': size=120000Kb used=13946Kb max_used=13946Kb free=106053Kb
 bounds [0x0000020e20640000, 0x0000020e213e0000, 0x0000020e27b70000]
CodeHeap 'non-nmethods': size=5760Kb used=1392Kb max_used=1412Kb free=4367Kb
 bounds [0x0000020e27b70000, 0x0000020e27de0000, 0x0000020e28110000]
 total_blobs=7640 nmethods=6942 adapters=604
 compilation: enabled
              stopped_count=0, restarted_count=0
 full_count=0

Compilation events (20 events):
Event: 9.900 Thread 0x0000020e31810200 nmethod 7580 0x0000020e213ce990 code [0x0000020e213cec00, 0x0000020e213cf268]
Event: 9.900 Thread 0x0000020e31810200 7581       2       org.eclipse.osgi.internal.loader.classpath.ClasspathManager::findLocalResourceImpl (174 bytes)
Event: 9.901 Thread 0x0000020e31810200 nmethod 7581 0x0000020e213cf690 code [0x0000020e213cf8a0, 0x0000020e213cfea0]
Event: 9.915 Thread 0x0000020e31810200 7583   !   2       jdk.internal.loader.URLClassPath::check (123 bytes)
Event: 9.915 Thread 0x0000020e31810200 nmethod 7583 0x0000020e213d0290 code [0x0000020e213d0420, 0x0000020e213d0508]
Event: 9.916 Thread 0x0000020e31810200 7585   !   3       org.eclipse.jdt.internal.core.search.indexing.BinaryContainer::isValidPackageNameForClassOrisModule (158 bytes)
Event: 9.918 Thread 0x0000020e31810200 nmethod 7585 0x0000020e213d0590 code [0x0000020e213d0840, 0x0000020e213d1290]
Event: 9.918 Thread 0x0000020e31810200 7586       2       lombok.launch.ClassFileMetaData::getOffsets (62 bytes)
Event: 9.918 Thread 0x0000020e31810200 nmethod 7586 0x0000020e213d1710 code [0x0000020e213d18c0, 0x0000020e213d1b78]
Event: 9.920 Thread 0x0000020e31810200 7587       2       sun.reflect.generics.parser.SignatureParser::parseTypeArgument (135 bytes)
Event: 9.921 Thread 0x0000020e31810200 nmethod 7587 0x0000020e213d1d10 code [0x0000020e213d1f80, 0x0000020e213d2968]
Event: 9.925 Thread 0x0000020e31810200 7588       2       java.util.Arrays::copyOf (33 bytes)
Event: 9.925 Thread 0x0000020e31810200 nmethod 7588 0x0000020e213d2d90 code [0x0000020e213d2f60, 0x0000020e213d3218]
Event: 9.934 Thread 0x0000020e31810200 7589       3       sun.reflect.generics.visitor.Reifier::visitClassTypeSignature (381 bytes)
Event: 9.936 Thread 0x0000020e31810200 nmethod 7589 0x0000020e213d3390 code [0x0000020e213d3780, 0x0000020e213d51a8]
Event: 9.936 Thread 0x0000020e31810200 7590       3       sun.reflect.generics.factory.CoreReflectionFactory::getDeclsLoader (85 bytes)
Event: 9.937 Thread 0x0000020e31810200 nmethod 7590 0x0000020e213d5b90 code [0x0000020e213d5de0, 0x0000020e213d6970]
Event: 9.937 Thread 0x0000020e31810200 7591   !   3       sun.reflect.generics.factory.CoreReflectionFactory::makeNamedType (21 bytes)
Event: 9.938 Thread 0x0000020e31810200 nmethod 7591 0x0000020e213d6c10 code [0x0000020e213d6de0, 0x0000020e213d7078]
Event: 9.948 Thread 0x0000020e31810200 7592   !   3       org.eclipse.jdt.internal.compiler.util.JRTUtil::safeReadBytes (46 bytes)

GC Heap History (20 events):
Event: 8.666 GC heap before
{Heap before GC invocations=27 (full 2):
 PSYoungGen      total 19456K, used 19445K [0x00000000eab00000, 0x00000000ec700000, 0x0000000100000000)
  eden space 17920K, 100% used [0x00000000eab00000,0x00000000ebc80000,0x00000000ebc80000)
  from space 1536K, 99% used [0x00000000ec080000,0x00000000ec1fd7e0,0x00000000ec200000)
  to   space 4096K, 0% used [0x00000000ebc80000,0x00000000ebc80000,0x00000000ec080000)
 ParOldGen       total 68608K, used 35486K [0x00000000c0000000, 0x00000000c4300000, 0x00000000eab00000)
  object space 68608K, 51% used [0x00000000c0000000,0x00000000c22a7ae0,0x00000000c4300000)
 Metaspace       used 44472K, committed 45696K, reserved 1114112K
  class space    used 4658K, committed 5248K, reserved 1048576K
}
Event: 8.669 GC heap after
{Heap after GC invocations=27 (full 2):
 PSYoungGen      total 20992K, used 2748K [0x00000000eab00000, 0x00000000ec280000, 0x0000000100000000)
  eden space 17920K, 0% used [0x00000000eab00000,0x00000000eab00000,0x00000000ebc80000)
  from space 3072K, 89% used [0x00000000ebc80000,0x00000000ebf2f248,0x00000000ebf80000)
  to   space 3072K, 0% used [0x00000000ebf80000,0x00000000ebf80000,0x00000000ec280000)
 ParOldGen       total 68608K, used 36218K [0x00000000c0000000, 0x00000000c4300000, 0x00000000eab00000)
  object space 68608K, 52% used [0x00000000c0000000,0x00000000c235ea20,0x00000000c4300000)
 Metaspace       used 44472K, committed 45696K, reserved 1114112K
  class space    used 4658K, committed 5248K, reserved 1048576K
}
Event: 8.840 GC heap before
{Heap before GC invocations=28 (full 2):
 PSYoungGen      total 20992K, used 20668K [0x00000000eab00000, 0x00000000ec280000, 0x0000000100000000)
  eden space 17920K, 100% used [0x00000000eab00000,0x00000000ebc80000,0x00000000ebc80000)
  from space 3072K, 89% used [0x00000000ebc80000,0x00000000ebf2f248,0x00000000ebf80000)
  to   space 3072K, 0% used [0x00000000ebf80000,0x00000000ebf80000,0x00000000ec280000)
 ParOldGen       total 68608K, used 36218K [0x00000000c0000000, 0x00000000c4300000, 0x00000000eab00000)
  object space 68608K, 52% used [0x00000000c0000000,0x00000000c235ea20,0x00000000c4300000)
 Metaspace       used 45279K, committed 46528K, reserved 1114112K
  class space    used 4743K, committed 5376K, reserved 1048576K
}
Event: 8.846 GC heap after
{Heap after GC invocations=28 (full 2):
 PSYoungGen      total 20480K, used 2274K [0x00000000eab00000, 0x00000000ec200000, 0x0000000100000000)
  eden space 17920K, 0% used [0x00000000eab00000,0x00000000eab00000,0x00000000ebc80000)
  from space 2560K, 88% used [0x00000000ebf80000,0x00000000ec1b8ab8,0x00000000ec200000)
  to   space 2560K, 0% used [0x00000000ebd00000,0x00000000ebd00000,0x00000000ebf80000)
 ParOldGen       total 68608K, used 38798K [0x00000000c0000000, 0x00000000c4300000, 0x00000000eab00000)
  object space 68608K, 56% used [0x00000000c0000000,0x00000000c25e39b8,0x00000000c4300000)
 Metaspace       used 45279K, committed 46528K, reserved 1114112K
  class space    used 4743K, committed 5376K, reserved 1048576K
}
Event: 8.965 GC heap before
{Heap before GC invocations=29 (full 2):
 PSYoungGen      total 20480K, used 20194K [0x00000000eab00000, 0x00000000ec200000, 0x0000000100000000)
  eden space 17920K, 100% used [0x00000000eab00000,0x00000000ebc80000,0x00000000ebc80000)
  from space 2560K, 88% used [0x00000000ebf80000,0x00000000ec1b8ab8,0x00000000ec200000)
  to   space 2560K, 0% used [0x00000000ebd00000,0x00000000ebd00000,0x00000000ebf80000)
 ParOldGen       total 68608K, used 38798K [0x00000000c0000000, 0x00000000c4300000, 0x00000000eab00000)
  object space 68608K, 56% used [0x00000000c0000000,0x00000000c25e39b8,0x00000000c4300000)
 Metaspace       used 45938K, committed 47168K, reserved 1114112K
  class space    used 4831K, committed 5440K, reserved 1048576K
}
Event: 8.969 GC heap after
{Heap after GC invocations=29 (full 2):
 PSYoungGen      total 20480K, used 2552K [0x00000000eab00000, 0x00000000ec780000, 0x0000000100000000)
  eden space 17920K, 0% used [0x00000000eab00000,0x00000000eab00000,0x00000000ebc80000)
  from space 2560K, 99% used [0x00000000ebd00000,0x00000000ebf7e1d8,0x00000000ebf80000)
  to   space 5632K, 0% used [0x00000000ec200000,0x00000000ec200000,0x00000000ec780000)
 ParOldGen       total 68608K, used 41309K [0x00000000c0000000, 0x00000000c4300000, 0x00000000eab00000)
  object space 68608K, 60% used [0x00000000c0000000,0x00000000c2857518,0x00000000c4300000)
 Metaspace       used 45938K, committed 47168K, reserved 1114112K
  class space    used 4831K, committed 5440K, reserved 1048576K
}
Event: 9.071 GC heap before
{Heap before GC invocations=30 (full 2):
 PSYoungGen      total 20480K, used 20472K [0x00000000eab00000, 0x00000000ec780000, 0x0000000100000000)
  eden space 17920K, 100% used [0x00000000eab00000,0x00000000ebc80000,0x00000000ebc80000)
  from space 2560K, 99% used [0x00000000ebd00000,0x00000000ebf7e1d8,0x00000000ebf80000)
  to   space 5632K, 0% used [0x00000000ec200000,0x00000000ec200000,0x00000000ec780000)
 ParOldGen       total 68608K, used 41309K [0x00000000c0000000, 0x00000000c4300000, 0x00000000eab00000)
  object space 68608K, 60% used [0x00000000c0000000,0x00000000c2857518,0x00000000c4300000)
 Metaspace       used 46507K, committed 47744K, reserved 1114112K
  class space    used 4897K, committed 5504K, reserved 1048576K
}
Event: 9.077 GC heap after
{Heap after GC invocations=30 (full 2):
 PSYoungGen      total 22016K, used 3793K [0x00000000eab00000, 0x00000000ec600000, 0x0000000100000000)
  eden space 17920K, 0% used [0x00000000eab00000,0x00000000eab00000,0x00000000ebc80000)
  from space 4096K, 92% used [0x00000000ec200000,0x00000000ec5b46f8,0x00000000ec600000)
  to   space 4608K, 0% used [0x00000000ebd00000,0x00000000ebd00000,0x00000000ec180000)
 ParOldGen       total 68608K, used 43747K [0x00000000c0000000, 0x00000000c4300000, 0x00000000eab00000)
  object space 68608K, 63% used [0x00000000c0000000,0x00000000c2ab8e28,0x00000000c4300000)
 Metaspace       used 46507K, committed 47744K, reserved 1114112K
  class space    used 4897K, committed 5504K, reserved 1048576K
}
Event: 9.162 GC heap before
{Heap before GC invocations=31 (full 2):
 PSYoungGen      total 22016K, used 21705K [0x00000000eab00000, 0x00000000ec600000, 0x0000000100000000)
  eden space 17920K, 99% used [0x00000000eab00000,0x00000000ebc7ddd0,0x00000000ebc80000)
  from space 4096K, 92% used [0x00000000ec200000,0x00000000ec5b46f8,0x00000000ec600000)
  to   space 4608K, 0% used [0x00000000ebd00000,0x00000000ebd00000,0x00000000ec180000)
 ParOldGen       total 68608K, used 43747K [0x00000000c0000000, 0x00000000c4300000, 0x00000000eab00000)
  object space 68608K, 63% used [0x00000000c0000000,0x00000000c2ab8e28,0x00000000c4300000)
 Metaspace       used 47488K, committed 48768K, reserved 1114112K
  class space    used 4992K, committed 5632K, reserved 1048576K
}
Event: 9.166 GC heap after
{Heap after GC invocations=31 (full 2):
 PSYoungGen      total 20992K, used 2845K [0x00000000eab00000, 0x00000000ec380000, 0x0000000100000000)
  eden space 17920K, 0% used [0x00000000eab00000,0x00000000eab00000,0x00000000ebc80000)
  from space 3072K, 92% used [0x00000000ebd00000,0x00000000ebfc75d0,0x00000000ec000000)
  to   space 3584K, 0% used [0x00000000ec000000,0x00000000ec000000,0x00000000ec380000)
 ParOldGen       total 68608K, used 47277K [0x00000000c0000000, 0x00000000c4300000, 0x00000000eab00000)
  object space 68608K, 68% used [0x00000000c0000000,0x00000000c2e2b5a8,0x00000000c4300000)
 Metaspace       used 47488K, committed 48768K, reserved 1114112K
  class space    used 4992K, committed 5632K, reserved 1048576K
}
Event: 9.243 GC heap before
{Heap before GC invocations=32 (full 2):
 PSYoungGen      total 20992K, used 20764K [0x00000000eab00000, 0x00000000ec380000, 0x0000000100000000)
  eden space 17920K, 99% used [0x00000000eab00000,0x00000000ebc7fd08,0x00000000ebc80000)
  from space 3072K, 92% used [0x00000000ebd00000,0x00000000ebfc75d0,0x00000000ec000000)
  to   space 3584K, 0% used [0x00000000ec000000,0x00000000ec000000,0x00000000ec380000)
 ParOldGen       total 68608K, used 47277K [0x00000000c0000000, 0x00000000c4300000, 0x00000000eab00000)
  object space 68608K, 68% used [0x00000000c0000000,0x00000000c2e2b5a8,0x00000000c4300000)
 Metaspace       used 48157K, committed 49408K, reserved 1114112K
  class space    used 5083K, committed 5696K, reserved 1048576K
}
Event: 9.247 GC heap after
{Heap after GC invocations=32 (full 2):
 PSYoungGen      total 21504K, used 3268K [0x00000000eab00000, 0x00000000ec380000, 0x0000000100000000)
  eden space 17920K, 0% used [0x00000000eab00000,0x00000000eab00000,0x00000000ebc80000)
  from space 3584K, 91% used [0x00000000ec000000,0x00000000ec331138,0x00000000ec380000)
  to   space 3584K, 0% used [0x00000000ebc80000,0x00000000ebc80000,0x00000000ec000000)
 ParOldGen       total 68608K, used 49859K [0x00000000c0000000, 0x00000000c4300000, 0x00000000eab00000)
  object space 68608K, 72% used [0x00000000c0000000,0x00000000c30b0d58,0x00000000c4300000)
 Metaspace       used 48157K, committed 49408K, reserved 1114112K
  class space    used 5083K, committed 5696K, reserved 1048576K
}
Event: 9.333 GC heap before
{Heap before GC invocations=33 (full 2):
 PSYoungGen      total 21504K, used 21188K [0x00000000eab00000, 0x00000000ec380000, 0x0000000100000000)
  eden space 17920K, 100% used [0x00000000eab00000,0x00000000ebc80000,0x00000000ebc80000)
  from space 3584K, 91% used [0x00000000ec000000,0x00000000ec331138,0x00000000ec380000)
  to   space 3584K, 0% used [0x00000000ebc80000,0x00000000ebc80000,0x00000000ec000000)
 ParOldGen       total 68608K, used 49859K [0x00000000c0000000, 0x00000000c4300000, 0x00000000eab00000)
  object space 68608K, 72% used [0x00000000c0000000,0x00000000c30b0d58,0x00000000c4300000)
 Metaspace       used 48964K, committed 50176K, reserved 1114112K
  class space    used 5181K, committed 5824K, reserved 1048576K
}
Event: 9.337 GC heap after
{Heap after GC invocations=33 (full 2):
 PSYoungGen      total 21504K, used 3407K [0x00000000eab00000, 0x00000000ec380000, 0x0000000100000000)
  eden space 17920K, 0% used [0x00000000eab00000,0x00000000eab00000,0x00000000ebc80000)
  from space 3584K, 95% used [0x00000000ebc80000,0x00000000ebfd3ea0,0x00000000ec000000)
  to   space 3584K, 0% used [0x00000000ec000000,0x00000000ec000000,0x00000000ec380000)
 ParOldGen       total 68608K, used 52790K [0x00000000c0000000, 0x00000000c4300000, 0x00000000eab00000)
  object space 68608K, 76% used [0x00000000c0000000,0x00000000c338db60,0x00000000c4300000)
 Metaspace       used 48964K, committed 50176K, reserved 1114112K
  class space    used 5181K, committed 5824K, reserved 1048576K
}
Event: 9.514 GC heap before
{Heap before GC invocations=34 (full 2):
 PSYoungGen      total 21504K, used 21327K [0x00000000eab00000, 0x00000000ec380000, 0x0000000100000000)
  eden space 17920K, 100% used [0x00000000eab00000,0x00000000ebc80000,0x00000000ebc80000)
  from space 3584K, 95% used [0x00000000ebc80000,0x00000000ebfd3ea0,0x00000000ec000000)
  to   space 3584K, 0% used [0x00000000ec000000,0x00000000ec000000,0x00000000ec380000)
 ParOldGen       total 68608K, used 52790K [0x00000000c0000000, 0x00000000c4300000, 0x00000000eab00000)
  object space 68608K, 76% used [0x00000000c0000000,0x00000000c338db60,0x00000000c4300000)
 Metaspace       used 49644K, committed 50944K, reserved 1114112K
  class space    used 5258K, committed 5888K, reserved 1048576K
}
Event: 9.525 GC heap after
{Heap after GC invocations=34 (full 2):
 PSYoungGen      total 20992K, used 2711K [0x00000000eab00000, 0x00000000ec300000, 0x0000000100000000)
  eden space 17920K, 0% used [0x00000000eab00000,0x00000000eab00000,0x00000000ebc80000)
  from space 3072K, 88% used [0x00000000ec000000,0x00000000ec2a5ed8,0x00000000ec300000)
  to   space 3072K, 0% used [0x00000000ebd00000,0x00000000ebd00000,0x00000000ec000000)
 ParOldGen       total 68608K, used 55985K [0x00000000c0000000, 0x00000000c4300000, 0x00000000eab00000)
  object space 68608K, 81% used [0x00000000c0000000,0x00000000c36ac6e0,0x00000000c4300000)
 Metaspace       used 49644K, committed 50944K, reserved 1114112K
  class space    used 5258K, committed 5888K, reserved 1048576K
}
Event: 9.713 GC heap before
{Heap before GC invocations=35 (full 2):
 PSYoungGen      total 20992K, used 20631K [0x00000000eab00000, 0x00000000ec300000, 0x0000000100000000)
  eden space 17920K, 100% used [0x00000000eab00000,0x00000000ebc80000,0x00000000ebc80000)
  from space 3072K, 88% used [0x00000000ec000000,0x00000000ec2a5ed8,0x00000000ec300000)
  to   space 3072K, 0% used [0x00000000ebd00000,0x00000000ebd00000,0x00000000ec000000)
 ParOldGen       total 68608K, used 55985K [0x00000000c0000000, 0x00000000c4300000, 0x00000000eab00000)
  object space 68608K, 81% used [0x00000000c0000000,0x00000000c36ac6e0,0x00000000c4300000)
 Metaspace       used 50547K, committed 51840K, reserved 1114112K
  class space    used 5380K, committed 6016K, reserved 1048576K
}
Event: 9.720 GC heap after
{Heap after GC invocations=35 (full 2):
 PSYoungGen      total 20480K, used 2373K [0x00000000eab00000, 0x00000000ec180000, 0x0000000100000000)
  eden space 17920K, 0% used [0x00000000eab00000,0x00000000eab00000,0x00000000ebc80000)
  from space 2560K, 92% used [0x00000000ebd00000,0x00000000ebf517b8,0x00000000ebf80000)
  to   space 2048K, 0% used [0x00000000ebf80000,0x00000000ebf80000,0x00000000ec180000)
 ParOldGen       total 68608K, used 58551K [0x00000000c0000000, 0x00000000c4300000, 0x00000000eab00000)
  object space 68608K, 85% used [0x00000000c0000000,0x00000000c392dcd8,0x00000000c4300000)
 Metaspace       used 50547K, committed 51840K, reserved 1114112K
  class space    used 5380K, committed 6016K, reserved 1048576K
}
Event: 9.939 GC heap before
{Heap before GC invocations=36 (full 2):
 PSYoungGen      total 20480K, used 20293K [0x00000000eab00000, 0x00000000ec180000, 0x0000000100000000)
  eden space 17920K, 100% used [0x00000000eab00000,0x00000000ebc80000,0x00000000ebc80000)
  from space 2560K, 92% used [0x00000000ebd00000,0x00000000ebf517b8,0x00000000ebf80000)
  to   space 2048K, 0% used [0x00000000ebf80000,0x00000000ebf80000,0x00000000ec180000)
 ParOldGen       total 68608K, used 58551K [0x00000000c0000000, 0x00000000c4300000, 0x00000000eab00000)
  object space 68608K, 85% used [0x00000000c0000000,0x00000000c392dcd8,0x00000000c4300000)
 Metaspace       used 50695K, committed 51968K, reserved 1114112K
  class space    used 5414K, committed 6016K, reserved 1048576K
}
Event: 9.945 GC heap after
{Heap after GC invocations=36 (full 2):
 PSYoungGen      total 17408K, used 2031K [0x00000000eab00000, 0x00000000ec780000, 0x0000000100000000)
  eden space 15360K, 0% used [0x00000000eab00000,0x00000000eab00000,0x00000000eba00000)
  from space 2048K, 99% used [0x00000000ebf80000,0x00000000ec17bd08,0x00000000ec180000)
  to   space 5632K, 0% used [0x00000000eba00000,0x00000000eba00000,0x00000000ebf80000)
 ParOldGen       total 68608K, used 61427K [0x00000000c0000000, 0x00000000c4300000, 0x00000000eab00000)
  object space 68608K, 89% used [0x00000000c0000000,0x00000000c3bfcc20,0x00000000c4300000)
 Metaspace       used 50695K, committed 51968K, reserved 1114112K
  class space    used 5414K, committed 6016K, reserved 1048576K
}

Dll operation events (10 events):
Event: 0.017 Loaded shared library c:\Users\kuber\.vscode\extensions\redhat.java-1.40.0-win32-x64\jre\21.0.6-win32-x86_64\bin\java.dll
Event: 0.138 Loaded shared library c:\Users\kuber\.vscode\extensions\redhat.java-1.40.0-win32-x64\jre\21.0.6-win32-x86_64\bin\zip.dll
Event: 0.184 Loaded shared library C:\Users\kuber\.vscode\extensions\redhat.java-1.40.0-win32-x64\jre\21.0.6-win32-x86_64\bin\instrument.dll
Event: 0.202 Loaded shared library C:\Users\kuber\.vscode\extensions\redhat.java-1.40.0-win32-x64\jre\21.0.6-win32-x86_64\bin\net.dll
Event: 0.206 Loaded shared library C:\Users\kuber\.vscode\extensions\redhat.java-1.40.0-win32-x64\jre\21.0.6-win32-x86_64\bin\nio.dll
Event: 0.211 Loaded shared library C:\Users\kuber\.vscode\extensions\redhat.java-1.40.0-win32-x64\jre\21.0.6-win32-x86_64\bin\zip.dll
Event: 0.243 Loaded shared library C:\Users\kuber\.vscode\extensions\redhat.java-1.40.0-win32-x64\jre\21.0.6-win32-x86_64\bin\jimage.dll
Event: 0.409 Loaded shared library c:\Users\kuber\.vscode\extensions\redhat.java-1.40.0-win32-x64\jre\21.0.6-win32-x86_64\bin\verify.dll
Event: 2.290 Loaded shared library C:\Users\kuber\AppData\Roaming\Code\User\globalStorage\redhat.java\1.40.0\config_win\org.eclipse.equinox.launcher\org.eclipse.equinox.launcher.win32.win32.x86_64_1.2.1200.v20250212-0927\eclipse_11909.dll
Event: 4.840 Loaded shared library C:\Users\kuber\AppData\Local\Temp\jna-102399717\jna16881879679118368354.dll

Deoptimization events (20 events):
Event: 9.526 Thread 0x0000020e7944f210 Uncommon trap: trap_request=0xffffff45 fr.pc=0x0000020e281694d4 relative=0x0000000000000214
Event: 9.526 Thread 0x0000020e7944f210 Uncommon trap: reason=unstable_if action=reinterpret pc=0x0000020e281694d4 method=java.util.concurrent.ConcurrentHashMap.get(Ljava/lang/Object;)Ljava/lang/Object; @ 152 c2
Event: 9.526 Thread 0x0000020e7944f210 DEOPT PACKING pc=0x0000020e281694d4 sp=0x00000022f4efa550
Event: 9.526 Thread 0x0000020e7944f210 DEOPT UNPACKING pc=0x0000020e27bc3aa2 sp=0x00000022f4efa4b8 mode 2
Event: 9.538 Thread 0x0000020e7944f210 Uncommon trap: trap_request=0xffffff45 fr.pc=0x0000020e2828ce78 relative=0x00000000000011d8
Event: 9.538 Thread 0x0000020e7944f210 Uncommon trap: reason=unstable_if action=reinterpret pc=0x0000020e2828ce78 method=jdk.internal.org.objectweb.asm.SymbolTable.put(Ljdk/internal/org/objectweb/asm/SymbolTable$Entry;)Ljdk/internal/org/objectweb/asm/SymbolTable$Entry; @ 13 c2
Event: 9.538 Thread 0x0000020e7944f210 DEOPT PACKING pc=0x0000020e2828ce78 sp=0x00000022f4ef9b50
Event: 9.538 Thread 0x0000020e7944f210 DEOPT UNPACKING pc=0x0000020e27bc3aa2 sp=0x00000022f4ef99f8 mode 2
Event: 9.541 Thread 0x0000020e7a55a780 Uncommon trap: trap_request=0xffffffde fr.pc=0x0000020e2811c4c8 relative=0x00000000000001a8
Event: 9.541 Thread 0x0000020e7a55a780 Uncommon trap: reason=class_check action=maybe_recompile pc=0x0000020e2811c4c8 method=java.lang.String.equals(Ljava/lang/Object;)Z @ 8 c2
Event: 9.541 Thread 0x0000020e7a55a780 DEOPT PACKING pc=0x0000020e2811c4c8 sp=0x00000022f5ffe8a0
Event: 9.541 Thread 0x0000020e7a55a780 DEOPT UNPACKING pc=0x0000020e27bc3aa2 sp=0x00000022f5ffe838 mode 2
Event: 9.588 Thread 0x0000020e7a559a60 DEOPT PACKING pc=0x0000020e209566c6 sp=0x00000022f61f8770
Event: 9.588 Thread 0x0000020e7a559a60 DEOPT UNPACKING pc=0x0000020e27bc4242 sp=0x00000022f61f7cf0 mode 0
Event: 9.672 Thread 0x0000020e7944f210 Uncommon trap: trap_request=0xffffff45 fr.pc=0x0000020e2816a9a0 relative=0x00000000000001c0
Event: 9.672 Thread 0x0000020e7944f210 Uncommon trap: reason=unstable_if action=reinterpret pc=0x0000020e2816a9a0 method=java.lang.invoke.VarHandle.accessModeType(I)Ljava/lang/invoke/MethodType; @ 26 c2
Event: 9.672 Thread 0x0000020e7944f210 DEOPT PACKING pc=0x0000020e2816a9a0 sp=0x00000022f4efed80
Event: 9.672 Thread 0x0000020e7944f210 DEOPT UNPACKING pc=0x0000020e27bc3aa2 sp=0x00000022f4efec40 mode 2
Event: 9.698 Thread 0x0000020e7944f210 DEOPT PACKING pc=0x0000020e209d6d56 sp=0x00000022f4efed00
Event: 9.698 Thread 0x0000020e7944f210 DEOPT UNPACKING pc=0x0000020e27bc4242 sp=0x00000022f4efe228 mode 0

Classes loaded (20 events):
Event: 9.308 Loading class java/lang/ProcessEnvironment$CheckedKeySet
Event: 9.308 Loading class java/lang/ProcessEnvironment$CheckedKeySet done
Event: 9.346 Loading class java/util/concurrent/ForkJoinTask$AdaptedCallable
Event: 9.346 Loading class java/util/concurrent/ForkJoinTask$AdaptedCallable done
Event: 9.628 Loading class java/util/regex/Pattern$Pos
Event: 9.628 Loading class java/util/regex/Pattern$Pos done
Event: 9.670 Loading class sun/security/provider/MD5
Event: 9.671 Loading class sun/security/provider/MD5 done
Event: 9.671 Loading class sun/security/provider/ByteArrayAccess$LE
Event: 9.671 Loading class sun/security/provider/ByteArrayAccess$LE done
Event: 9.681 Loading class java/util/stream/MatchOps$MatchKind
Event: 9.682 Loading class java/util/stream/MatchOps$MatchKind done
Event: 9.682 Loading class java/util/stream/MatchOps
Event: 9.683 Loading class java/util/stream/MatchOps done
Event: 9.683 Loading class java/util/stream/MatchOps$MatchOp
Event: 9.683 Loading class java/util/stream/MatchOps$MatchOp done
Event: 9.683 Loading class java/util/stream/MatchOps$BooleanTerminalSink
Event: 9.683 Loading class java/util/stream/MatchOps$BooleanTerminalSink done
Event: 9.684 Loading class java/util/stream/MatchOps$1MatchSink
Event: 9.684 Loading class java/util/stream/MatchOps$1MatchSink done

Classes unloaded (7 events):
Event: 5.869 Thread 0x0000020e317e2610 Unloading class 0x0000020e33194c00 'java/lang/invoke/LambdaForm$MH+0x0000020e33194c00'
Event: 5.869 Thread 0x0000020e317e2610 Unloading class 0x0000020e33194800 'java/lang/invoke/LambdaForm$MH+0x0000020e33194800'
Event: 5.869 Thread 0x0000020e317e2610 Unloading class 0x0000020e33194400 'java/lang/invoke/LambdaForm$MH+0x0000020e33194400'
Event: 5.869 Thread 0x0000020e317e2610 Unloading class 0x0000020e33194000 'java/lang/invoke/LambdaForm$MH+0x0000020e33194000'
Event: 5.869 Thread 0x0000020e317e2610 Unloading class 0x0000020e33193c00 'java/lang/invoke/LambdaForm$BMH+0x0000020e33193c00'
Event: 5.869 Thread 0x0000020e317e2610 Unloading class 0x0000020e33193800 'java/lang/invoke/LambdaForm$DMH+0x0000020e33193800'
Event: 5.869 Thread 0x0000020e317e2610 Unloading class 0x0000020e33192400 'java/lang/invoke/LambdaForm$DMH+0x0000020e33192400'

Classes redefined (0 events):
No events

Internal exceptions (20 events):
Event: 8.916 Thread 0x0000020e7a559a60 Exception <a 'sun/nio/fs/WindowsException'{0x00000000eb41baf0}> (0x00000000eb41baf0) 
thrown [s\src\hotspot\share\prims\jni.cpp, line 520]
Event: 8.940 Thread 0x0000020e7a559a60 Exception <a 'java/lang/NoSuchMethodError'{0x00000000eb7f1e28}: 'int java.lang.invoke.DirectMethodHandle$Holder.invokeStatic(java.lang.Object)'> (0x00000000eb7f1e28) 
thrown [s\src\hotspot\share\interpreter\linkResolver.cpp, line 773]
Event: 8.972 Thread 0x0000020e7a559a60 Exception <a 'java/io/FileNotFoundException'{0x00000000eab72e48}> (0x00000000eab72e48) 
thrown [s\src\hotspot\share\prims\jni.cpp, line 520]
Event: 8.973 Thread 0x0000020e7a559a60 Exception <a 'java/io/FileNotFoundException'{0x00000000eab73e40}> (0x00000000eab73e40) 
thrown [s\src\hotspot\share\prims\jni.cpp, line 520]
Event: 8.975 Thread 0x0000020e7a559a60 Exception <a 'java/io/FileNotFoundException'{0x00000000eab79d20}> (0x00000000eab79d20) 
thrown [s\src\hotspot\share\prims\jni.cpp, line 520]
Event: 8.975 Thread 0x0000020e7a559a60 Exception <a 'java/io/FileNotFoundException'{0x00000000eabd98f8}> (0x00000000eabd98f8) 
thrown [s\src\hotspot\share\prims\jni.cpp, line 520]
Event: 8.976 Thread 0x0000020e7a559a60 Exception <a 'java/io/FileNotFoundException'{0x00000000eabda910}> (0x00000000eabda910) 
thrown [s\src\hotspot\share\prims\jni.cpp, line 520]
Event: 9.288 Thread 0x0000020e7944f210 Exception <a 'java/lang/NoClassDefFoundError'{0x00000000eb3cc410}: com/google/inject/servlet/ServletModuleTargetVisitor> (0x00000000eb3cc410) 
thrown [s\src\hotspot\share\classfile\systemDictionary.cpp, line 301]
Event: 9.344 Thread 0x0000020e7a559a60 Exception <a 'sun/nio/fs/WindowsException'{0x00000000eac282e8}> (0x00000000eac282e8) 
thrown [s\src\hotspot\share\prims\jni.cpp, line 520]
Event: 9.349 Thread 0x0000020e7a554510 Exception <a 'sun/nio/fs/WindowsException'{0x00000000ead34c68}> (0x00000000ead34c68) 
thrown [s\src\hotspot\share\prims\jni.cpp, line 520]
Event: 9.350 Thread 0x0000020e7a554510 Exception <a 'sun/nio/fs/WindowsException'{0x00000000ead3a0a0}> (0x00000000ead3a0a0) 
thrown [s\src\hotspot\share\prims\jni.cpp, line 520]
Event: 9.351 Thread 0x0000020e7a555230 Exception <a 'sun/nio/fs/WindowsException'{0x00000000ead7ed18}> (0x00000000ead7ed18) 
thrown [s\src\hotspot\share\prims\jni.cpp, line 520]
Event: 9.352 Thread 0x0000020e7c0d7410 Exception <a 'sun/nio/fs/WindowsException'{0x00000000ead9bab8}> (0x00000000ead9bab8) 
thrown [s\src\hotspot\share\prims\jni.cpp, line 520]
Event: 9.353 Thread 0x0000020e7a555f50 Exception <a 'sun/nio/fs/WindowsException'{0x00000000eada8d28}> (0x00000000eada8d28) 
thrown [s\src\hotspot\share\prims\jni.cpp, line 520]
Event: 9.356 Thread 0x0000020e7c0d87c0 Exception <a 'sun/nio/fs/WindowsException'{0x00000000eae8fb20}> (0x00000000eae8fb20) 
thrown [s\src\hotspot\share\prims\jni.cpp, line 520]
Event: 9.371 Thread 0x0000020e7a559a60 Exception <a 'sun/nio/fs/WindowsException'{0x00000000eb021bd8}> (0x00000000eb021bd8) 
thrown [s\src\hotspot\share\prims\jni.cpp, line 520]
Event: 9.372 Thread 0x0000020e7a554510 Exception <a 'sun/nio/fs/WindowsException'{0x00000000ead3c250}> (0x00000000ead3c250) 
thrown [s\src\hotspot\share\prims\jni.cpp, line 520]
Event: 9.376 Thread 0x0000020e7a559a60 Exception <a 'sun/nio/fs/WindowsException'{0x00000000eb02aa70}> (0x00000000eb02aa70) 
thrown [s\src\hotspot\share\prims\jni.cpp, line 520]
Event: 9.526 Thread 0x0000020e7944f210 Implicit null exception at 0x0000020e28287f02 to 0x0000020e28287ffc
Event: 9.600 Thread 0x0000020e7a55a780 Exception <a 'java/lang/IncompatibleClassChangeError'{0x00000000eb66b558}: Found class java.lang.Object, but interface was expected> (0x00000000eb66b558) 
thrown [s\src\hotspot\share\interpreter\linkResolver.cpp, line 840]

ZGC Phase Switch (0 events):
No events

VM Operations (20 events):
Event: 8.965 Executing VM operation: ParallelGCFailedAllocation (Allocation Failure)
Event: 8.969 Executing VM operation: ParallelGCFailedAllocation (Allocation Failure) done
Event: 9.071 Executing VM operation: ParallelGCFailedAllocation (Allocation Failure)
Event: 9.077 Executing VM operation: ParallelGCFailedAllocation (Allocation Failure) done
Event: 9.162 Executing VM operation: ParallelGCFailedAllocation (Allocation Failure)
Event: 9.166 Executing VM operation: ParallelGCFailedAllocation (Allocation Failure) done
Event: 9.243 Executing VM operation: ParallelGCFailedAllocation (Allocation Failure)
Event: 9.247 Executing VM operation: ParallelGCFailedAllocation (Allocation Failure) done
Event: 9.300 Executing VM operation: HandshakeAllThreads (Deoptimize)
Event: 9.300 Executing VM operation: HandshakeAllThreads (Deoptimize) done
Event: 9.333 Executing VM operation: ParallelGCFailedAllocation (Allocation Failure)
Event: 9.338 Executing VM operation: ParallelGCFailedAllocation (Allocation Failure) done
Event: 9.447 Executing VM operation: HandshakeAllThreads (Deoptimize)
Event: 9.447 Executing VM operation: HandshakeAllThreads (Deoptimize) done
Event: 9.514 Executing VM operation: ParallelGCFailedAllocation (Allocation Failure)
Event: 9.525 Executing VM operation: ParallelGCFailedAllocation (Allocation Failure) done
Event: 9.712 Executing VM operation: ParallelGCFailedAllocation (Allocation Failure)
Event: 9.720 Executing VM operation: ParallelGCFailedAllocation (Allocation Failure) done
Event: 9.939 Executing VM operation: ParallelGCFailedAllocation (Allocation Failure)
Event: 9.946 Executing VM operation: ParallelGCFailedAllocation (Allocation Failure) done

Memory protections (0 events):
No events

Nmethod flushes (20 events):
Event: 7.027 Thread 0x0000020e317e2610 flushing  nmethod 0x0000020e20c5d490
Event: 7.027 Thread 0x0000020e317e2610 flushing  nmethod 0x0000020e20c7c590
Event: 7.027 Thread 0x0000020e317e2610 flushing  nmethod 0x0000020e20c8e010
Event: 7.027 Thread 0x0000020e317e2610 flushing  nmethod 0x0000020e20c90310
Event: 7.027 Thread 0x0000020e317e2610 flushing  nmethod 0x0000020e20cc2810
Event: 7.027 Thread 0x0000020e317e2610 flushing  nmethod 0x0000020e20cc2f90
Event: 7.027 Thread 0x0000020e317e2610 flushing  nmethod 0x0000020e20cc3890
Event: 7.027 Thread 0x0000020e317e2610 flushing  nmethod 0x0000020e20cc4a90
Event: 7.027 Thread 0x0000020e317e2610 flushing  nmethod 0x0000020e20cc9f10
Event: 7.027 Thread 0x0000020e317e2610 flushing  nmethod 0x0000020e20d13d90
Event: 7.027 Thread 0x0000020e317e2610 flushing  nmethod 0x0000020e20d17490
Event: 7.027 Thread 0x0000020e317e2610 flushing  nmethod 0x0000020e20d1b090
Event: 7.027 Thread 0x0000020e317e2610 flushing  nmethod 0x0000020e20d23010
Event: 7.027 Thread 0x0000020e317e2610 flushing  nmethod 0x0000020e20d85210
Event: 7.027 Thread 0x0000020e317e2610 flushing  nmethod 0x0000020e20d96810
Event: 7.027 Thread 0x0000020e317e2610 flushing  nmethod 0x0000020e20d98f10
Event: 7.027 Thread 0x0000020e317e2610 flushing  nmethod 0x0000020e20d99d10
Event: 7.027 Thread 0x0000020e317e2610 flushing  nmethod 0x0000020e20d9a990
Event: 7.027 Thread 0x0000020e317e2610 flushing  nmethod 0x0000020e20d9d590
Event: 7.027 Thread 0x0000020e317e2610 flushing  nmethod 0x0000020e20dd8810

Events (20 events):
Event: 6.850 Thread 0x0000020e1d44d0d0 Thread added: 0x0000020e7a5558c0
Event: 6.886 Thread 0x0000020e1d44d0d0 Thread added: 0x0000020e7a553e80
Event: 7.124 Thread 0x0000020e1d44d0d0 Thread added: 0x0000020e7a558d40
Event: 7.124 Thread 0x0000020e1d44d0d0 Thread added: 0x0000020e7a55a780
Event: 8.181 Thread 0x0000020e7944ff30 Thread added: 0x0000020e7a554ba0
Event: 8.207 Thread 0x0000020e7a557990 Thread added: 0x0000020e7a559a60
Event: 9.347 Thread 0x0000020e7a559a60 Thread added: 0x0000020e7a554510
Event: 9.349 Thread 0x0000020e7a554510 Thread added: 0x0000020e7a555230
Event: 9.351 Thread 0x0000020e7a555230 Thread added: 0x0000020e7a555f50
Event: 9.351 Thread 0x0000020e7a554510 Thread added: 0x0000020e7c0d7410
Event: 9.351 Thread 0x0000020e7c0d7410 Thread added: 0x0000020e7c0d8130
Event: 9.351 Thread 0x0000020e7a555230 Thread added: 0x0000020e7c0d87c0
Event: 9.352 Thread 0x0000020e7a555f50 Thread added: 0x0000020e7c0d7aa0
Event: 9.353 Thread 0x0000020e7c0d8130 Thread added: 0x0000020e7c0d8e50
Event: 9.413 Thread 0x0000020e7a559a60 Thread added: 0x0000020e7c0d94e0
Event: 9.413 Thread 0x0000020e7a559a60 Thread added: 0x0000020e7c0d2550
Event: 9.413 Thread 0x0000020e7a559a60 Thread added: 0x0000020e7c0d66f0
Event: 9.414 Thread 0x0000020e7a559a60 Thread added: 0x0000020e7c0d3f90
Event: 9.414 Thread 0x0000020e7a559a60 Thread added: 0x0000020e7c0d6060
Event: 9.414 Thread 0x0000020e7a559a60 Thread added: 0x0000020e7c0d5340


Dynamic libraries:
0x00007ff7ca040000 - 0x00007ff7ca04e000 	c:\Users\kuber\.vscode\extensions\redhat.java-1.40.0-win32-x64\jre\21.0.6-win32-x86_64\bin\java.exe
0x00007ffff2ff0000 - 0x00007ffff3207000 	C:\Windows\SYSTEM32\ntdll.dll
0x00007ffff2260000 - 0x00007ffff2324000 	C:\Windows\System32\KERNEL32.DLL
0x00007ffff0950000 - 0x00007ffff0d09000 	C:\Windows\System32\KERNELBASE.dll
0x00007ffff02f0000 - 0x00007ffff0401000 	C:\Windows\System32\ucrtbase.dll
0x00007fffd9690000 - 0x00007fffd96a8000 	c:\Users\kuber\.vscode\extensions\redhat.java-1.40.0-win32-x64\jre\21.0.6-win32-x86_64\bin\jli.dll
0x00007ffff1fd0000 - 0x00007ffff217e000 	C:\Windows\System32\USER32.dll
0x00007ffff0780000 - 0x00007ffff07a6000 	C:\Windows\System32\win32u.dll
0x00007ffff2da0000 - 0x00007ffff2dc9000 	C:\Windows\System32\GDI32.dll
0x00007ffff0410000 - 0x00007ffff052b000 	C:\Windows\System32\gdi32full.dll
0x00007fffd9610000 - 0x00007fffd962e000 	c:\Users\kuber\.vscode\extensions\redhat.java-1.40.0-win32-x64\jre\21.0.6-win32-x86_64\bin\VCRUNTIME140.dll
0x00007ffff06e0000 - 0x00007ffff077a000 	C:\Windows\System32\msvcp_win.dll
0x00007fffdeb00000 - 0x00007fffded92000 	C:\Windows\WinSxS\amd64_microsoft.windows.common-controls_6595b64144ccf1df_6.0.22621.4391_none_2715d37f73803e96\COMCTL32.dll
0x00007ffff1770000 - 0x00007ffff1817000 	C:\Windows\System32\msvcrt.dll
0x00007ffff2d50000 - 0x00007ffff2d81000 	C:\Windows\System32\IMM32.DLL
0x00007fffd9fc0000 - 0x00007fffd9fcc000 	c:\Users\kuber\.vscode\extensions\redhat.java-1.40.0-win32-x64\jre\21.0.6-win32-x86_64\bin\vcruntime140_1.dll
0x00007fffb74b0000 - 0x00007fffb753d000 	c:\Users\kuber\.vscode\extensions\redhat.java-1.40.0-win32-x64\jre\21.0.6-win32-x86_64\bin\msvcp140.dll
0x00007fff76260000 - 0x00007fff76ff0000 	c:\Users\kuber\.vscode\extensions\redhat.java-1.40.0-win32-x64\jre\21.0.6-win32-x86_64\bin\server\jvm.dll
0x00007ffff2180000 - 0x00007ffff2232000 	C:\Windows\System32\ADVAPI32.dll
0x00007ffff2440000 - 0x00007ffff24e7000 	C:\Windows\System32\sechost.dll
0x00007ffff0920000 - 0x00007ffff0948000 	C:\Windows\System32\bcrypt.dll
0x00007ffff1590000 - 0x00007ffff16a4000 	C:\Windows\System32\RPCRT4.dll
0x00007ffff1f40000 - 0x00007ffff1fb1000 	C:\Windows\System32\WS2_32.dll
0x00007ffff01c0000 - 0x00007ffff020d000 	C:\Windows\SYSTEM32\POWRPROF.dll
0x00007fffeb000000 - 0x00007fffeb034000 	C:\Windows\SYSTEM32\WINMM.dll
0x00007fffe5e50000 - 0x00007fffe5e5a000 	C:\Windows\SYSTEM32\VERSION.dll
0x00007ffff01a0000 - 0x00007ffff01b3000 	C:\Windows\SYSTEM32\UMPDC.dll
0x00007fffef2f0000 - 0x00007fffef308000 	C:\Windows\SYSTEM32\kernel.appcore.dll
0x00007fffd9660000 - 0x00007fffd966a000 	c:\Users\kuber\.vscode\extensions\redhat.java-1.40.0-win32-x64\jre\21.0.6-win32-x86_64\bin\jimage.dll
0x00007fffe4e70000 - 0x00007fffe50a2000 	C:\Windows\SYSTEM32\DBGHELP.DLL
0x00007ffff1820000 - 0x00007ffff1baf000 	C:\Windows\System32\combase.dll
0x00007ffff2ed0000 - 0x00007ffff2fa7000 	C:\Windows\System32\OLEAUT32.dll
0x00007fffe4e00000 - 0x00007fffe4e32000 	C:\Windows\SYSTEM32\dbgcore.DLL
0x00007ffff05f0000 - 0x00007ffff066b000 	C:\Windows\System32\bcryptPrimitives.dll
0x00007fffd9570000 - 0x00007fffd957f000 	c:\Users\kuber\.vscode\extensions\redhat.java-1.40.0-win32-x64\jre\21.0.6-win32-x86_64\bin\instrument.dll
0x00007fffd8540000 - 0x00007fffd855f000 	c:\Users\kuber\.vscode\extensions\redhat.java-1.40.0-win32-x64\jre\21.0.6-win32-x86_64\bin\java.dll
0x00007ffff0d10000 - 0x00007ffff1586000 	C:\Windows\System32\SHELL32.dll
0x00007fffee1e0000 - 0x00007fffeeae3000 	C:\Windows\SYSTEM32\windows.storage.dll
0x00007fffee0a0000 - 0x00007fffee1df000 	C:\Windows\SYSTEM32\wintypes.dll
0x00007ffff2dd0000 - 0x00007ffff2ec9000 	C:\Windows\System32\SHCORE.dll
0x00007ffff1710000 - 0x00007ffff176e000 	C:\Windows\System32\shlwapi.dll
0x00007ffff0220000 - 0x00007ffff024b000 	C:\Windows\SYSTEM32\profapi.dll
0x00007fffd8170000 - 0x00007fffd8188000 	c:\Users\kuber\.vscode\extensions\redhat.java-1.40.0-win32-x64\jre\21.0.6-win32-x86_64\bin\zip.dll
0x00007fffd9510000 - 0x00007fffd9520000 	C:\Users\kuber\.vscode\extensions\redhat.java-1.40.0-win32-x64\jre\21.0.6-win32-x86_64\bin\net.dll
0x00007fffeba50000 - 0x00007fffebb86000 	C:\Windows\SYSTEM32\WINHTTP.dll
0x00007fffef760000 - 0x00007fffef7c9000 	C:\Windows\system32\mswsock.dll
0x00007fffd4a70000 - 0x00007fffd4a86000 	C:\Users\kuber\.vscode\extensions\redhat.java-1.40.0-win32-x64\jre\21.0.6-win32-x86_64\bin\nio.dll
0x00007fffd9470000 - 0x00007fffd9480000 	c:\Users\kuber\.vscode\extensions\redhat.java-1.40.0-win32-x64\jre\21.0.6-win32-x86_64\bin\verify.dll
0x00007fffb7250000 - 0x00007fffb7295000 	C:\Users\kuber\AppData\Roaming\Code\User\globalStorage\redhat.java\1.40.0\config_win\org.eclipse.equinox.launcher\org.eclipse.equinox.launcher.win32.win32.x86_64_1.2.1200.v20250212-0927\eclipse_11909.dll
0x00007ffff1bb0000 - 0x00007ffff1d55000 	C:\Windows\System32\ole32.dll
0x00007fffefab0000 - 0x00007fffefacb000 	C:\Windows\SYSTEM32\CRYPTSP.dll
0x00007fffef250000 - 0x00007fffef285000 	C:\Windows\system32\rsaenh.dll
0x00007fffef800000 - 0x00007fffef828000 	C:\Windows\SYSTEM32\USERENV.dll
0x00007fffefa90000 - 0x00007fffefa9c000 	C:\Windows\SYSTEM32\CRYPTBASE.dll
0x00007fffeed50000 - 0x00007fffeed7d000 	C:\Windows\SYSTEM32\IPHLPAPI.DLL
0x00007ffff1fc0000 - 0x00007ffff1fc9000 	C:\Windows\System32\NSI.dll
0x00007fffb6a10000 - 0x00007fffb6a59000 	C:\Users\kuber\AppData\Local\Temp\jna-102399717\jna16881879679118368354.dll
0x00007ffff2d90000 - 0x00007ffff2d98000 	C:\Windows\System32\PSAPI.DLL
0x00007fffeb860000 - 0x00007fffeb879000 	C:\Windows\SYSTEM32\dhcpcsvc6.DLL
0x00007fffeb6a0000 - 0x00007fffeb6bf000 	C:\Windows\SYSTEM32\dhcpcsvc.DLL

dbghelp: loaded successfully - version: 4.0.5 - missing functions: none
symbol engine: initialized successfully - sym options: 0x614 - pdb path: .;c:\Users\kuber\.vscode\extensions\redhat.java-1.40.0-win32-x64\jre\21.0.6-win32-x86_64\bin;C:\Windows\SYSTEM32;C:\Windows\WinSxS\amd64_microsoft.windows.common-controls_6595b64144ccf1df_6.0.22621.4391_none_2715d37f73803e96;c:\Users\kuber\.vscode\extensions\redhat.java-1.40.0-win32-x64\jre\21.0.6-win32-x86_64\bin\server;C:\Users\kuber\AppData\Roaming\Code\User\globalStorage\redhat.java\1.40.0\config_win\org.eclipse.equinox.launcher\org.eclipse.equinox.launcher.win32.win32.x86_64_1.2.1200.v20250212-0927;C:\Users\kuber\AppData\Local\Temp\jna-102399717

VM Arguments:
jvm_args: --add-modules=ALL-SYSTEM --add-opens=java.base/java.util=ALL-UNNAMED --add-opens=java.base/java.lang=ALL-UNNAMED --add-opens=java.base/sun.nio.fs=ALL-UNNAMED -Declipse.application=org.eclipse.jdt.ls.core.id1 -Dosgi.bundles.defaultStartLevel=4 -Declipse.product=org.eclipse.jdt.ls.core.product -Djava.import.generatesMetadataFilesAtProjectRoot=false -DDetectVMInstallationsJob.disabled=true -Dfile.encoding=utf8 -XX:+UseParallelGC -XX:GCTimeRatio=4 -XX:AdaptiveSizePolicyWeight=90 -Dsun.zip.disableMemoryMapping=true -Xmx1G -Xms100m -Xlog:disable -javaagent:c:\Users\kuber\.vscode\extensions\redhat.java-1.40.0-win32-x64\lombok\lombok-1.18.36.jar -XX:+HeapDumpOnOutOfMemoryError -XX:HeapDumpPath=c:\Users\kuber\AppData\Roaming\Code\User\workspaceStorage\0767b1f2905f8411273a4aa30b8beb70\redhat.java -Daether.dependencyCollector.impl=bf 
java_command: c:\Users\kuber\.vscode\extensions\redhat.java-1.40.0-win32-x64\server\plugins\org.eclipse.equinox.launcher_1.6.1000.v20250131-0606.jar -configuration c:\Users\kuber\AppData\Roaming\Code\User\globalStorage\redhat.java\1.40.0\config_win -data c:\Users\kuber\AppData\Roaming\Code\User\workspaceStorage\0767b1f2905f8411273a4aa30b8beb70\redhat.java\jdt_ws --pipe=\\.\pipe\lsp-a7ae09fee1c1dd96516bb09138da0574-sock
java_class_path (initial): c:\Users\kuber\.vscode\extensions\redhat.java-1.40.0-win32-x64\server\plugins\org.eclipse.equinox.launcher_1.6.1000.v20250131-0606.jar
Launcher Type: SUN_STANDARD

[Global flags]
    uintx AdaptiveSizePolicyWeight                 = 90                                        {product} {command line}
     intx CICompilerCount                          = 4                                         {product} {ergonomic}
    uintx GCTimeRatio                              = 4                                         {product} {command line}
     bool HeapDumpOnOutOfMemoryError               = true                                   {manageable} {command line}
    ccstr HeapDumpPath                             = c:\Users\kuber\AppData\Roaming\Code\User\workspaceStorage\0767b1f2905f8411273a4aa30b8beb70\redhat.java         {manageable} {command line}
   size_t InitialHeapSize                          = 104857600                                 {product} {command line}
   size_t MaxHeapSize                              = 1073741824                                {product} {command line}
   size_t MaxNewSize                               = 357564416                                 {product} {ergonomic}
   size_t MinHeapDeltaBytes                        = 524288                                    {product} {ergonomic}
   size_t MinHeapSize                              = 104857600                                 {product} {command line}
   size_t NewSize                                  = 34603008                                  {product} {ergonomic}
    uintx NonNMethodCodeHeapSize                   = 5839372                                {pd product} {ergonomic}
    uintx NonProfiledCodeHeapSize                  = 122909434                              {pd product} {ergonomic}
   size_t OldSize                                  = 70254592                                  {product} {ergonomic}
    uintx ProfiledCodeHeapSize                     = 122909434                              {pd product} {ergonomic}
    uintx ReservedCodeCacheSize                    = 251658240                              {pd product} {ergonomic}
     bool SegmentedCodeCache                       = true                                      {product} {ergonomic}
   size_t SoftMaxHeapSize                          = 1073741824                             {manageable} {ergonomic}
     bool UseCompressedOops                        = true                           {product lp64_product} {ergonomic}
     bool UseLargePagesIndividualAllocation        = false                                  {pd product} {ergonomic}
     bool UseParallelGC                            = true                                      {product} {command line}

Logging:
Log output configuration:
 #0: stdout all=off uptime,level,tags foldmultilines=false
 #1: stderr all=off uptime,level,tags foldmultilines=false

Environment Variables:
PATH=C:\Program Files\Common Files\Oracle\Java\javapath;C:\Windows\system32;C:\Windows;C:\Windows\System32\Wbem;C:\Windows\System32\WindowsPowerShell\v1.0\;C:\Windows\System32\OpenSSH\;C:\Program Files\dotnet\;C:\Program Files\Git\cmd;C:\Program Files\nodejs\;C:\ProgramData\chocolatey\bin;C:\Program Files\MySQL\MySQL Shell 8.0\bin\;C:\Users\kuber\AppData\Local\Microsoft\WindowsApps;C:\Users\kuber\.dotnet\tools;C:\Users\kuber\AppData\Local\Programs\Microsoft VS Code\bin;C:\Users\kuber\AppData\Roaming\npm
USERNAME=kuber
OS=Windows_NT
PROCESSOR_IDENTIFIER=AMD64 Family 23 Model 104 Stepping 1, AuthenticAMD
TMP=C:\Users\kuber\AppData\Local\Temp
TEMP=C:\Users\kuber\AppData\Local\Temp




Periodic native trim disabled

---------------  S Y S T E M  ---------------

OS:
 Windows 11 , 64 bit Build 22621 (10.0.22621.4391)
OS uptime: 31 days 21:28 hours
Hyper-V role detected

CPU: total 8 (initial active 8) (8 cores per cpu, 2 threads per core) family 23 model 104 stepping 1 microcode 0x0, cx8, cmov, fxsr, ht, mmx, 3dnowpref, sse, sse2, sse3, ssse3, sse4a, sse4.1, sse4.2, popcnt, lzcnt, tsc, tscinvbit, avx, avx2, aes, clmul, bmi1, bmi2, adx, sha, fma, vzeroupper, clflush, clflushopt, hv, rdtscp, rdpid, f16c
Processor Information for the first 8 processors :
  Max Mhz: 2600, Current Mhz: 2600, Mhz Limit: 2600

Memory: 4k page, system-wide physical 3429M (206M free)
TotalPageFile size 14181M (AvailPageFile size 6M)
current process WorkingSet (physical memory assigned to process): 225M, peak: 248M
current process commit charge ("private bytes"): 311M, peak: 313M

vm_info: OpenJDK 64-Bit Server VM (21.0.6+7-LTS) for windows-amd64 JRE (21.0.6+7-LTS), built on 2025-01-21T00:00:00Z by "admin" with MS VC++ 17.7 (VS2022)

END.
