#
# There is insufficient memory for the Java Runtime Environment to continue.
# Native memory allocation (malloc) failed to allocate 1791216 bytes. Error detail: Chunk::new
# Possible reasons:
#   The system is out of physical RAM or swap space
#   This process is running with CompressedOops enabled, and the Java Heap may be blocking the growth of the native heap
# Possible solutions:
#   Reduce memory load on the system
#   Increase physical memory or swap space
#   Check if swap backing store is full
#   Decrease Java heap size (-Xmx/-Xms)
#   Decrease number of Java threads
#   Decrease Java thread stack sizes (-Xss)
#   Set larger code cache with -XX:ReservedCodeCacheSize=
#   JVM is running with Unscaled Compressed Oops mode in which the Java heap is
#     placed in the first 4GB address space. The Java Heap base address is the
#     maximum limit for the native heap growth. Please use -XX:HeapBaseMinAddress
#     to set the Java Heap base and to place the Java Heap above 4GB virtual address.
# This output file may be truncated or incomplete.
#
#  Out of Memory Error (arena.cpp:168), pid=20940, tid=25344
#
# JRE version: OpenJDK Runtime Environment Temurin-21.0.6+7 (21.0.6+7) (build 21.0.6+7-LTS)
# Java VM: OpenJDK 64-Bit Server VM Temurin-21.0.6+7 (21.0.6+7-LTS, mixed mode, sharing, tiered, compressed oops, compressed class ptrs, parallel gc, windows-amd64)
# No core dump will be written. Minidumps are not enabled by default on client versions of Windows
#

---------------  S U M M A R Y ------------

Command Line: --add-modules=ALL-SYSTEM --add-opens=java.base/java.util=ALL-UNNAMED --add-opens=java.base/java.lang=ALL-UNNAMED --add-opens=java.base/sun.nio.fs=ALL-UNNAMED -Declipse.application=org.eclipse.jdt.ls.core.id1 -Dosgi.bundles.defaultStartLevel=4 -Declipse.product=org.eclipse.jdt.ls.core.product -Djava.import.generatesMetadataFilesAtProjectRoot=false -DDetectVMInstallationsJob.disabled=true -Dfile.encoding=utf8 -XX:+UseParallelGC -XX:GCTimeRatio=4 -XX:AdaptiveSizePolicyWeight=90 -Dsun.zip.disableMemoryMapping=true -Xmx1G -Xms100m -Xlog:disable -javaagent:c:\Users\kuber\.vscode\extensions\redhat.java-1.40.0-win32-x64\lombok\lombok-1.18.36.jar c:\Users\kuber\.vscode\extensions\redhat.java-1.40.0-win32-x64\server\plugins\org.eclipse.equinox.launcher_1.6.1000.v20250131-0606.jar -configuration c:\Users\kuber\AppData\Roaming\Code\User\globalStorage\redhat.java\1.40.0\config_ss_win -data c:\Users\kuber\AppData\Roaming\Code\User\workspaceStorage\0767b1f2905f8411273a4aa30b8beb70\redhat.java\ss_ws --pipe=\\.\pipe\lsp-248a4f5d6e7df2469ca612d799f8cc81-sock

Host: AMD Ryzen 3 5300U with Radeon Graphics         , 8 cores, 3G,  Windows 11 , 64 bit Build 22621 (10.0.22621.4391)
Time: Wed Mar 12 12:55:35 2025 India Standard Time elapsed time: 12.589919 seconds (0d 0h 0m 12s)

---------------  T H R E A D  ---------------

Current thread (0x000001f157dbd110):  JavaThread "C2 CompilerThread0" daemon [_thread_in_native, id=25344, stack(0x0000003bdc100000,0x0000003bdc200000) (1024K)]


Current CompileTask:
C2:12590 2666       4       org.lombokweb.asm.ClassReader::readMethod (1070 bytes)

Stack: [0x0000003bdc100000,0x0000003bdc200000]
Native frames: (J=compiled Java code, j=interpreted, Vv=VM code, C=native code)
V  [jvm.dll+0x6cdee9]
V  [jvm.dll+0x8a83d1]
V  [jvm.dll+0x8aa8fe]
V  [jvm.dll+0x8aafe3]
V  [jvm.dll+0x27f706]
V  [jvm.dll+0xc500d]
V  [jvm.dll+0xc5543]
V  [jvm.dll+0x3b6752]
V  [jvm.dll+0x1dfe13]
V  [jvm.dll+0x247b42]
V  [jvm.dll+0x246fcf]
V  [jvm.dll+0x1c75ee]
V  [jvm.dll+0x25685a]
V  [jvm.dll+0x254dfa]
V  [jvm.dll+0x3f0256]
V  [jvm.dll+0x851f8b]
V  [jvm.dll+0x6cc5ed]
C  [ucrtbase.dll+0x29333]
C  [KERNEL32.DLL+0x1259d]
C  [ntdll.dll+0x5af38]


---------------  P R O C E S S  ---------------

Threads class SMR info:
_java_thread_list=0x000001f15e3a2430, length=20, elements={
0x000001f1439f9dc0, 0x000001f157dae080, 0x000001f157dafc10, 0x000001f157db1b20,
0x000001f157db2a30, 0x000001f157db6860, 0x000001f157db82c0, 0x000001f157dbd110,
0x000001f157dc7a60, 0x000001f159832d50, 0x000001f159a748b0, 0x000001f15e5340d0,
0x000001f15e516620, 0x000001f15e3ce8d0, 0x000001f15e6728b0, 0x000001f15e715640,
0x000001f1599c8940, 0x000001f159ada270, 0x000001f15e8802b0, 0x000001f15e880940
}

Java Threads: ( => current thread )
  0x000001f1439f9dc0 JavaThread "main"                              [_thread_blocked, id=20848, stack(0x0000003bdb700000,0x0000003bdb800000) (1024K)]
  0x000001f157dae080 JavaThread "Reference Handler"          daemon [_thread_blocked, id=22856, stack(0x0000003bdbb00000,0x0000003bdbc00000) (1024K)]
  0x000001f157dafc10 JavaThread "Finalizer"                  daemon [_thread_blocked, id=21820, stack(0x0000003bdbc00000,0x0000003bdbd00000) (1024K)]
  0x000001f157db1b20 JavaThread "Signal Dispatcher"          daemon [_thread_blocked, id=23736, stack(0x0000003bdbd00000,0x0000003bdbe00000) (1024K)]
  0x000001f157db2a30 JavaThread "Attach Listener"            daemon [_thread_blocked, id=18836, stack(0x0000003bdbe00000,0x0000003bdbf00000) (1024K)]
  0x000001f157db6860 JavaThread "Service Thread"             daemon [_thread_blocked, id=24680, stack(0x0000003bdbf00000,0x0000003bdc000000) (1024K)]
  0x000001f157db82c0 JavaThread "Monitor Deflation Thread"   daemon [_thread_blocked, id=20540, stack(0x0000003bdc000000,0x0000003bdc100000) (1024K)]
=>0x000001f157dbd110 JavaThread "C2 CompilerThread0"         daemon [_thread_in_native, id=25344, stack(0x0000003bdc100000,0x0000003bdc200000) (1024K)]
  0x000001f157dc7a60 JavaThread "C1 CompilerThread0"         daemon [_thread_blocked, id=22680, stack(0x0000003bdc200000,0x0000003bdc300000) (1024K)]
  0x000001f159832d50 JavaThread "Common-Cleaner"             daemon [_thread_blocked, id=23652, stack(0x0000003bdc300000,0x0000003bdc400000) (1024K)]
  0x000001f159a748b0 JavaThread "Notification Thread"        daemon [_thread_blocked, id=20508, stack(0x0000003bdc400000,0x0000003bdc500000) (1024K)]
  0x000001f15e5340d0 JavaThread "Active Thread: Equinox Container: 4d39e2c0-2ad9-4065-a1e7-57e94f030f6b"        [_thread_blocked, id=23580, stack(0x0000003bdcb00000,0x0000003bdcc00000) (1024K)]
  0x000001f15e516620 JavaThread "Framework Event Dispatcher: Equinox Container: 4d39e2c0-2ad9-4065-a1e7-57e94f030f6b" daemon [_thread_blocked, id=9504, stack(0x0000003bdcc00000,0x0000003bdcd00000) (1024K)]
  0x000001f15e3ce8d0 JavaThread "Start Level: Equinox Container: 4d39e2c0-2ad9-4065-a1e7-57e94f030f6b" daemon [_thread_in_Java, id=21716, stack(0x0000003bdcd00000,0x0000003bdce00000) (1024K)]
  0x000001f15e6728b0 JavaThread "SCR Component Actor"        daemon [_thread_blocked, id=24552, stack(0x0000003bdce00000,0x0000003bdcf00000) (1024K)]
  0x000001f15e715640 JavaThread "Worker-JM"                         [_thread_blocked, id=20376, stack(0x0000003bdd100000,0x0000003bdd200000) (1024K)]
  0x000001f1599c8940 JavaThread "JNA Cleaner"                daemon [_thread_blocked, id=22524, stack(0x0000003bdd200000,0x0000003bdd300000) (1024K)]
  0x000001f159ada270 JavaThread "Worker-0"                          [_thread_blocked, id=22676, stack(0x0000003bdd300000,0x0000003bdd400000) (1024K)]
  0x000001f15e8802b0 JavaThread "Worker-1"                          [_thread_blocked, id=8684, stack(0x0000003bdd000000,0x0000003bdd100000) (1024K)]
  0x000001f15e880940 JavaThread "SCR Component Registry"     daemon [_thread_blocked, id=16572, stack(0x0000003bdd400000,0x0000003bdd500000) (1024K)]
Total: 20

Other Threads:
  0x000001f157d92a70 VMThread "VM Thread"                           [id=24540, stack(0x0000003bdba00000,0x0000003bdbb00000) (1024K)]
  0x000001f157ccca00 WatcherThread "VM Periodic Task Thread"        [id=25444, stack(0x0000003bdb900000,0x0000003bdba00000) (1024K)]
  0x000001f143a19dd0 WorkerThread "GC Thread#0"                     [id=10888, stack(0x0000003bdb800000,0x0000003bdb900000) (1024K)]
  0x000001f15e5ed530 WorkerThread "GC Thread#1"                     [id=20832, stack(0x0000003bdc500000,0x0000003bdc600000) (1024K)]
  0x000001f159b138d0 WorkerThread "GC Thread#2"                     [id=23320, stack(0x0000003bdc600000,0x0000003bdc700000) (1024K)]
  0x000001f159b13c70 WorkerThread "GC Thread#3"                     [id=22232, stack(0x0000003bdc700000,0x0000003bdc800000) (1024K)]
  0x000001f159b14010 WorkerThread "GC Thread#4"                     [id=19572, stack(0x0000003bdc800000,0x0000003bdc900000) (1024K)]
  0x000001f15e539450 WorkerThread "GC Thread#5"                     [id=13064, stack(0x0000003bdc900000,0x0000003bdca00000) (1024K)]
  0x000001f15e5397f0 WorkerThread "GC Thread#6"                     [id=22512, stack(0x0000003bdca00000,0x0000003bdcb00000) (1024K)]
  0x000001f15e3b6920 WorkerThread "GC Thread#7"                     [id=16784, stack(0x0000003bdcf00000,0x0000003bdd000000) (1024K)]
Total: 10

Threads with active compile tasks:
C2 CompilerThread0  12640 2666       4       org.lombokweb.asm.ClassReader::readMethod (1070 bytes)
Total: 1

VM state: not at safepoint (normal execution)

VM Mutex/Monitor currently owned by a thread: None

Heap address: 0x00000000c0000000, size: 1024 MB, Compressed Oops mode: 32-bit

CDS archive(s) mapped at: [0x000001f100000000-0x000001f100ba0000-0x000001f100ba0000), size 12189696, SharedBaseAddress: 0x000001f100000000, ArchiveRelocationMode: 1.
Compressed class space mapped at: 0x000001f101000000-0x000001f141000000, reserved size: 1073741824
Narrow klass base: 0x000001f100000000, Narrow klass shift: 0, Narrow klass range: 0x100000000

GC Precious Log:
 CardTable entry size: 512
 CPUs: 8 total, 8 available
 Memory: 3429M
 Large Page Support: Disabled
 NUMA Support: Disabled
 Compressed Oops: Enabled (32-bit)
 Alignments: Space 512K, Generation 512K, Heap 2M
 Heap Min Capacity: 100M
 Heap Initial Capacity: 100M
 Heap Max Capacity: 1G
 Pre-touch: Disabled
 Parallel Workers: 8

Heap:
 PSYoungGen      total 30208K, used 20151K [0x00000000eab00000, 0x00000000ece80000, 0x0000000100000000)
  eden space 25088K, 80% used [0x00000000eab00000,0x00000000ebeade60,0x00000000ec380000)
  from space 5120K, 0% used [0x00000000ec980000,0x00000000ec980000,0x00000000ece80000)
  to   space 5120K, 0% used [0x00000000ec480000,0x00000000ec480000,0x00000000ec980000)
 ParOldGen       total 68608K, used 8392K [0x00000000c0000000, 0x00000000c4300000, 0x00000000eab00000)
  object space 68608K, 12% used [0x00000000c0000000,0x00000000c0832300,0x00000000c4300000)
 Metaspace       used 21960K, committed 22592K, reserved 1114112K
  class space    used 2038K, committed 2304K, reserved 1048576K

Card table byte_map: [0x000001f1433c0000,0x000001f1435d0000] _byte_map_base: 0x000001f142dc0000

Marking Bits: (ParMarkBitMap*) 0x00007fff62733260
 Begin Bits: [0x000001f155bf0000, 0x000001f156bf0000)
 End Bits:   [0x000001f156bf0000, 0x000001f157bf0000)

Polling page: 0x000001f141900000

Metaspace:

Usage:
  Non-class:     19.46 MB used.
      Class:      1.99 MB used.
       Both:     21.45 MB used.

Virtual space:
  Non-class space:       64.00 MB reserved,      19.81 MB ( 31%) committed,  1 nodes.
      Class space:        1.00 GB reserved,       2.25 MB ( <1%) committed,  1 nodes.
             Both:        1.06 GB reserved,      22.06 MB (  2%) committed. 

Chunk freelists:
   Non-Class:  12.06 MB
       Class:  13.78 MB
        Both:  25.84 MB

MaxMetaspaceSize: unlimited
CompressedClassSpaceSize: 1.00 GB
Initial GC threshold: 21.00 MB
Current GC threshold: 35.00 MB
CDS: on
 - commit_granule_bytes: 65536.
 - commit_granule_words: 8192.
 - virtual_space_node_default_size: 8388608.
 - enlarge_chunks_in_place: 1.
 - use_allocation_guard: 0.


Internal statistics:

num_allocs_failed_limit: 3.
num_arena_births: 508.
num_arena_deaths: 14.
num_vsnodes_births: 2.
num_vsnodes_deaths: 0.
num_space_committed: 353.
num_space_uncommitted: 0.
num_chunks_returned_to_freelist: 17.
num_chunks_taken_from_freelist: 1359.
num_chunk_merges: 8.
num_chunk_splits: 891.
num_chunks_enlarged: 569.
num_inconsistent_stats: 0.

CodeHeap 'non-profiled nmethods': size=120000Kb used=1088Kb max_used=1088Kb free=118911Kb
 bounds [0x000001f14e6c0000, 0x000001f14e930000, 0x000001f155bf0000]
CodeHeap 'profiled nmethods': size=120000Kb used=5565Kb max_used=5565Kb free=114434Kb
 bounds [0x000001f146bf0000, 0x000001f147160000, 0x000001f14e120000]
CodeHeap 'non-nmethods': size=5760Kb used=1310Kb max_used=1310Kb free=4449Kb
 bounds [0x000001f14e120000, 0x000001f14e390000, 0x000001f14e6c0000]
 total_blobs=3369 nmethods=2776 adapters=499
 compilation: enabled
              stopped_count=0, restarted_count=0
 full_count=0

Compilation events (20 events):
Event: 12.544 Thread 0x000001f157dc7a60 2782       3       jdk.internal.reflect.MethodHandleObjectFieldAccessorImpl::fieldAccessor (96 bytes)
Event: 12.545 Thread 0x000001f157dc7a60 nmethod 2782 0x000001f147156710 code [0x000001f147156a20, 0x000001f147157938]
Event: 12.545 Thread 0x000001f157dc7a60 2783       3       java.util.ResourceBundle::getString (9 bytes)
Event: 12.545 Thread 0x000001f157dc7a60 nmethod 2783 0x000001f147157e10 code [0x000001f147157fc0, 0x000001f1471581e8]
Event: 12.545 Thread 0x000001f157dc7a60 2784       3       java.lang.invoke.LambdaForm$MH/0x000001f101108000::invoke (35 bytes)
Event: 12.546 Thread 0x000001f157dc7a60 nmethod 2784 0x000001f147158290 code [0x000001f147158480, 0x000001f147158a58]
Event: 12.546 Thread 0x000001f157dc7a60 2785       3       java.lang.invoke.DirectMethodHandle::ensureInitialized (8 bytes)
Event: 12.546 Thread 0x000001f157dc7a60 nmethod 2785 0x000001f147158c10 code [0x000001f147158e60, 0x000001f1471596f8]
Event: 12.546 Thread 0x000001f157dc7a60 2786       3       java.lang.invoke.DirectMethodHandle::ensureInitialized (23 bytes)
Event: 12.547 Thread 0x000001f157dc7a60 nmethod 2786 0x000001f147159a10 code [0x000001f147159c40, 0x000001f14715a3a0]
Event: 12.547 Thread 0x000001f157dc7a60 2788       3       java.util.PropertyResourceBundle::handleGetObject (23 bytes)
Event: 12.547 Thread 0x000001f157dc7a60 nmethod 2788 0x000001f14715a690 code [0x000001f14715a860, 0x000001f14715ab30]
Event: 12.547 Thread 0x000001f157dc7a60 2789  s!   3       org.eclipse.osgi.util.NLS$MessagesProperties::put (154 bytes)
Event: 12.550 Thread 0x000001f157dc7a60 nmethod 2789 0x000001f14715ac10 code [0x000001f14715b060, 0x000001f14715ccb8]
Event: 12.550 Thread 0x000001f157dc7a60 2787       3       java.lang.invoke.DirectMethodHandle::checkInitialized (28 bytes)
Event: 12.551 Thread 0x000001f157dc7a60 nmethod 2787 0x000001f14715d710 code [0x000001f14715d920, 0x000001f14715ddc0]
Event: 12.551 Thread 0x000001f157dc7a60 2790       3       java.lang.invoke.LambdaForm$MH/0x000001f101171400::invoke (39 bytes)
Event: 12.552 Thread 0x000001f157dc7a60 nmethod 2790 0x000001f14715df90 code [0x000001f14715e1e0, 0x000001f14715eea0]
Event: 12.552 Thread 0x000001f157dc7a60 2791       3       org.eclipse.core.internal.dtree.AbstractDataTreeNode::childAtOrNull (21 bytes)
Event: 12.553 Thread 0x000001f157dc7a60 nmethod 2791 0x000001f14715f210 code [0x000001f14715f3c0, 0x000001f14715f630]

GC Heap History (14 events):
Event: 1.698 GC heap before
{Heap before GC invocations=1 (full 0):
 PSYoungGen      total 29696K, used 25600K [0x00000000eab00000, 0x00000000ecc00000, 0x0000000100000000)
  eden space 25600K, 100% used [0x00000000eab00000,0x00000000ec400000,0x00000000ec400000)
  from space 4096K, 0% used [0x00000000ec800000,0x00000000ec800000,0x00000000ecc00000)
  to   space 4096K, 0% used [0x00000000ec400000,0x00000000ec400000,0x00000000ec800000)
 ParOldGen       total 68608K, used 0K [0x00000000c0000000, 0x00000000c4300000, 0x00000000eab00000)
  object space 68608K, 0% used [0x00000000c0000000,0x00000000c0000000,0x00000000c4300000)
 Metaspace       used 4340K, committed 4544K, reserved 1114112K
  class space    used 436K, committed 512K, reserved 1048576K
}
Event: 1.712 GC heap after
{Heap after GC invocations=1 (full 0):
 PSYoungGen      total 29696K, used 3166K [0x00000000eab00000, 0x00000000ecc00000, 0x0000000100000000)
  eden space 25600K, 0% used [0x00000000eab00000,0x00000000eab00000,0x00000000ec400000)
  from space 4096K, 77% used [0x00000000ec400000,0x00000000ec717ab0,0x00000000ec800000)
  to   space 4096K, 0% used [0x00000000ec800000,0x00000000ec800000,0x00000000ecc00000)
 ParOldGen       total 68608K, used 16K [0x00000000c0000000, 0x00000000c4300000, 0x00000000eab00000)
  object space 68608K, 0% used [0x00000000c0000000,0x00000000c0004000,0x00000000c4300000)
 Metaspace       used 4340K, committed 4544K, reserved 1114112K
  class space    used 436K, committed 512K, reserved 1048576K
}
Event: 4.072 GC heap before
{Heap before GC invocations=2 (full 0):
 PSYoungGen      total 29696K, used 28766K [0x00000000eab00000, 0x00000000ecc00000, 0x0000000100000000)
  eden space 25600K, 100% used [0x00000000eab00000,0x00000000ec400000,0x00000000ec400000)
  from space 4096K, 77% used [0x00000000ec400000,0x00000000ec717ab0,0x00000000ec800000)
  to   space 4096K, 0% used [0x00000000ec800000,0x00000000ec800000,0x00000000ecc00000)
 ParOldGen       total 68608K, used 16K [0x00000000c0000000, 0x00000000c4300000, 0x00000000eab00000)
  object space 68608K, 0% used [0x00000000c0000000,0x00000000c0004000,0x00000000c4300000)
 Metaspace       used 8160K, committed 8512K, reserved 1114112K
  class space    used 805K, committed 960K, reserved 1048576K
}
Event: 4.083 GC heap after
{Heap after GC invocations=2 (full 0):
 PSYoungGen      total 29696K, used 4078K [0x00000000eab00000, 0x00000000ecc00000, 0x0000000100000000)
  eden space 25600K, 0% used [0x00000000eab00000,0x00000000eab00000,0x00000000ec400000)
  from space 4096K, 99% used [0x00000000ec800000,0x00000000ecbfbaa0,0x00000000ecc00000)
  to   space 4096K, 0% used [0x00000000ec400000,0x00000000ec400000,0x00000000ec800000)
 ParOldGen       total 68608K, used 860K [0x00000000c0000000, 0x00000000c4300000, 0x00000000eab00000)
  object space 68608K, 1% used [0x00000000c0000000,0x00000000c00d72f8,0x00000000c4300000)
 Metaspace       used 8160K, committed 8512K, reserved 1114112K
  class space    used 805K, committed 960K, reserved 1048576K
}
Event: 6.612 GC heap before
{Heap before GC invocations=3 (full 0):
 PSYoungGen      total 29696K, used 29658K [0x00000000eab00000, 0x00000000ecc00000, 0x0000000100000000)
  eden space 25600K, 99% used [0x00000000eab00000,0x00000000ec3fb100,0x00000000ec400000)
  from space 4096K, 99% used [0x00000000ec800000,0x00000000ecbfbaa0,0x00000000ecc00000)
  to   space 4096K, 0% used [0x00000000ec400000,0x00000000ec400000,0x00000000ec800000)
 ParOldGen       total 68608K, used 860K [0x00000000c0000000, 0x00000000c4300000, 0x00000000eab00000)
  object space 68608K, 1% used [0x00000000c0000000,0x00000000c00d72f8,0x00000000c4300000)
 Metaspace       used 12947K, committed 13376K, reserved 1114112K
  class space    used 1297K, committed 1472K, reserved 1048576K
}
Event: 6.619 GC heap after
{Heap after GC invocations=3 (full 0):
 PSYoungGen      total 29696K, used 4083K [0x00000000eab00000, 0x00000000ecc00000, 0x0000000100000000)
  eden space 25600K, 0% used [0x00000000eab00000,0x00000000eab00000,0x00000000ec400000)
  from space 4096K, 99% used [0x00000000ec400000,0x00000000ec7fce08,0x00000000ec800000)
  to   space 4096K, 0% used [0x00000000ec800000,0x00000000ec800000,0x00000000ecc00000)
 ParOldGen       total 68608K, used 2768K [0x00000000c0000000, 0x00000000c4300000, 0x00000000eab00000)
  object space 68608K, 4% used [0x00000000c0000000,0x00000000c02b40e8,0x00000000c4300000)
 Metaspace       used 12947K, committed 13376K, reserved 1114112K
  class space    used 1297K, committed 1472K, reserved 1048576K
}
Event: 10.734 GC heap before
{Heap before GC invocations=4 (full 0):
 PSYoungGen      total 29696K, used 29521K [0x00000000eab00000, 0x00000000ecc00000, 0x0000000100000000)
  eden space 25600K, 99% used [0x00000000eab00000,0x00000000ec3d77b8,0x00000000ec400000)
  from space 4096K, 99% used [0x00000000ec400000,0x00000000ec7fce08,0x00000000ec800000)
  to   space 4096K, 0% used [0x00000000ec800000,0x00000000ec800000,0x00000000ecc00000)
 ParOldGen       total 68608K, used 2768K [0x00000000c0000000, 0x00000000c4300000, 0x00000000eab00000)
  object space 68608K, 4% used [0x00000000c0000000,0x00000000c02b40e8,0x00000000c4300000)
 Metaspace       used 16854K, committed 17536K, reserved 1114112K
  class space    used 1691K, committed 1984K, reserved 1048576K
}
Event: 10.743 GC heap after
{Heap after GC invocations=4 (full 0):
 PSYoungGen      total 29696K, used 4090K [0x00000000eab00000, 0x00000000ecc00000, 0x0000000100000000)
  eden space 25600K, 0% used [0x00000000eab00000,0x00000000eab00000,0x00000000ec400000)
  from space 4096K, 99% used [0x00000000ec800000,0x00000000ecbfebb8,0x00000000ecc00000)
  to   space 4096K, 0% used [0x00000000ec400000,0x00000000ec400000,0x00000000ec800000)
 ParOldGen       total 68608K, used 5800K [0x00000000c0000000, 0x00000000c4300000, 0x00000000eab00000)
  object space 68608K, 8% used [0x00000000c0000000,0x00000000c05aa248,0x00000000c4300000)
 Metaspace       used 16854K, committed 17536K, reserved 1114112K
  class space    used 1691K, committed 1984K, reserved 1048576K
}
Event: 11.566 GC heap before
{Heap before GC invocations=5 (full 0):
 PSYoungGen      total 29696K, used 29690K [0x00000000eab00000, 0x00000000ecc00000, 0x0000000100000000)
  eden space 25600K, 100% used [0x00000000eab00000,0x00000000ec400000,0x00000000ec400000)
  from space 4096K, 99% used [0x00000000ec800000,0x00000000ecbfebb8,0x00000000ecc00000)
  to   space 4096K, 0% used [0x00000000ec400000,0x00000000ec400000,0x00000000ec800000)
 ParOldGen       total 68608K, used 5800K [0x00000000c0000000, 0x00000000c4300000, 0x00000000eab00000)
  object space 68608K, 8% used [0x00000000c0000000,0x00000000c05aa248,0x00000000c4300000)
 Metaspace       used 20223K, committed 20928K, reserved 1114112K
  class space    used 1936K, committed 2240K, reserved 1048576K
}
Event: 11.570 GC heap after
{Heap after GC invocations=5 (full 0):
 PSYoungGen      total 29184K, used 4075K [0x00000000eab00000, 0x00000000ecf80000, 0x0000000100000000)
  eden space 25088K, 0% used [0x00000000eab00000,0x00000000eab00000,0x00000000ec380000)
  from space 4096K, 99% used [0x00000000ec400000,0x00000000ec7faed8,0x00000000ec800000)
  to   space 6144K, 0% used [0x00000000ec980000,0x00000000ec980000,0x00000000ecf80000)
 ParOldGen       total 68608K, used 6891K [0x00000000c0000000, 0x00000000c4300000, 0x00000000eab00000)
  object space 68608K, 10% used [0x00000000c0000000,0x00000000c06baeb0,0x00000000c4300000)
 Metaspace       used 20223K, committed 20928K, reserved 1114112K
  class space    used 1936K, committed 2240K, reserved 1048576K
}
Event: 11.686 GC heap before
{Heap before GC invocations=6 (full 0):
 PSYoungGen      total 29184K, used 9121K [0x00000000eab00000, 0x00000000ecf80000, 0x0000000100000000)
  eden space 25088K, 20% used [0x00000000eab00000,0x00000000eafed550,0x00000000ec380000)
  from space 4096K, 99% used [0x00000000ec400000,0x00000000ec7faed8,0x00000000ec800000)
  to   space 6144K, 0% used [0x00000000ec980000,0x00000000ec980000,0x00000000ecf80000)
 ParOldGen       total 68608K, used 6891K [0x00000000c0000000, 0x00000000c4300000, 0x00000000eab00000)
  object space 68608K, 10% used [0x00000000c0000000,0x00000000c06baeb0,0x00000000c4300000)
 Metaspace       used 20857K, committed 21504K, reserved 1114112K
  class space    used 1980K, committed 2240K, reserved 1048576K
}
Event: 11.691 GC heap after
{Heap after GC invocations=6 (full 0):
 PSYoungGen      total 30208K, used 4750K [0x00000000eab00000, 0x00000000ece80000, 0x0000000100000000)
  eden space 25088K, 0% used [0x00000000eab00000,0x00000000eab00000,0x00000000ec380000)
  from space 5120K, 92% used [0x00000000ec980000,0x00000000ece23a08,0x00000000ece80000)
  to   space 5120K, 0% used [0x00000000ec480000,0x00000000ec480000,0x00000000ec980000)
 ParOldGen       total 68608K, used 6891K [0x00000000c0000000, 0x00000000c4300000, 0x00000000eab00000)
  object space 68608K, 10% used [0x00000000c0000000,0x00000000c06baeb0,0x00000000c4300000)
 Metaspace       used 20857K, committed 21504K, reserved 1114112K
  class space    used 1980K, committed 2240K, reserved 1048576K
}
Event: 11.691 GC heap before
{Heap before GC invocations=7 (full 1):
 PSYoungGen      total 30208K, used 4750K [0x00000000eab00000, 0x00000000ece80000, 0x0000000100000000)
  eden space 25088K, 0% used [0x00000000eab00000,0x00000000eab00000,0x00000000ec380000)
  from space 5120K, 92% used [0x00000000ec980000,0x00000000ece23a08,0x00000000ece80000)
  to   space 5120K, 0% used [0x00000000ec480000,0x00000000ec480000,0x00000000ec980000)
 ParOldGen       total 68608K, used 6891K [0x00000000c0000000, 0x00000000c4300000, 0x00000000eab00000)
  object space 68608K, 10% used [0x00000000c0000000,0x00000000c06baeb0,0x00000000c4300000)
 Metaspace       used 20857K, committed 21504K, reserved 1114112K
  class space    used 1980K, committed 2240K, reserved 1048576K
}
Event: 11.756 GC heap after
{Heap after GC invocations=7 (full 1):
 PSYoungGen      total 30208K, used 0K [0x00000000eab00000, 0x00000000ece80000, 0x0000000100000000)
  eden space 25088K, 0% used [0x00000000eab00000,0x00000000eab00000,0x00000000ec380000)
  from space 5120K, 0% used [0x00000000ec980000,0x00000000ec980000,0x00000000ece80000)
  to   space 5120K, 0% used [0x00000000ec480000,0x00000000ec480000,0x00000000ec980000)
 ParOldGen       total 68608K, used 8392K [0x00000000c0000000, 0x00000000c4300000, 0x00000000eab00000)
  object space 68608K, 12% used [0x00000000c0000000,0x00000000c0832300,0x00000000c4300000)
 Metaspace       used 20844K, committed 21504K, reserved 1114112K
  class space    used 1976K, committed 2240K, reserved 1048576K
}

Dll operation events (10 events):
Event: 0.039 Loaded shared library c:\Users\kuber\.vscode\extensions\redhat.java-1.40.0-win32-x64\jre\21.0.6-win32-x86_64\bin\java.dll
Event: 0.229 Loaded shared library c:\Users\kuber\.vscode\extensions\redhat.java-1.40.0-win32-x64\jre\21.0.6-win32-x86_64\bin\zip.dll
Event: 0.268 Loaded shared library C:\Users\kuber\.vscode\extensions\redhat.java-1.40.0-win32-x64\jre\21.0.6-win32-x86_64\bin\instrument.dll
Event: 0.277 Loaded shared library C:\Users\kuber\.vscode\extensions\redhat.java-1.40.0-win32-x64\jre\21.0.6-win32-x86_64\bin\net.dll
Event: 0.282 Loaded shared library C:\Users\kuber\.vscode\extensions\redhat.java-1.40.0-win32-x64\jre\21.0.6-win32-x86_64\bin\nio.dll
Event: 0.286 Loaded shared library C:\Users\kuber\.vscode\extensions\redhat.java-1.40.0-win32-x64\jre\21.0.6-win32-x86_64\bin\zip.dll
Event: 0.329 Loaded shared library C:\Users\kuber\.vscode\extensions\redhat.java-1.40.0-win32-x64\jre\21.0.6-win32-x86_64\bin\jimage.dll
Event: 0.453 Loaded shared library c:\Users\kuber\.vscode\extensions\redhat.java-1.40.0-win32-x64\jre\21.0.6-win32-x86_64\bin\verify.dll
Event: 3.668 Loaded shared library C:\Users\kuber\AppData\Roaming\Code\User\globalStorage\redhat.java\1.40.0\config_ss_win\org.eclipse.equinox.launcher\org.eclipse.equinox.launcher.win32.win32.x86_64_1.2.1200.v20250212-0927\eclipse_11909.dll
Event: 9.623 Loaded shared library C:\Users\kuber\AppData\Local\Temp\jna-102399717\jna1903412482905266465.dll

Deoptimization events (20 events):
Event: 11.453 Thread 0x000001f15e3ce8d0 DEOPT PACKING pc=0x000001f14e7ceda4 sp=0x0000003bdcdf23a0
Event: 11.453 Thread 0x000001f15e3ce8d0 DEOPT UNPACKING pc=0x000001f14e173aa2 sp=0x0000003bdcdf22a8 mode 2
Event: 11.989 Thread 0x000001f15e3ce8d0 Uncommon trap: trap_request=0xffffffcc fr.pc=0x000001f14e7c41fc relative=0x000000000000033c
Event: 11.989 Thread 0x000001f15e3ce8d0 Uncommon trap: reason=intrinsic_or_type_checked_inlining action=make_not_entrant pc=0x000001f14e7c41fc method=java.util.Arrays.copyOf([Ljava/lang/Object;ILjava/lang/Class;)[Ljava/lang/Object; @ 35 c2
Event: 11.989 Thread 0x000001f15e3ce8d0 DEOPT PACKING pc=0x000001f14e7c41fc sp=0x0000003bdcdf90a0
Event: 11.989 Thread 0x000001f15e3ce8d0 DEOPT UNPACKING pc=0x000001f14e173aa2 sp=0x0000003bdcdf9030 mode 2
Event: 12.343 Thread 0x000001f15e3ce8d0 Uncommon trap: trap_request=0xffffff45 fr.pc=0x000001f14e747c10 relative=0x0000000000000fb0
Event: 12.343 Thread 0x000001f15e3ce8d0 Uncommon trap: reason=unstable_if action=reinterpret pc=0x000001f14e747c10 method=jdk.internal.jimage.ImageStringsReader.stringFromByteBufferMatches(Ljava/nio/ByteBuffer;ILjava/lang/String;I)I @ 48 c2
Event: 12.343 Thread 0x000001f15e3ce8d0 DEOPT PACKING pc=0x000001f14e747c10 sp=0x0000003bdcdf7720
Event: 12.343 Thread 0x000001f15e3ce8d0 DEOPT UNPACKING pc=0x000001f14e173aa2 sp=0x0000003bdcdf7458 mode 2
Event: 12.434 Thread 0x000001f15e3ce8d0 DEOPT PACKING pc=0x000001f146d132a6 sp=0x0000003bdcdf7930
Event: 12.434 Thread 0x000001f15e3ce8d0 DEOPT UNPACKING pc=0x000001f14e174242 sp=0x0000003bdcdf6e28 mode 0
Event: 12.434 Thread 0x000001f15e3ce8d0 DEOPT PACKING pc=0x000001f146d132a6 sp=0x0000003bdcdf7930
Event: 12.434 Thread 0x000001f15e3ce8d0 DEOPT UNPACKING pc=0x000001f14e174242 sp=0x0000003bdcdf6e28 mode 0
Event: 12.435 Thread 0x000001f15e3ce8d0 DEOPT PACKING pc=0x000001f146d132a6 sp=0x0000003bdcdf7930
Event: 12.435 Thread 0x000001f15e3ce8d0 DEOPT UNPACKING pc=0x000001f14e174242 sp=0x0000003bdcdf6e28 mode 0
Event: 12.552 Thread 0x000001f15e3ce8d0 Uncommon trap: trap_request=0xffffffc6 fr.pc=0x000001f14e7300f0 relative=0x0000000000000a70
Event: 12.552 Thread 0x000001f15e3ce8d0 Uncommon trap: reason=bimorphic_or_optimized_type_check action=maybe_recompile pc=0x000001f14e7300f0 method=java.util.HashMap.putVal(ILjava/lang/Object;Ljava/lang/Object;ZZ)Ljava/lang/Object; @ 56 c2
Event: 12.552 Thread 0x000001f15e3ce8d0 DEOPT PACKING pc=0x000001f14e7300f0 sp=0x0000003bdcdf9520
Event: 12.552 Thread 0x000001f15e3ce8d0 DEOPT UNPACKING pc=0x000001f14e173aa2 sp=0x0000003bdcdf9420 mode 2

Classes loaded (20 events):
Event: 10.621 Loading class java/io/StringReader
Event: 10.622 Loading class java/io/StringReader done
Event: 10.634 Loading class java/net/SocketTimeoutException
Event: 10.635 Loading class java/io/InterruptedIOException
Event: 10.635 Loading class java/io/InterruptedIOException done
Event: 10.635 Loading class java/net/SocketTimeoutException done
Event: 10.635 Loading class java/net/SocketException
Event: 10.636 Loading class java/net/SocketException done
Event: 10.637 Loading class java/net/UnknownHostException
Event: 10.637 Loading class java/net/UnknownHostException done
Event: 10.637 Loading class java/net/ProtocolException
Event: 10.637 Loading class java/net/ProtocolException done
Event: 10.692 Loading class java/lang/ThreadLocal$SuppliedThreadLocal
Event: 10.693 Loading class java/lang/ThreadLocal$SuppliedThreadLocal done
Event: 10.881 Loading class java/io/FileWriter
Event: 10.882 Loading class java/io/FileWriter done
Event: 10.898 Loading class java/lang/NegativeArraySizeException
Event: 10.898 Loading class java/lang/NegativeArraySizeException done
Event: 12.065 Loading class org/w3c/dom/DOMException
Event: 12.066 Loading class org/w3c/dom/DOMException done

Classes unloaded (7 events):
Event: 11.698 Thread 0x000001f157d92a70 Unloading class 0x000001f10117b000 'java/lang/invoke/LambdaForm$MH+0x000001f10117b000'
Event: 11.698 Thread 0x000001f157d92a70 Unloading class 0x000001f10117ac00 'java/lang/invoke/LambdaForm$MH+0x000001f10117ac00'
Event: 11.698 Thread 0x000001f157d92a70 Unloading class 0x000001f10117a800 'java/lang/invoke/LambdaForm$MH+0x000001f10117a800'
Event: 11.698 Thread 0x000001f157d92a70 Unloading class 0x000001f10117a400 'java/lang/invoke/LambdaForm$MH+0x000001f10117a400'
Event: 11.698 Thread 0x000001f157d92a70 Unloading class 0x000001f10117a000 'java/lang/invoke/LambdaForm$BMH+0x000001f10117a000'
Event: 11.698 Thread 0x000001f157d92a70 Unloading class 0x000001f101179c00 'java/lang/invoke/LambdaForm$DMH+0x000001f101179c00'
Event: 11.698 Thread 0x000001f157d92a70 Unloading class 0x000001f101178800 'java/lang/invoke/LambdaForm$DMH+0x000001f101178800'

Classes redefined (0 events):
No events

Internal exceptions (20 events):
Event: 7.512 Thread 0x000001f15e3ce8d0 Exception <a 'java/lang/NoSuchMethodError'{0x00000000eb3de458}: 'java.lang.Object java.lang.invoke.DirectMethodHandle$Holder.invokeStaticInit(java.lang.Object, int, int, int, int)'> (0x00000000eb3de458) 
thrown [s\src\hotspot\share\interpreter\linkResolver.cpp, line 773]
Event: 7.651 Thread 0x000001f15e3ce8d0 Exception <a 'java/lang/NoSuchMethodError'{0x00000000eb4e71a8}: 'java.lang.Object java.lang.invoke.DirectMethodHandle$Holder.invokeStaticInit(java.lang.Object, java.lang.Object, int, int, int, int)'> (0x00000000eb4e71a8) 
thrown [s\src\hotspot\share\interpreter\linkResolver.cpp, line 773]
Event: 9.738 Thread 0x000001f15e3ce8d0 Exception <a 'java/lang/NoSuchMethodError'{0x00000000eb5e6ba8}: 'void java.lang.invoke.DirectMethodHandle$Holder.invokeSpecial(java.lang.Object, java.lang.Object, java.lang.Object, int)'> (0x00000000eb5e6ba8) 
thrown [s\src\hotspot\share\interpreter\linkResolver.cpp, line 773]
Event: 9.751 Thread 0x000001f15e3ce8d0 Exception <a 'java/lang/NoSuchMethodError'{0x00000000eb5ea538}: 'void java.lang.invoke.DelegatingMethodHandle$Holder.reinvoke_L(java.lang.Object, java.lang.Object, int)'> (0x00000000eb5ea538) 
thrown [s\src\hotspot\share\interpreter\linkResolver.cpp, line 773]
Event: 9.755 Thread 0x000001f15e3ce8d0 Exception <a 'java/lang/NoSuchMethodError'{0x00000000eb5f1270}: 'int java.lang.invoke.Invokers$Holder.invokeExact_MT(java.lang.Object, java.lang.Object, java.lang.Object)'> (0x00000000eb5f1270) 
thrown [s\src\hotspot\share\interpreter\linkResolver.cpp, line 773]
Event: 9.986 Thread 0x000001f15e3ce8d0 Exception <a 'java/lang/NoSuchMethodError'{0x00000000eb6f9630}: 'void java.lang.invoke.Invokers$Holder.invokeExact_MT(java.lang.Object, java.lang.Object, int, java.lang.Object)'> (0x00000000eb6f9630) 
thrown [s\src\hotspot\share\interpreter\linkResolver.cpp, line 773]
Event: 10.089 Thread 0x000001f15e3ce8d0 Exception <a 'java/lang/NoSuchMethodError'{0x00000000eb7e1f08}: 'java.lang.Object java.lang.invoke.DirectMethodHandle$Holder.invokeSpecial(java.lang.Object, java.lang.Object, java.lang.Object, long, java.lang.Object)'> (0x00000000eb7e1f08) 
thrown [s\src\hotspot\share\interpreter\linkResolver.cpp, line 773]
Event: 10.090 Thread 0x000001f15e3ce8d0 Exception <a 'java/lang/NoSuchMethodError'{0x00000000eb7e98e0}: 'java.lang.Object java.lang.invoke.DirectMethodHandle$Holder.newInvokeSpecial(java.lang.Object, java.lang.Object, java.lang.Object, long)'> (0x00000000eb7e98e0) 
thrown [s\src\hotspot\share\interpreter\linkResolver.cpp, line 773]
Event: 10.091 Thread 0x000001f15e3ce8d0 Exception <a 'java/lang/NoSuchMethodError'{0x00000000eb7ed560}: 'java.lang.Object java.lang.invoke.Invokers$Holder.linkToTargetMethod(java.lang.Object, java.lang.Object, long, java.lang.Object)'> (0x00000000eb7ed560) 
thrown [s\src\hotspot\share\interpreter\linkResolver.cpp, line 773]
Event: 10.148 Thread 0x000001f15e3ce8d0 Exception <a 'java/lang/NoSuchMethodError'{0x00000000eb85f358}: 'int java.lang.invoke.DirectMethodHandle$Holder.invokeStaticInit(java.lang.Object, java.lang.Object, java.lang.Object)'> (0x00000000eb85f358) 
thrown [s\src\hotspot\share\interpreter\linkResolver.cpp, line 773]
Event: 10.373 Thread 0x000001f15e3ce8d0 Exception <a 'java/lang/IncompatibleClassChangeError'{0x00000000eba7cbd8}: Found class java.lang.Object, but interface was expected> (0x00000000eba7cbd8) 
thrown [s\src\hotspot\share\interpreter\linkResolver.cpp, line 840]
Event: 10.389 Thread 0x000001f15e3ce8d0 Exception <a 'java/lang/NoSuchMethodError'{0x00000000eba92838}: 'java.lang.Object java.lang.invoke.DirectMethodHandle$Holder.invokeSpecial(java.lang.Object, java.lang.Object, java.lang.Object, int, java.lang.Object, java.lang.Object)'> (0x00000000eba92838) 
thrown [s\src\hotspot\share\interpreter\linkResolver.cpp, line 773]
Event: 10.391 Thread 0x000001f15e3ce8d0 Exception <a 'java/lang/NoSuchMethodError'{0x00000000eba9e578}: 'java.lang.Object java.lang.invoke.DirectMethodHandle$Holder.newInvokeSpecial(java.lang.Object, java.lang.Object, java.lang.Object, int, java.lang.Object)'> (0x00000000eba9e578) 
thrown [s\src\hotspot\share\interpreter\linkResolver.cpp, line 773]
Event: 10.393 Thread 0x000001f15e3ce8d0 Exception <a 'java/lang/NoSuchMethodError'{0x00000000ebaa2068}: 'java.lang.Object java.lang.invoke.Invokers$Holder.linkToTargetMethod(java.lang.Object, java.lang.Object, int, java.lang.Object, java.lang.Object)'> (0x00000000ebaa2068) 
thrown [s\src\hotspot\share\interpreter\linkResolver.cpp, line 773]
Event: 10.395 Thread 0x000001f159ada270 Exception <a 'java/lang/NoSuchMethodError'{0x00000000eb829da8}: 'java.lang.Object java.lang.invoke.DirectMethodHandle$Holder.invokeSpecial(java.lang.Object, java.lang.Object, int, java.lang.Object, java.lang.Object)'> (0x00000000eb829da8) 
thrown [s\src\hotspot\share\interpreter\linkResolver.cpp, line 773]
Event: 10.396 Thread 0x000001f159ada270 Exception <a 'java/lang/NoSuchMethodError'{0x00000000eb830ae0}: 'java.lang.Object java.lang.invoke.DirectMethodHandle$Holder.newInvokeSpecial(java.lang.Object, java.lang.Object, int, java.lang.Object)'> (0x00000000eb830ae0) 
thrown [s\src\hotspot\share\interpreter\linkResolver.cpp, line 773]
Event: 10.446 Thread 0x000001f15e3ce8d0 Exception <a 'java/lang/NoSuchMethodError'{0x00000000ebba3d60}: 'void java.lang.invoke.DirectMethodHandle$Holder.invokeSpecial(java.lang.Object, java.lang.Object, java.lang.Object, java.lang.Object, java.lang.Object)'> (0x00000000ebba3d60) 
thrown [s\src\hotspot\share\interpreter\linkResolver.cpp, line 773]
Event: 10.523 Thread 0x000001f15e3ce8d0 Exception <a 'java/lang/NoSuchMethodError'{0x00000000ebdc6f50}: 'double java.lang.invoke.DirectMethodHandle$Holder.invokeStatic(java.lang.Object, java.lang.Object)'> (0x00000000ebdc6f50) 
thrown [s\src\hotspot\share\interpreter\linkResolver.cpp, line 773]
Event: 10.531 Thread 0x000001f15e3ce8d0 Exception <a 'java/lang/NoSuchMethodError'{0x00000000ebdca610}: 'double java.lang.invoke.DirectMethodHandle$Holder.invokeStaticInit(java.lang.Object, java.lang.Object)'> (0x00000000ebdca610) 
thrown [s\src\hotspot\share\interpreter\linkResolver.cpp, line 773]
Event: 11.453 Thread 0x000001f15e3ce8d0 Implicit null exception at 0x000001f14e7ce5f5 to 0x000001f14e7ce6d0

ZGC Phase Switch (0 events):
No events

VM Operations (20 events):
Event: 7.621 Executing VM operation: Cleanup
Event: 7.621 Executing VM operation: Cleanup done
Event: 8.628 Executing VM operation: Cleanup
Event: 8.628 Executing VM operation: Cleanup done
Event: 9.684 Executing VM operation: HandshakeAllThreads (Deoptimize)
Event: 9.684 Executing VM operation: HandshakeAllThreads (Deoptimize) done
Event: 10.238 Executing VM operation: HandshakeAllThreads (Deoptimize)
Event: 10.238 Executing VM operation: HandshakeAllThreads (Deoptimize) done
Event: 10.238 Executing VM operation: Cleanup
Event: 10.238 Executing VM operation: Cleanup done
Event: 10.338 Executing VM operation: HandshakeAllThreads (Deoptimize)
Event: 10.338 Executing VM operation: HandshakeAllThreads (Deoptimize) done
Event: 10.734 Executing VM operation: ParallelGCFailedAllocation (Allocation Failure)
Event: 10.744 Executing VM operation: ParallelGCFailedAllocation (Allocation Failure) done
Event: 11.566 Executing VM operation: ParallelGCFailedAllocation (Allocation Failure)
Event: 11.570 Executing VM operation: ParallelGCFailedAllocation (Allocation Failure) done
Event: 11.686 Executing VM operation: CollectForMetadataAllocation (Metadata GC Threshold)
Event: 11.756 Executing VM operation: CollectForMetadataAllocation (Metadata GC Threshold) done
Event: 12.378 Executing VM operation: HandshakeAllThreads (Deoptimize)
Event: 12.378 Executing VM operation: HandshakeAllThreads (Deoptimize) done

Memory protections (0 events):
No events

Nmethod flushes (0 events):
No events

Events (20 events):
Event: 0.158 Thread 0x000001f1439f9dc0 Thread added: 0x000001f157dafc10
Event: 0.160 Thread 0x000001f1439f9dc0 Thread added: 0x000001f157db1b20
Event: 0.160 Thread 0x000001f1439f9dc0 Thread added: 0x000001f157db2a30
Event: 0.160 Thread 0x000001f1439f9dc0 Thread added: 0x000001f157db6860
Event: 0.160 Thread 0x000001f1439f9dc0 Thread added: 0x000001f157db82c0
Event: 0.160 Thread 0x000001f1439f9dc0 Thread added: 0x000001f157dbd110
Event: 0.161 Thread 0x000001f1439f9dc0 Thread added: 0x000001f157dc7a60
Event: 0.201 Thread 0x000001f1439f9dc0 Thread added: 0x000001f159832d50
Event: 0.574 Thread 0x000001f1439f9dc0 Thread added: 0x000001f159a748b0
Event: 2.478 Thread 0x000001f1439f9dc0 Thread added: 0x000001f15e5340d0
Event: 3.574 Thread 0x000001f1439f9dc0 Thread added: 0x000001f15e516620
Event: 3.590 Thread 0x000001f1439f9dc0 Thread added: 0x000001f15e3ce8d0
Event: 3.919 Thread 0x000001f15e3ce8d0 Thread added: 0x000001f15e6728b0
Event: 4.449 Thread 0x000001f15e3ce8d0 Thread added: 0x000001f15e66a180
Event: 5.988 Thread 0x000001f15e3ce8d0 Thread added: 0x000001f15e715640
Event: 9.823 Thread 0x000001f15e3ce8d0 Thread added: 0x000001f1599c8940
Event: 10.099 Thread 0x000001f15e3ce8d0 Thread added: 0x000001f159ada270
Event: 10.222 Thread 0x000001f15e66a180 Thread exited: 0x000001f15e66a180
Event: 10.396 Thread 0x000001f15e3ce8d0 Thread added: 0x000001f15e8802b0
Event: 10.397 Thread 0x000001f15e3ce8d0 Thread added: 0x000001f15e880940


Dynamic libraries:
0x00007ff7b0ae0000 - 0x00007ff7b0aee000 	c:\Users\kuber\.vscode\extensions\redhat.java-1.40.0-win32-x64\jre\21.0.6-win32-x86_64\bin\java.exe
0x00007ffff2ff0000 - 0x00007ffff3207000 	C:\Windows\SYSTEM32\ntdll.dll
0x00007ffff2260000 - 0x00007ffff2324000 	C:\Windows\System32\KERNEL32.DLL
0x00007ffff0950000 - 0x00007ffff0d09000 	C:\Windows\System32\KERNELBASE.dll
0x00007ffff02f0000 - 0x00007ffff0401000 	C:\Windows\System32\ucrtbase.dll
0x00007fffda8e0000 - 0x00007fffda8f8000 	c:\Users\kuber\.vscode\extensions\redhat.java-1.40.0-win32-x64\jre\21.0.6-win32-x86_64\bin\jli.dll
0x00007fffd9690000 - 0x00007fffd96ae000 	c:\Users\kuber\.vscode\extensions\redhat.java-1.40.0-win32-x64\jre\21.0.6-win32-x86_64\bin\VCRUNTIME140.dll
0x00007ffff1fd0000 - 0x00007ffff217e000 	C:\Windows\System32\USER32.dll
0x00007ffff0780000 - 0x00007ffff07a6000 	C:\Windows\System32\win32u.dll
0x00007ffff2da0000 - 0x00007ffff2dc9000 	C:\Windows\System32\GDI32.dll
0x00007ffff0410000 - 0x00007ffff052b000 	C:\Windows\System32\gdi32full.dll
0x00007ffff06e0000 - 0x00007ffff077a000 	C:\Windows\System32\msvcp_win.dll
0x00007fffdeb00000 - 0x00007fffded92000 	C:\Windows\WinSxS\amd64_microsoft.windows.common-controls_6595b64144ccf1df_6.0.22621.4391_none_2715d37f73803e96\COMCTL32.dll
0x00007ffff1770000 - 0x00007ffff1817000 	C:\Windows\System32\msvcrt.dll
0x00007ffff2d50000 - 0x00007ffff2d81000 	C:\Windows\System32\IMM32.DLL
0x00007fffda8b0000 - 0x00007fffda8bc000 	c:\Users\kuber\.vscode\extensions\redhat.java-1.40.0-win32-x64\jre\21.0.6-win32-x86_64\bin\vcruntime140_1.dll
0x00007fffcd090000 - 0x00007fffcd11d000 	c:\Users\kuber\.vscode\extensions\redhat.java-1.40.0-win32-x64\jre\21.0.6-win32-x86_64\bin\msvcp140.dll
0x00007fff61a80000 - 0x00007fff62810000 	c:\Users\kuber\.vscode\extensions\redhat.java-1.40.0-win32-x64\jre\21.0.6-win32-x86_64\bin\server\jvm.dll
0x00007ffff2180000 - 0x00007ffff2232000 	C:\Windows\System32\ADVAPI32.dll
0x00007ffff2440000 - 0x00007ffff24e7000 	C:\Windows\System32\sechost.dll
0x00007ffff0920000 - 0x00007ffff0948000 	C:\Windows\System32\bcrypt.dll
0x00007ffff1590000 - 0x00007ffff16a4000 	C:\Windows\System32\RPCRT4.dll
0x00007ffff1f40000 - 0x00007ffff1fb1000 	C:\Windows\System32\WS2_32.dll
0x00007fffeb000000 - 0x00007fffeb034000 	C:\Windows\SYSTEM32\WINMM.dll
0x00007ffff01c0000 - 0x00007ffff020d000 	C:\Windows\SYSTEM32\POWRPROF.dll
0x00007fffe5e50000 - 0x00007fffe5e5a000 	C:\Windows\SYSTEM32\VERSION.dll
0x00007ffff01a0000 - 0x00007ffff01b3000 	C:\Windows\SYSTEM32\UMPDC.dll
0x00007fffef2f0000 - 0x00007fffef308000 	C:\Windows\SYSTEM32\kernel.appcore.dll
0x00007fffd9fc0000 - 0x00007fffd9fca000 	c:\Users\kuber\.vscode\extensions\redhat.java-1.40.0-win32-x64\jre\21.0.6-win32-x86_64\bin\jimage.dll
0x00007fffe4e70000 - 0x00007fffe50a2000 	C:\Windows\SYSTEM32\DBGHELP.DLL
0x00007ffff1820000 - 0x00007ffff1baf000 	C:\Windows\System32\combase.dll
0x00007ffff2ed0000 - 0x00007ffff2fa7000 	C:\Windows\System32\OLEAUT32.dll
0x00007fffe4e00000 - 0x00007fffe4e32000 	C:\Windows\SYSTEM32\dbgcore.DLL
0x00007ffff05f0000 - 0x00007ffff066b000 	C:\Windows\System32\bcryptPrimitives.dll
0x00007fffd9660000 - 0x00007fffd966f000 	c:\Users\kuber\.vscode\extensions\redhat.java-1.40.0-win32-x64\jre\21.0.6-win32-x86_64\bin\instrument.dll
0x00007fffd9610000 - 0x00007fffd962f000 	c:\Users\kuber\.vscode\extensions\redhat.java-1.40.0-win32-x64\jre\21.0.6-win32-x86_64\bin\java.dll
0x00007ffff0d10000 - 0x00007ffff1586000 	C:\Windows\System32\SHELL32.dll
0x00007fffee1e0000 - 0x00007fffeeae3000 	C:\Windows\SYSTEM32\windows.storage.dll
0x00007fffee0a0000 - 0x00007fffee1df000 	C:\Windows\SYSTEM32\wintypes.dll
0x00007ffff2dd0000 - 0x00007ffff2ec9000 	C:\Windows\System32\SHCORE.dll
0x00007ffff1710000 - 0x00007ffff176e000 	C:\Windows\System32\shlwapi.dll
0x00007ffff0220000 - 0x00007ffff024b000 	C:\Windows\SYSTEM32\profapi.dll
0x00007fffd8540000 - 0x00007fffd8558000 	c:\Users\kuber\.vscode\extensions\redhat.java-1.40.0-win32-x64\jre\21.0.6-win32-x86_64\bin\zip.dll
0x00007fffd9570000 - 0x00007fffd9580000 	C:\Users\kuber\.vscode\extensions\redhat.java-1.40.0-win32-x64\jre\21.0.6-win32-x86_64\bin\net.dll
0x00007fffeba50000 - 0x00007fffebb86000 	C:\Windows\SYSTEM32\WINHTTP.dll
0x00007fffef760000 - 0x00007fffef7c9000 	C:\Windows\system32\mswsock.dll
0x00007fffd8170000 - 0x00007fffd8186000 	C:\Users\kuber\.vscode\extensions\redhat.java-1.40.0-win32-x64\jre\21.0.6-win32-x86_64\bin\nio.dll
0x00007fffd9510000 - 0x00007fffd9520000 	c:\Users\kuber\.vscode\extensions\redhat.java-1.40.0-win32-x64\jre\21.0.6-win32-x86_64\bin\verify.dll
0x00007fffd4220000 - 0x00007fffd4265000 	C:\Users\kuber\AppData\Roaming\Code\User\globalStorage\redhat.java\1.40.0\config_ss_win\org.eclipse.equinox.launcher\org.eclipse.equinox.launcher.win32.win32.x86_64_1.2.1200.v20250212-0927\eclipse_11909.dll
0x00007ffff1bb0000 - 0x00007ffff1d55000 	C:\Windows\System32\ole32.dll
0x00007fffefab0000 - 0x00007fffefacb000 	C:\Windows\SYSTEM32\CRYPTSP.dll
0x00007fffef250000 - 0x00007fffef285000 	C:\Windows\system32\rsaenh.dll
0x00007fffef800000 - 0x00007fffef828000 	C:\Windows\SYSTEM32\USERENV.dll
0x00007fffefa90000 - 0x00007fffefa9c000 	C:\Windows\SYSTEM32\CRYPTBASE.dll
0x00007fffeed50000 - 0x00007fffeed7d000 	C:\Windows\SYSTEM32\IPHLPAPI.DLL
0x00007ffff1fc0000 - 0x00007ffff1fc9000 	C:\Windows\System32\NSI.dll
0x00007fffc9cd0000 - 0x00007fffc9d19000 	C:\Users\kuber\AppData\Local\Temp\jna-102399717\jna1903412482905266465.dll
0x00007ffff2d90000 - 0x00007ffff2d98000 	C:\Windows\System32\PSAPI.DLL

dbghelp: loaded successfully - version: 4.0.5 - missing functions: none
symbol engine: initialized successfully - sym options: 0x614 - pdb path: .;c:\Users\kuber\.vscode\extensions\redhat.java-1.40.0-win32-x64\jre\21.0.6-win32-x86_64\bin;C:\Windows\SYSTEM32;C:\Windows\WinSxS\amd64_microsoft.windows.common-controls_6595b64144ccf1df_6.0.22621.4391_none_2715d37f73803e96;c:\Users\kuber\.vscode\extensions\redhat.java-1.40.0-win32-x64\jre\21.0.6-win32-x86_64\bin\server;C:\Users\kuber\AppData\Roaming\Code\User\globalStorage\redhat.java\1.40.0\config_ss_win\org.eclipse.equinox.launcher\org.eclipse.equinox.launcher.win32.win32.x86_64_1.2.1200.v20250212-0927;C:\Users\kuber\AppData\Local\Temp\jna-102399717

VM Arguments:
jvm_args: --add-modules=ALL-SYSTEM --add-opens=java.base/java.util=ALL-UNNAMED --add-opens=java.base/java.lang=ALL-UNNAMED --add-opens=java.base/sun.nio.fs=ALL-UNNAMED -Declipse.application=org.eclipse.jdt.ls.core.id1 -Dosgi.bundles.defaultStartLevel=4 -Declipse.product=org.eclipse.jdt.ls.core.product -Djava.import.generatesMetadataFilesAtProjectRoot=false -DDetectVMInstallationsJob.disabled=true -Dfile.encoding=utf8 -XX:+UseParallelGC -XX:GCTimeRatio=4 -XX:AdaptiveSizePolicyWeight=90 -Dsun.zip.disableMemoryMapping=true -Xmx1G -Xms100m -Xlog:disable -javaagent:c:\Users\kuber\.vscode\extensions\redhat.java-1.40.0-win32-x64\lombok\lombok-1.18.36.jar 
java_command: c:\Users\kuber\.vscode\extensions\redhat.java-1.40.0-win32-x64\server\plugins\org.eclipse.equinox.launcher_1.6.1000.v20250131-0606.jar -configuration c:\Users\kuber\AppData\Roaming\Code\User\globalStorage\redhat.java\1.40.0\config_ss_win -data c:\Users\kuber\AppData\Roaming\Code\User\workspaceStorage\0767b1f2905f8411273a4aa30b8beb70\redhat.java\ss_ws --pipe=\\.\pipe\lsp-248a4f5d6e7df2469ca612d799f8cc81-sock
java_class_path (initial): c:\Users\kuber\.vscode\extensions\redhat.java-1.40.0-win32-x64\server\plugins\org.eclipse.equinox.launcher_1.6.1000.v20250131-0606.jar
Launcher Type: SUN_STANDARD

[Global flags]
    uintx AdaptiveSizePolicyWeight                 = 90                                        {product} {command line}
     intx CICompilerCount                          = 4                                         {product} {ergonomic}
    uintx GCTimeRatio                              = 4                                         {product} {command line}
   size_t InitialHeapSize                          = 104857600                                 {product} {command line}
   size_t MaxHeapSize                              = 1073741824                                {product} {command line}
   size_t MaxNewSize                               = 357564416                                 {product} {ergonomic}
   size_t MinHeapDeltaBytes                        = 524288                                    {product} {ergonomic}
   size_t MinHeapSize                              = 104857600                                 {product} {command line}
   size_t NewSize                                  = 34603008                                  {product} {ergonomic}
    uintx NonNMethodCodeHeapSize                   = 5839372                                {pd product} {ergonomic}
    uintx NonProfiledCodeHeapSize                  = 122909434                              {pd product} {ergonomic}
   size_t OldSize                                  = 70254592                                  {product} {ergonomic}
    uintx ProfiledCodeHeapSize                     = 122909434                              {pd product} {ergonomic}
    uintx ReservedCodeCacheSize                    = 251658240                              {pd product} {ergonomic}
     bool SegmentedCodeCache                       = true                                      {product} {ergonomic}
   size_t SoftMaxHeapSize                          = 1073741824                             {manageable} {ergonomic}
     bool UseCompressedOops                        = true                           {product lp64_product} {ergonomic}
     bool UseLargePagesIndividualAllocation        = false                                  {pd product} {ergonomic}
     bool UseParallelGC                            = true                                      {product} {command line}

Logging:
Log output configuration:
 #0: stdout all=off uptime,level,tags foldmultilines=false
 #1: stderr all=off uptime,level,tags foldmultilines=false

Environment Variables:
PATH=C:\Program Files\Common Files\Oracle\Java\javapath;C:\Windows\system32;C:\Windows;C:\Windows\System32\Wbem;C:\Windows\System32\WindowsPowerShell\v1.0\;C:\Windows\System32\OpenSSH\;C:\Program Files\dotnet\;C:\Program Files\Git\cmd;C:\Program Files\nodejs\;C:\ProgramData\chocolatey\bin;C:\Program Files\MySQL\MySQL Shell 8.0\bin\;C:\Users\kuber\AppData\Local\Microsoft\WindowsApps;C:\Users\kuber\.dotnet\tools;C:\Users\kuber\AppData\Local\Programs\Microsoft VS Code\bin;C:\Users\kuber\AppData\Roaming\npm
USERNAME=kuber
OS=Windows_NT
PROCESSOR_IDENTIFIER=AMD64 Family 23 Model 104 Stepping 1, AuthenticAMD
TMP=C:\Users\kuber\AppData\Local\Temp
TEMP=C:\Users\kuber\AppData\Local\Temp




Periodic native trim disabled

---------------  S Y S T E M  ---------------

OS:
 Windows 11 , 64 bit Build 22621 (10.0.22621.4391)
OS uptime: 31 days 21:50 hours
Hyper-V role detected

CPU: total 8 (initial active 8) (8 cores per cpu, 2 threads per core) family 23 model 104 stepping 1 microcode 0x0, cx8, cmov, fxsr, ht, mmx, 3dnowpref, sse, sse2, sse3, ssse3, sse4a, sse4.1, sse4.2, popcnt, lzcnt, tsc, tscinvbit, avx, avx2, aes, clmul, bmi1, bmi2, adx, sha, fma, vzeroupper, clflush, clflushopt, hv, rdtscp, rdpid, f16c
Processor Information for the first 8 processors :
  Max Mhz: 2600, Current Mhz: 2600, Mhz Limit: 2600

Memory: 4k page, system-wide physical 3429M (16M free)
TotalPageFile size 14181M (AvailPageFile size 0M)
current process WorkingSet (physical memory assigned to process): 129M, peak: 131M
current process commit charge ("private bytes"): 246M, peak: 248M

vm_info: OpenJDK 64-Bit Server VM (21.0.6+7-LTS) for windows-amd64 JRE (21.0.6+7-LTS), built on 2025-01-21T00:00:00Z by "admin" with MS VC++ 17.7 (VS2022)

END.
