#
# There is insufficient memory for the Java Runtime Environment to continue.
# Native memory allocation (malloc) failed to allocate 454800 bytes for Chunk::new
# Possible reasons:
#   The system is out of physical RAM or swap space
#   The process is running with CompressedOops enabled, and the Java Heap may be blocking the growth of the native heap
# Possible solutions:
#   Reduce memory load on the system
#   Increase physical memory or swap space
#   Check if swap backing store is full
#   Decrease Java heap size (-Xmx/-Xms)
#   Decrease number of Java threads
#   Decrease Java thread stack sizes (-Xss)
#   Set larger code cache with -XX:ReservedCodeCacheSize=
#   JVM is running with Unscaled Compressed Oops mode in which the Java heap is
#     placed in the first 4GB address space. The Java Heap base address is the
#     maximum limit for the native heap growth. Please use -XX:HeapBaseMinAddress
#     to set the Java Heap base and to place the Java Heap above 4GB virtual address.
# This output file may be truncated or incomplete.
#
#  Out of Memory Error (arena.cpp:168), pid=10904, tid=20516
#
# JRE version: Java(TM) SE Runtime Environment (21.0.5+9) (build 21.0.5+9-LTS-239)
# Java VM: Java HotSpot(TM) 64-Bit Server VM (21.0.5+9-LTS-239, mixed mode, sharing, tiered, compressed oops, compressed class ptrs, g1 gc, windows-amd64)
# No core dump will be written. Minidumps are not enabled by default on client versions of Windows
#

---------------  S U M M A R Y ------------

Command Line: -Dclassworlds.conf=C:\Users\kuber\.m2\wrapper\dists\apache-maven-3.9.9\977a63e90f436cd6ade95b4c0e10c20c\bin\m2.conf -Dmaven.home=C:\Users\kuber\.m2\wrapper\dists\apache-maven-3.9.9\977a63e90f436cd6ade95b4c0e10c20c -Dlibrary.jansi.path=C:\Users\kuber\.m2\wrapper\dists\apache-maven-3.9.9\977a63e90f436cd6ade95b4c0e10c20c\lib\jansi-native -Dmaven.multiModuleProjectDirectory=d:\Siddhant\coding\banking\OnlineBanking org.codehaus.plexus.classworlds.launcher.Launcher -B -N -DgraphFormat=text -DshowDuplicates -DshowConflicts -DshowVersions -DshowGroupIds -DoutputDirectory=c:\Users\kuber\AppData\Roaming\Code\User\workspaceStorage\0767b1f2905f8411273a4aa30b8beb70\vscjava.vscode-maven -DoutputFileName=ac1c4e3a099642dfae9cb1a4b454420e.deps.txt com.github.ferstl:depgraph-maven-plugin:4.0.2:graph -f d:\Siddhant\coding\banking\OnlineBanking\pom.xml

Host: AMD Ryzen 3 5300U with Radeon Graphics         , 8 cores, 3G,  Windows 11 , 64 bit Build 22621 (10.0.22621.4391)
Time: Wed Mar 12 12:52:58 2025 India Standard Time elapsed time: 3.614643 seconds (0d 0h 0m 3s)

---------------  T H R E A D  ---------------

Current thread (0x00000162d186c960):  JavaThread "C2 CompilerThread0" daemon [_thread_in_native, id=20516, stack(0x00000060b6300000,0x00000060b6400000) (1024K)]


Current CompileTask:
C2:   3614 3652   !   4       java.util.zip.InflaterInputStream::read (129 bytes)

Stack: [0x00000060b6300000,0x00000060b6400000]
Native frames: (J=compiled Java code, j=interpreted, Vv=VM code, C=native code)
V  [jvm.dll+0x6ca289]
V  [jvm.dll+0x854a51]
V  [jvm.dll+0x856f7e]
V  [jvm.dll+0x857653]
V  [jvm.dll+0x27dd26]
V  [jvm.dll+0xc4c2d]
V  [jvm.dll+0xc5163]
V  [jvm.dll+0x3b4d3c]
V  [jvm.dll+0x3814b5]
V  [jvm.dll+0x38092a]
V  [jvm.dll+0x246910]
V  [jvm.dll+0x245eef]
V  [jvm.dll+0x1c6d0e]
V  [jvm.dll+0x2554d9]
V  [jvm.dll+0x253a6a]
V  [jvm.dll+0x3ee136]
V  [jvm.dll+0x7fee9b]
V  [jvm.dll+0x6c896d]
C  [ucrtbase.dll+0x29333]
C  [KERNEL32.DLL+0x1259d]
C  [ntdll.dll+0x5af38]


---------------  P R O C E S S  ---------------

Threads class SMR info:
_java_thread_list=0x00000162d1e29e60, length=11, elements={
0x00000162b46c9850, 0x00000162d185b940, 0x00000162d185c850, 0x00000162d185f440,
0x00000162d1861ea0, 0x00000162d186a900, 0x00000162d186b5d0, 0x00000162d186c960,
0x00000162d1872920, 0x00000162d1b0eae0, 0x00000162d1b13730
}

Java Threads: ( => current thread )
  0x00000162b46c9850 JavaThread "main"                              [_thread_in_Java, id=24560, stack(0x00000060b5500000,0x00000060b5600000) (1024K)]
  0x00000162d185b940 JavaThread "Reference Handler"          daemon [_thread_blocked, id=7520, stack(0x00000060b5d00000,0x00000060b5e00000) (1024K)]
  0x00000162d185c850 JavaThread "Finalizer"                  daemon [_thread_blocked, id=24652, stack(0x00000060b5e00000,0x00000060b5f00000) (1024K)]
  0x00000162d185f440 JavaThread "Signal Dispatcher"          daemon [_thread_blocked, id=12328, stack(0x00000060b5f00000,0x00000060b6000000) (1024K)]
  0x00000162d1861ea0 JavaThread "Attach Listener"            daemon [_thread_blocked, id=22952, stack(0x00000060b6000000,0x00000060b6100000) (1024K)]
  0x00000162d186a900 JavaThread "Service Thread"             daemon [_thread_blocked, id=9956, stack(0x00000060b6100000,0x00000060b6200000) (1024K)]
  0x00000162d186b5d0 JavaThread "Monitor Deflation Thread"   daemon [_thread_blocked, id=24976, stack(0x00000060b6200000,0x00000060b6300000) (1024K)]
=>0x00000162d186c960 JavaThread "C2 CompilerThread0"         daemon [_thread_in_native, id=20516, stack(0x00000060b6300000,0x00000060b6400000) (1024K)]
  0x00000162d1872920 JavaThread "C1 CompilerThread0"         daemon [_thread_blocked, id=26448, stack(0x00000060b6400000,0x00000060b6500000) (1024K)]
  0x00000162d1b0eae0 JavaThread "Notification Thread"        daemon [_thread_blocked, id=13140, stack(0x00000060b6500000,0x00000060b6600000) (1024K)]
  0x00000162d1b13730 JavaThread "Common-Cleaner"             daemon [_thread_blocked, id=24572, stack(0x00000060b6600000,0x00000060b6700000) (1024K)]
Total: 11

Other Threads:
  0x00000162d1846bf0 VMThread "VM Thread"                           [id=20548, stack(0x00000060b5c00000,0x00000060b5d00000) (1024K)]
  0x00000162d183ca20 WatcherThread "VM Periodic Task Thread"        [id=23428, stack(0x00000060b5b00000,0x00000060b5c00000) (1024K)]
  0x00000162b46fcea0 WorkerThread "GC Thread#0"                     [id=25976, stack(0x00000060b5600000,0x00000060b5700000) (1024K)]
  0x0000016317367c10 WorkerThread "GC Thread#1"                     [id=4336, stack(0x00000060b6700000,0x00000060b6800000) (1024K)]
  0x0000016317917f90 WorkerThread "GC Thread#2"                     [id=24448, stack(0x00000060b6800000,0x00000060b6900000) (1024K)]
  0x0000016317918330 WorkerThread "GC Thread#3"                     [id=24660, stack(0x00000060b6900000,0x00000060b6a00000) (1024K)]
  0x00000163179186d0 WorkerThread "GC Thread#4"                     [id=25564, stack(0x00000060b6a00000,0x00000060b6b00000) (1024K)]
  0x0000016317918a70 WorkerThread "GC Thread#5"                     [id=1964, stack(0x00000060b6b00000,0x00000060b6c00000) (1024K)]
  0x0000016317918e10 WorkerThread "GC Thread#6"                     [id=6088, stack(0x00000060b6c00000,0x00000060b6d00000) (1024K)]
  0x00000163179191b0 WorkerThread "GC Thread#7"                     [id=26524, stack(0x00000060b6d00000,0x00000060b6e00000) (1024K)]
  0x00000162b47049c0 ConcurrentGCThread "G1 Main Marker"            [id=4332, stack(0x00000060b5700000,0x00000060b5800000) (1024K)]
  0x00000162b4706490 WorkerThread "G1 Conc#0"                       [id=14224, stack(0x00000060b5800000,0x00000060b5900000) (1024K)]
  0x00000162b4774440 ConcurrentGCThread "G1 Refine#0"               [id=13676, stack(0x00000060b5900000,0x00000060b5a00000) (1024K)]
  0x00000162b47763d0 ConcurrentGCThread "G1 Service"                [id=18688, stack(0x00000060b5a00000,0x00000060b5b00000) (1024K)]
Total: 14

Threads with active compile tasks:
C2 CompilerThread0     3638 3652   !   4       java.util.zip.InflaterInputStream::read (129 bytes)
Total: 1

VM state: not at safepoint (normal execution)

VM Mutex/Monitor currently owned by a thread: None

Heap address: 0x00000000ca600000, size: 858 MB, Compressed Oops mode: 32-bit

CDS archive(s) mapped at: [0x00000162d2000000-0x00000162d2c90000-0x00000162d2c90000), size 13172736, SharedBaseAddress: 0x00000162d2000000, ArchiveRelocationMode: 1.
Compressed class space mapped at: 0x00000162d3000000-0x0000016313000000, reserved size: 1073741824
Narrow klass base: 0x00000162d2000000, Narrow klass shift: 0, Narrow klass range: 0x100000000

GC Precious Log:
 CardTable entry size: 512
 Card Set container configuration: InlinePtr #cards 5 size 8 Array Of Cards #cards 12 size 40 Howl #buckets 4 coarsen threshold 1843 Howl Bitmap #cards 512 size 80 coarsen threshold 460 Card regions per heap region 1 cards per card region 2048
 CPUs: 8 total, 8 available
 Memory: 3429M
 Large Page Support: Disabled
 NUMA Support: Disabled
 Compressed Oops: Enabled (32-bit)
 Heap Region Size: 1M
 Heap Min Capacity: 8M
 Heap Initial Capacity: 54M
 Heap Max Capacity: 858M
 Pre-touch: Disabled
 Parallel Workers: 8
 Concurrent Workers: 2
 Concurrent Refinement Workers: 8
 Periodic GC: Disabled

Heap:
 garbage-first heap   total 55296K, used 35633K [0x00000000ca600000, 0x0000000100000000)
  region size 1024K, 32 young (32768K), 4 survivors (4096K)
 Metaspace       used 18334K, committed 18624K, reserved 1114112K
  class space    used 2113K, committed 2240K, reserved 1048576K

Heap Regions: E=young(eden), S=young(survivor), O=old, HS=humongous(starts), HC=humongous(continues), CS=collection set, F=free, TAMS=top-at-mark-start, PB=parsable bottom
|   0|0x00000000ca600000, 0x00000000ca700000, 0x00000000ca700000|100%| O|  |TAMS 0x00000000ca600000| PB 0x00000000ca600000| Untracked 
|   1|0x00000000ca700000, 0x00000000ca800000, 0x00000000ca800000|100%| O|  |TAMS 0x00000000ca700000| PB 0x00000000ca700000| Untracked 
|   2|0x00000000ca800000, 0x00000000ca900000, 0x00000000ca900000|100%| O|  |TAMS 0x00000000ca800000| PB 0x00000000ca800000| Untracked 
|   3|0x00000000ca900000, 0x00000000caa00000, 0x00000000caa00000|100%| O|  |TAMS 0x00000000ca900000| PB 0x00000000ca900000| Untracked 
|   4|0x00000000caa00000, 0x00000000caacc600, 0x00000000cab00000| 79%| O|  |TAMS 0x00000000caa00000| PB 0x00000000caa00000| Untracked 
|   5|0x00000000cab00000, 0x00000000cab00000, 0x00000000cac00000|  0%| F|  |TAMS 0x00000000cab00000| PB 0x00000000cab00000| Untracked 
|   6|0x00000000cac00000, 0x00000000cac00000, 0x00000000cad00000|  0%| F|  |TAMS 0x00000000cac00000| PB 0x00000000cac00000| Untracked 
|   7|0x00000000cad00000, 0x00000000cad00000, 0x00000000cae00000|  0%| F|  |TAMS 0x00000000cad00000| PB 0x00000000cad00000| Untracked 
|   8|0x00000000cae00000, 0x00000000cae00000, 0x00000000caf00000|  0%| F|  |TAMS 0x00000000cae00000| PB 0x00000000cae00000| Untracked 
|   9|0x00000000caf00000, 0x00000000caf00000, 0x00000000cb000000|  0%| F|  |TAMS 0x00000000caf00000| PB 0x00000000caf00000| Untracked 
|  10|0x00000000cb000000, 0x00000000cb000000, 0x00000000cb100000|  0%| F|  |TAMS 0x00000000cb000000| PB 0x00000000cb000000| Untracked 
|  11|0x00000000cb100000, 0x00000000cb100000, 0x00000000cb200000|  0%| F|  |TAMS 0x00000000cb100000| PB 0x00000000cb100000| Untracked 
|  12|0x00000000cb200000, 0x00000000cb200000, 0x00000000cb300000|  0%| F|  |TAMS 0x00000000cb200000| PB 0x00000000cb200000| Untracked 
|  13|0x00000000cb300000, 0x00000000cb300000, 0x00000000cb400000|  0%| F|  |TAMS 0x00000000cb300000| PB 0x00000000cb300000| Untracked 
|  14|0x00000000cb400000, 0x00000000cb400000, 0x00000000cb500000|  0%| F|  |TAMS 0x00000000cb400000| PB 0x00000000cb400000| Untracked 
|  15|0x00000000cb500000, 0x00000000cb500000, 0x00000000cb600000|  0%| F|  |TAMS 0x00000000cb500000| PB 0x00000000cb500000| Untracked 
|  16|0x00000000cb600000, 0x00000000cb600000, 0x00000000cb700000|  0%| F|  |TAMS 0x00000000cb600000| PB 0x00000000cb600000| Untracked 
|  17|0x00000000cb700000, 0x00000000cb700000, 0x00000000cb800000|  0%| F|  |TAMS 0x00000000cb700000| PB 0x00000000cb700000| Untracked 
|  18|0x00000000cb800000, 0x00000000cb900000, 0x00000000cb900000|100%| S|CS|TAMS 0x00000000cb800000| PB 0x00000000cb800000| Complete 
|  19|0x00000000cb900000, 0x00000000cba00000, 0x00000000cba00000|100%| S|CS|TAMS 0x00000000cb900000| PB 0x00000000cb900000| Complete 
|  20|0x00000000cba00000, 0x00000000cbb00000, 0x00000000cbb00000|100%| S|CS|TAMS 0x00000000cba00000| PB 0x00000000cba00000| Complete 
|  21|0x00000000cbb00000, 0x00000000cbc00000, 0x00000000cbc00000|100%| S|CS|TAMS 0x00000000cbb00000| PB 0x00000000cbb00000| Complete 
|  22|0x00000000cbc00000, 0x00000000cbc00000, 0x00000000cbd00000|  0%| F|  |TAMS 0x00000000cbc00000| PB 0x00000000cbc00000| Untracked 
|  23|0x00000000cbd00000, 0x00000000cbd00000, 0x00000000cbe00000|  0%| F|  |TAMS 0x00000000cbd00000| PB 0x00000000cbd00000| Untracked 
|  24|0x00000000cbe00000, 0x00000000cbe00000, 0x00000000cbf00000|  0%| F|  |TAMS 0x00000000cbe00000| PB 0x00000000cbe00000| Untracked 
|  25|0x00000000cbf00000, 0x00000000cbf00000, 0x00000000cc000000|  0%| F|  |TAMS 0x00000000cbf00000| PB 0x00000000cbf00000| Untracked 
|  26|0x00000000cc000000, 0x00000000cc100000, 0x00000000cc100000|100%| E|  |TAMS 0x00000000cc000000| PB 0x00000000cc000000| Complete 
|  27|0x00000000cc100000, 0x00000000cc200000, 0x00000000cc200000|100%| E|CS|TAMS 0x00000000cc100000| PB 0x00000000cc100000| Complete 
|  28|0x00000000cc200000, 0x00000000cc300000, 0x00000000cc300000|100%| E|CS|TAMS 0x00000000cc200000| PB 0x00000000cc200000| Complete 
|  29|0x00000000cc300000, 0x00000000cc400000, 0x00000000cc400000|100%| E|CS|TAMS 0x00000000cc300000| PB 0x00000000cc300000| Complete 
|  30|0x00000000cc400000, 0x00000000cc500000, 0x00000000cc500000|100%| E|CS|TAMS 0x00000000cc400000| PB 0x00000000cc400000| Complete 
|  31|0x00000000cc500000, 0x00000000cc600000, 0x00000000cc600000|100%| E|CS|TAMS 0x00000000cc500000| PB 0x00000000cc500000| Complete 
|  32|0x00000000cc600000, 0x00000000cc700000, 0x00000000cc700000|100%| E|CS|TAMS 0x00000000cc600000| PB 0x00000000cc600000| Complete 
|  33|0x00000000cc700000, 0x00000000cc800000, 0x00000000cc800000|100%| E|CS|TAMS 0x00000000cc700000| PB 0x00000000cc700000| Complete 
|  34|0x00000000cc800000, 0x00000000cc900000, 0x00000000cc900000|100%| E|  |TAMS 0x00000000cc800000| PB 0x00000000cc800000| Complete 
|  35|0x00000000cc900000, 0x00000000cca00000, 0x00000000cca00000|100%| E|CS|TAMS 0x00000000cc900000| PB 0x00000000cc900000| Complete 
|  36|0x00000000cca00000, 0x00000000ccb00000, 0x00000000ccb00000|100%| E|CS|TAMS 0x00000000cca00000| PB 0x00000000cca00000| Complete 
|  37|0x00000000ccb00000, 0x00000000ccc00000, 0x00000000ccc00000|100%| E|CS|TAMS 0x00000000ccb00000| PB 0x00000000ccb00000| Complete 
|  38|0x00000000ccc00000, 0x00000000ccd00000, 0x00000000ccd00000|100%| E|CS|TAMS 0x00000000ccc00000| PB 0x00000000ccc00000| Complete 
|  39|0x00000000ccd00000, 0x00000000cce00000, 0x00000000cce00000|100%| E|CS|TAMS 0x00000000ccd00000| PB 0x00000000ccd00000| Complete 
|  40|0x00000000cce00000, 0x00000000ccf00000, 0x00000000ccf00000|100%| E|CS|TAMS 0x00000000cce00000| PB 0x00000000cce00000| Complete 
|  41|0x00000000ccf00000, 0x00000000cd000000, 0x00000000cd000000|100%| E|CS|TAMS 0x00000000ccf00000| PB 0x00000000ccf00000| Complete 
|  42|0x00000000cd000000, 0x00000000cd100000, 0x00000000cd100000|100%| E|CS|TAMS 0x00000000cd000000| PB 0x00000000cd000000| Complete 
|  43|0x00000000cd100000, 0x00000000cd200000, 0x00000000cd200000|100%| E|CS|TAMS 0x00000000cd100000| PB 0x00000000cd100000| Complete 
|  44|0x00000000cd200000, 0x00000000cd300000, 0x00000000cd300000|100%| E|CS|TAMS 0x00000000cd200000| PB 0x00000000cd200000| Complete 
|  45|0x00000000cd300000, 0x00000000cd400000, 0x00000000cd400000|100%| E|CS|TAMS 0x00000000cd300000| PB 0x00000000cd300000| Complete 
|  46|0x00000000cd400000, 0x00000000cd500000, 0x00000000cd500000|100%| E|CS|TAMS 0x00000000cd400000| PB 0x00000000cd400000| Complete 
|  47|0x00000000cd500000, 0x00000000cd600000, 0x00000000cd600000|100%| E|CS|TAMS 0x00000000cd500000| PB 0x00000000cd500000| Complete 
|  48|0x00000000cd600000, 0x00000000cd700000, 0x00000000cd700000|100%| E|CS|TAMS 0x00000000cd600000| PB 0x00000000cd600000| Complete 
|  49|0x00000000cd700000, 0x00000000cd800000, 0x00000000cd800000|100%| E|CS|TAMS 0x00000000cd700000| PB 0x00000000cd700000| Complete 
|  50|0x00000000cd800000, 0x00000000cd900000, 0x00000000cd900000|100%| E|CS|TAMS 0x00000000cd800000| PB 0x00000000cd800000| Complete 
|  51|0x00000000cd900000, 0x00000000cda00000, 0x00000000cda00000|100%| E|CS|TAMS 0x00000000cd900000| PB 0x00000000cd900000| Complete 
|  52|0x00000000cda00000, 0x00000000cdb00000, 0x00000000cdb00000|100%| E|CS|TAMS 0x00000000cda00000| PB 0x00000000cda00000| Complete 
|  53|0x00000000cdb00000, 0x00000000cdc00000, 0x00000000cdc00000|100%| E|CS|TAMS 0x00000000cdb00000| PB 0x00000000cdb00000| Complete 

Card table byte_map: [0x00000162cdf40000,0x00000162ce0f0000] _byte_map_base: 0x00000162cd8ed000

Marking Bits: (CMBitMap*) 0x00000162b46fd5a0
 Bits: [0x00000162ce0f0000, 0x00000162cee58000)

Polling page: 0x00000162b4790000

Metaspace:

Usage:
  Non-class:     15.85 MB used.
      Class:      2.07 MB used.
       Both:     17.91 MB used.

Virtual space:
  Non-class space:       64.00 MB reserved,      16.00 MB ( 25%) committed,  1 nodes.
      Class space:        1.00 GB reserved,       2.19 MB ( <1%) committed,  1 nodes.
             Both:        1.06 GB reserved,      18.19 MB (  2%) committed. 

Chunk freelists:
   Non-Class:  15.89 MB
       Class:  13.64 MB
        Both:  29.53 MB

MaxMetaspaceSize: unlimited
CompressedClassSpaceSize: 1.00 GB
Initial GC threshold: 21.00 MB
Current GC threshold: 21.00 MB
CDS: on
 - commit_granule_bytes: 65536.
 - commit_granule_words: 8192.
 - virtual_space_node_default_size: 8388608.
 - enlarge_chunks_in_place: 1.
 - use_allocation_guard: 0.


Internal statistics:

num_allocs_failed_limit: 0.
num_arena_births: 172.
num_arena_deaths: 0.
num_vsnodes_births: 2.
num_vsnodes_deaths: 0.
num_space_committed: 291.
num_space_uncommitted: 0.
num_chunks_returned_to_freelist: 0.
num_chunks_taken_from_freelist: 709.
num_chunk_merges: 0.
num_chunk_splits: 504.
num_chunks_enlarged: 408.
num_inconsistent_stats: 0.

CodeHeap 'non-profiled nmethods': size=120000Kb used=1387Kb max_used=1387Kb free=118612Kb
 bounds [0x00000162c5df0000, 0x00000162c6060000, 0x00000162cd320000]
CodeHeap 'profiled nmethods': size=120000Kb used=7483Kb max_used=7483Kb free=112516Kb
 bounds [0x00000162be320000, 0x00000162bea70000, 0x00000162c5850000]
CodeHeap 'non-nmethods': size=5760Kb used=1424Kb max_used=1435Kb free=4335Kb
 bounds [0x00000162c5850000, 0x00000162c5ac0000, 0x00000162c5df0000]
 total_blobs=4180 nmethods=3667 adapters=417
 compilation: enabled
              stopped_count=0, restarted_count=0
 full_count=0

Compilation events (20 events):
Event: 3.595 Thread 0x00000162d1872920 nmethod 3655 0x00000162bea65910 code [0x00000162bea65ac0, 0x00000162bea65c00]
Event: 3.595 Thread 0x00000162d1872920 3656       3       java.lang.String::startsWith (123 bytes)
Event: 3.596 Thread 0x00000162d1872920 nmethod 3656 0x00000162bea65c90 code [0x00000162bea65ec0, 0x00000162bea66638]
Event: 3.596 Thread 0x00000162d1872920 3660       3       java.io.BufferedReader::implReadLine (301 bytes)
Event: 3.597 Thread 0x00000162d1872920 nmethod 3660 0x00000162bea66890 code [0x00000162bea66b80, 0x00000162bea67bc8]
Event: 3.597 Thread 0x00000162d1872920 3661       3       java.lang.StringUTF16::newBytesFor (61 bytes)
Event: 3.597 Thread 0x00000162d1872920 nmethod 3661 0x00000162bea68290 code [0x00000162bea68500, 0x00000162bea68d40]
Event: 3.599 Thread 0x00000162d1872920 3667       3       sun.nio.cs.UTF_8$Decoder::isMalformed3 (45 bytes)
Event: 3.600 Thread 0x00000162d1872920 nmethod 3667 0x00000162bea69090 code [0x00000162bea69220, 0x00000162bea69428]
Event: 3.601 Thread 0x00000162d1872920 3669       3       java.lang.AbstractStringBuilder::appendChars (130 bytes)
Event: 3.602 Thread 0x00000162d1872920 nmethod 3669 0x00000162bea69490 code [0x00000162bea696a0, 0x00000162bea69c20]
Event: 3.602 Thread 0x00000162d1872920 3671       3       java.lang.StringUTF16::toBytes (34 bytes)
Event: 3.602 Thread 0x00000162d1872920 nmethod 3671 0x00000162bea69e90 code [0x00000162bea6a040, 0x00000162bea6a258]
Event: 3.607 Thread 0x00000162d1872920 3673   !   3       java.util.concurrent.ConcurrentHashMap::putVal (432 bytes)
Event: 3.608 Thread 0x00000162d1872920 nmethod 3673 0x00000162bea6a390 code [0x00000162bea6a720, 0x00000162bea6c270]
Event: 3.608 Thread 0x00000162d1872920 3674       3       java.lang.String::hashCode (60 bytes)
Event: 3.609 Thread 0x00000162d1872920 nmethod 3674 0x00000162bea6cc90 code [0x00000162bea6ce60, 0x00000162bea6d1c0]
Event: 3.609 Thread 0x00000162d1872920 3675       3       java.lang.System$2::getUTF16Char (6 bytes)
Event: 3.609 Thread 0x00000162d1872920 nmethod 3675 0x00000162bea6d290 code [0x00000162bea6d420, 0x00000162bea6d540]
Event: 3.612 Thread 0x00000162d1872920 3679       3       jdk.internal.util.ArraysSupport::utf16hashCode (40 bytes)

GC Heap History (6 events):
Event: 1.039 GC heap before
{Heap before GC invocations=0 (full 0):
 garbage-first heap   total 55296K, used 22528K [0x00000000ca600000, 0x0000000100000000)
  region size 1024K, 23 young (23552K), 0 survivors (0K)
 Metaspace       used 5647K, committed 5824K, reserved 1114112K
  class space    used 650K, committed 768K, reserved 1048576K
}
Event: 1.047 GC heap after
{Heap after GC invocations=1 (full 0):
 garbage-first heap   total 55296K, used 3680K [0x00000000ca600000, 0x0000000100000000)
  region size 1024K, 3 young (3072K), 3 survivors (3072K)
 Metaspace       used 5647K, committed 5824K, reserved 1114112K
  class space    used 650K, committed 768K, reserved 1048576K
}
Event: 1.619 GC heap before
{Heap before GC invocations=1 (full 0):
 garbage-first heap   total 55296K, used 29280K [0x00000000ca600000, 0x0000000100000000)
  region size 1024K, 29 young (29696K), 3 survivors (3072K)
 Metaspace       used 9061K, committed 9216K, reserved 1114112K
  class space    used 1047K, committed 1152K, reserved 1048576K
}
Event: 1.627 GC heap after
{Heap after GC invocations=2 (full 0):
 garbage-first heap   total 55296K, used 5407K [0x00000000ca600000, 0x0000000100000000)
  region size 1024K, 2 young (2048K), 2 survivors (2048K)
 Metaspace       used 9061K, committed 9216K, reserved 1114112K
  class space    used 1047K, committed 1152K, reserved 1048576K
}
Event: 2.818 GC heap before
{Heap before GC invocations=2 (full 0):
 garbage-first heap   total 55296K, used 36127K [0x00000000ca600000, 0x0000000100000000)
  region size 1024K, 32 young (32768K), 2 survivors (2048K)
 Metaspace       used 15000K, committed 15232K, reserved 1114112K
  class space    used 1775K, committed 1856K, reserved 1048576K
}
Event: 2.830 GC heap after
{Heap after GC invocations=3 (full 0):
 garbage-first heap   total 55296K, used 9009K [0x00000000ca600000, 0x0000000100000000)
  region size 1024K, 4 young (4096K), 4 survivors (4096K)
 Metaspace       used 15000K, committed 15232K, reserved 1114112K
  class space    used 1775K, committed 1856K, reserved 1048576K
}

Dll operation events (8 events):
Event: 0.010 Loaded shared library C:\Program Files\Java\jdk-21\bin\java.dll
Event: 0.047 Loaded shared library C:\Program Files\Java\jdk-21\bin\jsvml.dll
Event: 0.076 Loaded shared library C:\Program Files\Java\jdk-21\bin\net.dll
Event: 0.086 Loaded shared library C:\Program Files\Java\jdk-21\bin\nio.dll
Event: 0.093 Loaded shared library C:\Program Files\Java\jdk-21\bin\zip.dll
Event: 0.380 Loaded shared library C:\Program Files\Java\jdk-21\bin\jimage.dll
Event: 0.386 Loaded shared library C:\Users\kuber\.m2\wrapper\dists\apache-maven-3.9.9\977a63e90f436cd6ade95b4c0e10c20c\lib\jansi-native\Windows\x86_64\jansi.dll
Event: 0.408 Loaded shared library C:\Program Files\Java\jdk-21\bin\verify.dll

Deoptimization events (20 events):
Event: 3.595 Thread 0x00000162b46c9850 Uncommon trap: trap_request=0xffffff45 fr.pc=0x00000162c5f0ede0 relative=0x0000000000000240
Event: 3.595 Thread 0x00000162b46c9850 Uncommon trap: reason=unstable_if action=reinterpret pc=0x00000162c5f0ede0 method=java.lang.String.startsWith(Ljava/lang/String;I)Z @ 50 c2
Event: 3.595 Thread 0x00000162b46c9850 DEOPT PACKING pc=0x00000162c5f0ede0 sp=0x00000060b55fd4d0
Event: 3.595 Thread 0x00000162b46c9850 DEOPT UNPACKING pc=0x00000162c58a46a2 sp=0x00000060b55fd470 mode 2
Event: 3.596 Thread 0x00000162b46c9850 DEOPT PACKING pc=0x00000162be56a162 sp=0x00000060b55fd390
Event: 3.596 Thread 0x00000162b46c9850 DEOPT UNPACKING pc=0x00000162c58a4e42 sp=0x00000060b55fc898 mode 0
Event: 3.596 Thread 0x00000162b46c9850 DEOPT PACKING pc=0x00000162be56a162 sp=0x00000060b55fd390
Event: 3.596 Thread 0x00000162b46c9850 DEOPT UNPACKING pc=0x00000162c58a4e42 sp=0x00000060b55fc898 mode 0
Event: 3.607 Thread 0x00000162b46c9850 Uncommon trap: trap_request=0xffffff45 fr.pc=0x00000162c5e32788 relative=0x0000000000000ea8
Event: 3.607 Thread 0x00000162b46c9850 Uncommon trap: reason=unstable_if action=reinterpret pc=0x00000162c5e32788 method=java.util.concurrent.ConcurrentHashMap.putVal(Ljava/lang/Object;Ljava/lang/Object;Z)Ljava/lang/Object; @ 245 c2
Event: 3.607 Thread 0x00000162b46c9850 DEOPT PACKING pc=0x00000162c5e32788 sp=0x00000060b55fd4a0
Event: 3.607 Thread 0x00000162b46c9850 DEOPT UNPACKING pc=0x00000162c58a46a2 sp=0x00000060b55fd418 mode 2
Event: 3.607 Thread 0x00000162b46c9850 Uncommon trap: trap_request=0xffffff45 fr.pc=0x00000162c5e17e64 relative=0x00000000000002a4
Event: 3.607 Thread 0x00000162b46c9850 Uncommon trap: reason=unstable_if action=reinterpret pc=0x00000162c5e17e64 method=java.lang.String.hashCode()I @ 20 c2
Event: 3.607 Thread 0x00000162b46c9850 DEOPT PACKING pc=0x00000162c5e17e64 sp=0x00000060b55fd420
Event: 3.607 Thread 0x00000162b46c9850 DEOPT UNPACKING pc=0x00000162c58a46a2 sp=0x00000060b55fd3b8 mode 2
Event: 3.611 Thread 0x00000162b46c9850 Uncommon trap: trap_request=0xffffff45 fr.pc=0x00000162c5e6d258 relative=0x0000000000001338
Event: 3.611 Thread 0x00000162b46c9850 Uncommon trap: reason=unstable_if action=reinterpret pc=0x00000162c5e6d258 method=java.util.concurrent.ConcurrentHashMap.transfer([Ljava/util/concurrent/ConcurrentHashMap$Node;[Ljava/util/concurrent/ConcurrentHashMap$Node;)V @ 352 c2
Event: 3.611 Thread 0x00000162b46c9850 DEOPT PACKING pc=0x00000162c5e6d258 sp=0x00000060b55fd280
Event: 3.611 Thread 0x00000162b46c9850 DEOPT UNPACKING pc=0x00000162c58a46a2 sp=0x00000060b55fd218 mode 2

Classes loaded (20 events):
Event: 3.579 Loading class javax/net/ssl/SSLSocket
Event: 3.580 Loading class javax/net/ssl/SSLSocket done
Event: 3.580 Loading class javax/net/ssl/SSLHandshakeException
Event: 3.580 Loading class javax/net/ssl/SSLException
Event: 3.580 Loading class javax/net/ssl/SSLException done
Event: 3.580 Loading class javax/net/ssl/SSLHandshakeException done
Event: 3.580 Loading class javax/net/ssl/SSLPeerUnverifiedException
Event: 3.580 Loading class javax/net/ssl/SSLPeerUnverifiedException done
Event: 3.582 Loading class java/util/ComparableTimSort
Event: 3.582 Loading class java/util/ComparableTimSort done
Event: 3.589 Loading class java/security/cert/CertificateParsingException
Event: 3.590 Loading class java/security/cert/CertificateParsingException done
Event: 3.590 Loading class javax/naming/NamingException
Event: 3.590 Loading class javax/naming/NamingException done
Event: 3.590 Loading class javax/naming/InvalidNameException
Event: 3.590 Loading class javax/naming/InvalidNameException done
Event: 3.609 Loading class java/util/concurrent/ConcurrentHashMap$TreeNode
Event: 3.609 Loading class java/util/concurrent/ConcurrentHashMap$TreeNode done
Event: 3.610 Loading class java/util/concurrent/ConcurrentHashMap$TreeBin
Event: 3.610 Loading class java/util/concurrent/ConcurrentHashMap$TreeBin done

Classes unloaded (0 events):
No events

Classes redefined (0 events):
No events

Internal exceptions (20 events):
Event: 1.948 Thread 0x00000162b46c9850 Exception <a 'java/lang/NoSuchMethodError'{0x00000000cd233f88}: 'java.lang.Object java.lang.invoke.DirectMethodHandle$Holder.invokeSpecial(java.lang.Object, java.lang.Object, java.lang.Object, int, java.lang.Object)'> (0x00000000cd233f88) 
thrown [s\open\src\hotspot\share\interpreter\linkResolver.cpp, line 773]
Event: 1.949 Thread 0x00000162b46c9850 Exception <a 'java/lang/NoSuchMethodError'{0x00000000cd23c0c8}: 'int java.lang.invoke.DirectMethodHandle$Holder.invokeSpecial(java.lang.Object, java.lang.Object, java.lang.Object, int)'> (0x00000000cd23c0c8) 
thrown [s\open\src\hotspot\share\interpreter\linkResolver.cpp, line 773]
Event: 1.954 Thread 0x00000162b46c9850 Implicit null exception at 0x00000162c5e801bd to 0x00000162c5e803c4
Event: 1.957 Thread 0x00000162b46c9850 Exception <a 'java/lang/NoSuchMethodError'{0x00000000cd260a58}: 'java.lang.Object java.lang.invoke.Invokers$Holder.invokeExact_MT(java.lang.Object, int, java.lang.Object)'> (0x00000000cd260a58) 
thrown [s\open\src\hotspot\share\interpreter\linkResolver.cpp, line 773]
Event: 2.263 Thread 0x00000162b46c9850 Exception <a 'java/lang/NoSuchMethodError'{0x00000000cca536b8}: 'void java.lang.invoke.Invokers$Holder.invokeExact_MT(java.lang.Object, java.lang.Object, java.lang.Object, java.lang.Object)'> (0x00000000cca536b8) 
thrown [s\open\src\hotspot\share\interpreter\linkResolver.cpp, line 773]
Event: 2.294 Thread 0x00000162b46c9850 Exception <a 'java/lang/NoClassDefFoundError'{0x00000000ccae0fb0}: com/google/inject/servlet/ServletModuleTargetVisitor> (0x00000000ccae0fb0) 
thrown [s\open\src\hotspot\share\classfile\systemDictionary.cpp, line 301]
Event: 2.420 Thread 0x00000162b46c9850 Exception <a 'java/lang/NoSuchMethodError'{0x00000000cc8a49b8}: 'void java.lang.invoke.DirectMethodHandle$Holder.invokeVirtual(java.lang.Object, java.lang.Object)'> (0x00000000cc8a49b8) 
thrown [s\open\src\hotspot\share\interpreter\linkResolver.cpp, line 773]
Event: 2.474 Thread 0x00000162b46c9850 Exception <a 'java/lang/NoSuchMethodError'{0x00000000cc724968}: 'java.lang.Object java.lang.invoke.DirectMethodHandle$Holder.invokeStaticInit(java.lang.Object, int, int, int, int)'> (0x00000000cc724968) 
thrown [s\open\src\hotspot\share\interpreter\linkResolver.cpp, line 773]
Event: 2.641 Thread 0x00000162b46c9850 Implicit null exception at 0x00000162c5e3a224 to 0x00000162c5e3a87c
Event: 2.641 Thread 0x00000162b46c9850 Implicit null exception at 0x00000162c5e2bf20 to 0x00000162c5e2c56c
Event: 2.687 Thread 0x00000162b46c9850 Exception <a 'java/lang/NoSuchMethodError'{0x00000000cc227d30}: 'void java.lang.invoke.DirectMethodHandle$Holder.invokeSpecial(java.lang.Object, java.lang.Object, java.lang.Object, java.lang.Object, java.lang.Object)'> (0x00000000cc227d30) 
thrown [s\open\src\hotspot\share\interpreter\linkResolver.cpp, line 773]
Event: 2.690 Thread 0x00000162b46c9850 Exception <a 'java/lang/NoSuchMethodError'{0x00000000cc242128}: 'void java.lang.invoke.DirectMethodHandle$Holder.invokeSpecial(java.lang.Object, java.lang.Object, java.lang.Object, java.lang.Object, java.lang.Object, java.lang.Object)'> (0x00000000cc242128) 
thrown [s\open\src\hotspot\share\interpreter\linkResolver.cpp, line 773]
Event: 2.708 Thread 0x00000162b46c9850 Exception <a 'java/lang/NoSuchMethodError'{0x00000000cc138a58}: 'java.lang.Object java.lang.invoke.DirectMethodHandle$Holder.invokeVirtual(java.lang.Object, java.lang.Object, java.lang.Object)'> (0x00000000cc138a58) 
thrown [s\open\src\hotspot\share\interpreter\linkResolver.cpp, line 773]
Event: 2.760 Thread 0x00000162b46c9850 Exception <a 'java/lang/NoSuchMethodError'{0x00000000cbf09708}: 'void java.lang.invoke.DirectMethodHandle$Holder.invokeVirtual(java.lang.Object, java.lang.Object, int)'> (0x00000000cbf09708) 
thrown [s\open\src\hotspot\share\interpreter\linkResolver.cpp, line 773]
Event: 2.760 Thread 0x00000162b46c9850 Exception <a 'java/lang/NoSuchMethodError'{0x00000000cbf0d4b8}: 'void java.lang.invoke.DirectMethodHandle$Holder.invokeSpecial(java.lang.Object, java.lang.Object, java.lang.Object, int)'> (0x00000000cbf0d4b8) 
thrown [s\open\src\hotspot\share\interpreter\linkResolver.cpp, line 773]
Event: 2.760 Thread 0x00000162b46c9850 Exception <a 'java/lang/NoSuchMethodError'{0x00000000cbf10b88}: 'void java.lang.invoke.DelegatingMethodHandle$Holder.reinvoke_L(java.lang.Object, java.lang.Object, int)'> (0x00000000cbf10b88) 
thrown [s\open\src\hotspot\share\interpreter\linkResolver.cpp, line 773]
Event: 3.327 Thread 0x00000162b46c9850 Exception <a 'sun/nio/fs/WindowsException'{0x00000000cca16490}> (0x00000000cca16490) 
thrown [s\open\src\hotspot\share\prims\jni.cpp, line 520]
Event: 3.327 Thread 0x00000162b46c9850 Exception <a 'sun/nio/fs/WindowsException'{0x00000000cca169f8}> (0x00000000cca169f8) 
thrown [s\open\src\hotspot\share\prims\jni.cpp, line 520]
Event: 3.406 Thread 0x00000162b46c9850 Exception <a 'sun/nio/fs/WindowsException'{0x00000000cc9b85c0}> (0x00000000cc9b85c0) 
thrown [s\open\src\hotspot\share\prims\jni.cpp, line 520]
Event: 3.574 Thread 0x00000162b46c9850 Exception <a 'java/lang/NoSuchMethodError'{0x00000000cc269890}: 'java.lang.Object java.lang.invoke.DirectMethodHandle$Holder.invokeStaticInit(java.lang.Object, java.lang.Object, int, int, int, int)'> (0x00000000cc269890) 
thrown [s\open\src\hotspot\share\interpreter\linkResolver.cpp, line 773]

ZGC Phase Switch (0 events):
No events

VM Operations (20 events):
Event: 2.541 Executing VM operation: HandshakeAllThreads (Deoptimize)
Event: 2.541 Executing VM operation: HandshakeAllThreads (Deoptimize) done
Event: 2.598 Executing VM operation: HandshakeAllThreads (Deoptimize)
Event: 2.598 Executing VM operation: HandshakeAllThreads (Deoptimize) done
Event: 2.818 Executing VM operation: G1CollectForAllocation (G1 Evacuation Pause)
Event: 2.830 Executing VM operation: G1CollectForAllocation (G1 Evacuation Pause) done
Event: 3.303 Executing VM operation: ICBufferFull
Event: 3.303 Executing VM operation: ICBufferFull done
Event: 3.334 Executing VM operation: HandshakeAllThreads (Deoptimize)
Event: 3.334 Executing VM operation: HandshakeAllThreads (Deoptimize) done
Event: 3.371 Executing VM operation: HandshakeAllThreads (Deoptimize)
Event: 3.371 Executing VM operation: HandshakeAllThreads (Deoptimize) done
Event: 3.409 Executing VM operation: HandshakeAllThreads (Deoptimize)
Event: 3.409 Executing VM operation: HandshakeAllThreads (Deoptimize) done
Event: 3.481 Executing VM operation: HandshakeAllThreads (Deoptimize)
Event: 3.481 Executing VM operation: HandshakeAllThreads (Deoptimize) done
Event: 3.504 Executing VM operation: HandshakeAllThreads (Deoptimize)
Event: 3.504 Executing VM operation: HandshakeAllThreads (Deoptimize) done
Event: 3.559 Executing VM operation: HandshakeAllThreads (Deoptimize)
Event: 3.560 Executing VM operation: HandshakeAllThreads (Deoptimize) done

Events (13 events):
Event: 0.028 Thread 0x00000162b46c9850 Thread added: 0x00000162b46c9850
Event: 0.045 Thread 0x00000162d185b940 Thread added: 0x00000162d185b940
Event: 0.045 Thread 0x00000162d185c850 Thread added: 0x00000162d185c850
Event: 0.045 Thread 0x00000162d185f440 Thread added: 0x00000162d185f440
Event: 0.045 Thread 0x00000162d1861ea0 Thread added: 0x00000162d1861ea0
Event: 0.045 Thread 0x00000162d186a900 Thread added: 0x00000162d186a900
Event: 0.045 Thread 0x00000162d186b5d0 Thread added: 0x00000162d186b5d0
Event: 0.045 Thread 0x00000162d186c960 Thread added: 0x00000162d186c960
Event: 0.045 Thread 0x00000162d1872920 Thread added: 0x00000162d1872920
Event: 0.063 Thread 0x00000162d1b0eae0 Thread added: 0x00000162d1b0eae0
Event: 0.071 Thread 0x00000162d1b13730 Thread added: 0x00000162d1b13730
Event: 0.378 Thread 0x00000162d1d893b0 Thread added: 0x00000162d1d893b0
Event: 0.481 Thread 0x00000162d1d893b0 Thread exited: 0x00000162d1d893b0


Dynamic libraries:
0x00007ff709880000 - 0x00007ff709890000 	C:\Program Files\Java\jdk-21\bin\java.exe
0x00007ffff2ff0000 - 0x00007ffff3207000 	C:\Windows\SYSTEM32\ntdll.dll
0x00007ffff2260000 - 0x00007ffff2324000 	C:\Windows\System32\KERNEL32.DLL
0x00007ffff0950000 - 0x00007ffff0d09000 	C:\Windows\System32\KERNELBASE.dll
0x00007ffff02f0000 - 0x00007ffff0401000 	C:\Windows\System32\ucrtbase.dll
0x00007fffe7910000 - 0x00007fffe792b000 	C:\Program Files\Java\jdk-21\bin\VCRUNTIME140.dll
0x00007fffe7a10000 - 0x00007fffe7a29000 	C:\Program Files\Java\jdk-21\bin\jli.dll
0x00007ffff2180000 - 0x00007ffff2232000 	C:\Windows\System32\ADVAPI32.dll
0x00007ffff1770000 - 0x00007ffff1817000 	C:\Windows\System32\msvcrt.dll
0x00007ffff2440000 - 0x00007ffff24e7000 	C:\Windows\System32\sechost.dll
0x00007ffff0920000 - 0x00007ffff0948000 	C:\Windows\System32\bcrypt.dll
0x00007ffff1590000 - 0x00007ffff16a4000 	C:\Windows\System32\RPCRT4.dll
0x00007ffff1fd0000 - 0x00007ffff217e000 	C:\Windows\System32\USER32.dll
0x00007ffff0780000 - 0x00007ffff07a6000 	C:\Windows\System32\win32u.dll
0x00007ffff2da0000 - 0x00007ffff2dc9000 	C:\Windows\System32\GDI32.dll
0x00007ffff0410000 - 0x00007ffff052b000 	C:\Windows\System32\gdi32full.dll
0x00007fffdeb00000 - 0x00007fffded92000 	C:\Windows\WinSxS\amd64_microsoft.windows.common-controls_6595b64144ccf1df_6.0.22621.4391_none_2715d37f73803e96\COMCTL32.dll
0x00007ffff06e0000 - 0x00007ffff077a000 	C:\Windows\System32\msvcp_win.dll
0x00007fffe5e50000 - 0x00007fffe5e5a000 	C:\Windows\SYSTEM32\VERSION.dll
0x00007ffff2d50000 - 0x00007ffff2d81000 	C:\Windows\System32\IMM32.DLL
0x00007fffe8f30000 - 0x00007fffe8f3c000 	C:\Program Files\Java\jdk-21\bin\vcruntime140_1.dll
0x00007fffb55d0000 - 0x00007fffb565e000 	C:\Program Files\Java\jdk-21\bin\msvcp140.dll
0x00007fff60f70000 - 0x00007fff61c88000 	C:\Program Files\Java\jdk-21\bin\server\jvm.dll
0x00007ffff1f40000 - 0x00007ffff1fb1000 	C:\Windows\System32\WS2_32.dll
0x00007ffff01c0000 - 0x00007ffff020d000 	C:\Windows\SYSTEM32\POWRPROF.dll
0x00007fffeb000000 - 0x00007fffeb034000 	C:\Windows\SYSTEM32\WINMM.dll
0x00007ffff01a0000 - 0x00007ffff01b3000 	C:\Windows\SYSTEM32\UMPDC.dll
0x00007fffef2f0000 - 0x00007fffef308000 	C:\Windows\SYSTEM32\kernel.appcore.dll
0x00007fffe7b10000 - 0x00007fffe7b1a000 	C:\Program Files\Java\jdk-21\bin\jimage.dll
0x00007fffe4e70000 - 0x00007fffe50a2000 	C:\Windows\SYSTEM32\DBGHELP.DLL
0x00007ffff1820000 - 0x00007ffff1baf000 	C:\Windows\System32\combase.dll
0x00007ffff2ed0000 - 0x00007ffff2fa7000 	C:\Windows\System32\OLEAUT32.dll
0x00007fffe4e00000 - 0x00007fffe4e32000 	C:\Windows\SYSTEM32\dbgcore.DLL
0x00007ffff05f0000 - 0x00007ffff066b000 	C:\Windows\System32\bcryptPrimitives.dll
0x00007fffdce40000 - 0x00007fffdce5f000 	C:\Program Files\Java\jdk-21\bin\java.dll
0x00007ffff0d10000 - 0x00007ffff1586000 	C:\Windows\System32\SHELL32.dll
0x00007fffee1e0000 - 0x00007fffeeae3000 	C:\Windows\SYSTEM32\windows.storage.dll
0x00007fffee0a0000 - 0x00007fffee1df000 	C:\Windows\SYSTEM32\wintypes.dll
0x00007ffff2dd0000 - 0x00007ffff2ec9000 	C:\Windows\System32\SHCORE.dll
0x00007ffff1710000 - 0x00007ffff176e000 	C:\Windows\System32\shlwapi.dll
0x00007ffff0220000 - 0x00007ffff024b000 	C:\Windows\SYSTEM32\profapi.dll
0x00007fffb5760000 - 0x00007fffb5837000 	C:\Program Files\Java\jdk-21\bin\jsvml.dll
0x00007fffe78a0000 - 0x00007fffe78b0000 	C:\Program Files\Java\jdk-21\bin\net.dll
0x00007fffeba50000 - 0x00007fffebb86000 	C:\Windows\SYSTEM32\WINHTTP.dll
0x00007fffef760000 - 0x00007fffef7c9000 	C:\Windows\system32\mswsock.dll
0x00007fffdc350000 - 0x00007fffdc366000 	C:\Program Files\Java\jdk-21\bin\nio.dll
0x00007fffda8e0000 - 0x00007fffda8f8000 	C:\Program Files\Java\jdk-21\bin\zip.dll
0x00007fffd7620000 - 0x00007fffd7644000 	C:\Users\kuber\.m2\wrapper\dists\apache-maven-3.9.9\977a63e90f436cd6ade95b4c0e10c20c\lib\jansi-native\Windows\x86_64\jansi.dll
0x00007fffdac20000 - 0x00007fffdac30000 	C:\Program Files\Java\jdk-21\bin\verify.dll
0x00007fffefab0000 - 0x00007fffefacb000 	C:\Windows\SYSTEM32\CRYPTSP.dll
0x00007fffef250000 - 0x00007fffef285000 	C:\Windows\system32\rsaenh.dll
0x00007fffef800000 - 0x00007fffef828000 	C:\Windows\SYSTEM32\USERENV.dll
0x00007fffefa90000 - 0x00007fffefa9c000 	C:\Windows\SYSTEM32\CRYPTBASE.dll
0x00007fffeed50000 - 0x00007fffeed7d000 	C:\Windows\SYSTEM32\IPHLPAPI.DLL
0x00007ffff1fc0000 - 0x00007ffff1fc9000 	C:\Windows\System32\NSI.dll

dbghelp: loaded successfully - version: 4.0.5 - missing functions: none
symbol engine: initialized successfully - sym options: 0x614 - pdb path: .;C:\Program Files\Java\jdk-21\bin;C:\Windows\SYSTEM32;C:\Windows\WinSxS\amd64_microsoft.windows.common-controls_6595b64144ccf1df_6.0.22621.4391_none_2715d37f73803e96;C:\Program Files\Java\jdk-21\bin\server;C:\Users\kuber\.m2\wrapper\dists\apache-maven-3.9.9\977a63e90f436cd6ade95b4c0e10c20c\lib\jansi-native\Windows\x86_64

VM Arguments:
jvm_args: -Dclassworlds.conf=C:\Users\kuber\.m2\wrapper\dists\apache-maven-3.9.9\977a63e90f436cd6ade95b4c0e10c20c\bin\m2.conf -Dmaven.home=C:\Users\kuber\.m2\wrapper\dists\apache-maven-3.9.9\977a63e90f436cd6ade95b4c0e10c20c -Dlibrary.jansi.path=C:\Users\kuber\.m2\wrapper\dists\apache-maven-3.9.9\977a63e90f436cd6ade95b4c0e10c20c\lib\jansi-native -Dmaven.multiModuleProjectDirectory=d:\Siddhant\coding\banking\OnlineBanking 
java_command: org.codehaus.plexus.classworlds.launcher.Launcher -B -N -DgraphFormat=text -DshowDuplicates -DshowConflicts -DshowVersions -DshowGroupIds -DoutputDirectory=c:\Users\kuber\AppData\Roaming\Code\User\workspaceStorage\0767b1f2905f8411273a4aa30b8beb70\vscjava.vscode-maven -DoutputFileName=ac1c4e3a099642dfae9cb1a4b454420e.deps.txt com.github.ferstl:depgraph-maven-plugin:4.0.2:graph -f d:\Siddhant\coding\banking\OnlineBanking\pom.xml
java_class_path (initial): C:\Users\kuber\.m2\wrapper\dists\apache-maven-3.9.9\977a63e90f436cd6ade95b4c0e10c20c\boot\plexus-classworlds-2.8.0.jar
Launcher Type: SUN_STANDARD

[Global flags]
     intx CICompilerCount                          = 4                                         {product} {ergonomic}
     uint ConcGCThreads                            = 2                                         {product} {ergonomic}
     uint G1ConcRefinementThreads                  = 8                                         {product} {ergonomic}
   size_t G1HeapRegionSize                         = 1048576                                   {product} {ergonomic}
    uintx GCDrainStackTargetSize                   = 64                                        {product} {ergonomic}
   size_t InitialHeapSize                          = 56623104                                  {product} {ergonomic}
   size_t MarkStackSize                            = 4194304                                   {product} {ergonomic}
   size_t MaxHeapSize                              = 899678208                                 {product} {ergonomic}
   size_t MaxNewSize                               = 538968064                                 {product} {ergonomic}
   size_t MinHeapDeltaBytes                        = 1048576                                   {product} {ergonomic}
   size_t MinHeapSize                              = 8388608                                   {product} {ergonomic}
    uintx NonNMethodCodeHeapSize                   = 5839372                                {pd product} {ergonomic}
    uintx NonProfiledCodeHeapSize                  = 122909434                              {pd product} {ergonomic}
    uintx ProfiledCodeHeapSize                     = 122909434                              {pd product} {ergonomic}
    uintx ReservedCodeCacheSize                    = 251658240                              {pd product} {ergonomic}
     bool SegmentedCodeCache                       = true                                      {product} {ergonomic}
   size_t SoftMaxHeapSize                          = 899678208                              {manageable} {ergonomic}
     bool UseCompressedOops                        = true                           {product lp64_product} {ergonomic}
     bool UseG1GC                                  = true                                      {product} {ergonomic}
     bool UseLargePagesIndividualAllocation        = false                                  {pd product} {ergonomic}

Logging:
Log output configuration:
 #0: stdout all=warning uptime,level,tags foldmultilines=false
 #1: stderr all=off uptime,level,tags foldmultilines=false

Environment Variables:
PATH=C:\Program Files\Common Files\Oracle\Java\javapath;C:\Windows\system32;C:\Windows;C:\Windows\System32\Wbem;C:\Windows\System32\WindowsPowerShell\v1.0\;C:\Windows\System32\OpenSSH\;C:\Program Files\dotnet\;C:\Program Files\Git\cmd;C:\Program Files\nodejs\;C:\ProgramData\chocolatey\bin;C:\Program Files\MySQL\MySQL Shell 8.0\bin\;C:\Users\kuber\AppData\Local\Microsoft\WindowsApps;C:\Users\kuber\.dotnet\tools;C:\Users\kuber\AppData\Local\Programs\Microsoft VS Code\bin;C:\Users\kuber\AppData\Roaming\npm
USERNAME=kuber
OS=Windows_NT
PROCESSOR_IDENTIFIER=AMD64 Family 23 Model 104 Stepping 1, AuthenticAMD
TMP=C:\Users\kuber\AppData\Local\Temp
TEMP=C:\Users\kuber\AppData\Local\Temp




Periodic native trim disabled

---------------  S Y S T E M  ---------------

OS:
 Windows 11 , 64 bit Build 22621 (10.0.22621.4391)
OS uptime: 31 days 21:48 hours
Hyper-V role detected

CPU: total 8 (initial active 8) (8 cores per cpu, 2 threads per core) family 23 model 104 stepping 1 microcode 0x0, cx8, cmov, fxsr, ht, mmx, 3dnowpref, sse, sse2, sse3, ssse3, sse4a, sse4.1, sse4.2, popcnt, lzcnt, tsc, tscinvbit, avx, avx2, aes, clmul, bmi1, bmi2, adx, sha, fma, vzeroupper, clflush, clflushopt, hv, rdtscp, rdpid, f16c
Processor Information for processor 0
  Max Mhz: 2600, Current Mhz: 2080, Mhz Limit: 2600
Processor Information for processor 1
  Max Mhz: 2600, Current Mhz: 2600, Mhz Limit: 2600
Processor Information for processor 2
  Max Mhz: 2600, Current Mhz: 2600, Mhz Limit: 2600
Processor Information for processor 3
  Max Mhz: 2600, Current Mhz: 2080, Mhz Limit: 2600
Processor Information for processor 4
  Max Mhz: 2600, Current Mhz: 2600, Mhz Limit: 2600
Processor Information for processor 5
  Max Mhz: 2600, Current Mhz: 2600, Mhz Limit: 2600
Processor Information for processor 6
  Max Mhz: 2600, Current Mhz: 2600, Mhz Limit: 2600
Processor Information for processor 7
  Max Mhz: 2600, Current Mhz: 2600, Mhz Limit: 2600

Memory: 4k page, system-wide physical 3429M (224M free)
TotalPageFile size 14181M (AvailPageFile size 3M)
current process WorkingSet (physical memory assigned to process): 122M, peak: 122M
current process commit charge ("private bytes"): 174M, peak: 174M

vm_info: Java HotSpot(TM) 64-Bit Server VM (21.0.5+9-LTS-239) for windows-amd64 JRE (21.0.5+9-LTS-239), built on 2024-09-30T05:17:38Z by "mach5one" with MS VC++ 17.6 (VS2022)

END.
