#
# There is insufficient memory for the Java Runtime Environment to continue.
# Native memory allocation (malloc) failed to allocate 2382528 bytes. Error detail: Chunk::new
# Possible reasons:
#   The system is out of physical RAM or swap space
#   This process is running with CompressedOops enabled, and the Java Heap may be blocking the growth of the native heap
# Possible solutions:
#   Reduce memory load on the system
#   Increase physical memory or swap space
#   Check if swap backing store is full
#   Decrease Java heap size (-Xmx/-Xms)
#   Decrease number of Java threads
#   Decrease Java thread stack sizes (-Xss)
#   Set larger code cache with -XX:ReservedCodeCacheSize=
#   JVM is running with Unscaled Compressed Oops mode in which the Java heap is
#     placed in the first 4GB address space. The Java Heap base address is the
#     maximum limit for the native heap growth. Please use -XX:HeapBaseMinAddress
#     to set the Java Heap base and to place the Java Heap above 4GB virtual address.
# This output file may be truncated or incomplete.
#
#  Out of Memory Error (arena.cpp:168), pid=23448, tid=4148
#
# JRE version: OpenJDK Runtime Environment Temurin-21.0.6+7 (21.0.6+7) (build 21.0.6+7-LTS)
# Java VM: OpenJDK 64-Bit Server VM Temurin-21.0.6+7 (21.0.6+7-LTS, mixed mode, sharing, tiered, compressed oops, compressed class ptrs, parallel gc, windows-amd64)
# No core dump will be written. Minidumps are not enabled by default on client versions of Windows
#

---------------  S U M M A R Y ------------

Command Line: --add-modules=ALL-SYSTEM --add-opens=java.base/java.util=ALL-UNNAMED --add-opens=java.base/java.lang=ALL-UNNAMED --add-opens=java.base/sun.nio.fs=ALL-UNNAMED -Declipse.application=org.eclipse.jdt.ls.core.id1 -Dosgi.bundles.defaultStartLevel=4 -Declipse.product=org.eclipse.jdt.ls.core.product -Djava.import.generatesMetadataFilesAtProjectRoot=false -DDetectVMInstallationsJob.disabled=true -Dfile.encoding=utf8 -XX:+UseParallelGC -XX:GCTimeRatio=4 -XX:AdaptiveSizePolicyWeight=90 -Dsun.zip.disableMemoryMapping=true -Xmx1G -Xms100m -Xlog:disable -javaagent:c:\Users\kuber\.vscode\extensions\redhat.java-1.40.0-win32-x64\lombok\lombok-1.18.36.jar -XX:+HeapDumpOnOutOfMemoryError -XX:HeapDumpPath=c:\Users\kuber\AppData\Roaming\Code\User\workspaceStorage\0767b1f2905f8411273a4aa30b8beb70\redhat.java -Daether.dependencyCollector.impl=bf c:\Users\kuber\.vscode\extensions\redhat.java-1.40.0-win32-x64\server\plugins\org.eclipse.equinox.launcher_1.6.1000.v20250131-0606.jar -configuration c:\Users\kuber\AppData\Roaming\Code\User\globalStorage\redhat.java\1.40.0\config_win -data c:\Users\kuber\AppData\Roaming\Code\User\workspaceStorage\0767b1f2905f8411273a4aa30b8beb70\redhat.java\jdt_ws --pipe=\\.\pipe\lsp-2a759db1f89c42402ac87c0831d04ba7-sock

Host: AMD Ryzen 3 5300U with Radeon Graphics         , 8 cores, 3G,  Windows 11 , 64 bit Build 22621 (10.0.22621.4391)
Time: Wed Mar 12 12:32:37 2025 India Standard Time elapsed time: 21.323339 seconds (0d 0h 0m 21s)

---------------  T H R E A D  ---------------

Current thread (0x00000221e68984f0):  JavaThread "C2 CompilerThread1" daemon [_thread_in_native, id=4148, stack(0x000000f73dc00000,0x000000f73dd00000) (1024K)]


Current CompileTask:
C2:21323 11707   !   4       org.eclipse.jdt.internal.compiler.classfmt.ClassFileReader::<init> (2135 bytes)

Stack: [0x000000f73dc00000,0x000000f73dd00000]
Native frames: (J=compiled Java code, j=interpreted, Vv=VM code, C=native code)
V  [jvm.dll+0x6cdee9]
V  [jvm.dll+0x8a83d1]
V  [jvm.dll+0x8aa8fe]
V  [jvm.dll+0x8aafe3]
V  [jvm.dll+0x27f706]
V  [jvm.dll+0xc500d]
V  [jvm.dll+0xc5543]
V  [jvm.dll+0x3b678c]
V  [jvm.dll+0x382935]
V  [jvm.dll+0x381d9a]
V  [jvm.dll+0x2479f0]
V  [jvm.dll+0x246fcf]
V  [jvm.dll+0x1c75ee]
V  [jvm.dll+0x25685a]
V  [jvm.dll+0x254dfa]
V  [jvm.dll+0x3f0256]
V  [jvm.dll+0x851f8b]
V  [jvm.dll+0x6cc5ed]
C  [ucrtbase.dll+0x29333]
C  [KERNEL32.DLL+0x1259d]
C  [ntdll.dll+0x5af38]


---------------  P R O C E S S  ---------------

Threads class SMR info:
_java_thread_list=0x00000221f4bd2f80, length=61, elements={
0x00000221cb0cef70, 0x00000221df47f290, 0x00000221df47fde0, 0x00000221df484ff0,
0x00000221df485ea0, 0x00000221df488ca0, 0x00000221df48c330, 0x00000221df49e050,
0x00000221df49f8e0, 0x00000221e50c4c90, 0x00000221e50c3250, 0x00000221e50c38e0,
0x00000221e50c3f70, 0x00000221e50c5320, 0x00000221e50c59b0, 0x00000221e50c6040,
0x00000221e50c2bc0, 0x00000221e650a6c0, 0x00000221e6503dc0, 0x00000221e6504450,
0x00000221e6505e90, 0x00000221e68984f0, 0x00000221e650a030, 0x00000221e6505170,
0x00000221e6506bb0, 0x00000221e650b3e0, 0x00000221e6506520, 0x00000221e6504ae0,
0x00000221e6505800, 0x00000221e650ad50, 0x00000221e6507240, 0x00000221e6507f60,
0x00000221e6509310, 0x00000221e65085f0, 0x00000221e6508c80, 0x00000221e8793760,
0x00000221e8792a40, 0x00000221e878d4f0, 0x00000221e878db80, 0x00000221e8793df0,
0x00000221e8794480, 0x00000221e87902e0, 0x00000221e8790970, 0x00000221e878ef30,
0x00000221e8791000, 0x00000221e8791690, 0x00000221e878e210, 0x00000221e8791d20,
0x00000221e87930d0, 0x00000221e878f5c0, 0x00000221e80cbdd0, 0x00000221e80d33f0,
0x00000221e80d0600, 0x00000221e80d0c90, 0x00000221e80ccaf0, 0x00000221e80cd180,
0x00000221e80cf8e0, 0x00000221e80d19b0, 0x00000221e80d2040, 0x00000221e80ce530,
0x00000221e80cff70
}

Java Threads: ( => current thread )
  0x00000221cb0cef70 JavaThread "main"                              [_thread_blocked, id=6796, stack(0x000000f73cf00000,0x000000f73d000000) (1024K)]
  0x00000221df47f290 JavaThread "Reference Handler"          daemon [_thread_blocked, id=22688, stack(0x000000f73d300000,0x000000f73d400000) (1024K)]
  0x00000221df47fde0 JavaThread "Finalizer"                  daemon [_thread_blocked, id=7444, stack(0x000000f73d400000,0x000000f73d500000) (1024K)]
  0x00000221df484ff0 JavaThread "Signal Dispatcher"          daemon [_thread_blocked, id=24904, stack(0x000000f73d500000,0x000000f73d600000) (1024K)]
  0x00000221df485ea0 JavaThread "Attach Listener"            daemon [_thread_blocked, id=18752, stack(0x000000f73d600000,0x000000f73d700000) (1024K)]
  0x00000221df488ca0 JavaThread "Service Thread"             daemon [_thread_blocked, id=26580, stack(0x000000f73d700000,0x000000f73d800000) (1024K)]
  0x00000221df48c330 JavaThread "Monitor Deflation Thread"   daemon [_thread_blocked, id=23680, stack(0x000000f73d800000,0x000000f73d900000) (1024K)]
  0x00000221df49e050 JavaThread "C2 CompilerThread0"         daemon [_thread_blocked, id=18672, stack(0x000000f73d900000,0x000000f73da00000) (1024K)]
  0x00000221df49f8e0 JavaThread "C1 CompilerThread0"         daemon [_thread_blocked, id=8660, stack(0x000000f73da00000,0x000000f73db00000) (1024K)]
  0x00000221e50c4c90 JavaThread "Common-Cleaner"             daemon [_thread_blocked, id=2236, stack(0x000000f73db00000,0x000000f73dc00000) (1024K)]
  0x00000221e50c3250 JavaThread "Notification Thread"        daemon [_thread_blocked, id=21608, stack(0x000000f73dd00000,0x000000f73de00000) (1024K)]
  0x00000221e50c38e0 JavaThread "Active Thread: Equinox Container: 9e2e4d3d-f6e8-47c5-9f7f-34c13426639e"        [_thread_blocked, id=15752, stack(0x000000f73e400000,0x000000f73e500000) (1024K)]
  0x00000221e50c3f70 JavaThread "Refresh Thread: Equinox Container: 9e2e4d3d-f6e8-47c5-9f7f-34c13426639e" daemon [_thread_blocked, id=5536, stack(0x000000f73e500000,0x000000f73e600000) (1024K)]
  0x00000221e50c5320 JavaThread "Framework Event Dispatcher: Equinox Container: 9e2e4d3d-f6e8-47c5-9f7f-34c13426639e" daemon [_thread_blocked, id=23232, stack(0x000000f73e700000,0x000000f73e800000) (1024K)]
  0x00000221e50c59b0 JavaThread "Start Level: Equinox Container: 9e2e4d3d-f6e8-47c5-9f7f-34c13426639e" daemon [_thread_blocked, id=23876, stack(0x000000f73e800000,0x000000f73e900000) (1024K)]
  0x00000221e50c6040 JavaThread "Bundle File Closer"         daemon [_thread_blocked, id=15592, stack(0x000000f73e900000,0x000000f73ea00000) (1024K)]
  0x00000221e50c2bc0 JavaThread "SCR Component Actor"        daemon [_thread_blocked, id=9328, stack(0x000000f73ea00000,0x000000f73eb00000) (1024K)]
  0x00000221e650a6c0 JavaThread "Worker-JM"                         [_thread_blocked, id=17640, stack(0x000000f73ec00000,0x000000f73ed00000) (1024K)]
  0x00000221e6503dc0 JavaThread "JNA Cleaner"                daemon [_thread_blocked, id=20436, stack(0x000000f73ed00000,0x000000f73ee00000) (1024K)]
  0x00000221e6504450 JavaThread "Worker-0"                          [_thread_blocked, id=9808, stack(0x000000f73ee00000,0x000000f73ef00000) (1024K)]
  0x00000221e6505e90 JavaThread "Worker-1"                          [_thread_blocked, id=22988, stack(0x000000f73ef00000,0x000000f73f000000) (1024K)]
=>0x00000221e68984f0 JavaThread "C2 CompilerThread1"         daemon [_thread_in_native, id=4148, stack(0x000000f73dc00000,0x000000f73dd00000) (1024K)]
  0x00000221e650a030 JavaThread "Worker-2: Java indexing... "        [_thread_blocked, id=14628, stack(0x000000f73f000000,0x000000f73f100000) (1024K)]
  0x00000221e6505170 JavaThread "Java indexing"              daemon [_thread_in_Java, id=416, stack(0x000000f73f100000,0x000000f73f200000) (1024K)]
  0x00000221e6506bb0 JavaThread "Worker-3"                          [_thread_blocked, id=23696, stack(0x000000f73f400000,0x000000f73f500000) (1024K)]
  0x00000221e650b3e0 JavaThread "Worker-4"                          [_thread_blocked, id=16340, stack(0x000000f73f500000,0x000000f73f600000) (1024K)]
  0x00000221e6506520 JavaThread "Thread-2"                   daemon [_thread_in_native, id=6992, stack(0x000000f73f600000,0x000000f73f700000) (1024K)]
  0x00000221e6504ae0 JavaThread "Thread-3"                   daemon [_thread_in_native, id=1040, stack(0x000000f73f700000,0x000000f73f800000) (1024K)]
  0x00000221e6505800 JavaThread "Thread-4"                   daemon [_thread_in_native, id=11132, stack(0x000000f73f800000,0x000000f73f900000) (1024K)]
  0x00000221e650ad50 JavaThread "Thread-5"                   daemon [_thread_in_native, id=6328, stack(0x000000f73f900000,0x000000f73fa00000) (1024K)]
  0x00000221e6507240 JavaThread "Thread-6"                   daemon [_thread_in_native, id=16104, stack(0x000000f73fa00000,0x000000f73fb00000) (1024K)]
  0x00000221e6507f60 JavaThread "Thread-7"                   daemon [_thread_in_native, id=11488, stack(0x000000f73fb00000,0x000000f73fc00000) (1024K)]
  0x00000221e6509310 JavaThread "Thread-8"                   daemon [_thread_in_native, id=26576, stack(0x000000f73fc00000,0x000000f73fd00000) (1024K)]
  0x00000221e65085f0 JavaThread "Thread-9"                   daemon [_thread_in_native, id=25364, stack(0x000000f73fd00000,0x000000f73fe00000) (1024K)]
  0x00000221e6508c80 JavaThread "Thread-10"                  daemon [_thread_in_native, id=2720, stack(0x000000f73fe00000,0x000000f73ff00000) (1024K)]
  0x00000221e8793760 JavaThread "pool-2-thread-1"                   [_thread_blocked, id=22376, stack(0x000000f73ff00000,0x000000f740000000) (1024K)]
  0x00000221e8792a40 JavaThread "Worker-5: Check JDK Index"         [_thread_blocked, id=2492, stack(0x000000f740000000,0x000000f740100000) (1024K)]
  0x00000221e878d4f0 JavaThread "WorkspaceEventsHandler"            [_thread_blocked, id=24868, stack(0x000000f740100000,0x000000f740200000) (1024K)]
  0x00000221e878db80 JavaThread "pool-1-thread-1"                   [_thread_blocked, id=13372, stack(0x000000f740200000,0x000000f740300000) (1024K)]
  0x00000221e8793df0 JavaThread "Worker-6"                          [_thread_blocked, id=23736, stack(0x000000f740300000,0x000000f740400000) (1024K)]
  0x00000221e8794480 JavaThread "LocalFile Deleter"          daemon [_thread_blocked, id=4344, stack(0x000000f740400000,0x000000f740500000) (1024K)]
  0x00000221e87902e0 JavaThread "LocalFile Deleter"          daemon [_thread_blocked, id=25856, stack(0x000000f740500000,0x000000f740600000) (1024K)]
  0x00000221e8790970 JavaThread "LocalFile Deleter"          daemon [_thread_blocked, id=23360, stack(0x000000f740600000,0x000000f740700000) (1024K)]
  0x00000221e878ef30 JavaThread "LocalFile Deleter"          daemon [_thread_blocked, id=7376, stack(0x000000f740700000,0x000000f740800000) (1024K)]
  0x00000221e8791000 JavaThread "LocalFile Deleter"          daemon [_thread_blocked, id=20668, stack(0x000000f740800000,0x000000f740900000) (1024K)]
  0x00000221e8791690 JavaThread "LocalFile Deleter"          daemon [_thread_blocked, id=6112, stack(0x000000f740900000,0x000000f740a00000) (1024K)]
  0x00000221e878e210 JavaThread "LocalFile Deleter"          daemon [_thread_blocked, id=20832, stack(0x000000f740a00000,0x000000f740b00000) (1024K)]
  0x00000221e8791d20 JavaThread "LocalFile Deleter"          daemon [_thread_blocked, id=12396, stack(0x000000f740b00000,0x000000f740c00000) (1024K)]
  0x00000221e87930d0 JavaThread "Compiler Source File Reader" daemon [_thread_blocked, id=13272, stack(0x000000f740c00000,0x000000f740d00000) (1024K)]
  0x00000221e878f5c0 JavaThread "Compiler Source File Reader" daemon [_thread_blocked, id=21948, stack(0x000000f740d00000,0x000000f740e00000) (1024K)]
  0x00000221e80cbdd0 JavaThread "Compiler Source File Reader" daemon [_thread_blocked, id=7872, stack(0x000000f740e00000,0x000000f740f00000) (1024K)]
  0x00000221e80d33f0 JavaThread "Compiler Source File Reader" daemon [_thread_blocked, id=25960, stack(0x000000f740f00000,0x000000f741000000) (1024K)]
  0x00000221e80d0600 JavaThread "Compiler Source File Reader" daemon [_thread_blocked, id=4356, stack(0x000000f741000000,0x000000f741100000) (1024K)]
  0x00000221e80d0c90 JavaThread "Compiler Source File Reader" daemon [_thread_blocked, id=18580, stack(0x000000f741100000,0x000000f741200000) (1024K)]
  0x00000221e80ccaf0 JavaThread "Compiler Processing Task"   daemon [_thread_blocked, id=7292, stack(0x000000f741200000,0x000000f741300000) (1024K)]
  0x00000221e80cd180 JavaThread "Compiler Class File Writer" daemon [_thread_blocked, id=11732, stack(0x000000f741300000,0x000000f741400000) (1024K)]
  0x00000221e80cf8e0 JavaThread "Compiler Class File Writer" daemon [_thread_blocked, id=23756, stack(0x000000f741400000,0x000000f741500000) (1024K)]
  0x00000221e80d19b0 JavaThread "Compiler Class File Writer" daemon [_thread_blocked, id=12272, stack(0x000000f741500000,0x000000f741600000) (1024K)]
  0x00000221e80d2040 JavaThread "Compiler Class File Writer" daemon [_thread_blocked, id=25156, stack(0x000000f741600000,0x000000f741700000) (1024K)]
  0x00000221e80ce530 JavaThread "Compiler Class File Writer" daemon [_thread_blocked, id=21664, stack(0x000000f741700000,0x000000f741800000) (1024K)]
  0x00000221e80cff70 JavaThread "Compiler Class File Writer" daemon [_thread_blocked, id=17500, stack(0x000000f741800000,0x000000f741900000) (1024K)]
Total: 61

Other Threads:
  0x00000221c8dcf1d0 VMThread "VM Thread"                           [id=20640, stack(0x000000f73d200000,0x000000f73d300000) (1024K)]
  0x00000221df39c8d0 WatcherThread "VM Periodic Task Thread"        [id=10516, stack(0x000000f73d100000,0x000000f73d200000) (1024K)]
  0x00000221c8dcdfb0 WorkerThread "GC Thread#0"                     [id=15864, stack(0x000000f73d000000,0x000000f73d100000) (1024K)]
  0x00000221c8dcf570 WorkerThread "GC Thread#1"                     [id=2232, stack(0x000000f73de00000,0x000000f73df00000) (1024K)]
  0x00000221c8dcf910 WorkerThread "GC Thread#2"                     [id=11824, stack(0x000000f73df00000,0x000000f73e000000) (1024K)]
  0x00000221c8dce6f0 WorkerThread "GC Thread#3"                     [id=17740, stack(0x000000f73e000000,0x000000f73e100000) (1024K)]
  0x00000221e56d8e70 WorkerThread "GC Thread#4"                     [id=17116, stack(0x000000f73e100000,0x000000f73e200000) (1024K)]
  0x00000221e56d9cf0 WorkerThread "GC Thread#5"                     [id=8956, stack(0x000000f73e200000,0x000000f73e300000) (1024K)]
  0x00000221e56d9210 WorkerThread "GC Thread#6"                     [id=17360, stack(0x000000f73e300000,0x000000f73e400000) (1024K)]
  0x00000221e56db650 WorkerThread "GC Thread#7"                     [id=7572, stack(0x000000f73e600000,0x000000f73e700000) (1024K)]
Total: 10

Threads with active compile tasks:
C2 CompilerThread1  21354 11707   !   4       org.eclipse.jdt.internal.compiler.classfmt.ClassFileReader::<init> (2135 bytes)
Total: 1

VM state: not at safepoint (normal execution)

VM Mutex/Monitor currently owned by a thread: None

Heap address: 0x00000000c0000000, size: 1024 MB, Compressed Oops mode: 32-bit

CDS archive(s) mapped at: [0x0000022180000000-0x0000022180ba0000-0x0000022180ba0000), size 12189696, SharedBaseAddress: 0x0000022180000000, ArchiveRelocationMode: 1.
Compressed class space mapped at: 0x0000022181000000-0x00000221c1000000, reserved size: 1073741824
Narrow klass base: 0x0000022180000000, Narrow klass shift: 0, Narrow klass range: 0x100000000

GC Precious Log:
 CardTable entry size: 512
 CPUs: 8 total, 8 available
 Memory: 3429M
 Large Page Support: Disabled
 NUMA Support: Disabled
 Compressed Oops: Enabled (32-bit)
 Alignments: Space 512K, Generation 512K, Heap 2M
 Heap Min Capacity: 100M
 Heap Initial Capacity: 100M
 Heap Max Capacity: 1G
 Pre-touch: Disabled
 Parallel Workers: 8

Heap:
 PSYoungGen      total 11264K, used 10113K [0x00000000eab00000, 0x00000000eb780000, 0x0000000100000000)
  eden space 9728K, 88% used [0x00000000eab00000,0x00000000eb362478,0x00000000eb480000)
  from space 1536K, 99% used [0x00000000eb480000,0x00000000eb5fdfd0,0x00000000eb600000)
  to   space 1536K, 0% used [0x00000000eb600000,0x00000000eb600000,0x00000000eb780000)
 ParOldGen       total 408576K, used 408079K [0x00000000c0000000, 0x00000000d8f00000, 0x00000000eab00000)
  object space 408576K, 99% used [0x00000000c0000000,0x00000000d8e83fb0,0x00000000d8f00000)
 Metaspace       used 62314K, committed 63808K, reserved 1114112K
  class space    used 6464K, committed 7168K, reserved 1048576K

Card table byte_map: [0x00000221caa80000,0x00000221cac90000] _byte_map_base: 0x00000221ca480000

Marking Bits: (ParMarkBitMap*) 0x00007fff76f13260
 Begin Bits: [0x00000221dd2c0000, 0x00000221de2c0000)
 End Bits:   [0x00000221de2c0000, 0x00000221df2c0000)

Polling page: 0x00000221c8fc0000

Metaspace:

Usage:
  Non-class:     54.54 MB used.
      Class:      6.31 MB used.
       Both:     60.85 MB used.

Virtual space:
  Non-class space:       64.00 MB reserved,      55.31 MB ( 86%) committed,  1 nodes.
      Class space:        1.00 GB reserved,       7.00 MB ( <1%) committed,  1 nodes.
             Both:        1.06 GB reserved,      62.31 MB (  6%) committed. 

Chunk freelists:
   Non-Class:  8.66 MB
       Class:  9.06 MB
        Both:  17.71 MB

MaxMetaspaceSize: unlimited
CompressedClassSpaceSize: 1.00 GB
Initial GC threshold: 21.00 MB
Current GC threshold: 97.31 MB
CDS: on
 - commit_granule_bytes: 65536.
 - commit_granule_words: 8192.
 - virtual_space_node_default_size: 8388608.
 - enlarge_chunks_in_place: 1.
 - use_allocation_guard: 0.


Internal statistics:

num_allocs_failed_limit: 9.
num_arena_births: 1176.
num_arena_deaths: 18.
num_vsnodes_births: 2.
num_vsnodes_deaths: 0.
num_space_committed: 997.
num_space_uncommitted: 0.
num_chunks_returned_to_freelist: 29.
num_chunks_taken_from_freelist: 4218.
num_chunk_merges: 16.
num_chunk_splits: 2528.
num_chunks_enlarged: 1345.
num_inconsistent_stats: 0.

CodeHeap 'non-profiled nmethods': size=120000Kb used=5976Kb max_used=5976Kb free=114023Kb
 bounds [0x00000221d5d90000, 0x00000221d6370000, 0x00000221dd2c0000]
CodeHeap 'profiled nmethods': size=120000Kb used=22262Kb max_used=22262Kb free=97737Kb
 bounds [0x00000221ce2c0000, 0x00000221cf880000, 0x00000221d57f0000]
CodeHeap 'non-nmethods': size=5760Kb used=1431Kb max_used=1527Kb free=4329Kb
 bounds [0x00000221d57f0000, 0x00000221d5a60000, 0x00000221d5d90000]
 total_blobs=11676 nmethods=10930 adapters=652
 compilation: enabled
              stopped_count=0, restarted_count=0
 full_count=0

Compilation events (20 events):
Event: 20.765 Thread 0x00000221df49e050 11702       4       org.eclipse.jdt.internal.core.search.JavaSearchDocument::<init> (21 bytes)
Event: 20.781 Thread 0x00000221df49e050 nmethod 11702 0x00000221d6347e10 code [0x00000221d6348060, 0x00000221d6348e88]
Event: 20.781 Thread 0x00000221df49e050 11703   !   4       org.eclipse.jdt.internal.compiler.util.Util::getZipEntryByteContent (84 bytes)
Event: 20.782 Thread 0x00000221df49e050 nmethod 11703 0x00000221d6349910 code [0x00000221d6349ae0, 0x00000221d6349c98]
Event: 20.880 Thread 0x00000221df49f8e0 11704       3       org.eclipse.jdt.internal.compiler.util.Util::scanTypeArgumentSignature (62 bytes)
Event: 20.881 Thread 0x00000221df49f8e0 nmethod 11704 0x00000221cf86c110 code [0x00000221cf86c320, 0x00000221cf86c830]
Event: 20.884 Thread 0x00000221e68984f0 nmethod 11664 0x00000221d6349f10 code [0x00000221d634a960, 0x00000221d63567f0]
Event: 20.907 Thread 0x00000221df49f8e0 11705   !   3       org.eclipse.jdt.internal.compiler.classfmt.ClassFileReader::<init> (2135 bytes)
Event: 20.913 Thread 0x00000221df49f8e0 nmethod 11705 0x00000221cf86ca90 code [0x00000221cf86d580, 0x00000221cf876660]
Event: 20.917 Thread 0x00000221e68984f0 11706       4       java.lang.Thread::getContextClassLoader (30 bytes)
Event: 20.918 Thread 0x00000221e68984f0 nmethod 11706 0x00000221d635c010 code [0x00000221d635c1a0, 0x00000221d635c238]
Event: 20.952 Thread 0x00000221e68984f0 11707   !   4       org.eclipse.jdt.internal.compiler.classfmt.ClassFileReader::<init> (2135 bytes)
Event: 21.060 Thread 0x00000221df49e050 11708       4       org.eclipse.jdt.internal.compiler.util.SimpleLookupTable::rehash (86 bytes)
Event: 21.062 Thread 0x00000221df49f8e0 11709       3       org.eclipse.jdt.internal.core.util.Util::quickSort (107 bytes)
Event: 21.062 Thread 0x00000221df49f8e0 nmethod 11709 0x00000221cf87cc10 code [0x00000221cf87ce40, 0x00000221cf87d650]
Event: 21.070 Thread 0x00000221df49e050 nmethod 11708 0x00000221d635c310 code [0x00000221d635c560, 0x00000221d635d170]
Event: 21.070 Thread 0x00000221df49e050 11711       4       org.eclipse.jdt.internal.core.index.DiskIndex::writeAllDocumentNames (512 bytes)
Event: 21.196 Thread 0x00000221df49e050 nmethod 11711 0x00000221d635d790 code [0x00000221d635dbe0, 0x00000221d63614d0]
Event: 21.196 Thread 0x00000221df49e050 11710       4       org.eclipse.jdt.internal.core.util.Util::quickSort (107 bytes)
Event: 21.226 Thread 0x00000221df49e050 nmethod 11710 0x00000221d6363710 code [0x00000221d63639a0, 0x00000221d6365878]

GC Heap History (20 events):
Event: 20.893 GC heap before
{Heap before GC invocations=471 (full 3):
 PSYoungGen      total 12800K, used 12480K [0x00000000eab00000, 0x00000000eb980000, 0x0000000100000000)
  eden space 10752K, 100% used [0x00000000eab00000,0x00000000eb580000,0x00000000eb580000)
  from space 2048K, 84% used [0x00000000eb580000,0x00000000eb730000,0x00000000eb780000)
  to   space 2048K, 0% used [0x00000000eb780000,0x00000000eb780000,0x00000000eb980000)
 ParOldGen       total 391168K, used 390791K [0x00000000c0000000, 0x00000000d7e00000, 0x00000000eab00000)
  object space 391168K, 99% used [0x00000000c0000000,0x00000000d7da1db8,0x00000000d7e00000)
 Metaspace       used 62314K, committed 63808K, reserved 1114112K
  class space    used 6464K, committed 7168K, reserved 1048576K
}
Event: 20.895 GC heap after
{Heap after GC invocations=471 (full 3):
 PSYoungGen      total 12800K, used 1601K [0x00000000eab00000, 0x00000000eb980000, 0x0000000100000000)
  eden space 10752K, 0% used [0x00000000eab00000,0x00000000eab00000,0x00000000eb580000)
  from space 2048K, 78% used [0x00000000eb780000,0x00000000eb9104d8,0x00000000eb980000)
  to   space 2048K, 0% used [0x00000000eb580000,0x00000000eb580000,0x00000000eb780000)
 ParOldGen       total 392704K, used 392333K [0x00000000c0000000, 0x00000000d7f80000, 0x00000000eab00000)
  object space 392704K, 99% used [0x00000000c0000000,0x00000000d7f237d8,0x00000000d7f80000)
 Metaspace       used 62314K, committed 63808K, reserved 1114112K
  class space    used 6464K, committed 7168K, reserved 1048576K
}
Event: 20.914 GC heap before
{Heap before GC invocations=472 (full 3):
 PSYoungGen      total 12800K, used 12296K [0x00000000eab00000, 0x00000000eb980000, 0x0000000100000000)
  eden space 10752K, 99% used [0x00000000eab00000,0x00000000eb571c80,0x00000000eb580000)
  from space 2048K, 78% used [0x00000000eb780000,0x00000000eb9104d8,0x00000000eb980000)
  to   space 2048K, 0% used [0x00000000eb580000,0x00000000eb580000,0x00000000eb780000)
 ParOldGen       total 392704K, used 392333K [0x00000000c0000000, 0x00000000d7f80000, 0x00000000eab00000)
  object space 392704K, 99% used [0x00000000c0000000,0x00000000d7f237d8,0x00000000d7f80000)
 Metaspace       used 62314K, committed 63808K, reserved 1114112K
  class space    used 6464K, committed 7168K, reserved 1048576K
}
Event: 20.916 GC heap after
{Heap after GC invocations=472 (full 3):
 PSYoungGen      total 12800K, used 1504K [0x00000000eab00000, 0x00000000eb980000, 0x0000000100000000)
  eden space 10752K, 0% used [0x00000000eab00000,0x00000000eab00000,0x00000000eb580000)
  from space 2048K, 73% used [0x00000000eb580000,0x00000000eb6f80e0,0x00000000eb780000)
  to   space 2048K, 0% used [0x00000000eb780000,0x00000000eb780000,0x00000000eb980000)
 ParOldGen       total 394240K, used 393797K [0x00000000c0000000, 0x00000000d8100000, 0x00000000eab00000)
  object space 394240K, 99% used [0x00000000c0000000,0x00000000d80917d8,0x00000000d8100000)
 Metaspace       used 62314K, committed 63808K, reserved 1114112K
  class space    used 6464K, committed 7168K, reserved 1048576K
}
Event: 20.934 GC heap before
{Heap before GC invocations=473 (full 3):
 PSYoungGen      total 12800K, used 12256K [0x00000000eab00000, 0x00000000eb980000, 0x0000000100000000)
  eden space 10752K, 100% used [0x00000000eab00000,0x00000000eb580000,0x00000000eb580000)
  from space 2048K, 73% used [0x00000000eb580000,0x00000000eb6f80e0,0x00000000eb780000)
  to   space 2048K, 0% used [0x00000000eb780000,0x00000000eb780000,0x00000000eb980000)
 ParOldGen       total 394240K, used 393797K [0x00000000c0000000, 0x00000000d8100000, 0x00000000eab00000)
  object space 394240K, 99% used [0x00000000c0000000,0x00000000d80917d8,0x00000000d8100000)
 Metaspace       used 62314K, committed 63808K, reserved 1114112K
  class space    used 6464K, committed 7168K, reserved 1048576K
}
Event: 20.937 GC heap after
{Heap after GC invocations=473 (full 3):
 PSYoungGen      total 12288K, used 1456K [0x00000000eab00000, 0x00000000eb900000, 0x0000000100000000)
  eden space 10752K, 0% used [0x00000000eab00000,0x00000000eab00000,0x00000000eb580000)
  from space 1536K, 94% used [0x00000000eb780000,0x00000000eb8ec010,0x00000000eb900000)
  to   space 1536K, 0% used [0x00000000eb600000,0x00000000eb600000,0x00000000eb780000)
 ParOldGen       total 395264K, used 394925K [0x00000000c0000000, 0x00000000d8200000, 0x00000000eab00000)
  object space 395264K, 99% used [0x00000000c0000000,0x00000000d81ab7d8,0x00000000d8200000)
 Metaspace       used 62314K, committed 63808K, reserved 1114112K
  class space    used 6464K, committed 7168K, reserved 1048576K
}
Event: 20.958 GC heap before
{Heap before GC invocations=474 (full 3):
 PSYoungGen      total 12288K, used 12208K [0x00000000eab00000, 0x00000000eb900000, 0x0000000100000000)
  eden space 10752K, 100% used [0x00000000eab00000,0x00000000eb580000,0x00000000eb580000)
  from space 1536K, 94% used [0x00000000eb780000,0x00000000eb8ec010,0x00000000eb900000)
  to   space 1536K, 0% used [0x00000000eb600000,0x00000000eb600000,0x00000000eb780000)
 ParOldGen       total 395264K, used 394925K [0x00000000c0000000, 0x00000000d8200000, 0x00000000eab00000)
  object space 395264K, 99% used [0x00000000c0000000,0x00000000d81ab7d8,0x00000000d8200000)
 Metaspace       used 62314K, committed 63808K, reserved 1114112K
  class space    used 6464K, committed 7168K, reserved 1048576K
}
Event: 20.960 GC heap after
{Heap after GC invocations=474 (full 3):
 PSYoungGen      total 12288K, used 1408K [0x00000000eab00000, 0x00000000eb880000, 0x0000000100000000)
  eden space 10752K, 0% used [0x00000000eab00000,0x00000000eab00000,0x00000000eb580000)
  from space 1536K, 91% used [0x00000000eb600000,0x00000000eb760000,0x00000000eb780000)
  to   space 1024K, 0% used [0x00000000eb780000,0x00000000eb780000,0x00000000eb880000)
 ParOldGen       total 396288K, used 396222K [0x00000000c0000000, 0x00000000d8300000, 0x00000000eab00000)
  object space 396288K, 99% used [0x00000000c0000000,0x00000000d82efbe8,0x00000000d8300000)
 Metaspace       used 62314K, committed 63808K, reserved 1114112K
  class space    used 6464K, committed 7168K, reserved 1048576K
}
Event: 20.979 GC heap before
{Heap before GC invocations=475 (full 3):
 PSYoungGen      total 12288K, used 12160K [0x00000000eab00000, 0x00000000eb880000, 0x0000000100000000)
  eden space 10752K, 100% used [0x00000000eab00000,0x00000000eb580000,0x00000000eb580000)
  from space 1536K, 91% used [0x00000000eb600000,0x00000000eb760000,0x00000000eb780000)
  to   space 1024K, 0% used [0x00000000eb780000,0x00000000eb780000,0x00000000eb880000)
 ParOldGen       total 396288K, used 396222K [0x00000000c0000000, 0x00000000d8300000, 0x00000000eab00000)
  object space 396288K, 99% used [0x00000000c0000000,0x00000000d82efbe8,0x00000000d8300000)
 Metaspace       used 62314K, committed 63808K, reserved 1114112K
  class space    used 6464K, committed 7168K, reserved 1048576K
}
Event: 20.981 GC heap after
{Heap after GC invocations=475 (full 3):
 PSYoungGen      total 10752K, used 1024K [0x00000000eab00000, 0x00000000ebb80000, 0x0000000100000000)
  eden space 9728K, 0% used [0x00000000eab00000,0x00000000eab00000,0x00000000eb480000)
  from space 1024K, 100% used [0x00000000eb780000,0x00000000eb880000,0x00000000eb880000)
  to   space 3072K, 0% used [0x00000000eb480000,0x00000000eb480000,0x00000000eb780000)
 ParOldGen       total 397824K, used 397598K [0x00000000c0000000, 0x00000000d8480000, 0x00000000eab00000)
  object space 397824K, 99% used [0x00000000c0000000,0x00000000d8447be8,0x00000000d8480000)
 Metaspace       used 62314K, committed 63808K, reserved 1114112K
  class space    used 6464K, committed 7168K, reserved 1048576K
}
Event: 20.999 GC heap before
{Heap before GC invocations=476 (full 3):
 PSYoungGen      total 10752K, used 10752K [0x00000000eab00000, 0x00000000ebb80000, 0x0000000100000000)
  eden space 9728K, 100% used [0x00000000eab00000,0x00000000eb480000,0x00000000eb480000)
  from space 1024K, 100% used [0x00000000eb780000,0x00000000eb880000,0x00000000eb880000)
  to   space 3072K, 0% used [0x00000000eb480000,0x00000000eb480000,0x00000000eb780000)
 ParOldGen       total 397824K, used 397598K [0x00000000c0000000, 0x00000000d8480000, 0x00000000eab00000)
  object space 397824K, 99% used [0x00000000c0000000,0x00000000d8447be8,0x00000000d8480000)
 Metaspace       used 62314K, committed 63808K, reserved 1114112K
  class space    used 6464K, committed 7168K, reserved 1048576K
}
Event: 21.002 GC heap after
{Heap after GC invocations=476 (full 3):
 PSYoungGen      total 11264K, used 1152K [0x00000000eab00000, 0x00000000eb880000, 0x0000000100000000)
  eden space 9728K, 0% used [0x00000000eab00000,0x00000000eab00000,0x00000000eb480000)
  from space 1536K, 75% used [0x00000000eb480000,0x00000000eb5a0000,0x00000000eb600000)
  to   space 2048K, 0% used [0x00000000eb680000,0x00000000eb680000,0x00000000eb880000)
 ParOldGen       total 398848K, used 398622K [0x00000000c0000000, 0x00000000d8580000, 0x00000000eab00000)
  object space 398848K, 99% used [0x00000000c0000000,0x00000000d8547be8,0x00000000d8580000)
 Metaspace       used 62314K, committed 63808K, reserved 1114112K
  class space    used 6464K, committed 7168K, reserved 1048576K
}
Event: 21.022 GC heap before
{Heap before GC invocations=477 (full 3):
 PSYoungGen      total 11264K, used 10880K [0x00000000eab00000, 0x00000000eb880000, 0x0000000100000000)
  eden space 9728K, 100% used [0x00000000eab00000,0x00000000eb480000,0x00000000eb480000)
  from space 1536K, 75% used [0x00000000eb480000,0x00000000eb5a0000,0x00000000eb600000)
  to   space 2048K, 0% used [0x00000000eb680000,0x00000000eb680000,0x00000000eb880000)
 ParOldGen       total 398848K, used 398622K [0x00000000c0000000, 0x00000000d8580000, 0x00000000eab00000)
  object space 398848K, 99% used [0x00000000c0000000,0x00000000d8547be8,0x00000000d8580000)
 Metaspace       used 62314K, committed 63808K, reserved 1114112K
  class space    used 6464K, committed 7168K, reserved 1048576K
}
Event: 21.025 GC heap after
{Heap after GC invocations=477 (full 3):
 PSYoungGen      total 11264K, used 1248K [0x00000000eab00000, 0x00000000eb800000, 0x0000000100000000)
  eden space 9728K, 0% used [0x00000000eab00000,0x00000000eab00000,0x00000000eb480000)
  from space 1536K, 81% used [0x00000000eb680000,0x00000000eb7b8000,0x00000000eb800000)
  to   space 1536K, 0% used [0x00000000eb480000,0x00000000eb480000,0x00000000eb600000)
 ParOldGen       total 399872K, used 399686K [0x00000000c0000000, 0x00000000d8680000, 0x00000000eab00000)
  object space 399872K, 99% used [0x00000000c0000000,0x00000000d8651be8,0x00000000d8680000)
 Metaspace       used 62314K, committed 63808K, reserved 1114112K
  class space    used 6464K, committed 7168K, reserved 1048576K
}
Event: 21.042 GC heap before
{Heap before GC invocations=478 (full 3):
 PSYoungGen      total 11264K, used 10976K [0x00000000eab00000, 0x00000000eb800000, 0x0000000100000000)
  eden space 9728K, 100% used [0x00000000eab00000,0x00000000eb480000,0x00000000eb480000)
  from space 1536K, 81% used [0x00000000eb680000,0x00000000eb7b8000,0x00000000eb800000)
  to   space 1536K, 0% used [0x00000000eb480000,0x00000000eb480000,0x00000000eb600000)
 ParOldGen       total 399872K, used 399686K [0x00000000c0000000, 0x00000000d8680000, 0x00000000eab00000)
  object space 399872K, 99% used [0x00000000c0000000,0x00000000d8651be8,0x00000000d8680000)
 Metaspace       used 62314K, committed 63808K, reserved 1114112K
  class space    used 6464K, committed 7168K, reserved 1048576K
}
Event: 21.044 GC heap after
{Heap after GC invocations=478 (full 3):
 PSYoungGen      total 11264K, used 1056K [0x00000000eab00000, 0x00000000eb780000, 0x0000000100000000)
  eden space 9728K, 0% used [0x00000000eab00000,0x00000000eab00000,0x00000000eb480000)
  from space 1536K, 68% used [0x00000000eb480000,0x00000000eb588000,0x00000000eb600000)
  to   space 1536K, 0% used [0x00000000eb600000,0x00000000eb600000,0x00000000eb780000)
 ParOldGen       total 400896K, used 400798K [0x00000000c0000000, 0x00000000d8780000, 0x00000000eab00000)
  object space 400896K, 99% used [0x00000000c0000000,0x00000000d8767be8,0x00000000d8780000)
 Metaspace       used 62314K, committed 63808K, reserved 1114112K
  class space    used 6464K, committed 7168K, reserved 1048576K
}
Event: 21.072 GC heap before
{Heap before GC invocations=479 (full 3):
 PSYoungGen      total 11264K, used 10784K [0x00000000eab00000, 0x00000000eb780000, 0x0000000100000000)
  eden space 9728K, 100% used [0x00000000eab00000,0x00000000eb480000,0x00000000eb480000)
  from space 1536K, 68% used [0x00000000eb480000,0x00000000eb588000,0x00000000eb600000)
  to   space 1536K, 0% used [0x00000000eb600000,0x00000000eb600000,0x00000000eb780000)
 ParOldGen       total 400896K, used 400798K [0x00000000c0000000, 0x00000000d8780000, 0x00000000eab00000)
  object space 400896K, 99% used [0x00000000c0000000,0x00000000d8767be8,0x00000000d8780000)
 Metaspace       used 62314K, committed 63808K, reserved 1114112K
  class space    used 6464K, committed 7168K, reserved 1048576K
}
Event: 21.075 GC heap after
{Heap after GC invocations=479 (full 3):
 PSYoungGen      total 11264K, used 1432K [0x00000000eab00000, 0x00000000eb780000, 0x0000000100000000)
  eden space 9728K, 0% used [0x00000000eab00000,0x00000000eab00000,0x00000000eb480000)
  from space 1536K, 93% used [0x00000000eb600000,0x00000000eb766010,0x00000000eb780000)
  to   space 1536K, 0% used [0x00000000eb480000,0x00000000eb480000,0x00000000eb600000)
 ParOldGen       total 401920K, used 401702K [0x00000000c0000000, 0x00000000d8880000, 0x00000000eab00000)
  object space 401920K, 99% used [0x00000000c0000000,0x00000000d8849be8,0x00000000d8880000)
 Metaspace       used 62314K, committed 63808K, reserved 1114112K
  class space    used 6464K, committed 7168K, reserved 1048576K
}
Event: 21.210 GC heap before
{Heap before GC invocations=480 (full 3):
 PSYoungGen      total 11264K, used 11160K [0x00000000eab00000, 0x00000000eb780000, 0x0000000100000000)
  eden space 9728K, 100% used [0x00000000eab00000,0x00000000eb480000,0x00000000eb480000)
  from space 1536K, 93% used [0x00000000eb600000,0x00000000eb766010,0x00000000eb780000)
  to   space 1536K, 0% used [0x00000000eb480000,0x00000000eb480000,0x00000000eb600000)
 ParOldGen       total 401920K, used 401702K [0x00000000c0000000, 0x00000000d8880000, 0x00000000eab00000)
  object space 401920K, 99% used [0x00000000c0000000,0x00000000d8849be8,0x00000000d8880000)
 Metaspace       used 62314K, committed 63808K, reserved 1114112K
  class space    used 6464K, committed 7168K, reserved 1048576K
}
Event: 21.217 GC heap after
{Heap after GC invocations=480 (full 3):
 PSYoungGen      total 11264K, used 1527K [0x00000000eab00000, 0x00000000eb780000, 0x0000000100000000)
  eden space 9728K, 0% used [0x00000000eab00000,0x00000000eab00000,0x00000000eb480000)
  from space 1536K, 99% used [0x00000000eb480000,0x00000000eb5fdfd0,0x00000000eb600000)
  to   space 1536K, 0% used [0x00000000eb600000,0x00000000eb600000,0x00000000eb780000)
 ParOldGen       total 408576K, used 408079K [0x00000000c0000000, 0x00000000d8f00000, 0x00000000eab00000)
  object space 408576K, 99% used [0x00000000c0000000,0x00000000d8e83fb0,0x00000000d8f00000)
 Metaspace       used 62314K, committed 63808K, reserved 1114112K
  class space    used 6464K, committed 7168K, reserved 1048576K
}

Dll operation events (10 events):
Event: 0.017 Loaded shared library c:\Users\kuber\.vscode\extensions\redhat.java-1.40.0-win32-x64\jre\21.0.6-win32-x86_64\bin\java.dll
Event: 0.081 Loaded shared library c:\Users\kuber\.vscode\extensions\redhat.java-1.40.0-win32-x64\jre\21.0.6-win32-x86_64\bin\zip.dll
Event: 0.100 Loaded shared library C:\Users\kuber\.vscode\extensions\redhat.java-1.40.0-win32-x64\jre\21.0.6-win32-x86_64\bin\instrument.dll
Event: 0.105 Loaded shared library C:\Users\kuber\.vscode\extensions\redhat.java-1.40.0-win32-x64\jre\21.0.6-win32-x86_64\bin\net.dll
Event: 0.109 Loaded shared library C:\Users\kuber\.vscode\extensions\redhat.java-1.40.0-win32-x64\jre\21.0.6-win32-x86_64\bin\nio.dll
Event: 0.111 Loaded shared library C:\Users\kuber\.vscode\extensions\redhat.java-1.40.0-win32-x64\jre\21.0.6-win32-x86_64\bin\zip.dll
Event: 0.127 Loaded shared library C:\Users\kuber\.vscode\extensions\redhat.java-1.40.0-win32-x64\jre\21.0.6-win32-x86_64\bin\jimage.dll
Event: 0.193 Loaded shared library c:\Users\kuber\.vscode\extensions\redhat.java-1.40.0-win32-x64\jre\21.0.6-win32-x86_64\bin\verify.dll
Event: 1.802 Loaded shared library C:\Users\kuber\AppData\Roaming\Code\User\globalStorage\redhat.java\1.40.0\config_win\org.eclipse.equinox.launcher\org.eclipse.equinox.launcher.win32.win32.x86_64_1.2.1200.v20250212-0927\eclipse_11909.dll
Event: 4.536 Loaded shared library C:\Users\kuber\AppData\Local\Temp\jna-102399717\jna5231548870542996190.dll

Deoptimization events (20 events):
Event: 20.994 Thread 0x00000221e6505170 DEOPT PACKING pc=0x00000221cf87469a sp=0x000000f73f1feac0
Event: 20.994 Thread 0x00000221e6505170 DEOPT UNPACKING pc=0x00000221d5844242 sp=0x000000f73f1fe048 mode 0
Event: 21.003 Thread 0x00000221e6505170 DEOPT PACKING pc=0x00000221cf87469a sp=0x000000f73f1feac0
Event: 21.003 Thread 0x00000221e6505170 DEOPT UNPACKING pc=0x00000221d5844242 sp=0x000000f73f1fe048 mode 0
Event: 21.011 Thread 0x00000221e6505170 DEOPT PACKING pc=0x00000221cf87469a sp=0x000000f73f1feac0
Event: 21.011 Thread 0x00000221e6505170 DEOPT UNPACKING pc=0x00000221d5844242 sp=0x000000f73f1fe048 mode 0
Event: 21.032 Thread 0x00000221e6505170 DEOPT PACKING pc=0x00000221cf87469a sp=0x000000f73f1feac0
Event: 21.032 Thread 0x00000221e6505170 DEOPT UNPACKING pc=0x00000221d5844242 sp=0x000000f73f1fe048 mode 0
Event: 21.052 Thread 0x00000221e6505170 DEOPT PACKING pc=0x00000221cf87469a sp=0x000000f73f1feac0
Event: 21.052 Thread 0x00000221e6505170 DEOPT UNPACKING pc=0x00000221d5844242 sp=0x000000f73f1fe048 mode 0
Event: 21.060 Thread 0x00000221e6505170 DEOPT PACKING pc=0x00000221cf7838eb sp=0x000000f73f1feab0
Event: 21.060 Thread 0x00000221e6505170 DEOPT UNPACKING pc=0x00000221d5844242 sp=0x000000f73f1fdf50 mode 0
Event: 21.061 Thread 0x00000221e6505170 DEOPT PACKING pc=0x00000221cf7838eb sp=0x000000f73f1feab0
Event: 21.061 Thread 0x00000221e6505170 DEOPT UNPACKING pc=0x00000221d5844242 sp=0x000000f73f1fdf50 mode 0
Event: 21.062 Thread 0x00000221e6505170 DEOPT PACKING pc=0x00000221cf78422b sp=0x000000f73f1fe940
Event: 21.062 Thread 0x00000221e6505170 DEOPT UNPACKING pc=0x00000221d5844242 sp=0x000000f73f1fddd0 mode 0
Event: 21.062 Thread 0x00000221e6505170 DEOPT PACKING pc=0x00000221cf7841e0 sp=0x000000f73f1fe940
Event: 21.062 Thread 0x00000221e6505170 DEOPT UNPACKING pc=0x00000221d5844242 sp=0x000000f73f1fddd8 mode 0
Event: 21.066 Thread 0x00000221e6505170 DEOPT PACKING pc=0x00000221cf83ccfe sp=0x000000f73f1feb30
Event: 21.066 Thread 0x00000221e6505170 DEOPT UNPACKING pc=0x00000221d5844242 sp=0x000000f73f1fe028 mode 0

Classes loaded (20 events):
Event: 15.546 Loading class java/util/regex/Pattern$SliceU
Event: 15.547 Loading class java/util/regex/Pattern$SliceU done
Event: 15.547 Loading class sun/nio/fs/WindowsFileSystem$2
Event: 15.548 Loading class java/nio/file/PathMatcher
Event: 15.548 Loading class java/nio/file/PathMatcher done
Event: 15.548 Loading class sun/nio/fs/WindowsFileSystem$2 done
Event: 15.643 Loading class java/util/Collections$SynchronizedRandomAccessList
Event: 15.644 Loading class java/util/Collections$SynchronizedList
Event: 15.645 Loading class java/util/Collections$SynchronizedList done
Event: 15.645 Loading class java/util/Collections$SynchronizedRandomAccessList done
Event: 15.662 Loading class java/util/concurrent/CompletableFuture$Signaller
Event: 15.663 Loading class java/util/concurrent/CompletableFuture$Signaller done
Event: 15.685 Loading class java/lang/Throwable$WrappedPrintWriter
Event: 15.686 Loading class java/lang/Throwable$PrintStreamOrWriter
Event: 15.686 Loading class java/lang/Throwable$PrintStreamOrWriter done
Event: 15.686 Loading class java/lang/Throwable$WrappedPrintWriter done
Event: 15.820 Loading class java/util/Hashtable$KeySet
Event: 15.821 Loading class java/util/Hashtable$KeySet done
Event: 18.469 Loading class java/util/HashMap$EntrySpliterator
Event: 18.474 Loading class java/util/HashMap$EntrySpliterator done

Classes unloaded (9 events):
Event: 5.313 Thread 0x00000221c8dcf1d0 Unloading class 0x0000022181194c00 'java/lang/invoke/LambdaForm$MH+0x0000022181194c00'
Event: 5.313 Thread 0x00000221c8dcf1d0 Unloading class 0x0000022181194800 'java/lang/invoke/LambdaForm$MH+0x0000022181194800'
Event: 5.313 Thread 0x00000221c8dcf1d0 Unloading class 0x0000022181194400 'java/lang/invoke/LambdaForm$MH+0x0000022181194400'
Event: 5.313 Thread 0x00000221c8dcf1d0 Unloading class 0x0000022181194000 'java/lang/invoke/LambdaForm$MH+0x0000022181194000'
Event: 5.313 Thread 0x00000221c8dcf1d0 Unloading class 0x0000022181193c00 'java/lang/invoke/LambdaForm$BMH+0x0000022181193c00'
Event: 5.313 Thread 0x00000221c8dcf1d0 Unloading class 0x0000022181193800 'java/lang/invoke/LambdaForm$DMH+0x0000022181193800'
Event: 5.313 Thread 0x00000221c8dcf1d0 Unloading class 0x0000022181192400 'java/lang/invoke/LambdaForm$DMH+0x0000022181192400'
Event: 13.598 Thread 0x00000221c8dcf1d0 Unloading class 0x0000022181674c00 'java/lang/invoke/LambdaForm$DMH+0x0000022181674c00'
Event: 13.598 Thread 0x00000221c8dcf1d0 Unloading class 0x0000022181674400 'java/lang/invoke/LambdaForm$DMH+0x0000022181674400'

Classes redefined (0 events):
No events

Internal exceptions (20 events):
Event: 18.417 Thread 0x00000221e6505170 Exception <a 'sun/nio/fs/WindowsException'{0x00000000eb8b46b0}> (0x00000000eb8b46b0) 
thrown [s\src\hotspot\share\prims\jni.cpp, line 520]
Event: 18.450 Thread 0x00000221e6505170 Exception <a 'sun/nio/fs/WindowsException'{0x00000000eb99a9a0}> (0x00000000eb99a9a0) 
thrown [s\src\hotspot\share\prims\jni.cpp, line 520]
Event: 18.591 Thread 0x00000221e6505170 Exception <a 'sun/nio/fs/WindowsException'{0x00000000eb6b0498}> (0x00000000eb6b0498) 
thrown [s\src\hotspot\share\prims\jni.cpp, line 520]
Event: 18.831 Thread 0x00000221e6505170 Exception <a 'sun/nio/fs/WindowsException'{0x00000000eb8e7870}> (0x00000000eb8e7870) 
thrown [s\src\hotspot\share\prims\jni.cpp, line 520]
Event: 18.838 Thread 0x00000221e6506bb0 Exception <a 'java/lang/NoSuchMethodError'{0x00000000eba4a5d8}: 'java.lang.Object java.lang.invoke.DirectMethodHandle$Holder.invokeStatic(java.lang.Object, java.lang.Object, int, java.lang.Object)'> (0x00000000eba4a5d8) 
thrown [s\src\hotspot\share\interpreter\linkResolver.cpp, line 773]
Event: 19.012 Thread 0x00000221e6505170 Exception <a 'sun/nio/fs/WindowsException'{0x00000000eb457218}> (0x00000000eb457218) 
thrown [s\src\hotspot\share\prims\jni.cpp, line 520]
Event: 19.311 Thread 0x00000221e6505170 Exception <a 'sun/nio/fs/WindowsException'{0x00000000eafa7b30}> (0x00000000eafa7b30) 
thrown [s\src\hotspot\share\prims\jni.cpp, line 520]
Event: 19.367 Thread 0x00000221e6505170 Exception <a 'sun/nio/fs/WindowsException'{0x00000000eb2cfaa8}> (0x00000000eb2cfaa8) 
thrown [s\src\hotspot\share\prims\jni.cpp, line 520]
Event: 19.465 Thread 0x00000221e6505170 Exception <a 'sun/nio/fs/WindowsException'{0x00000000eb175c68}> (0x00000000eb175c68) 
thrown [s\src\hotspot\share\prims\jni.cpp, line 520]
Event: 19.503 Thread 0x00000221e6505170 Exception <a 'sun/nio/fs/WindowsException'{0x00000000eb5d0620}> (0x00000000eb5d0620) 
thrown [s\src\hotspot\share\prims\jni.cpp, line 520]
Event: 19.543 Thread 0x00000221e6505170 Exception <a 'sun/nio/fs/WindowsException'{0x00000000eb8b5a48}> (0x00000000eb8b5a48) 
thrown [s\src\hotspot\share\prims\jni.cpp, line 520]
Event: 19.573 Thread 0x00000221e6505170 Exception <a 'sun/nio/fs/WindowsException'{0x00000000eba55c60}> (0x00000000eba55c60) 
thrown [s\src\hotspot\share\prims\jni.cpp, line 520]
Event: 19.607 Thread 0x00000221e6505170 Exception <a 'sun/nio/fs/WindowsException'{0x00000000eab69d80}> (0x00000000eab69d80) 
thrown [s\src\hotspot\share\prims\jni.cpp, line 520]
Event: 19.729 Thread 0x00000221e6505170 Exception <a 'sun/nio/fs/WindowsException'{0x00000000eb91f760}> (0x00000000eb91f760) 
thrown [s\src\hotspot\share\prims\jni.cpp, line 520]
Event: 19.817 Thread 0x00000221e6505170 Exception <a 'sun/nio/fs/WindowsException'{0x00000000eaf89848}> (0x00000000eaf89848) 
thrown [s\src\hotspot\share\prims\jni.cpp, line 520]
Event: 19.849 Thread 0x00000221e6505170 Exception <a 'sun/nio/fs/WindowsException'{0x00000000eb0915a8}> (0x00000000eb0915a8) 
thrown [s\src\hotspot\share\prims\jni.cpp, line 520]
Event: 19.868 Thread 0x00000221e6505170 Exception <a 'sun/nio/fs/WindowsException'{0x00000000eb0a1460}> (0x00000000eb0a1460) 
thrown [s\src\hotspot\share\prims\jni.cpp, line 520]
Event: 19.887 Thread 0x00000221e6505170 Exception <a 'sun/nio/fs/WindowsException'{0x00000000eb0b1310}> (0x00000000eb0b1310) 
thrown [s\src\hotspot\share\prims\jni.cpp, line 520]
Event: 19.935 Thread 0x00000221e6505170 Exception <a 'sun/nio/fs/WindowsException'{0x00000000eb67a230}> (0x00000000eb67a230) 
thrown [s\src\hotspot\share\prims\jni.cpp, line 520]
Event: 20.009 Thread 0x00000221e6505170 Exception <a 'sun/nio/fs/WindowsException'{0x00000000eb783f30}> (0x00000000eb783f30) 
thrown [s\src\hotspot\share\prims\jni.cpp, line 520]

ZGC Phase Switch (0 events):
No events

VM Operations (20 events):
Event: 20.893 Executing VM operation: ParallelGCFailedAllocation (Allocation Failure)
Event: 20.896 Executing VM operation: ParallelGCFailedAllocation (Allocation Failure) done
Event: 20.914 Executing VM operation: ParallelGCFailedAllocation (Allocation Failure)
Event: 20.916 Executing VM operation: ParallelGCFailedAllocation (Allocation Failure) done
Event: 20.934 Executing VM operation: ParallelGCFailedAllocation (Allocation Failure)
Event: 20.937 Executing VM operation: ParallelGCFailedAllocation (Allocation Failure) done
Event: 20.958 Executing VM operation: ParallelGCFailedAllocation (Allocation Failure)
Event: 20.960 Executing VM operation: ParallelGCFailedAllocation (Allocation Failure) done
Event: 20.979 Executing VM operation: ParallelGCFailedAllocation (Allocation Failure)
Event: 20.981 Executing VM operation: ParallelGCFailedAllocation (Allocation Failure) done
Event: 20.999 Executing VM operation: ParallelGCFailedAllocation (Allocation Failure)
Event: 21.002 Executing VM operation: ParallelGCFailedAllocation (Allocation Failure) done
Event: 21.022 Executing VM operation: ParallelGCFailedAllocation (Allocation Failure)
Event: 21.025 Executing VM operation: ParallelGCFailedAllocation (Allocation Failure) done
Event: 21.042 Executing VM operation: ParallelGCFailedAllocation (Allocation Failure)
Event: 21.044 Executing VM operation: ParallelGCFailedAllocation (Allocation Failure) done
Event: 21.072 Executing VM operation: ParallelGCFailedAllocation (Allocation Failure)
Event: 21.075 Executing VM operation: ParallelGCFailedAllocation (Allocation Failure) done
Event: 21.210 Executing VM operation: ParallelGCFailedAllocation (Allocation Failure)
Event: 21.217 Executing VM operation: ParallelGCFailedAllocation (Allocation Failure) done

Memory protections (0 events):
No events

Nmethod flushes (20 events):
Event: 13.740 Thread 0x00000221c8dcf1d0 flushing osr nmethod 0x00000221ceb2a490
Event: 13.740 Thread 0x00000221c8dcf1d0 flushing osr nmethod 0x00000221ceb43290
Event: 13.740 Thread 0x00000221c8dcf1d0 flushing  nmethod 0x00000221ceb48290
Event: 13.740 Thread 0x00000221c8dcf1d0 flushing  nmethod 0x00000221ceb62d10
Event: 13.740 Thread 0x00000221c8dcf1d0 flushing  nmethod 0x00000221ceb75d90
Event: 13.740 Thread 0x00000221c8dcf1d0 flushing  nmethod 0x00000221ceb79a10
Event: 13.740 Thread 0x00000221c8dcf1d0 flushing  nmethod 0x00000221ceb7aa90
Event: 13.740 Thread 0x00000221c8dcf1d0 flushing  nmethod 0x00000221ceb95210
Event: 13.740 Thread 0x00000221c8dcf1d0 flushing  nmethod 0x00000221ceb96110
Event: 13.740 Thread 0x00000221c8dcf1d0 flushing  nmethod 0x00000221ceb97510
Event: 13.740 Thread 0x00000221c8dcf1d0 flushing  nmethod 0x00000221ceb97b10
Event: 13.740 Thread 0x00000221c8dcf1d0 flushing  nmethod 0x00000221ceb98390
Event: 13.740 Thread 0x00000221c8dcf1d0 flushing  nmethod 0x00000221ceb9b890
Event: 13.740 Thread 0x00000221c8dcf1d0 flushing  nmethod 0x00000221ceb9bf90
Event: 13.740 Thread 0x00000221c8dcf1d0 flushing  nmethod 0x00000221ceb9ea90
Event: 13.740 Thread 0x00000221c8dcf1d0 flushing  nmethod 0x00000221cebaf210
Event: 13.740 Thread 0x00000221c8dcf1d0 flushing  nmethod 0x00000221cebbf390
Event: 13.743 Thread 0x00000221c8dcf1d0 flushing  nmethod 0x00000221cebf6590
Event: 13.743 Thread 0x00000221c8dcf1d0 flushing  nmethod 0x00000221cec17d10
Event: 13.743 Thread 0x00000221c8dcf1d0 flushing  nmethod 0x00000221cec35b90

Events (20 events):
Event: 12.117 Thread 0x00000221e6505e90 Thread added: 0x00000221e80cd810
Event: 12.117 Thread 0x00000221e6505e90 Thread added: 0x00000221e80cc460
Event: 12.117 Thread 0x00000221e6505e90 Thread added: 0x00000221e80cdea0
Event: 13.220 Thread 0x00000221e80cdea0 Thread exited: 0x00000221e80cdea0
Event: 13.221 Thread 0x00000221e80d2d60 Thread exited: 0x00000221e80d2d60
Event: 13.221 Thread 0x00000221e80cd810 Thread exited: 0x00000221e80cd810
Event: 13.221 Thread 0x00000221e80cebc0 Thread exited: 0x00000221e80cebc0
Event: 13.222 Thread 0x00000221e80cc460 Thread exited: 0x00000221e80cc460
Event: 14.688 Thread 0x00000221e6505e90 Thread added: 0x00000221e80cdea0
Event: 14.688 Thread 0x00000221e6505e90 Thread added: 0x00000221e80cd810
Event: 14.688 Thread 0x00000221e6505e90 Thread added: 0x00000221e80d2d60
Event: 14.689 Thread 0x00000221e6505e90 Thread added: 0x00000221e80cebc0
Event: 14.689 Thread 0x00000221e6505e90 Thread added: 0x00000221e80cf250
Event: 14.758 Thread 0x00000221e80cf250 Thread exited: 0x00000221e80cf250
Event: 14.758 Thread 0x00000221e80cd810 Thread exited: 0x00000221e80cd810
Event: 14.758 Thread 0x00000221e80cebc0 Thread exited: 0x00000221e80cebc0
Event: 14.758 Thread 0x00000221e80cdea0 Thread exited: 0x00000221e80cdea0
Event: 14.758 Thread 0x00000221e80d2d60 Thread exited: 0x00000221e80d2d60
Event: 15.916 Thread 0x00000221e6506bb0 Thread added: 0x00000221e80d2d60
Event: 20.918 Thread 0x00000221e80d2d60 Thread exited: 0x00000221e80d2d60


Dynamic libraries:
0x00007ff7dac50000 - 0x00007ff7dac5e000 	c:\Users\kuber\.vscode\extensions\redhat.java-1.40.0-win32-x64\jre\21.0.6-win32-x86_64\bin\java.exe
0x00007ffff2ff0000 - 0x00007ffff3207000 	C:\Windows\SYSTEM32\ntdll.dll
0x00007ffff2260000 - 0x00007ffff2324000 	C:\Windows\System32\KERNEL32.DLL
0x00007ffff0950000 - 0x00007ffff0d09000 	C:\Windows\System32\KERNELBASE.dll
0x00007ffff02f0000 - 0x00007ffff0401000 	C:\Windows\System32\ucrtbase.dll
0x00007fffd9610000 - 0x00007fffd9628000 	c:\Users\kuber\.vscode\extensions\redhat.java-1.40.0-win32-x64\jre\21.0.6-win32-x86_64\bin\jli.dll
0x00007fffd9690000 - 0x00007fffd96ae000 	c:\Users\kuber\.vscode\extensions\redhat.java-1.40.0-win32-x64\jre\21.0.6-win32-x86_64\bin\VCRUNTIME140.dll
0x00007ffff1fd0000 - 0x00007ffff217e000 	C:\Windows\System32\USER32.dll
0x00007ffff0780000 - 0x00007ffff07a6000 	C:\Windows\System32\win32u.dll
0x00007ffff2da0000 - 0x00007ffff2dc9000 	C:\Windows\System32\GDI32.dll
0x00007fffdeb00000 - 0x00007fffded92000 	C:\Windows\WinSxS\amd64_microsoft.windows.common-controls_6595b64144ccf1df_6.0.22621.4391_none_2715d37f73803e96\COMCTL32.dll
0x00007ffff0410000 - 0x00007ffff052b000 	C:\Windows\System32\gdi32full.dll
0x00007ffff1770000 - 0x00007ffff1817000 	C:\Windows\System32\msvcrt.dll
0x00007ffff06e0000 - 0x00007ffff077a000 	C:\Windows\System32\msvcp_win.dll
0x00007ffff2d50000 - 0x00007ffff2d81000 	C:\Windows\System32\IMM32.DLL
0x00007fffe7b10000 - 0x00007fffe7b1c000 	c:\Users\kuber\.vscode\extensions\redhat.java-1.40.0-win32-x64\jre\21.0.6-win32-x86_64\bin\vcruntime140_1.dll
0x00007fffb74b0000 - 0x00007fffb753d000 	c:\Users\kuber\.vscode\extensions\redhat.java-1.40.0-win32-x64\jre\21.0.6-win32-x86_64\bin\msvcp140.dll
0x00007fff76260000 - 0x00007fff76ff0000 	c:\Users\kuber\.vscode\extensions\redhat.java-1.40.0-win32-x64\jre\21.0.6-win32-x86_64\bin\server\jvm.dll
0x00007ffff2180000 - 0x00007ffff2232000 	C:\Windows\System32\ADVAPI32.dll
0x00007ffff2440000 - 0x00007ffff24e7000 	C:\Windows\System32\sechost.dll
0x00007ffff0920000 - 0x00007ffff0948000 	C:\Windows\System32\bcrypt.dll
0x00007ffff1590000 - 0x00007ffff16a4000 	C:\Windows\System32\RPCRT4.dll
0x00007ffff1f40000 - 0x00007ffff1fb1000 	C:\Windows\System32\WS2_32.dll
0x00007ffff01c0000 - 0x00007ffff020d000 	C:\Windows\SYSTEM32\POWRPROF.dll
0x00007fffeb000000 - 0x00007fffeb034000 	C:\Windows\SYSTEM32\WINMM.dll
0x00007fffe5e50000 - 0x00007fffe5e5a000 	C:\Windows\SYSTEM32\VERSION.dll
0x00007ffff01a0000 - 0x00007ffff01b3000 	C:\Windows\SYSTEM32\UMPDC.dll
0x00007fffef2f0000 - 0x00007fffef308000 	C:\Windows\SYSTEM32\kernel.appcore.dll
0x00007fffda8b0000 - 0x00007fffda8ba000 	c:\Users\kuber\.vscode\extensions\redhat.java-1.40.0-win32-x64\jre\21.0.6-win32-x86_64\bin\jimage.dll
0x00007fffe4e70000 - 0x00007fffe50a2000 	C:\Windows\SYSTEM32\DBGHELP.DLL
0x00007ffff1820000 - 0x00007ffff1baf000 	C:\Windows\System32\combase.dll
0x00007ffff2ed0000 - 0x00007ffff2fa7000 	C:\Windows\System32\OLEAUT32.dll
0x00007fffe4e00000 - 0x00007fffe4e32000 	C:\Windows\SYSTEM32\dbgcore.DLL
0x00007ffff05f0000 - 0x00007ffff066b000 	C:\Windows\System32\bcryptPrimitives.dll
0x00007fffd9fc0000 - 0x00007fffd9fcf000 	c:\Users\kuber\.vscode\extensions\redhat.java-1.40.0-win32-x64\jre\21.0.6-win32-x86_64\bin\instrument.dll
0x00007fffd8540000 - 0x00007fffd855f000 	c:\Users\kuber\.vscode\extensions\redhat.java-1.40.0-win32-x64\jre\21.0.6-win32-x86_64\bin\java.dll
0x00007ffff0d10000 - 0x00007ffff1586000 	C:\Windows\System32\SHELL32.dll
0x00007fffee1e0000 - 0x00007fffeeae3000 	C:\Windows\SYSTEM32\windows.storage.dll
0x00007fffee0a0000 - 0x00007fffee1df000 	C:\Windows\SYSTEM32\wintypes.dll
0x00007ffff2dd0000 - 0x00007ffff2ec9000 	C:\Windows\System32\SHCORE.dll
0x00007ffff1710000 - 0x00007ffff176e000 	C:\Windows\System32\shlwapi.dll
0x00007ffff0220000 - 0x00007ffff024b000 	C:\Windows\SYSTEM32\profapi.dll
0x00007fffd8170000 - 0x00007fffd8188000 	c:\Users\kuber\.vscode\extensions\redhat.java-1.40.0-win32-x64\jre\21.0.6-win32-x86_64\bin\zip.dll
0x00007fffd9660000 - 0x00007fffd9670000 	C:\Users\kuber\.vscode\extensions\redhat.java-1.40.0-win32-x64\jre\21.0.6-win32-x86_64\bin\net.dll
0x00007fffeba50000 - 0x00007fffebb86000 	C:\Windows\SYSTEM32\WINHTTP.dll
0x00007fffef760000 - 0x00007fffef7c9000 	C:\Windows\system32\mswsock.dll
0x00007fffd4a70000 - 0x00007fffd4a86000 	C:\Users\kuber\.vscode\extensions\redhat.java-1.40.0-win32-x64\jre\21.0.6-win32-x86_64\bin\nio.dll
0x00007fffd9570000 - 0x00007fffd9580000 	c:\Users\kuber\.vscode\extensions\redhat.java-1.40.0-win32-x64\jre\21.0.6-win32-x86_64\bin\verify.dll
0x00007fffba150000 - 0x00007fffba195000 	C:\Users\kuber\AppData\Roaming\Code\User\globalStorage\redhat.java\1.40.0\config_win\org.eclipse.equinox.launcher\org.eclipse.equinox.launcher.win32.win32.x86_64_1.2.1200.v20250212-0927\eclipse_11909.dll
0x00007ffff1bb0000 - 0x00007ffff1d55000 	C:\Windows\System32\ole32.dll
0x00007fffefab0000 - 0x00007fffefacb000 	C:\Windows\SYSTEM32\CRYPTSP.dll
0x00007fffef250000 - 0x00007fffef285000 	C:\Windows\system32\rsaenh.dll
0x00007fffef800000 - 0x00007fffef828000 	C:\Windows\SYSTEM32\USERENV.dll
0x00007fffefa90000 - 0x00007fffefa9c000 	C:\Windows\SYSTEM32\CRYPTBASE.dll
0x00007fffeed50000 - 0x00007fffeed7d000 	C:\Windows\SYSTEM32\IPHLPAPI.DLL
0x00007ffff1fc0000 - 0x00007ffff1fc9000 	C:\Windows\System32\NSI.dll
0x00007fffb6f40000 - 0x00007fffb6f89000 	C:\Users\kuber\AppData\Local\Temp\jna-102399717\jna5231548870542996190.dll
0x00007ffff2d90000 - 0x00007ffff2d98000 	C:\Windows\System32\PSAPI.DLL
0x00007fffeb860000 - 0x00007fffeb879000 	C:\Windows\SYSTEM32\dhcpcsvc6.DLL
0x00007fffeb6a0000 - 0x00007fffeb6bf000 	C:\Windows\SYSTEM32\dhcpcsvc.DLL
0x00007fffef400000 - 0x00007fffef434000 	C:\Windows\SYSTEM32\ntmarta.dll

dbghelp: loaded successfully - version: 4.0.5 - missing functions: none
symbol engine: initialized successfully - sym options: 0x614 - pdb path: .;c:\Users\kuber\.vscode\extensions\redhat.java-1.40.0-win32-x64\jre\21.0.6-win32-x86_64\bin;C:\Windows\SYSTEM32;C:\Windows\WinSxS\amd64_microsoft.windows.common-controls_6595b64144ccf1df_6.0.22621.4391_none_2715d37f73803e96;c:\Users\kuber\.vscode\extensions\redhat.java-1.40.0-win32-x64\jre\21.0.6-win32-x86_64\bin\server;C:\Users\kuber\AppData\Roaming\Code\User\globalStorage\redhat.java\1.40.0\config_win\org.eclipse.equinox.launcher\org.eclipse.equinox.launcher.win32.win32.x86_64_1.2.1200.v20250212-0927;C:\Users\kuber\AppData\Local\Temp\jna-102399717

VM Arguments:
jvm_args: --add-modules=ALL-SYSTEM --add-opens=java.base/java.util=ALL-UNNAMED --add-opens=java.base/java.lang=ALL-UNNAMED --add-opens=java.base/sun.nio.fs=ALL-UNNAMED -Declipse.application=org.eclipse.jdt.ls.core.id1 -Dosgi.bundles.defaultStartLevel=4 -Declipse.product=org.eclipse.jdt.ls.core.product -Djava.import.generatesMetadataFilesAtProjectRoot=false -DDetectVMInstallationsJob.disabled=true -Dfile.encoding=utf8 -XX:+UseParallelGC -XX:GCTimeRatio=4 -XX:AdaptiveSizePolicyWeight=90 -Dsun.zip.disableMemoryMapping=true -Xmx1G -Xms100m -Xlog:disable -javaagent:c:\Users\kuber\.vscode\extensions\redhat.java-1.40.0-win32-x64\lombok\lombok-1.18.36.jar -XX:+HeapDumpOnOutOfMemoryError -XX:HeapDumpPath=c:\Users\kuber\AppData\Roaming\Code\User\workspaceStorage\0767b1f2905f8411273a4aa30b8beb70\redhat.java -Daether.dependencyCollector.impl=bf 
java_command: c:\Users\kuber\.vscode\extensions\redhat.java-1.40.0-win32-x64\server\plugins\org.eclipse.equinox.launcher_1.6.1000.v20250131-0606.jar -configuration c:\Users\kuber\AppData\Roaming\Code\User\globalStorage\redhat.java\1.40.0\config_win -data c:\Users\kuber\AppData\Roaming\Code\User\workspaceStorage\0767b1f2905f8411273a4aa30b8beb70\redhat.java\jdt_ws --pipe=\\.\pipe\lsp-2a759db1f89c42402ac87c0831d04ba7-sock
java_class_path (initial): c:\Users\kuber\.vscode\extensions\redhat.java-1.40.0-win32-x64\server\plugins\org.eclipse.equinox.launcher_1.6.1000.v20250131-0606.jar
Launcher Type: SUN_STANDARD

[Global flags]
    uintx AdaptiveSizePolicyWeight                 = 90                                        {product} {command line}
     intx CICompilerCount                          = 4                                         {product} {ergonomic}
    uintx GCTimeRatio                              = 4                                         {product} {command line}
     bool HeapDumpOnOutOfMemoryError               = true                                   {manageable} {command line}
    ccstr HeapDumpPath                             = c:\Users\kuber\AppData\Roaming\Code\User\workspaceStorage\0767b1f2905f8411273a4aa30b8beb70\redhat.java         {manageable} {command line}
   size_t InitialHeapSize                          = 104857600                                 {product} {command line}
   size_t MaxHeapSize                              = 1073741824                                {product} {command line}
   size_t MaxNewSize                               = 357564416                                 {product} {ergonomic}
   size_t MinHeapDeltaBytes                        = 524288                                    {product} {ergonomic}
   size_t MinHeapSize                              = 104857600                                 {product} {command line}
   size_t NewSize                                  = 34603008                                  {product} {ergonomic}
    uintx NonNMethodCodeHeapSize                   = 5839372                                {pd product} {ergonomic}
    uintx NonProfiledCodeHeapSize                  = 122909434                              {pd product} {ergonomic}
   size_t OldSize                                  = 70254592                                  {product} {ergonomic}
    uintx ProfiledCodeHeapSize                     = 122909434                              {pd product} {ergonomic}
    uintx ReservedCodeCacheSize                    = 251658240                              {pd product} {ergonomic}
     bool SegmentedCodeCache                       = true                                      {product} {ergonomic}
   size_t SoftMaxHeapSize                          = 1073741824                             {manageable} {ergonomic}
     bool UseCompressedOops                        = true                           {product lp64_product} {ergonomic}
     bool UseLargePagesIndividualAllocation        = false                                  {pd product} {ergonomic}
     bool UseParallelGC                            = true                                      {product} {command line}

Logging:
Log output configuration:
 #0: stdout all=off uptime,level,tags foldmultilines=false
 #1: stderr all=off uptime,level,tags foldmultilines=false

Environment Variables:
PATH=C:\Program Files\Common Files\Oracle\Java\javapath;C:\Windows\system32;C:\Windows;C:\Windows\System32\Wbem;C:\Windows\System32\WindowsPowerShell\v1.0\;C:\Windows\System32\OpenSSH\;C:\Program Files\dotnet\;C:\Program Files\Git\cmd;C:\Program Files\nodejs\;C:\ProgramData\chocolatey\bin;C:\Program Files\MySQL\MySQL Shell 8.0\bin\;C:\Users\kuber\AppData\Local\Microsoft\WindowsApps;C:\Users\kuber\.dotnet\tools;C:\Users\kuber\AppData\Local\Programs\Microsoft VS Code\bin;C:\Users\kuber\AppData\Roaming\npm
USERNAME=kuber
OS=Windows_NT
PROCESSOR_IDENTIFIER=AMD64 Family 23 Model 104 Stepping 1, AuthenticAMD
TMP=C:\Users\kuber\AppData\Local\Temp
TEMP=C:\Users\kuber\AppData\Local\Temp




Periodic native trim disabled

---------------  S Y S T E M  ---------------

OS:
 Windows 11 , 64 bit Build 22621 (10.0.22621.4391)
OS uptime: 31 days 21:27 hours
Hyper-V role detected

CPU: total 8 (initial active 8) (8 cores per cpu, 2 threads per core) family 23 model 104 stepping 1 microcode 0x0, cx8, cmov, fxsr, ht, mmx, 3dnowpref, sse, sse2, sse3, ssse3, sse4a, sse4.1, sse4.2, popcnt, lzcnt, tsc, tscinvbit, avx, avx2, aes, clmul, bmi1, bmi2, adx, sha, fma, vzeroupper, clflush, clflushopt, hv, rdtscp, rdpid, f16c
Processor Information for processor 0
  Max Mhz: 2600, Current Mhz: 2080, Mhz Limit: 2600
Processor Information for processor 1
  Max Mhz: 2600, Current Mhz: 2080, Mhz Limit: 2600
Processor Information for processor 2
  Max Mhz: 2600, Current Mhz: 2080, Mhz Limit: 2600
Processor Information for processor 3
  Max Mhz: 2600, Current Mhz: 2600, Mhz Limit: 2600
Processor Information for processor 4
  Max Mhz: 2600, Current Mhz: 2080, Mhz Limit: 2600
Processor Information for processor 5
  Max Mhz: 2600, Current Mhz: 2080, Mhz Limit: 2600
Processor Information for processor 6
  Max Mhz: 2600, Current Mhz: 2080, Mhz Limit: 2600
Processor Information for processor 7
  Max Mhz: 2600, Current Mhz: 2600, Mhz Limit: 2600

Memory: 4k page, system-wide physical 3429M (490M free)
TotalPageFile size 14181M (AvailPageFile size 7M)
current process WorkingSet (physical memory assigned to process): 443M, peak: 547M
current process commit charge ("private bytes"): 674M, peak: 686M

vm_info: OpenJDK 64-Bit Server VM (21.0.6+7-LTS) for windows-amd64 JRE (21.0.6+7-LTS), built on 2025-01-21T00:00:00Z by "admin" with MS VC++ 17.7 (VS2022)

END.
