#
# There is insufficient memory for the Java Runtime Environment to continue.
# Native memory allocation (malloc) failed to allocate 1107936 bytes. Error detail: Chunk::new
# Possible reasons:
#   The system is out of physical RAM or swap space
#   This process is running with CompressedOops enabled, and the Java Heap may be blocking the growth of the native heap
# Possible solutions:
#   Reduce memory load on the system
#   Increase physical memory or swap space
#   Check if swap backing store is full
#   Decrease Java heap size (-Xmx/-Xms)
#   Decrease number of Java threads
#   Decrease Java thread stack sizes (-Xss)
#   Set larger code cache with -XX:ReservedCodeCacheSize=
#   JVM is running with Unscaled Compressed Oops mode in which the Java heap is
#     placed in the first 4GB address space. The Java Heap base address is the
#     maximum limit for the native heap growth. Please use -XX:HeapBaseMinAddress
#     to set the Java Heap base and to place the Java Heap above 4GB virtual address.
# This output file may be truncated or incomplete.
#
#  Out of Memory Error (arena.cpp:168), pid=16240, tid=14120
#
# JRE version: OpenJDK Runtime Environment Temurin-21.0.6+7 (21.0.6+7) (build 21.0.6+7-LTS)
# Java VM: OpenJDK 64-Bit Server VM Temurin-21.0.6+7 (21.0.6+7-LTS, mixed mode, sharing, tiered, compressed oops, compressed class ptrs, parallel gc, windows-amd64)
# No core dump will be written. Minidumps are not enabled by default on client versions of Windows
#

---------------  S U M M A R Y ------------

Command Line: --add-modules=ALL-SYSTEM --add-opens=java.base/java.util=ALL-UNNAMED --add-opens=java.base/java.lang=ALL-UNNAMED --add-opens=java.base/sun.nio.fs=ALL-UNNAMED -Declipse.application=org.eclipse.jdt.ls.core.id1 -Dosgi.bundles.defaultStartLevel=4 -Declipse.product=org.eclipse.jdt.ls.core.product -Djava.import.generatesMetadataFilesAtProjectRoot=false -DDetectVMInstallationsJob.disabled=true -Dfile.encoding=utf8 -XX:+UseParallelGC -XX:GCTimeRatio=4 -XX:AdaptiveSizePolicyWeight=90 -Dsun.zip.disableMemoryMapping=true -Xmx1G -Xms100m -Xlog:disable -javaagent:c:\Users\kuber\.vscode\extensions\redhat.java-1.40.0-win32-x64\lombok\lombok-1.18.36.jar -XX:+HeapDumpOnOutOfMemoryError -XX:HeapDumpPath=c:\Users\kuber\AppData\Roaming\Code\User\workspaceStorage\0767b1f2905f8411273a4aa30b8beb70\redhat.java -Daether.dependencyCollector.impl=bf c:\Users\kuber\.vscode\extensions\redhat.java-1.40.0-win32-x64\server\plugins\org.eclipse.equinox.launcher_1.6.1000.v20250131-0606.jar -configuration c:\Users\kuber\AppData\Roaming\Code\User\globalStorage\redhat.java\1.40.0\config_win -data c:\Users\kuber\AppData\Roaming\Code\User\workspaceStorage\0767b1f2905f8411273a4aa30b8beb70\redhat.java\jdt_ws --pipe=\\.\pipe\lsp-f64d848e1adfedbc4e7b043cc19c7382-sock

Host: AMD Ryzen 3 5300U with Radeon Graphics         , 8 cores, 3G,  Windows 11 , 64 bit Build 22621 (10.0.22621.4391)
Time: Wed Mar 12 12:33:04 2025 India Standard Time elapsed time: 6.922219 seconds (0d 0h 0m 6s)

---------------  T H R E A D  ---------------

Current thread (0x000001f72c7dff00):  JavaThread "C2 CompilerThread0" daemon [_thread_in_native, id=14120, stack(0x0000009d4f900000,0x0000009d4fa00000) (1024K)]


Current CompileTask:
C2:6922 3355       4       java.lang.invoke.MethodType::makeImpl (109 bytes)

Stack: [0x0000009d4f900000,0x0000009d4fa00000]
Native frames: (J=compiled Java code, j=interpreted, Vv=VM code, C=native code)
V  [jvm.dll+0x6cdee9]
V  [jvm.dll+0x8a83d1]
V  [jvm.dll+0x8aa8fe]
V  [jvm.dll+0x8aafe3]
V  [jvm.dll+0x27f706]
V  [jvm.dll+0xc500d]
V  [jvm.dll+0xc5543]
V  [jvm.dll+0x3b678c]
V  [jvm.dll+0x1dfe13]
V  [jvm.dll+0x247b42]
V  [jvm.dll+0x246fcf]
V  [jvm.dll+0x1c75ee]
V  [jvm.dll+0x25685a]
V  [jvm.dll+0x254dfa]
V  [jvm.dll+0x3f0256]
V  [jvm.dll+0x851f8b]
V  [jvm.dll+0x6cc5ed]
C  [ucrtbase.dll+0x29333]
C  [KERNEL32.DLL+0x1259d]
C  [ntdll.dll+0x5af38]


---------------  P R O C E S S  ---------------

Threads class SMR info:
_java_thread_list=0x000001f76fb4cac0, length=23, elements={
0x000001f716145530, 0x000001f72c7d05f0, 0x000001f72c7d1a90, 0x000001f72c7d6200,
0x000001f72c7d6e50, 0x000001f72c7d85a0, 0x000001f72c7d9ac0, 0x000001f72c7dff00,
0x000001f72c803c00, 0x000001f76f2feb60, 0x000001f76f54b0d0, 0x000001f76f9f2c20,
0x000001f76fd12370, 0x000001f7741aef20, 0x000001f76fe06300, 0x000001f7744bae70,
0x000001f7742c9fd0, 0x000001f7745a6c10, 0x000001f7745a9370, 0x000001f7745a9a00,
0x000001f7745a72a0, 0x000001f7745aa090, 0x000001f7745a7930
}

Java Threads: ( => current thread )
  0x000001f716145530 JavaThread "main"                              [_thread_blocked, id=25764, stack(0x0000009d4ef00000,0x0000009d4f000000) (1024K)]
  0x000001f72c7d05f0 JavaThread "Reference Handler"          daemon [_thread_blocked, id=18232, stack(0x0000009d4f300000,0x0000009d4f400000) (1024K)]
  0x000001f72c7d1a90 JavaThread "Finalizer"                  daemon [_thread_blocked, id=18892, stack(0x0000009d4f400000,0x0000009d4f500000) (1024K)]
  0x000001f72c7d6200 JavaThread "Signal Dispatcher"          daemon [_thread_blocked, id=10548, stack(0x0000009d4f500000,0x0000009d4f600000) (1024K)]
  0x000001f72c7d6e50 JavaThread "Attach Listener"            daemon [_thread_blocked, id=13376, stack(0x0000009d4f600000,0x0000009d4f700000) (1024K)]
  0x000001f72c7d85a0 JavaThread "Service Thread"             daemon [_thread_blocked, id=13024, stack(0x0000009d4f700000,0x0000009d4f800000) (1024K)]
  0x000001f72c7d9ac0 JavaThread "Monitor Deflation Thread"   daemon [_thread_blocked, id=10724, stack(0x0000009d4f800000,0x0000009d4f900000) (1024K)]
=>0x000001f72c7dff00 JavaThread "C2 CompilerThread0"         daemon [_thread_in_native, id=14120, stack(0x0000009d4f900000,0x0000009d4fa00000) (1024K)]
  0x000001f72c803c00 JavaThread "C1 CompilerThread0"         daemon [_thread_in_native, id=10768, stack(0x0000009d4fa00000,0x0000009d4fb00000) (1024K)]
  0x000001f76f2feb60 JavaThread "Common-Cleaner"             daemon [_thread_blocked, id=5396, stack(0x0000009d4fb00000,0x0000009d4fc00000) (1024K)]
  0x000001f76f54b0d0 JavaThread "Notification Thread"        daemon [_thread_blocked, id=7116, stack(0x0000009d4fd00000,0x0000009d4fe00000) (1024K)]
  0x000001f76f9f2c20 JavaThread "Active Thread: Equinox Container: ab8b1d26-1eee-4614-8e73-bf1e2421526a"        [_thread_blocked, id=15460, stack(0x0000009d4fc00000,0x0000009d4fd00000) (1024K)]
  0x000001f76fd12370 JavaThread "Refresh Thread: Equinox Container: ab8b1d26-1eee-4614-8e73-bf1e2421526a" daemon [_thread_blocked, id=22136, stack(0x0000009d50400000,0x0000009d50500000) (1024K)]
  0x000001f7741aef20 JavaThread "Framework Event Dispatcher: Equinox Container: ab8b1d26-1eee-4614-8e73-bf1e2421526a" daemon [_thread_blocked, id=1248, stack(0x0000009d50600000,0x0000009d50700000) (1024K)]
  0x000001f76fe06300 JavaThread "Start Level: Equinox Container: ab8b1d26-1eee-4614-8e73-bf1e2421526a" daemon [_thread_in_native, id=25660, stack(0x0000009d50700000,0x0000009d50800000) (1024K)]
  0x000001f7744bae70 JavaThread "Bundle File Closer"         daemon [_thread_blocked, id=17412, stack(0x0000009d50800000,0x0000009d50900000) (1024K)]
  0x000001f7742c9fd0 JavaThread "SCR Component Actor"        daemon [_thread_blocked, id=21888, stack(0x0000009d50900000,0x0000009d50a00000) (1024K)]
  0x000001f7745a6c10 JavaThread "SCR Component Registry"     daemon [_thread_blocked, id=4432, stack(0x0000009d50a00000,0x0000009d50b00000) (1024K)]
  0x000001f7745a9370 JavaThread "Worker-JM"                         [_thread_blocked, id=24884, stack(0x0000009d50b00000,0x0000009d50c00000) (1024K)]
  0x000001f7745a9a00 JavaThread "JNA Cleaner"                daemon [_thread_blocked, id=164, stack(0x0000009d50c00000,0x0000009d50d00000) (1024K)]
  0x000001f7745a72a0 JavaThread "Worker-0: Checking project encoding"        [_thread_blocked, id=13812, stack(0x0000009d50d00000,0x0000009d50e00000) (1024K)]
  0x000001f7745aa090 JavaThread "Worker-1: Refreshing workspace"        [_thread_blocked, id=1964, stack(0x0000009d50e00000,0x0000009d50f00000) (1024K)]
  0x000001f7745a7930 JavaThread "Worker-2"                          [_thread_blocked, id=5036, stack(0x0000009d50f00000,0x0000009d51000000) (1024K)]
Total: 23

Other Threads:
  0x000001f7184dccd0 VMThread "VM Thread"                           [id=4076, stack(0x0000009d4f200000,0x0000009d4f300000) (1024K)]
  0x000001f72c6ec8d0 WatcherThread "VM Periodic Task Thread"        [id=20272, stack(0x0000009d4f100000,0x0000009d4f200000) (1024K)]
  0x000001f71843d9c0 WorkerThread "GC Thread#0"                     [id=9452, stack(0x0000009d4f000000,0x0000009d4f100000) (1024K)]
  0x000001f76f9023a0 WorkerThread "GC Thread#1"                     [id=11676, stack(0x0000009d4fe00000,0x0000009d4ff00000) (1024K)]
  0x000001f76f8fce40 WorkerThread "GC Thread#2"                     [id=18048, stack(0x0000009d4ff00000,0x0000009d50000000) (1024K)]
  0x000001f76fc68a10 WorkerThread "GC Thread#3"                     [id=25872, stack(0x0000009d50000000,0x0000009d50100000) (1024K)]
  0x000001f76f902740 WorkerThread "GC Thread#4"                     [id=26176, stack(0x0000009d50100000,0x0000009d50200000) (1024K)]
  0x000001f76f5e46e0 WorkerThread "GC Thread#5"                     [id=20644, stack(0x0000009d50200000,0x0000009d50300000) (1024K)]
  0x000001f76f5e4a80 WorkerThread "GC Thread#6"                     [id=908, stack(0x0000009d50300000,0x0000009d50400000) (1024K)]
  0x000001f76fd262c0 WorkerThread "GC Thread#7"                     [id=13336, stack(0x0000009d50500000,0x0000009d50600000) (1024K)]
Total: 10

Threads with active compile tasks:
C2 CompilerThread0  6950 3355       4       java.lang.invoke.MethodType::makeImpl (109 bytes)
Total: 1

VM state: not at safepoint (normal execution)

VM Mutex/Monitor currently owned by a thread: None

Heap address: 0x00000000c0000000, size: 1024 MB, Compressed Oops mode: 32-bit

CDS archive(s) mapped at: [0x000001f72d000000-0x000001f72dba0000-0x000001f72dba0000), size 12189696, SharedBaseAddress: 0x000001f72d000000, ArchiveRelocationMode: 1.
Compressed class space mapped at: 0x000001f72e000000-0x000001f76e000000, reserved size: 1073741824
Narrow klass base: 0x000001f72d000000, Narrow klass shift: 0, Narrow klass range: 0x100000000

GC Precious Log:
 CardTable entry size: 512
 CPUs: 8 total, 8 available
 Memory: 3429M
 Large Page Support: Disabled
 NUMA Support: Disabled
 Compressed Oops: Enabled (32-bit)
 Alignments: Space 512K, Generation 512K, Heap 2M
 Heap Min Capacity: 100M
 Heap Initial Capacity: 100M
 Heap Max Capacity: 1G
 Pre-touch: Disabled
 Parallel Workers: 8

Heap:
 PSYoungGen      total 29184K, used 24194K [0x00000000eab00000, 0x00000000ecf80000, 0x0000000100000000)
  eden space 25088K, 80% used [0x00000000eab00000,0x00000000ebea5570,0x00000000ec380000)
  from space 4096K, 99% used [0x00000000ec400000,0x00000000ec7fb460,0x00000000ec800000)
  to   space 6144K, 0% used [0x00000000ec980000,0x00000000ec980000,0x00000000ecf80000)
 ParOldGen       total 68608K, used 9198K [0x00000000c0000000, 0x00000000c4300000, 0x00000000eab00000)
  object space 68608K, 13% used [0x00000000c0000000,0x00000000c08fb9e8,0x00000000c4300000)
 Metaspace       used 18415K, committed 19200K, reserved 1114112K
  class space    used 1841K, committed 2176K, reserved 1048576K

Card table byte_map: [0x000001f717dc0000,0x000001f717fd0000] _byte_map_base: 0x000001f7177c0000

Marking Bits: (ParMarkBitMap*) 0x00007fff76f13260
 Begin Bits: [0x000001f72a610000, 0x000001f72b610000)
 End Bits:   [0x000001f72b610000, 0x000001f72c610000)

Polling page: 0x000001f7163e0000

Metaspace:

Usage:
  Non-class:     16.19 MB used.
      Class:      1.80 MB used.
       Both:     17.98 MB used.

Virtual space:
  Non-class space:       64.00 MB reserved,      16.62 MB ( 26%) committed,  1 nodes.
      Class space:        1.00 GB reserved,       2.12 MB ( <1%) committed,  1 nodes.
             Both:        1.06 GB reserved,      18.75 MB (  2%) committed. 

Chunk freelists:
   Non-Class:  15.02 MB
       Class:  13.90 MB
        Both:  28.91 MB

MaxMetaspaceSize: unlimited
CompressedClassSpaceSize: 1.00 GB
Initial GC threshold: 21.00 MB
Current GC threshold: 21.00 MB
CDS: on
 - commit_granule_bytes: 65536.
 - commit_granule_words: 8192.
 - virtual_space_node_default_size: 8388608.
 - enlarge_chunks_in_place: 1.
 - use_allocation_guard: 0.


Internal statistics:

num_allocs_failed_limit: 0.
num_arena_births: 556.
num_arena_deaths: 0.
num_vsnodes_births: 2.
num_vsnodes_deaths: 0.
num_space_committed: 300.
num_space_uncommitted: 0.
num_chunks_returned_to_freelist: 0.
num_chunks_taken_from_freelist: 1266.
num_chunk_merges: 0.
num_chunk_splits: 800.
num_chunks_enlarged: 503.
num_inconsistent_stats: 0.

CodeHeap 'non-profiled nmethods': size=120000Kb used=1426Kb max_used=1426Kb free=118574Kb
 bounds [0x000001f7230e0000, 0x000001f723350000, 0x000001f72a610000]
CodeHeap 'profiled nmethods': size=120000Kb used=7557Kb max_used=7557Kb free=112442Kb
 bounds [0x000001f71b610000, 0x000001f71bd80000, 0x000001f722b40000]
CodeHeap 'non-nmethods': size=5760Kb used=1273Kb max_used=1284Kb free=4486Kb
 bounds [0x000001f722b40000, 0x000001f722db0000, 0x000001f7230e0000]
 total_blobs=4181 nmethods=3633 adapters=454
 compilation: enabled
              stopped_count=0, restarted_count=0
 full_count=0

Compilation events (20 events):
Event: 6.897 Thread 0x000001f72c803c00 nmethod 3612 0x000001f71bd65f10 code [0x000001f71bd660e0, 0x000001f71bd66550]
Event: 6.897 Thread 0x000001f72c803c00 3613       3       org.apache.felix.resolver.ResolverImpl$Packages$1::compute (8 bytes)
Event: 6.897 Thread 0x000001f72c803c00 nmethod 3613 0x000001f71bd66710 code [0x000001f71bd668e0, 0x000001f71bd66be0]
Event: 6.897 Thread 0x000001f72c803c00 3623       1       org.apache.felix.resolver.util.ArrayMap$1::access$0 (5 bytes)
Event: 6.898 Thread 0x000001f72c803c00 nmethod 3623 0x000001f723242a10 code [0x000001f723242ba0, 0x000001f723242c50]
Event: 6.898 Thread 0x000001f72c803c00 3627       3       org.objectweb.asm.SymbolTable$Entry::<init> (18 bytes)
Event: 6.898 Thread 0x000001f72c803c00 nmethod 3627 0x000001f71bd66d10 code [0x000001f71bd66ec0, 0x000001f71bd67038]
Event: 6.898 Thread 0x000001f72c803c00 3624       1       org.apache.felix.resolver.util.ArrayMap::access$0 (5 bytes)
Event: 6.898 Thread 0x000001f72c803c00 nmethod 3624 0x000001f723242d10 code [0x000001f723242ea0, 0x000001f723242f50]
Event: 6.898 Thread 0x000001f72c803c00 3619       1       org.apache.felix.resolver.ResolverImpl$ResolveSession::getUsesCache (5 bytes)
Event: 6.898 Thread 0x000001f72c803c00 nmethod 3619 0x000001f723243010 code [0x000001f7232431a0, 0x000001f723243268]
Event: 6.901 Thread 0x000001f72c803c00 3628       3       jdk.internal.reflect.ReflectionFactory::copyConstructor (11 bytes)
Event: 6.901 Thread 0x000001f72c803c00 nmethod 3628 0x000001f71bd67110 code [0x000001f71bd672c0, 0x000001f71bd674b8]
Event: 6.901 Thread 0x000001f72c803c00 3629       3       java.lang.reflect.ReflectAccess::copyConstructor (5 bytes)
Event: 6.901 Thread 0x000001f72c803c00 nmethod 3629 0x000001f71bd67610 code [0x000001f71bd677c0, 0x000001f71bd67900]
Event: 6.906 Thread 0x000001f72c803c00 3630       3       jdk.internal.org.objectweb.asm.AnnotationWriter::putAnnotations (110 bytes)
Event: 6.907 Thread 0x000001f72c803c00 nmethod 3630 0x000001f71bd67a10 code [0x000001f71bd67c20, 0x000001f71bd68040]
Event: 6.911 Thread 0x000001f72c803c00 3635       3       jdk.internal.org.objectweb.asm.FieldVisitor::<init> (78 bytes)
Event: 6.911 Thread 0x000001f72c803c00 nmethod 3635 0x000001f71bd68310 code [0x000001f71bd68540, 0x000001f71bd68c98]
Event: 6.918 Thread 0x000001f72c803c00 3637       3       org.objectweb.asm.ClassReader::readConst (276 bytes)

GC Heap History (10 events):
Event: 1.089 GC heap before
{Heap before GC invocations=1 (full 0):
 PSYoungGen      total 29696K, used 25600K [0x00000000eab00000, 0x00000000ecc00000, 0x0000000100000000)
  eden space 25600K, 100% used [0x00000000eab00000,0x00000000ec400000,0x00000000ec400000)
  from space 4096K, 0% used [0x00000000ec800000,0x00000000ec800000,0x00000000ecc00000)
  to   space 4096K, 0% used [0x00000000ec400000,0x00000000ec400000,0x00000000ec800000)
 ParOldGen       total 68608K, used 0K [0x00000000c0000000, 0x00000000c4300000, 0x00000000eab00000)
  object space 68608K, 0% used [0x00000000c0000000,0x00000000c0000000,0x00000000c4300000)
 Metaspace       used 4337K, committed 4544K, reserved 1114112K
  class space    used 436K, committed 512K, reserved 1048576K
}
Event: 1.102 GC heap after
{Heap after GC invocations=1 (full 0):
 PSYoungGen      total 29696K, used 3173K [0x00000000eab00000, 0x00000000ecc00000, 0x0000000100000000)
  eden space 25600K, 0% used [0x00000000eab00000,0x00000000eab00000,0x00000000ec400000)
  from space 4096K, 77% used [0x00000000ec400000,0x00000000ec7197f0,0x00000000ec800000)
  to   space 4096K, 0% used [0x00000000ec800000,0x00000000ec800000,0x00000000ecc00000)
 ParOldGen       total 68608K, used 8K [0x00000000c0000000, 0x00000000c4300000, 0x00000000eab00000)
  object space 68608K, 0% used [0x00000000c0000000,0x00000000c0002000,0x00000000c4300000)
 Metaspace       used 4337K, committed 4544K, reserved 1114112K
  class space    used 436K, committed 512K, reserved 1048576K
}
Event: 2.396 GC heap before
{Heap before GC invocations=2 (full 0):
 PSYoungGen      total 29696K, used 28773K [0x00000000eab00000, 0x00000000ecc00000, 0x0000000100000000)
  eden space 25600K, 100% used [0x00000000eab00000,0x00000000ec400000,0x00000000ec400000)
  from space 4096K, 77% used [0x00000000ec400000,0x00000000ec7197f0,0x00000000ec800000)
  to   space 4096K, 0% used [0x00000000ec800000,0x00000000ec800000,0x00000000ecc00000)
 ParOldGen       total 68608K, used 8K [0x00000000c0000000, 0x00000000c4300000, 0x00000000eab00000)
  object space 68608K, 0% used [0x00000000c0000000,0x00000000c0002000,0x00000000c4300000)
 Metaspace       used 7905K, committed 8192K, reserved 1114112K
  class space    used 771K, committed 896K, reserved 1048576K
}
Event: 2.406 GC heap after
{Heap after GC invocations=2 (full 0):
 PSYoungGen      total 29696K, used 4085K [0x00000000eab00000, 0x00000000ecc00000, 0x0000000100000000)
  eden space 25600K, 0% used [0x00000000eab00000,0x00000000eab00000,0x00000000ec400000)
  from space 4096K, 99% used [0x00000000ec800000,0x00000000ecbfd7e0,0x00000000ecc00000)
  to   space 4096K, 0% used [0x00000000ec400000,0x00000000ec400000,0x00000000ec800000)
 ParOldGen       total 68608K, used 1688K [0x00000000c0000000, 0x00000000c4300000, 0x00000000eab00000)
  object space 68608K, 2% used [0x00000000c0000000,0x00000000c01a6390,0x00000000c4300000)
 Metaspace       used 7905K, committed 8192K, reserved 1114112K
  class space    used 771K, committed 896K, reserved 1048576K
}
Event: 3.581 GC heap before
{Heap before GC invocations=3 (full 0):
 PSYoungGen      total 29696K, used 29685K [0x00000000eab00000, 0x00000000ecc00000, 0x0000000100000000)
  eden space 25600K, 100% used [0x00000000eab00000,0x00000000ec400000,0x00000000ec400000)
  from space 4096K, 99% used [0x00000000ec800000,0x00000000ecbfd7e0,0x00000000ecc00000)
  to   space 4096K, 0% used [0x00000000ec400000,0x00000000ec400000,0x00000000ec800000)
 ParOldGen       total 68608K, used 1688K [0x00000000c0000000, 0x00000000c4300000, 0x00000000eab00000)
  object space 68608K, 2% used [0x00000000c0000000,0x00000000c01a6390,0x00000000c4300000)
 Metaspace       used 9162K, committed 9536K, reserved 1114112K
  class space    used 916K, committed 1088K, reserved 1048576K
}
Event: 3.590 GC heap after
{Heap after GC invocations=3 (full 0):
 PSYoungGen      total 29696K, used 4088K [0x00000000eab00000, 0x00000000ecc00000, 0x0000000100000000)
  eden space 25600K, 0% used [0x00000000eab00000,0x00000000eab00000,0x00000000ec400000)
  from space 4096K, 99% used [0x00000000ec400000,0x00000000ec7fe130,0x00000000ec800000)
  to   space 4096K, 0% used [0x00000000ec800000,0x00000000ec800000,0x00000000ecc00000)
 ParOldGen       total 68608K, used 5948K [0x00000000c0000000, 0x00000000c4300000, 0x00000000eab00000)
  object space 68608K, 8% used [0x00000000c0000000,0x00000000c05cf390,0x00000000c4300000)
 Metaspace       used 9162K, committed 9536K, reserved 1114112K
  class space    used 916K, committed 1088K, reserved 1048576K
}
Event: 4.482 GC heap before
{Heap before GC invocations=4 (full 0):
 PSYoungGen      total 29696K, used 29688K [0x00000000eab00000, 0x00000000ecc00000, 0x0000000100000000)
  eden space 25600K, 100% used [0x00000000eab00000,0x00000000ec400000,0x00000000ec400000)
  from space 4096K, 99% used [0x00000000ec400000,0x00000000ec7fe130,0x00000000ec800000)
  to   space 4096K, 0% used [0x00000000ec800000,0x00000000ec800000,0x00000000ecc00000)
 ParOldGen       total 68608K, used 5948K [0x00000000c0000000, 0x00000000c4300000, 0x00000000eab00000)
  object space 68608K, 8% used [0x00000000c0000000,0x00000000c05cf390,0x00000000c4300000)
 Metaspace       used 12213K, committed 12608K, reserved 1114112K
  class space    used 1210K, committed 1344K, reserved 1048576K
}
Event: 4.490 GC heap after
{Heap after GC invocations=4 (full 0):
 PSYoungGen      total 29696K, used 4082K [0x00000000eab00000, 0x00000000ecc00000, 0x0000000100000000)
  eden space 25600K, 0% used [0x00000000eab00000,0x00000000eab00000,0x00000000ec400000)
  from space 4096K, 99% used [0x00000000ec800000,0x00000000ecbfcb80,0x00000000ecc00000)
  to   space 4096K, 0% used [0x00000000ec400000,0x00000000ec400000,0x00000000ec800000)
 ParOldGen       total 68608K, used 7351K [0x00000000c0000000, 0x00000000c4300000, 0x00000000eab00000)
  object space 68608K, 10% used [0x00000000c0000000,0x00000000c072dff0,0x00000000c4300000)
 Metaspace       used 12213K, committed 12608K, reserved 1114112K
  class space    used 1210K, committed 1344K, reserved 1048576K
}
Event: 5.689 GC heap before
{Heap before GC invocations=5 (full 0):
 PSYoungGen      total 29696K, used 29682K [0x00000000eab00000, 0x00000000ecc00000, 0x0000000100000000)
  eden space 25600K, 100% used [0x00000000eab00000,0x00000000ec400000,0x00000000ec400000)
  from space 4096K, 99% used [0x00000000ec800000,0x00000000ecbfcb80,0x00000000ecc00000)
  to   space 4096K, 0% used [0x00000000ec400000,0x00000000ec400000,0x00000000ec800000)
 ParOldGen       total 68608K, used 7351K [0x00000000c0000000, 0x00000000c4300000, 0x00000000eab00000)
  object space 68608K, 10% used [0x00000000c0000000,0x00000000c072dff0,0x00000000c4300000)
 Metaspace       used 16072K, committed 16704K, reserved 1114112K
  class space    used 1575K, committed 1856K, reserved 1048576K
}
Event: 5.696 GC heap after
{Heap after GC invocations=5 (full 0):
 PSYoungGen      total 29184K, used 4077K [0x00000000eab00000, 0x00000000ecf80000, 0x0000000100000000)
  eden space 25088K, 0% used [0x00000000eab00000,0x00000000eab00000,0x00000000ec380000)
  from space 4096K, 99% used [0x00000000ec400000,0x00000000ec7fb460,0x00000000ec800000)
  to   space 6144K, 0% used [0x00000000ec980000,0x00000000ec980000,0x00000000ecf80000)
 ParOldGen       total 68608K, used 9198K [0x00000000c0000000, 0x00000000c4300000, 0x00000000eab00000)
  object space 68608K, 13% used [0x00000000c0000000,0x00000000c08fb9e8,0x00000000c4300000)
 Metaspace       used 16072K, committed 16704K, reserved 1114112K
  class space    used 1575K, committed 1856K, reserved 1048576K
}

Dll operation events (10 events):
Event: 0.011 Loaded shared library c:\Users\kuber\.vscode\extensions\redhat.java-1.40.0-win32-x64\jre\21.0.6-win32-x86_64\bin\java.dll
Event: 0.096 Loaded shared library c:\Users\kuber\.vscode\extensions\redhat.java-1.40.0-win32-x64\jre\21.0.6-win32-x86_64\bin\zip.dll
Event: 0.116 Loaded shared library C:\Users\kuber\.vscode\extensions\redhat.java-1.40.0-win32-x64\jre\21.0.6-win32-x86_64\bin\instrument.dll
Event: 0.123 Loaded shared library C:\Users\kuber\.vscode\extensions\redhat.java-1.40.0-win32-x64\jre\21.0.6-win32-x86_64\bin\net.dll
Event: 0.126 Loaded shared library C:\Users\kuber\.vscode\extensions\redhat.java-1.40.0-win32-x64\jre\21.0.6-win32-x86_64\bin\nio.dll
Event: 0.129 Loaded shared library C:\Users\kuber\.vscode\extensions\redhat.java-1.40.0-win32-x64\jre\21.0.6-win32-x86_64\bin\zip.dll
Event: 0.148 Loaded shared library C:\Users\kuber\.vscode\extensions\redhat.java-1.40.0-win32-x64\jre\21.0.6-win32-x86_64\bin\jimage.dll
Event: 0.226 Loaded shared library c:\Users\kuber\.vscode\extensions\redhat.java-1.40.0-win32-x64\jre\21.0.6-win32-x86_64\bin\verify.dll
Event: 2.357 Loaded shared library C:\Users\kuber\AppData\Roaming\Code\User\globalStorage\redhat.java\1.40.0\config_win\org.eclipse.equinox.launcher\org.eclipse.equinox.launcher.win32.win32.x86_64_1.2.1200.v20250212-0927\eclipse_11909.dll
Event: 6.427 Loaded shared library C:\Users\kuber\AppData\Local\Temp\jna-102399717\jna8134499082507700742.dll

Deoptimization events (20 events):
Event: 6.812 Thread 0x000001f76fe06300 Uncommon trap: trap_request=0xffffffde fr.pc=0x000001f72321fc70 relative=0x0000000000000050
Event: 6.812 Thread 0x000001f76fe06300 Uncommon trap: reason=class_check action=maybe_recompile pc=0x000001f72321fc70 method=java.lang.invoke.DirectMethodHandle.internalMemberName(Ljava/lang/Object;)Ljava/lang/Object; @ 1 c2
Event: 6.812 Thread 0x000001f76fe06300 DEOPT PACKING pc=0x000001f72321fc70 sp=0x0000009d507f3700
Event: 6.812 Thread 0x000001f76fe06300 DEOPT UNPACKING pc=0x000001f722b93aa2 sp=0x0000009d507f3690 mode 2
Event: 6.812 Thread 0x000001f76fe06300 Uncommon trap: trap_request=0xffffffde fr.pc=0x000001f72321fc70 relative=0x0000000000000050
Event: 6.812 Thread 0x000001f76fe06300 Uncommon trap: reason=class_check action=maybe_recompile pc=0x000001f72321fc70 method=java.lang.invoke.DirectMethodHandle.internalMemberName(Ljava/lang/Object;)Ljava/lang/Object; @ 1 c2
Event: 6.812 Thread 0x000001f76fe06300 DEOPT PACKING pc=0x000001f72321fc70 sp=0x0000009d507f3730
Event: 6.812 Thread 0x000001f76fe06300 DEOPT UNPACKING pc=0x000001f722b93aa2 sp=0x0000009d507f36c0 mode 2
Event: 6.812 Thread 0x000001f76fe06300 Uncommon trap: trap_request=0xffffffde fr.pc=0x000001f72321fc70 relative=0x0000000000000050
Event: 6.812 Thread 0x000001f76fe06300 Uncommon trap: reason=class_check action=maybe_recompile pc=0x000001f72321fc70 method=java.lang.invoke.DirectMethodHandle.internalMemberName(Ljava/lang/Object;)Ljava/lang/Object; @ 1 c2
Event: 6.812 Thread 0x000001f76fe06300 DEOPT PACKING pc=0x000001f72321fc70 sp=0x0000009d507f3730
Event: 6.812 Thread 0x000001f76fe06300 DEOPT UNPACKING pc=0x000001f722b93aa2 sp=0x0000009d507f36c0 mode 2
Event: 6.813 Thread 0x000001f76fe06300 Uncommon trap: trap_request=0xffffff45 fr.pc=0x000001f72321aec4 relative=0x00000000000000a4
Event: 6.813 Thread 0x000001f76fe06300 Uncommon trap: reason=unstable_if action=reinterpret pc=0x000001f72321aec4 method=java.lang.ref.ReferenceQueue.poll()Ljava/lang/ref/Reference; @ 4 c2
Event: 6.813 Thread 0x000001f76fe06300 DEOPT PACKING pc=0x000001f72321aec4 sp=0x0000009d507f3840
Event: 6.813 Thread 0x000001f76fe06300 DEOPT UNPACKING pc=0x000001f722b93aa2 sp=0x0000009d507f3728 mode 2
Event: 6.813 Thread 0x000001f76fe06300 Uncommon trap: trap_request=0xffffff45 fr.pc=0x000001f7231df490 relative=0x0000000000000070
Event: 6.813 Thread 0x000001f76fe06300 Uncommon trap: reason=unstable_if action=reinterpret pc=0x000001f7231df490 method=java.lang.ref.ReferenceQueue.poll()Ljava/lang/ref/Reference; @ 4 c2
Event: 6.813 Thread 0x000001f76fe06300 DEOPT PACKING pc=0x000001f7231df490 sp=0x0000009d507f3780
Event: 6.813 Thread 0x000001f76fe06300 DEOPT UNPACKING pc=0x000001f722b93aa2 sp=0x0000009d507f3710 mode 2

Classes loaded (20 events):
Event: 6.591 Loading class java/util/concurrent/atomic/Striped64$1
Event: 6.591 Loading class java/util/concurrent/atomic/Striped64$1 done
Event: 6.677 Loading class java/util/BitSet
Event: 6.677 Loading class java/util/BitSet done
Event: 6.685 Loading class sun/net/www/protocol/jrt/JavaRuntimeURLConnection
Event: 6.685 Loading class sun/net/www/protocol/jrt/JavaRuntimeURLConnection done
Event: 6.686 Loading class sun/net/www/protocol/jrt/JavaRuntimeURLConnection$1
Event: 6.686 Loading class sun/net/www/protocol/jrt/JavaRuntimeURLConnection$1 done
Event: 6.714 Loading class java/util/function/UnaryOperator
Event: 6.714 Loading class java/util/function/UnaryOperator done
Event: 6.719 Loading class java/util/ServiceConfigurationError
Event: 6.719 Loading class java/util/ServiceConfigurationError done
Event: 6.738 Loading class java/lang/InheritableThreadLocal
Event: 6.738 Loading class java/lang/InheritableThreadLocal done
Event: 6.807 Loading class java/security/AccessControlException
Event: 6.807 Loading class java/security/AccessControlException done
Event: 6.874 Loading class java/security/Policy$UnsupportedEmptyCollection
Event: 6.874 Loading class java/security/Policy$UnsupportedEmptyCollection done
Event: 6.874 Loading class java/security/Policy$PolicyInfo
Event: 6.874 Loading class java/security/Policy$PolicyInfo done

Classes unloaded (0 events):
No events

Classes redefined (0 events):
No events

Internal exceptions (20 events):
Event: 5.238 Thread 0x000001f76fe06300 Exception <a 'java/io/FileNotFoundException'{0x00000000ebb8e648}> (0x00000000ebb8e648) 
thrown [s\src\hotspot\share\prims\jni.cpp, line 520]
Event: 5.581 Thread 0x000001f76fe06300 Exception <a 'java/lang/NoSuchMethodError'{0x00000000ec1303b8}: 'java.lang.Object java.lang.invoke.DirectMethodHandle$Holder.invokeStaticInit(java.lang.Object, int)'> (0x00000000ec1303b8) 
thrown [s\src\hotspot\share\interpreter\linkResolver.cpp, line 773]
Event: 5.660 Thread 0x000001f76fe06300 Exception <a 'java/lang/NoSuchMethodError'{0x00000000ec3a10f8}: 'java.lang.Object java.lang.invoke.DirectMethodHandle$Holder.invokeStaticInit(java.lang.Object, int, int, int, int)'> (0x00000000ec3a10f8) 
thrown [s\src\hotspot\share\interpreter\linkResolver.cpp, line 773]
Event: 5.757 Thread 0x000001f76fe06300 Exception <a 'java/lang/NoSuchMethodError'{0x00000000eabd6b00}: 'java.lang.Object java.lang.invoke.DirectMethodHandle$Holder.invokeStaticInit(java.lang.Object, java.lang.Object, int, int, int, int)'> (0x00000000eabd6b00) 
thrown [s\src\hotspot\share\interpreter\linkResolver.cpp, line 773]
Event: 6.475 Thread 0x000001f76fe06300 Exception <a 'java/lang/NoSuchMethodError'{0x00000000eacf0328}: 'void java.lang.invoke.DirectMethodHandle$Holder.invokeSpecial(java.lang.Object, java.lang.Object, java.lang.Object, int)'> (0x00000000eacf0328) 
thrown [s\src\hotspot\share\interpreter\linkResolver.cpp, line 773]
Event: 6.476 Thread 0x000001f76fe06300 Exception <a 'java/lang/NoSuchMethodError'{0x00000000eacf3cb8}: 'void java.lang.invoke.DelegatingMethodHandle$Holder.reinvoke_L(java.lang.Object, java.lang.Object, int)'> (0x00000000eacf3cb8) 
thrown [s\src\hotspot\share\interpreter\linkResolver.cpp, line 773]
Event: 6.477 Thread 0x000001f76fe06300 Exception <a 'java/lang/NoSuchMethodError'{0x00000000eacfa9f0}: 'int java.lang.invoke.Invokers$Holder.invokeExact_MT(java.lang.Object, java.lang.Object, java.lang.Object)'> (0x00000000eacfa9f0) 
thrown [s\src\hotspot\share\interpreter\linkResolver.cpp, line 773]
Event: 6.508 Thread 0x000001f76fe06300 Exception <a 'java/lang/NoSuchMethodError'{0x00000000eae17fb8}: 'void java.lang.invoke.Invokers$Holder.invokeExact_MT(java.lang.Object, java.lang.Object, int, java.lang.Object)'> (0x00000000eae17fb8) 
thrown [s\src\hotspot\share\interpreter\linkResolver.cpp, line 773]
Event: 6.535 Thread 0x000001f76fe06300 Exception <a 'java/lang/NoSuchMethodError'{0x00000000eaf1eaf0}: 'java.lang.Object java.lang.invoke.DirectMethodHandle$Holder.invokeSpecial(java.lang.Object, java.lang.Object, java.lang.Object, long, java.lang.Object)'> (0x00000000eaf1eaf0) 
thrown [s\src\hotspot\share\interpreter\linkResolver.cpp, line 773]
Event: 6.537 Thread 0x000001f76fe06300 Exception <a 'java/lang/NoSuchMethodError'{0x00000000eaf26280}: 'java.lang.Object java.lang.invoke.DirectMethodHandle$Holder.newInvokeSpecial(java.lang.Object, java.lang.Object, java.lang.Object, long)'> (0x00000000eaf26280) 
thrown [s\src\hotspot\share\interpreter\linkResolver.cpp, line 773]
Event: 6.537 Thread 0x000001f76fe06300 Exception <a 'java/lang/NoSuchMethodError'{0x00000000eaf29f00}: 'java.lang.Object java.lang.invoke.Invokers$Holder.linkToTargetMethod(java.lang.Object, java.lang.Object, long, java.lang.Object)'> (0x00000000eaf29f00) 
thrown [s\src\hotspot\share\interpreter\linkResolver.cpp, line 773]
Event: 6.551 Thread 0x000001f76fe06300 Exception <a 'java/lang/NoSuchMethodError'{0x00000000eaf91878}: 'int java.lang.invoke.DirectMethodHandle$Holder.invokeStaticInit(java.lang.Object, java.lang.Object, java.lang.Object)'> (0x00000000eaf91878) 
thrown [s\src\hotspot\share\interpreter\linkResolver.cpp, line 773]
Event: 6.570 Thread 0x000001f76fe06300 Exception <a 'java/lang/IncompatibleClassChangeError'{0x00000000eb04dc68}: Found class java.lang.Object, but interface was expected> (0x00000000eb04dc68) 
thrown [s\src\hotspot\share\interpreter\linkResolver.cpp, line 840]
Event: 6.572 Thread 0x000001f76fe06300 Exception <a 'java/lang/NoSuchMethodError'{0x00000000eb05d1a0}: 'java.lang.Object java.lang.invoke.DirectMethodHandle$Holder.invokeSpecial(java.lang.Object, java.lang.Object, java.lang.Object, int, java.lang.Object, java.lang.Object)'> (0x00000000eb05d1a0) 
thrown [s\src\hotspot\share\interpreter\linkResolver.cpp, line 773]
Event: 6.573 Thread 0x000001f76fe06300 Exception <a 'java/lang/NoSuchMethodError'{0x00000000eb064ab0}: 'java.lang.Object java.lang.invoke.DirectMethodHandle$Holder.newInvokeSpecial(java.lang.Object, java.lang.Object, java.lang.Object, int, java.lang.Object)'> (0x00000000eb064ab0) 
thrown [s\src\hotspot\share\interpreter\linkResolver.cpp, line 773]
Event: 6.573 Thread 0x000001f76fe06300 Exception <a 'java/lang/NoSuchMethodError'{0x00000000eb0685a0}: 'java.lang.Object java.lang.invoke.Invokers$Holder.linkToTargetMethod(java.lang.Object, java.lang.Object, int, java.lang.Object, java.lang.Object)'> (0x00000000eb0685a0) 
thrown [s\src\hotspot\share\interpreter\linkResolver.cpp, line 773]
Event: 6.574 Thread 0x000001f7745a72a0 Exception <a 'java/lang/NoSuchMethodError'{0x00000000eafb4c40}: 'java.lang.Object java.lang.invoke.DirectMethodHandle$Holder.invokeSpecial(java.lang.Object, java.lang.Object, int, java.lang.Object, java.lang.Object)'> (0x00000000eafb4c40) 
thrown [s\src\hotspot\share\interpreter\linkResolver.cpp, line 773]
Event: 6.596 Thread 0x000001f76fe06300 Exception <a 'java/lang/NoSuchMethodError'{0x00000000eb167f48}: 'void java.lang.invoke.DirectMethodHandle$Holder.invokeSpecial(java.lang.Object, java.lang.Object, java.lang.Object, java.lang.Object, java.lang.Object)'> (0x00000000eb167f48) 
thrown [s\src\hotspot\share\interpreter\linkResolver.cpp, line 773]
Event: 6.811 Thread 0x000001f76fe06300 Exception <a 'java/lang/NoSuchMethodError'{0x00000000eb90f580}: 'java.lang.Object java.lang.invoke.DirectMethodHandle$Holder.invokeInterface(java.lang.Object, java.lang.Object, java.lang.Object)'> (0x00000000eb90f580) 
thrown [s\src\hotspot\share\interpreter\linkResolver.cpp, line 773]
Event: 6.911 Thread 0x000001f76fe06300 Exception <a 'java/lang/NoSuchMethodError'{0x00000000ebd0f478}: 'java.lang.Object java.lang.invoke.Invokers$Holder.linkToTargetMethod(java.lang.Object, long, java.lang.Object, java.lang.Object)'> (0x00000000ebd0f478) 
thrown [s\src\hotspot\share\interpreter\linkResolver.cpp, line 773]

ZGC Phase Switch (0 events):
No events

VM Operations (20 events):
Event: 5.339 Executing VM operation: HandshakeAllThreads (Deoptimize)
Event: 5.339 Executing VM operation: HandshakeAllThreads (Deoptimize) done
Event: 5.594 Executing VM operation: ICBufferFull
Event: 5.594 Executing VM operation: ICBufferFull done
Event: 5.600 Executing VM operation: HandshakeAllThreads (Deoptimize)
Event: 5.601 Executing VM operation: HandshakeAllThreads (Deoptimize) done
Event: 5.689 Executing VM operation: ParallelGCFailedAllocation (Allocation Failure)
Event: 5.696 Executing VM operation: ParallelGCFailedAllocation (Allocation Failure) done
Event: 5.709 Executing VM operation: HandshakeAllThreads (Deoptimize)
Event: 5.709 Executing VM operation: HandshakeAllThreads (Deoptimize) done
Event: 6.444 Executing VM operation: HandshakeAllThreads (Deoptimize)
Event: 6.444 Executing VM operation: HandshakeAllThreads (Deoptimize) done
Event: 6.687 Executing VM operation: HandshakeAllThreads (Deoptimize)
Event: 6.687 Executing VM operation: HandshakeAllThreads (Deoptimize) done
Event: 6.744 Executing VM operation: HandshakeAllThreads (Deoptimize)
Event: 6.744 Executing VM operation: HandshakeAllThreads (Deoptimize) done
Event: 6.744 Executing VM operation: Cleanup
Event: 6.744 Executing VM operation: Cleanup done
Event: 6.754 Executing VM operation: HandshakeAllThreads (Deoptimize)
Event: 6.754 Executing VM operation: HandshakeAllThreads (Deoptimize) done

Memory protections (0 events):
No events

Nmethod flushes (0 events):
No events

Events (20 events):
Event: 0.053 Thread 0x000001f716145530 Thread added: 0x000001f72c7d85a0
Event: 0.053 Thread 0x000001f716145530 Thread added: 0x000001f72c7d9ac0
Event: 0.053 Thread 0x000001f716145530 Thread added: 0x000001f72c7dff00
Event: 0.053 Thread 0x000001f716145530 Thread added: 0x000001f72c803c00
Event: 0.083 Thread 0x000001f716145530 Thread added: 0x000001f76f2feb60
Event: 0.220 Thread 0x000001f72c7dff00 Thread added: 0x000001f76f4ab0a0
Event: 0.370 Thread 0x000001f716145530 Thread added: 0x000001f76f54b0d0
Event: 1.184 Thread 0x000001f76f4ab0a0 Thread exited: 0x000001f76f4ab0a0
Event: 1.974 Thread 0x000001f716145530 Thread added: 0x000001f76f9f2c20
Event: 2.346 Thread 0x000001f716145530 Thread added: 0x000001f76fd12370
Event: 2.431 Thread 0x000001f76fd12370 Thread added: 0x000001f7741aef20
Event: 2.442 Thread 0x000001f716145530 Thread added: 0x000001f76fe06300
Event: 3.277 Thread 0x000001f76fe06300 Thread added: 0x000001f7744bae70
Event: 3.893 Thread 0x000001f76fe06300 Thread added: 0x000001f7742c9fd0
Event: 4.069 Thread 0x000001f76fe06300 Thread added: 0x000001f7745a6c10
Event: 4.825 Thread 0x000001f76fe06300 Thread added: 0x000001f7745a9370
Event: 6.489 Thread 0x000001f76fe06300 Thread added: 0x000001f7745a9a00
Event: 6.543 Thread 0x000001f76fe06300 Thread added: 0x000001f7745a72a0
Event: 6.574 Thread 0x000001f76fe06300 Thread added: 0x000001f7745aa090
Event: 6.824 Thread 0x000001f7745aa090 Thread added: 0x000001f7745a7930


Dynamic libraries:
0x00007ff7ca040000 - 0x00007ff7ca04e000 	c:\Users\kuber\.vscode\extensions\redhat.java-1.40.0-win32-x64\jre\21.0.6-win32-x86_64\bin\java.exe
0x00007ffff2ff0000 - 0x00007ffff3207000 	C:\Windows\SYSTEM32\ntdll.dll
0x00007ffff2260000 - 0x00007ffff2324000 	C:\Windows\System32\KERNEL32.DLL
0x00007ffff0950000 - 0x00007ffff0d09000 	C:\Windows\System32\KERNELBASE.dll
0x00007ffff02f0000 - 0x00007ffff0401000 	C:\Windows\System32\ucrtbase.dll
0x00007fffd9690000 - 0x00007fffd96a8000 	c:\Users\kuber\.vscode\extensions\redhat.java-1.40.0-win32-x64\jre\21.0.6-win32-x86_64\bin\jli.dll
0x00007fffd9610000 - 0x00007fffd962e000 	c:\Users\kuber\.vscode\extensions\redhat.java-1.40.0-win32-x64\jre\21.0.6-win32-x86_64\bin\VCRUNTIME140.dll
0x00007ffff1fd0000 - 0x00007ffff217e000 	C:\Windows\System32\USER32.dll
0x00007ffff0780000 - 0x00007ffff07a6000 	C:\Windows\System32\win32u.dll
0x00007ffff2da0000 - 0x00007ffff2dc9000 	C:\Windows\System32\GDI32.dll
0x00007fffdeb00000 - 0x00007fffded92000 	C:\Windows\WinSxS\amd64_microsoft.windows.common-controls_6595b64144ccf1df_6.0.22621.4391_none_2715d37f73803e96\COMCTL32.dll
0x00007ffff0410000 - 0x00007ffff052b000 	C:\Windows\System32\gdi32full.dll
0x00007ffff1770000 - 0x00007ffff1817000 	C:\Windows\System32\msvcrt.dll
0x00007ffff06e0000 - 0x00007ffff077a000 	C:\Windows\System32\msvcp_win.dll
0x00007ffff2d50000 - 0x00007ffff2d81000 	C:\Windows\System32\IMM32.DLL
0x00007fffd9fc0000 - 0x00007fffd9fcc000 	c:\Users\kuber\.vscode\extensions\redhat.java-1.40.0-win32-x64\jre\21.0.6-win32-x86_64\bin\vcruntime140_1.dll
0x00007fffb74b0000 - 0x00007fffb753d000 	c:\Users\kuber\.vscode\extensions\redhat.java-1.40.0-win32-x64\jre\21.0.6-win32-x86_64\bin\msvcp140.dll
0x00007fff76260000 - 0x00007fff76ff0000 	c:\Users\kuber\.vscode\extensions\redhat.java-1.40.0-win32-x64\jre\21.0.6-win32-x86_64\bin\server\jvm.dll
0x00007ffff2180000 - 0x00007ffff2232000 	C:\Windows\System32\ADVAPI32.dll
0x00007ffff2440000 - 0x00007ffff24e7000 	C:\Windows\System32\sechost.dll
0x00007ffff0920000 - 0x00007ffff0948000 	C:\Windows\System32\bcrypt.dll
0x00007ffff1590000 - 0x00007ffff16a4000 	C:\Windows\System32\RPCRT4.dll
0x00007ffff1f40000 - 0x00007ffff1fb1000 	C:\Windows\System32\WS2_32.dll
0x00007ffff01c0000 - 0x00007ffff020d000 	C:\Windows\SYSTEM32\POWRPROF.dll
0x00007fffe5e50000 - 0x00007fffe5e5a000 	C:\Windows\SYSTEM32\VERSION.dll
0x00007fffeb000000 - 0x00007fffeb034000 	C:\Windows\SYSTEM32\WINMM.dll
0x00007ffff01a0000 - 0x00007ffff01b3000 	C:\Windows\SYSTEM32\UMPDC.dll
0x00007fffef2f0000 - 0x00007fffef308000 	C:\Windows\SYSTEM32\kernel.appcore.dll
0x00007fffd9660000 - 0x00007fffd966a000 	c:\Users\kuber\.vscode\extensions\redhat.java-1.40.0-win32-x64\jre\21.0.6-win32-x86_64\bin\jimage.dll
0x00007fffe4e70000 - 0x00007fffe50a2000 	C:\Windows\SYSTEM32\DBGHELP.DLL
0x00007ffff1820000 - 0x00007ffff1baf000 	C:\Windows\System32\combase.dll
0x00007ffff2ed0000 - 0x00007ffff2fa7000 	C:\Windows\System32\OLEAUT32.dll
0x00007fffe4e00000 - 0x00007fffe4e32000 	C:\Windows\SYSTEM32\dbgcore.DLL
0x00007ffff05f0000 - 0x00007ffff066b000 	C:\Windows\System32\bcryptPrimitives.dll
0x00007fffd9570000 - 0x00007fffd957f000 	c:\Users\kuber\.vscode\extensions\redhat.java-1.40.0-win32-x64\jre\21.0.6-win32-x86_64\bin\instrument.dll
0x00007fffd8540000 - 0x00007fffd855f000 	c:\Users\kuber\.vscode\extensions\redhat.java-1.40.0-win32-x64\jre\21.0.6-win32-x86_64\bin\java.dll
0x00007ffff0d10000 - 0x00007ffff1586000 	C:\Windows\System32\SHELL32.dll
0x00007fffee1e0000 - 0x00007fffeeae3000 	C:\Windows\SYSTEM32\windows.storage.dll
0x00007fffee0a0000 - 0x00007fffee1df000 	C:\Windows\SYSTEM32\wintypes.dll
0x00007ffff2dd0000 - 0x00007ffff2ec9000 	C:\Windows\System32\SHCORE.dll
0x00007ffff1710000 - 0x00007ffff176e000 	C:\Windows\System32\shlwapi.dll
0x00007ffff0220000 - 0x00007ffff024b000 	C:\Windows\SYSTEM32\profapi.dll
0x00007fffd8170000 - 0x00007fffd8188000 	c:\Users\kuber\.vscode\extensions\redhat.java-1.40.0-win32-x64\jre\21.0.6-win32-x86_64\bin\zip.dll
0x00007fffd9510000 - 0x00007fffd9520000 	C:\Users\kuber\.vscode\extensions\redhat.java-1.40.0-win32-x64\jre\21.0.6-win32-x86_64\bin\net.dll
0x00007fffeba50000 - 0x00007fffebb86000 	C:\Windows\SYSTEM32\WINHTTP.dll
0x00007fffef760000 - 0x00007fffef7c9000 	C:\Windows\system32\mswsock.dll
0x00007fffd4a70000 - 0x00007fffd4a86000 	C:\Users\kuber\.vscode\extensions\redhat.java-1.40.0-win32-x64\jre\21.0.6-win32-x86_64\bin\nio.dll
0x00007fffd9470000 - 0x00007fffd9480000 	c:\Users\kuber\.vscode\extensions\redhat.java-1.40.0-win32-x64\jre\21.0.6-win32-x86_64\bin\verify.dll
0x00007fffb7250000 - 0x00007fffb7295000 	C:\Users\kuber\AppData\Roaming\Code\User\globalStorage\redhat.java\1.40.0\config_win\org.eclipse.equinox.launcher\org.eclipse.equinox.launcher.win32.win32.x86_64_1.2.1200.v20250212-0927\eclipse_11909.dll
0x00007ffff1bb0000 - 0x00007ffff1d55000 	C:\Windows\System32\ole32.dll
0x00007fffefab0000 - 0x00007fffefacb000 	C:\Windows\SYSTEM32\CRYPTSP.dll
0x00007fffef250000 - 0x00007fffef285000 	C:\Windows\system32\rsaenh.dll
0x00007fffef800000 - 0x00007fffef828000 	C:\Windows\SYSTEM32\USERENV.dll
0x00007fffefa90000 - 0x00007fffefa9c000 	C:\Windows\SYSTEM32\CRYPTBASE.dll
0x00007fffeed50000 - 0x00007fffeed7d000 	C:\Windows\SYSTEM32\IPHLPAPI.DLL
0x00007ffff1fc0000 - 0x00007ffff1fc9000 	C:\Windows\System32\NSI.dll
0x00007fffb64c0000 - 0x00007fffb6509000 	C:\Users\kuber\AppData\Local\Temp\jna-102399717\jna8134499082507700742.dll
0x00007ffff2d90000 - 0x00007ffff2d98000 	C:\Windows\System32\PSAPI.DLL

dbghelp: loaded successfully - version: 4.0.5 - missing functions: none
symbol engine: initialized successfully - sym options: 0x614 - pdb path: .;c:\Users\kuber\.vscode\extensions\redhat.java-1.40.0-win32-x64\jre\21.0.6-win32-x86_64\bin;C:\Windows\SYSTEM32;C:\Windows\WinSxS\amd64_microsoft.windows.common-controls_6595b64144ccf1df_6.0.22621.4391_none_2715d37f73803e96;c:\Users\kuber\.vscode\extensions\redhat.java-1.40.0-win32-x64\jre\21.0.6-win32-x86_64\bin\server;C:\Users\kuber\AppData\Roaming\Code\User\globalStorage\redhat.java\1.40.0\config_win\org.eclipse.equinox.launcher\org.eclipse.equinox.launcher.win32.win32.x86_64_1.2.1200.v20250212-0927;C:\Users\kuber\AppData\Local\Temp\jna-102399717

VM Arguments:
jvm_args: --add-modules=ALL-SYSTEM --add-opens=java.base/java.util=ALL-UNNAMED --add-opens=java.base/java.lang=ALL-UNNAMED --add-opens=java.base/sun.nio.fs=ALL-UNNAMED -Declipse.application=org.eclipse.jdt.ls.core.id1 -Dosgi.bundles.defaultStartLevel=4 -Declipse.product=org.eclipse.jdt.ls.core.product -Djava.import.generatesMetadataFilesAtProjectRoot=false -DDetectVMInstallationsJob.disabled=true -Dfile.encoding=utf8 -XX:+UseParallelGC -XX:GCTimeRatio=4 -XX:AdaptiveSizePolicyWeight=90 -Dsun.zip.disableMemoryMapping=true -Xmx1G -Xms100m -Xlog:disable -javaagent:c:\Users\kuber\.vscode\extensions\redhat.java-1.40.0-win32-x64\lombok\lombok-1.18.36.jar -XX:+HeapDumpOnOutOfMemoryError -XX:HeapDumpPath=c:\Users\kuber\AppData\Roaming\Code\User\workspaceStorage\0767b1f2905f8411273a4aa30b8beb70\redhat.java -Daether.dependencyCollector.impl=bf 
java_command: c:\Users\kuber\.vscode\extensions\redhat.java-1.40.0-win32-x64\server\plugins\org.eclipse.equinox.launcher_1.6.1000.v20250131-0606.jar -configuration c:\Users\kuber\AppData\Roaming\Code\User\globalStorage\redhat.java\1.40.0\config_win -data c:\Users\kuber\AppData\Roaming\Code\User\workspaceStorage\0767b1f2905f8411273a4aa30b8beb70\redhat.java\jdt_ws --pipe=\\.\pipe\lsp-f64d848e1adfedbc4e7b043cc19c7382-sock
java_class_path (initial): c:\Users\kuber\.vscode\extensions\redhat.java-1.40.0-win32-x64\server\plugins\org.eclipse.equinox.launcher_1.6.1000.v20250131-0606.jar
Launcher Type: SUN_STANDARD

[Global flags]
    uintx AdaptiveSizePolicyWeight                 = 90                                        {product} {command line}
     intx CICompilerCount                          = 4                                         {product} {ergonomic}
    uintx GCTimeRatio                              = 4                                         {product} {command line}
     bool HeapDumpOnOutOfMemoryError               = true                                   {manageable} {command line}
    ccstr HeapDumpPath                             = c:\Users\kuber\AppData\Roaming\Code\User\workspaceStorage\0767b1f2905f8411273a4aa30b8beb70\redhat.java         {manageable} {command line}
   size_t InitialHeapSize                          = 104857600                                 {product} {command line}
   size_t MaxHeapSize                              = 1073741824                                {product} {command line}
   size_t MaxNewSize                               = 357564416                                 {product} {ergonomic}
   size_t MinHeapDeltaBytes                        = 524288                                    {product} {ergonomic}
   size_t MinHeapSize                              = 104857600                                 {product} {command line}
   size_t NewSize                                  = 34603008                                  {product} {ergonomic}
    uintx NonNMethodCodeHeapSize                   = 5839372                                {pd product} {ergonomic}
    uintx NonProfiledCodeHeapSize                  = 122909434                              {pd product} {ergonomic}
   size_t OldSize                                  = 70254592                                  {product} {ergonomic}
    uintx ProfiledCodeHeapSize                     = 122909434                              {pd product} {ergonomic}
    uintx ReservedCodeCacheSize                    = 251658240                              {pd product} {ergonomic}
     bool SegmentedCodeCache                       = true                                      {product} {ergonomic}
   size_t SoftMaxHeapSize                          = 1073741824                             {manageable} {ergonomic}
     bool UseCompressedOops                        = true                           {product lp64_product} {ergonomic}
     bool UseLargePagesIndividualAllocation        = false                                  {pd product} {ergonomic}
     bool UseParallelGC                            = true                                      {product} {command line}

Logging:
Log output configuration:
 #0: stdout all=off uptime,level,tags foldmultilines=false
 #1: stderr all=off uptime,level,tags foldmultilines=false

Environment Variables:
PATH=C:\Program Files\Common Files\Oracle\Java\javapath;C:\Windows\system32;C:\Windows;C:\Windows\System32\Wbem;C:\Windows\System32\WindowsPowerShell\v1.0\;C:\Windows\System32\OpenSSH\;C:\Program Files\dotnet\;C:\Program Files\Git\cmd;C:\Program Files\nodejs\;C:\ProgramData\chocolatey\bin;C:\Program Files\MySQL\MySQL Shell 8.0\bin\;C:\Users\kuber\AppData\Local\Microsoft\WindowsApps;C:\Users\kuber\.dotnet\tools;C:\Users\kuber\AppData\Local\Programs\Microsoft VS Code\bin;C:\Users\kuber\AppData\Roaming\npm
USERNAME=kuber
OS=Windows_NT
PROCESSOR_IDENTIFIER=AMD64 Family 23 Model 104 Stepping 1, AuthenticAMD
TMP=C:\Users\kuber\AppData\Local\Temp
TEMP=C:\Users\kuber\AppData\Local\Temp




Periodic native trim disabled

---------------  S Y S T E M  ---------------

OS:
 Windows 11 , 64 bit Build 22621 (10.0.22621.4391)
OS uptime: 31 days 21:28 hours
Hyper-V role detected

CPU: total 8 (initial active 8) (8 cores per cpu, 2 threads per core) family 23 model 104 stepping 1 microcode 0x0, cx8, cmov, fxsr, ht, mmx, 3dnowpref, sse, sse2, sse3, ssse3, sse4a, sse4.1, sse4.2, popcnt, lzcnt, tsc, tscinvbit, avx, avx2, aes, clmul, bmi1, bmi2, adx, sha, fma, vzeroupper, clflush, clflushopt, hv, rdtscp, rdpid, f16c
Processor Information for processor 0
  Max Mhz: 2600, Current Mhz: 2080, Mhz Limit: 2600
Processor Information for processor 1
  Max Mhz: 2600, Current Mhz: 2600, Mhz Limit: 2600
Processor Information for processor 2
  Max Mhz: 2600, Current Mhz: 2080, Mhz Limit: 2600
Processor Information for processor 3
  Max Mhz: 2600, Current Mhz: 2600, Mhz Limit: 2600
Processor Information for processor 4
  Max Mhz: 2600, Current Mhz: 2600, Mhz Limit: 2600
Processor Information for processor 5
  Max Mhz: 2600, Current Mhz: 2600, Mhz Limit: 2600
Processor Information for processor 6
  Max Mhz: 2600, Current Mhz: 2600, Mhz Limit: 2600
Processor Information for processor 7
  Max Mhz: 2600, Current Mhz: 2600, Mhz Limit: 2600

Memory: 4k page, system-wide physical 3429M (201M free)
TotalPageFile size 14181M (AvailPageFile size 5M)
current process WorkingSet (physical memory assigned to process): 140M, peak: 142M
current process commit charge ("private bytes"): 246M, peak: 247M

vm_info: OpenJDK 64-Bit Server VM (21.0.6+7-LTS) for windows-amd64 JRE (21.0.6+7-LTS), built on 2025-01-21T00:00:00Z by "admin" with MS VC++ 17.7 (VS2022)

END.
